+++ dirname ../houdini.sh
++ cd ..
++ pwd
+ dir=/home/daejunpark/pldi17
+ prelude=Vcc3Prelude.array.bpl
+ bpl=./grass/sl/sl_remove.bpl.anon.pred.bpl
+ opt='/typeEncoding:m /prover:SMTLib /useArrayTheory /noinfer /contractInfer'
+ opt+=' /trace'
+ opt+=' /errorLimit:100 /z3multipleErrors'
+ opt+=' /proverMemoryLimit:1024'
+ rm -f houdiniCexTrace.bpl
+ mono /home/daejunpark/pldi17/popl16ae/Boogie/Binaries/Boogie.exe /typeEncoding:m /prover:SMTLib /useArrayTheory /noinfer /contractInfer /trace /errorLimit:100 /z3multipleErrors /proverMemoryLimit:1024 Vcc3Prelude.array.bpl ./grass/sl/sl_remove.bpl.anon.pred.bpl
[TRACE] Using prover: /home/daejunpark/pldi17/popl16ae/Boogie/Binaries/z3.exe
Boogie program verifier version 2.2.30705.1126, Copyright (c) 2003-2013, Microsoft.
Parsing Vcc3Prelude.array.bpl
Parsing ./grass/sl/sl_remove.bpl.anon.pred.bpl
Coalescing blocks...
Collecting existential constants...
Building call graph...
Number of implementations = 1
Beginning VC generation for Houdini...
Generating VC for sl_remove
Verifying sl_remove
Houdini assignment axiom: (And true b0000 b0001 b0002 b0003 b0004 b0005 b0006 b0007 b0008 b0009 b0010 b0011 b0012 b0013 b0014 b0015 b0016 b0017 b0018 b0019 b0020 b0021)
Time taken = 0.06552
Removing b0004
Verifying sl_remove
Houdini assignment axiom: (And true b0000 b0001 b0002 b0003 (! b0004) b0005 b0006 b0007 b0008 b0009 b0010 b0011 b0012 b0013 b0014 b0015 b0016 b0017 b0018 b0019 b0020 b0021)
Time taken = 0.040464
Removing b0005
Verifying sl_remove
Houdini assignment axiom: (And true b0000 b0001 b0002 b0003 (! b0004) (! b0005) b0006 b0007 b0008 b0009 b0010 b0011 b0012 b0013 b0014 b0015 b0016 b0017 b0018 b0019 b0020 b0021)
Time taken = 0.041612
Removing b0008
Verifying sl_remove
Houdini assignment axiom: (And true b0000 b0001 b0002 b0003 (! b0004) (! b0005) b0006 b0007 (! b0008) b0009 b0010 b0011 b0012 b0013 b0014 b0015 b0016 b0017 b0018 b0019 b0020 b0021)
Time taken = 0.031365
Removing b0009
Verifying sl_remove
Houdini assignment axiom: (And true b0000 b0001 b0002 b0003 (! b0004) (! b0005) b0006 b0007 (! b0008) (! b0009) b0010 b0011 b0012 b0013 b0014 b0015 b0016 b0017 b0018 b0019 b0020 b0021)
Time taken = 0.037573
Removing b0012
Verifying sl_remove
Houdini assignment axiom: (And true b0000 b0001 b0002 b0003 (! b0004) (! b0005) b0006 b0007 (! b0008) (! b0009) b0010 b0011 (! b0012) b0013 b0014 b0015 b0016 b0017 b0018 b0019 b0020 b0021)
Time taken = 0.031408
Removing b0013
Verifying sl_remove
Houdini assignment axiom: (And true b0000 b0001 b0002 b0003 (! b0004) (! b0005) b0006 b0007 (! b0008) (! b0009) b0010 b0011 (! b0012) (! b0013) b0014 b0015 b0016 b0017 b0018 b0019 b0020 b0021)
Time taken = 0.03678
Removing b0016
Removing b0018
Verifying sl_remove
Houdini assignment axiom: (And true b0000 b0001 b0002 b0003 (! b0004) (! b0005) b0006 b0007 (! b0008) (! b0009) b0010 b0011 (! b0012) (! b0013) b0014 b0015 (! b0016) b0017 (! b0018) b0019 b0020 b0021)
Time taken = 0.03276
Removing b0017
Removing b0019
Verifying sl_remove
Houdini assignment axiom: (And true b0000 b0001 b0002 b0003 (! b0004) (! b0005) b0006 b0007 (! b0008) (! b0009) b0010 b0011 (! b0012) (! b0013) b0014 b0015 (! b0016) (! b0017) (! b0018) (! b0019) b0020 b0021)
Time taken = 0.030413
Removing b0020
Verifying sl_remove
Houdini assignment axiom: (And true b0000 b0001 b0002 b0003 (! b0004) (! b0005) b0006 b0007 (! b0008) (! b0009) b0010 b0011 (! b0012) (! b0013) b0014 b0015 (! b0016) (! b0017) (! b0018) (! b0019) (! b0020) b0021)
Time taken = 0.02821
Removing b0021
Verifying sl_remove
Houdini assignment axiom: (And true b0000 b0001 b0002 b0003 (! b0004) (! b0005) b0006 b0007 (! b0008) (! b0009) b0010 b0011 (! b0012) (! b0013) b0014 b0015 (! b0016) (! b0017) (! b0018) (! b0019) (! b0020) (! b0021))
Time taken = 0.057553
Removing b0003
Verifying sl_remove
Houdini assignment axiom: (And true b0000 b0001 b0002 (! b0003) (! b0004) (! b0005) b0006 b0007 (! b0008) (! b0009) b0010 b0011 (! b0012) (! b0013) b0014 b0015 (! b0016) (! b0017) (! b0018) (! b0019) (! b0020) (! b0021))
Time taken = 0.059782
Removing b0007
Verifying sl_remove
Houdini assignment axiom: (And true b0000 b0001 b0002 (! b0003) (! b0004) (! b0005) b0006 (! b0007) (! b0008) (! b0009) b0010 b0011 (! b0012) (! b0013) b0014 b0015 (! b0016) (! b0017) (! b0018) (! b0019) (! b0020) (! b0021))
Time taken = 0.063331
Removing b0014
Verifying sl_remove
Houdini assignment axiom: (And true b0000 b0001 b0002 (! b0003) (! b0004) (! b0005) b0006 (! b0007) (! b0008) (! b0009) b0010 b0011 (! b0012) (! b0013) (! b0014) b0015 (! b0016) (! b0017) (! b0018) (! b0019) (! b0020) (! b0021))
Time taken = 0.060776
Removing b0015
Verifying sl_remove
Houdini assignment axiom: (And true b0000 b0001 b0002 (! b0003) (! b0004) (! b0005) b0006 (! b0007) (! b0008) (! b0009) b0010 b0011 (! b0012) (! b0013) (! b0014) (! b0015) (! b0016) (! b0017) (! b0018) (! b0019) (! b0020) (! b0021))
Time taken = 0.063185
Number of true assignments = 6
Number of false assignments = 16
Prover time = 0.68
Unsat core prover time = 0.00
Number of prover queries = 15
Number of unsat core prover queries = 0
Number of unsat core prunings = 0
verified

Boogie program verifier finished with 1 verified, 0 errors
+ rm -f houdiniCexTrace.bpl
