+++ dirname ../houdini.sh
++ cd ..
++ pwd
+ dir=/home/daejunpark/pldi17
+ prelude=Vcc3Prelude.array.bpl
+ bpl=./tree/treap/treap-insert-rec.bpl.anon.pred.bpl
+ opt='/typeEncoding:m /prover:SMTLib /useArrayTheory /noinfer /contractInfer'
+ opt+=' /trace'
+ opt+=' /errorLimit:100 /z3multipleErrors'
+ opt+=' /proverMemoryLimit:1024'
+ rm -f houdiniCexTrace.bpl
+ mono /home/daejunpark/pldi17/popl16ae/Boogie/Binaries/Boogie.exe /typeEncoding:m /prover:SMTLib /useArrayTheory /noinfer /contractInfer /trace /errorLimit:100 /z3multipleErrors /proverMemoryLimit:1024 Vcc3Prelude.array.bpl ./tree/treap/treap-insert-rec.bpl.anon.pred.bpl
[TRACE] Using prover: /home/daejunpark/pldi17/popl16ae/Boogie/Binaries/z3.exe
Boogie program verifier version 2.2.30705.1126, Copyright (c) 2003-2013, Microsoft.
Parsing Vcc3Prelude.array.bpl
Parsing ./tree/treap/treap-insert-rec.bpl.anon.pred.bpl
Coalescing blocks...
Collecting existential constants...
Building call graph...
Number of implementations = 1
Beginning VC generation for Houdini...
Generating VC for treap_insert_rec
Verifying treap_insert_rec
Houdini assignment axiom: (And true b0000 b0001 b0002 b0003 b0004 b0005 b0006 b0007 b0008 b0009 b0010 b0011 b0012 b0013 b0014 b0015 b0016 b0017 b0018 b0019 b0020 b0021 b0022 b0023 b0024 b0025 b0026 b0027 b0028 b0029 b0030 b0031 b0032 b0033 b0034 b0035 b0036 b0037 b0038 b0039 b0040 b0041 b0042 b0043 b0044 b0045 b0046 b0047 b0048 b0049 b0050 b0051 b0052 b0053 b0054 b0055 b0056 b0057 b0058 b0059 b0060 b0061 b0062 b0063 b0064 b0065 b0066 b0067 b0068 b0069 b0070 b0071 b0072 b0073 b0074 b0075 b0076 b0077 b0078 b0079 b0080 b0081 b0082 b0083 b0084 b0085 b0086 b0087 b0088 b0089 b0090 b0091 b0092 b0093 b0094 b0095 b0096 b0097 b0098 b0099 b0100 b0101 b0102 b0103 b0104 b0105 b0106 b0107)
Time taken = 3.64392
Removing b0002
Verifying treap_insert_rec
Houdini assignment axiom: (And true b0000 b0001 (! b0002) b0003 b0004 b0005 b0006 b0007 b0008 b0009 b0010 b0011 b0012 b0013 b0014 b0015 b0016 b0017 b0018 b0019 b0020 b0021 b0022 b0023 b0024 b0025 b0026 b0027 b0028 b0029 b0030 b0031 b0032 b0033 b0034 b0035 b0036 b0037 b0038 b0039 b0040 b0041 b0042 b0043 b0044 b0045 b0046 b0047 b0048 b0049 b0050 b0051 b0052 b0053 b0054 b0055 b0056 b0057 b0058 b0059 b0060 b0061 b0062 b0063 b0064 b0065 b0066 b0067 b0068 b0069 b0070 b0071 b0072 b0073 b0074 b0075 b0076 b0077 b0078 b0079 b0080 b0081 b0082 b0083 b0084 b0085 b0086 b0087 b0088 b0089 b0090 b0091 b0092 b0093 b0094 b0095 b0096 b0097 b0098 b0099 b0100 b0101 b0102 b0103 b0104 b0105 b0106 b0107)
Time taken = 6.50393
Removing b0003
Verifying treap_insert_rec
Houdini assignment axiom: (And true b0000 b0001 (! b0002) (! b0003) b0004 b0005 b0006 b0007 b0008 b0009 b0010 b0011 b0012 b0013 b0014 b0015 b0016 b0017 b0018 b0019 b0020 b0021 b0022 b0023 b0024 b0025 b0026 b0027 b0028 b0029 b0030 b0031 b0032 b0033 b0034 b0035 b0036 b0037 b0038 b0039 b0040 b0041 b0042 b0043 b0044 b0045 b0046 b0047 b0048 b0049 b0050 b0051 b0052 b0053 b0054 b0055 b0056 b0057 b0058 b0059 b0060 b0061 b0062 b0063 b0064 b0065 b0066 b0067 b0068 b0069 b0070 b0071 b0072 b0073 b0074 b0075 b0076 b0077 b0078 b0079 b0080 b0081 b0082 b0083 b0084 b0085 b0086 b0087 b0088 b0089 b0090 b0091 b0092 b0093 b0094 b0095 b0096 b0097 b0098 b0099 b0100 b0101 b0102 b0103 b0104 b0105 b0106 b0107)
Time taken = 9.738377
Removing b0005
Removing b0006
Verifying treap_insert_rec
Houdini assignment axiom: (And true b0000 b0001 (! b0002) (! b0003) b0004 (! b0005) (! b0006) b0007 b0008 b0009 b0010 b0011 b0012 b0013 b0014 b0015 b0016 b0017 b0018 b0019 b0020 b0021 b0022 b0023 b0024 b0025 b0026 b0027 b0028 b0029 b0030 b0031 b0032 b0033 b0034 b0035 b0036 b0037 b0038 b0039 b0040 b0041 b0042 b0043 b0044 b0045 b0046 b0047 b0048 b0049 b0050 b0051 b0052 b0053 b0054 b0055 b0056 b0057 b0058 b0059 b0060 b0061 b0062 b0063 b0064 b0065 b0066 b0067 b0068 b0069 b0070 b0071 b0072 b0073 b0074 b0075 b0076 b0077 b0078 b0079 b0080 b0081 b0082 b0083 b0084 b0085 b0086 b0087 b0088 b0089 b0090 b0091 b0092 b0093 b0094 b0095 b0096 b0097 b0098 b0099 b0100 b0101 b0102 b0103 b0104 b0105 b0106 b0107)
Time taken = 5.508725
Removing b0009
Verifying treap_insert_rec
Houdini assignment axiom: (And true b0000 b0001 (! b0002) (! b0003) b0004 (! b0005) (! b0006) b0007 b0008 (! b0009) b0010 b0011 b0012 b0013 b0014 b0015 b0016 b0017 b0018 b0019 b0020 b0021 b0022 b0023 b0024 b0025 b0026 b0027 b0028 b0029 b0030 b0031 b0032 b0033 b0034 b0035 b0036 b0037 b0038 b0039 b0040 b0041 b0042 b0043 b0044 b0045 b0046 b0047 b0048 b0049 b0050 b0051 b0052 b0053 b0054 b0055 b0056 b0057 b0058 b0059 b0060 b0061 b0062 b0063 b0064 b0065 b0066 b0067 b0068 b0069 b0070 b0071 b0072 b0073 b0074 b0075 b0076 b0077 b0078 b0079 b0080 b0081 b0082 b0083 b0084 b0085 b0086 b0087 b0088 b0089 b0090 b0091 b0092 b0093 b0094 b0095 b0096 b0097 b0098 b0099 b0100 b0101 b0102 b0103 b0104 b0105 b0106 b0107)
Time taken = 4.138892
Removing b0010
Verifying treap_insert_rec
Houdini assignment axiom: (And true b0000 b0001 (! b0002) (! b0003) b0004 (! b0005) (! b0006) b0007 b0008 (! b0009) (! b0010) b0011 b0012 b0013 b0014 b0015 b0016 b0017 b0018 b0019 b0020 b0021 b0022 b0023 b0024 b0025 b0026 b0027 b0028 b0029 b0030 b0031 b0032 b0033 b0034 b0035 b0036 b0037 b0038 b0039 b0040 b0041 b0042 b0043 b0044 b0045 b0046 b0047 b0048 b0049 b0050 b0051 b0052 b0053 b0054 b0055 b0056 b0057 b0058 b0059 b0060 b0061 b0062 b0063 b0064 b0065 b0066 b0067 b0068 b0069 b0070 b0071 b0072 b0073 b0074 b0075 b0076 b0077 b0078 b0079 b0080 b0081 b0082 b0083 b0084 b0085 b0086 b0087 b0088 b0089 b0090 b0091 b0092 b0093 b0094 b0095 b0096 b0097 b0098 b0099 b0100 b0101 b0102 b0103 b0104 b0105 b0106 b0107)
Time taken = 2.836302
Removing b0011
Verifying treap_insert_rec
Houdini assignment axiom: (And true b0000 b0001 (! b0002) (! b0003) b0004 (! b0005) (! b0006) b0007 b0008 (! b0009) (! b0010) (! b0011) b0012 b0013 b0014 b0015 b0016 b0017 b0018 b0019 b0020 b0021 b0022 b0023 b0024 b0025 b0026 b0027 b0028 b0029 b0030 b0031 b0032 b0033 b0034 b0035 b0036 b0037 b0038 b0039 b0040 b0041 b0042 b0043 b0044 b0045 b0046 b0047 b0048 b0049 b0050 b0051 b0052 b0053 b0054 b0055 b0056 b0057 b0058 b0059 b0060 b0061 b0062 b0063 b0064 b0065 b0066 b0067 b0068 b0069 b0070 b0071 b0072 b0073 b0074 b0075 b0076 b0077 b0078 b0079 b0080 b0081 b0082 b0083 b0084 b0085 b0086 b0087 b0088 b0089 b0090 b0091 b0092 b0093 b0094 b0095 b0096 b0097 b0098 b0099 b0100 b0101 b0102 b0103 b0104 b0105 b0106 b0107)
Time taken = 4.260715
Removing b0013
Verifying treap_insert_rec
Houdini assignment axiom: (And true b0000 b0001 (! b0002) (! b0003) b0004 (! b0005) (! b0006) b0007 b0008 (! b0009) (! b0010) (! b0011) b0012 (! b0013) b0014 b0015 b0016 b0017 b0018 b0019 b0020 b0021 b0022 b0023 b0024 b0025 b0026 b0027 b0028 b0029 b0030 b0031 b0032 b0033 b0034 b0035 b0036 b0037 b0038 b0039 b0040 b0041 b0042 b0043 b0044 b0045 b0046 b0047 b0048 b0049 b0050 b0051 b0052 b0053 b0054 b0055 b0056 b0057 b0058 b0059 b0060 b0061 b0062 b0063 b0064 b0065 b0066 b0067 b0068 b0069 b0070 b0071 b0072 b0073 b0074 b0075 b0076 b0077 b0078 b0079 b0080 b0081 b0082 b0083 b0084 b0085 b0086 b0087 b0088 b0089 b0090 b0091 b0092 b0093 b0094 b0095 b0096 b0097 b0098 b0099 b0100 b0101 b0102 b0103 b0104 b0105 b0106 b0107)
Time taken = 4.589528
Removing b0019
Verifying treap_insert_rec
Houdini assignment axiom: (And true b0000 b0001 (! b0002) (! b0003) b0004 (! b0005) (! b0006) b0007 b0008 (! b0009) (! b0010) (! b0011) b0012 (! b0013) b0014 b0015 b0016 b0017 b0018 (! b0019) b0020 b0021 b0022 b0023 b0024 b0025 b0026 b0027 b0028 b0029 b0030 b0031 b0032 b0033 b0034 b0035 b0036 b0037 b0038 b0039 b0040 b0041 b0042 b0043 b0044 b0045 b0046 b0047 b0048 b0049 b0050 b0051 b0052 b0053 b0054 b0055 b0056 b0057 b0058 b0059 b0060 b0061 b0062 b0063 b0064 b0065 b0066 b0067 b0068 b0069 b0070 b0071 b0072 b0073 b0074 b0075 b0076 b0077 b0078 b0079 b0080 b0081 b0082 b0083 b0084 b0085 b0086 b0087 b0088 b0089 b0090 b0091 b0092 b0093 b0094 b0095 b0096 b0097 b0098 b0099 b0100 b0101 b0102 b0103 b0104 b0105 b0106 b0107)
Time taken = 7.656263
Removing b0024
Verifying treap_insert_rec
Houdini assignment axiom: (And true b0000 b0001 (! b0002) (! b0003) b0004 (! b0005) (! b0006) b0007 b0008 (! b0009) (! b0010) (! b0011) b0012 (! b0013) b0014 b0015 b0016 b0017 b0018 (! b0019) b0020 b0021 b0022 b0023 (! b0024) b0025 b0026 b0027 b0028 b0029 b0030 b0031 b0032 b0033 b0034 b0035 b0036 b0037 b0038 b0039 b0040 b0041 b0042 b0043 b0044 b0045 b0046 b0047 b0048 b0049 b0050 b0051 b0052 b0053 b0054 b0055 b0056 b0057 b0058 b0059 b0060 b0061 b0062 b0063 b0064 b0065 b0066 b0067 b0068 b0069 b0070 b0071 b0072 b0073 b0074 b0075 b0076 b0077 b0078 b0079 b0080 b0081 b0082 b0083 b0084 b0085 b0086 b0087 b0088 b0089 b0090 b0091 b0092 b0093 b0094 b0095 b0096 b0097 b0098 b0099 b0100 b0101 b0102 b0103 b0104 b0105 b0106 b0107)
Time taken = 5.9689
Removing b0025
Verifying treap_insert_rec
Houdini assignment axiom: (And true b0000 b0001 (! b0002) (! b0003) b0004 (! b0005) (! b0006) b0007 b0008 (! b0009) (! b0010) (! b0011) b0012 (! b0013) b0014 b0015 b0016 b0017 b0018 (! b0019) b0020 b0021 b0022 b0023 (! b0024) (! b0025) b0026 b0027 b0028 b0029 b0030 b0031 b0032 b0033 b0034 b0035 b0036 b0037 b0038 b0039 b0040 b0041 b0042 b0043 b0044 b0045 b0046 b0047 b0048 b0049 b0050 b0051 b0052 b0053 b0054 b0055 b0056 b0057 b0058 b0059 b0060 b0061 b0062 b0063 b0064 b0065 b0066 b0067 b0068 b0069 b0070 b0071 b0072 b0073 b0074 b0075 b0076 b0077 b0078 b0079 b0080 b0081 b0082 b0083 b0084 b0085 b0086 b0087 b0088 b0089 b0090 b0091 b0092 b0093 b0094 b0095 b0096 b0097 b0098 b0099 b0100 b0101 b0102 b0103 b0104 b0105 b0106 b0107)
Time taken = 8.43249
Removing b0027
Removing b0028
Verifying treap_insert_rec
Houdini assignment axiom: (And true b0000 b0001 (! b0002) (! b0003) b0004 (! b0005) (! b0006) b0007 b0008 (! b0009) (! b0010) (! b0011) b0012 (! b0013) b0014 b0015 b0016 b0017 b0018 (! b0019) b0020 b0021 b0022 b0023 (! b0024) (! b0025) b0026 (! b0027) (! b0028) b0029 b0030 b0031 b0032 b0033 b0034 b0035 b0036 b0037 b0038 b0039 b0040 b0041 b0042 b0043 b0044 b0045 b0046 b0047 b0048 b0049 b0050 b0051 b0052 b0053 b0054 b0055 b0056 b0057 b0058 b0059 b0060 b0061 b0062 b0063 b0064 b0065 b0066 b0067 b0068 b0069 b0070 b0071 b0072 b0073 b0074 b0075 b0076 b0077 b0078 b0079 b0080 b0081 b0082 b0083 b0084 b0085 b0086 b0087 b0088 b0089 b0090 b0091 b0092 b0093 b0094 b0095 b0096 b0097 b0098 b0099 b0100 b0101 b0102 b0103 b0104 b0105 b0106 b0107)
Time taken = 4.142947
Removing b0029
Verifying treap_insert_rec
Houdini assignment axiom: (And true b0000 b0001 (! b0002) (! b0003) b0004 (! b0005) (! b0006) b0007 b0008 (! b0009) (! b0010) (! b0011) b0012 (! b0013) b0014 b0015 b0016 b0017 b0018 (! b0019) b0020 b0021 b0022 b0023 (! b0024) (! b0025) b0026 (! b0027) (! b0028) (! b0029) b0030 b0031 b0032 b0033 b0034 b0035 b0036 b0037 b0038 b0039 b0040 b0041 b0042 b0043 b0044 b0045 b0046 b0047 b0048 b0049 b0050 b0051 b0052 b0053 b0054 b0055 b0056 b0057 b0058 b0059 b0060 b0061 b0062 b0063 b0064 b0065 b0066 b0067 b0068 b0069 b0070 b0071 b0072 b0073 b0074 b0075 b0076 b0077 b0078 b0079 b0080 b0081 b0082 b0083 b0084 b0085 b0086 b0087 b0088 b0089 b0090 b0091 b0092 b0093 b0094 b0095 b0096 b0097 b0098 b0099 b0100 b0101 b0102 b0103 b0104 b0105 b0106 b0107)
Time taken = 16.307519
Removing b0030
Removing b0031
Removing b0032
Verifying treap_insert_rec
Houdini assignment axiom: (And true b0000 b0001 (! b0002) (! b0003) b0004 (! b0005) (! b0006) b0007 b0008 (! b0009) (! b0010) (! b0011) b0012 (! b0013) b0014 b0015 b0016 b0017 b0018 (! b0019) b0020 b0021 b0022 b0023 (! b0024) (! b0025) b0026 (! b0027) (! b0028) (! b0029) (! b0030) (! b0031) (! b0032) b0033 b0034 b0035 b0036 b0037 b0038 b0039 b0040 b0041 b0042 b0043 b0044 b0045 b0046 b0047 b0048 b0049 b0050 b0051 b0052 b0053 b0054 b0055 b0056 b0057 b0058 b0059 b0060 b0061 b0062 b0063 b0064 b0065 b0066 b0067 b0068 b0069 b0070 b0071 b0072 b0073 b0074 b0075 b0076 b0077 b0078 b0079 b0080 b0081 b0082 b0083 b0084 b0085 b0086 b0087 b0088 b0089 b0090 b0091 b0092 b0093 b0094 b0095 b0096 b0097 b0098 b0099 b0100 b0101 b0102 b0103 b0104 b0105 b0106 b0107)
Time taken = 3.958913
Removing b0033
Verifying treap_insert_rec
Houdini assignment axiom: (And true b0000 b0001 (! b0002) (! b0003) b0004 (! b0005) (! b0006) b0007 b0008 (! b0009) (! b0010) (! b0011) b0012 (! b0013) b0014 b0015 b0016 b0017 b0018 (! b0019) b0020 b0021 b0022 b0023 (! b0024) (! b0025) b0026 (! b0027) (! b0028) (! b0029) (! b0030) (! b0031) (! b0032) (! b0033) b0034 b0035 b0036 b0037 b0038 b0039 b0040 b0041 b0042 b0043 b0044 b0045 b0046 b0047 b0048 b0049 b0050 b0051 b0052 b0053 b0054 b0055 b0056 b0057 b0058 b0059 b0060 b0061 b0062 b0063 b0064 b0065 b0066 b0067 b0068 b0069 b0070 b0071 b0072 b0073 b0074 b0075 b0076 b0077 b0078 b0079 b0080 b0081 b0082 b0083 b0084 b0085 b0086 b0087 b0088 b0089 b0090 b0091 b0092 b0093 b0094 b0095 b0096 b0097 b0098 b0099 b0100 b0101 b0102 b0103 b0104 b0105 b0106 b0107)
Time taken = 5.743215
Removing b0035
Removing b0036
Verifying treap_insert_rec
Houdini assignment axiom: (And true b0000 b0001 (! b0002) (! b0003) b0004 (! b0005) (! b0006) b0007 b0008 (! b0009) (! b0010) (! b0011) b0012 (! b0013) b0014 b0015 b0016 b0017 b0018 (! b0019) b0020 b0021 b0022 b0023 (! b0024) (! b0025) b0026 (! b0027) (! b0028) (! b0029) (! b0030) (! b0031) (! b0032) (! b0033) b0034 (! b0035) (! b0036) b0037 b0038 b0039 b0040 b0041 b0042 b0043 b0044 b0045 b0046 b0047 b0048 b0049 b0050 b0051 b0052 b0053 b0054 b0055 b0056 b0057 b0058 b0059 b0060 b0061 b0062 b0063 b0064 b0065 b0066 b0067 b0068 b0069 b0070 b0071 b0072 b0073 b0074 b0075 b0076 b0077 b0078 b0079 b0080 b0081 b0082 b0083 b0084 b0085 b0086 b0087 b0088 b0089 b0090 b0091 b0092 b0093 b0094 b0095 b0096 b0097 b0098 b0099 b0100 b0101 b0102 b0103 b0104 b0105 b0106 b0107)
Time taken = 7.902628
Removing b0037
Verifying treap_insert_rec
Houdini assignment axiom: (And true b0000 b0001 (! b0002) (! b0003) b0004 (! b0005) (! b0006) b0007 b0008 (! b0009) (! b0010) (! b0011) b0012 (! b0013) b0014 b0015 b0016 b0017 b0018 (! b0019) b0020 b0021 b0022 b0023 (! b0024) (! b0025) b0026 (! b0027) (! b0028) (! b0029) (! b0030) (! b0031) (! b0032) (! b0033) b0034 (! b0035) (! b0036) (! b0037) b0038 b0039 b0040 b0041 b0042 b0043 b0044 b0045 b0046 b0047 b0048 b0049 b0050 b0051 b0052 b0053 b0054 b0055 b0056 b0057 b0058 b0059 b0060 b0061 b0062 b0063 b0064 b0065 b0066 b0067 b0068 b0069 b0070 b0071 b0072 b0073 b0074 b0075 b0076 b0077 b0078 b0079 b0080 b0081 b0082 b0083 b0084 b0085 b0086 b0087 b0088 b0089 b0090 b0091 b0092 b0093 b0094 b0095 b0096 b0097 b0098 b0099 b0100 b0101 b0102 b0103 b0104 b0105 b0106 b0107)
Time taken = 23.562219
Removing b0038
Removing b0039
Removing b0040
Verifying treap_insert_rec
Houdini assignment axiom: (And true b0000 b0001 (! b0002) (! b0003) b0004 (! b0005) (! b0006) b0007 b0008 (! b0009) (! b0010) (! b0011) b0012 (! b0013) b0014 b0015 b0016 b0017 b0018 (! b0019) b0020 b0021 b0022 b0023 (! b0024) (! b0025) b0026 (! b0027) (! b0028) (! b0029) (! b0030) (! b0031) (! b0032) (! b0033) b0034 (! b0035) (! b0036) (! b0037) (! b0038) (! b0039) (! b0040) b0041 b0042 b0043 b0044 b0045 b0046 b0047 b0048 b0049 b0050 b0051 b0052 b0053 b0054 b0055 b0056 b0057 b0058 b0059 b0060 b0061 b0062 b0063 b0064 b0065 b0066 b0067 b0068 b0069 b0070 b0071 b0072 b0073 b0074 b0075 b0076 b0077 b0078 b0079 b0080 b0081 b0082 b0083 b0084 b0085 b0086 b0087 b0088 b0089 b0090 b0091 b0092 b0093 b0094 b0095 b0096 b0097 b0098 b0099 b0100 b0101 b0102 b0103 b0104 b0105 b0106 b0107)
Time taken = 3.507539
Removing b0041
Verifying treap_insert_rec
Houdini assignment axiom: (And true b0000 b0001 (! b0002) (! b0003) b0004 (! b0005) (! b0006) b0007 b0008 (! b0009) (! b0010) (! b0011) b0012 (! b0013) b0014 b0015 b0016 b0017 b0018 (! b0019) b0020 b0021 b0022 b0023 (! b0024) (! b0025) b0026 (! b0027) (! b0028) (! b0029) (! b0030) (! b0031) (! b0032) (! b0033) b0034 (! b0035) (! b0036) (! b0037) (! b0038) (! b0039) (! b0040) (! b0041) b0042 b0043 b0044 b0045 b0046 b0047 b0048 b0049 b0050 b0051 b0052 b0053 b0054 b0055 b0056 b0057 b0058 b0059 b0060 b0061 b0062 b0063 b0064 b0065 b0066 b0067 b0068 b0069 b0070 b0071 b0072 b0073 b0074 b0075 b0076 b0077 b0078 b0079 b0080 b0081 b0082 b0083 b0084 b0085 b0086 b0087 b0088 b0089 b0090 b0091 b0092 b0093 b0094 b0095 b0096 b0097 b0098 b0099 b0100 b0101 b0102 b0103 b0104 b0105 b0106 b0107)
Time taken = 99.568599
Removing b0042
Removing b0043
Removing b0056
Removing b0052
Removing b0058
Removing b0044
Verifying treap_insert_rec
Houdini assignment axiom: (And true b0000 b0001 (! b0002) (! b0003) b0004 (! b0005) (! b0006) b0007 b0008 (! b0009) (! b0010) (! b0011) b0012 (! b0013) b0014 b0015 b0016 b0017 b0018 (! b0019) b0020 b0021 b0022 b0023 (! b0024) (! b0025) b0026 (! b0027) (! b0028) (! b0029) (! b0030) (! b0031) (! b0032) (! b0033) b0034 (! b0035) (! b0036) (! b0037) (! b0038) (! b0039) (! b0040) (! b0041) (! b0042) (! b0043) (! b0044) b0045 b0046 b0047 b0048 b0049 b0050 b0051 (! b0052) b0053 b0054 b0055 (! b0056) b0057 (! b0058) b0059 b0060 b0061 b0062 b0063 b0064 b0065 b0066 b0067 b0068 b0069 b0070 b0071 b0072 b0073 b0074 b0075 b0076 b0077 b0078 b0079 b0080 b0081 b0082 b0083 b0084 b0085 b0086 b0087 b0088 b0089 b0090 b0091 b0092 b0093 b0094 b0095 b0096 b0097 b0098 b0099 b0100 b0101 b0102 b0103 b0104 b0105 b0106 b0107)
Time taken = 43.453565
Removing b0045
Removing b0053
Removing b0054
Removing b0057
Removing b0060
Removing b0046
Removing b0059
Removing b0061
Removing b0066
Removing b0067
Removing b0070
Removing b0071
Removing b0073
Verifying treap_insert_rec
Houdini assignment axiom: (And true b0000 b0001 (! b0002) (! b0003) b0004 (! b0005) (! b0006) b0007 b0008 (! b0009) (! b0010) (! b0011) b0012 (! b0013) b0014 b0015 b0016 b0017 b0018 (! b0019) b0020 b0021 b0022 b0023 (! b0024) (! b0025) b0026 (! b0027) (! b0028) (! b0029) (! b0030) (! b0031) (! b0032) (! b0033) b0034 (! b0035) (! b0036) (! b0037) (! b0038) (! b0039) (! b0040) (! b0041) (! b0042) (! b0043) (! b0044) (! b0045) (! b0046) b0047 b0048 b0049 b0050 b0051 (! b0052) (! b0053) (! b0054) b0055 (! b0056) (! b0057) (! b0058) (! b0059) (! b0060) (! b0061) b0062 b0063 b0064 b0065 (! b0066) (! b0067) b0068 b0069 (! b0070) (! b0071) b0072 (! b0073) b0074 b0075 b0076 b0077 b0078 b0079 b0080 b0081 b0082 b0083 b0084 b0085 b0086 b0087 b0088 b0089 b0090 b0091 b0092 b0093 b0094 b0095 b0096 b0097 b0098 b0099 b0100 b0101 b0102 b0103 b0104 b0105 b0106 b0107)
Time taken = 372.262923
Removing b0047
Removing b0004
Removing b0008
Removing b0004
Removing b0008
Removing b0055
Removing b0062
Removing b0077
Removing b0081
Removing b0083
Removing b0093
Removing b0095
Removing b0098
Verifying treap_insert_rec
Houdini assignment axiom: (And true b0000 b0001 (! b0002) (! b0003) (! b0004) (! b0005) (! b0006) b0007 (! b0008) (! b0009) (! b0010) (! b0011) b0012 (! b0013) b0014 b0015 b0016 b0017 b0018 (! b0019) b0020 b0021 b0022 b0023 (! b0024) (! b0025) b0026 (! b0027) (! b0028) (! b0029) (! b0030) (! b0031) (! b0032) (! b0033) b0034 (! b0035) (! b0036) (! b0037) (! b0038) (! b0039) (! b0040) (! b0041) (! b0042) (! b0043) (! b0044) (! b0045) (! b0046) (! b0047) b0048 b0049 b0050 b0051 (! b0052) (! b0053) (! b0054) (! b0055) (! b0056) (! b0057) (! b0058) (! b0059) (! b0060) (! b0061) (! b0062) b0063 b0064 b0065 (! b0066) (! b0067) b0068 b0069 (! b0070) (! b0071) b0072 (! b0073) b0074 b0075 b0076 (! b0077) b0078 b0079 b0080 (! b0081) b0082 (! b0083) b0084 b0085 b0086 b0087 b0088 b0089 b0090 b0091 b0092 (! b0093) b0094 (! b0095) b0096 b0097 (! b0098) b0099 b0100 b0101 b0102 b0103 b0104 b0105 b0106 b0107)
Time taken = 203.663063
Removing b0063
Removing b0014
Removing b0012
Removing b0014
Removing b0014
Removing b0012
Removing b0012
Removing b0099
Removing b0100
Verifying treap_insert_rec
Houdini assignment axiom: (And true b0000 b0001 (! b0002) (! b0003) (! b0004) (! b0005) (! b0006) b0007 (! b0008) (! b0009) (! b0010) (! b0011) (! b0012) (! b0013) (! b0014) b0015 b0016 b0017 b0018 (! b0019) b0020 b0021 b0022 b0023 (! b0024) (! b0025) b0026 (! b0027) (! b0028) (! b0029) (! b0030) (! b0031) (! b0032) (! b0033) b0034 (! b0035) (! b0036) (! b0037) (! b0038) (! b0039) (! b0040) (! b0041) (! b0042) (! b0043) (! b0044) (! b0045) (! b0046) (! b0047) b0048 b0049 b0050 b0051 (! b0052) (! b0053) (! b0054) (! b0055) (! b0056) (! b0057) (! b0058) (! b0059) (! b0060) (! b0061) (! b0062) (! b0063) b0064 b0065 (! b0066) (! b0067) b0068 b0069 (! b0070) (! b0071) b0072 (! b0073) b0074 b0075 b0076 (! b0077) b0078 b0079 b0080 (! b0081) b0082 (! b0083) b0084 b0085 b0086 b0087 b0088 b0089 b0090 b0091 b0092 (! b0093) b0094 (! b0095) b0096 b0097 (! b0098) (! b0099) (! b0100) b0101 b0102 b0103 b0104 b0105 b0106 b0107)
Time taken = 270.803533
Removing b0015
Removing b0016
Removing b0015
Removing b0015
Removing b0016
Verifying treap_insert_rec
Houdini assignment axiom: (And true b0000 b0001 (! b0002) (! b0003) (! b0004) (! b0005) (! b0006) b0007 (! b0008) (! b0009) (! b0010) (! b0011) (! b0012) (! b0013) (! b0014) (! b0015) (! b0016) b0017 b0018 (! b0019) b0020 b0021 b0022 b0023 (! b0024) (! b0025) b0026 (! b0027) (! b0028) (! b0029) (! b0030) (! b0031) (! b0032) (! b0033) b0034 (! b0035) (! b0036) (! b0037) (! b0038) (! b0039) (! b0040) (! b0041) (! b0042) (! b0043) (! b0044) (! b0045) (! b0046) (! b0047) b0048 b0049 b0050 b0051 (! b0052) (! b0053) (! b0054) (! b0055) (! b0056) (! b0057) (! b0058) (! b0059) (! b0060) (! b0061) (! b0062) (! b0063) b0064 b0065 (! b0066) (! b0067) b0068 b0069 (! b0070) (! b0071) b0072 (! b0073) b0074 b0075 b0076 (! b0077) b0078 b0079 b0080 (! b0081) b0082 (! b0083) b0084 b0085 b0086 b0087 b0088 b0089 b0090 b0091 b0092 (! b0093) b0094 (! b0095) b0096 b0097 (! b0098) (! b0099) (! b0100) b0101 b0102 b0103 b0104 b0105 b0106 b0107)
Time taken = 294.035546
Removing b0017
Removing b0017
Removing b0017
Removing b0018
Verifying treap_insert_rec
Houdini assignment axiom: (And true b0000 b0001 (! b0002) (! b0003) (! b0004) (! b0005) (! b0006) b0007 (! b0008) (! b0009) (! b0010) (! b0011) (! b0012) (! b0013) (! b0014) (! b0015) (! b0016) (! b0017) (! b0018) (! b0019) b0020 b0021 b0022 b0023 (! b0024) (! b0025) b0026 (! b0027) (! b0028) (! b0029) (! b0030) (! b0031) (! b0032) (! b0033) b0034 (! b0035) (! b0036) (! b0037) (! b0038) (! b0039) (! b0040) (! b0041) (! b0042) (! b0043) (! b0044) (! b0045) (! b0046) (! b0047) b0048 b0049 b0050 b0051 (! b0052) (! b0053) (! b0054) (! b0055) (! b0056) (! b0057) (! b0058) (! b0059) (! b0060) (! b0061) (! b0062) (! b0063) b0064 b0065 (! b0066) (! b0067) b0068 b0069 (! b0070) (! b0071) b0072 (! b0073) b0074 b0075 b0076 (! b0077) b0078 b0079 b0080 (! b0081) b0082 (! b0083) b0084 b0085 b0086 b0087 b0088 b0089 b0090 b0091 b0092 (! b0093) b0094 (! b0095) b0096 b0097 (! b0098) (! b0099) (! b0100) b0101 b0102 b0103 b0104 b0105 b0106 b0107)
Time taken = 282.763326
Removing b0020
Removing b0020
Removing b0022
Removing b0021
Removing b0020
Removing b0022
Verifying treap_insert_rec
Houdini assignment axiom: (And true b0000 b0001 (! b0002) (! b0003) (! b0004) (! b0005) (! b0006) b0007 (! b0008) (! b0009) (! b0010) (! b0011) (! b0012) (! b0013) (! b0014) (! b0015) (! b0016) (! b0017) (! b0018) (! b0019) (! b0020) (! b0021) (! b0022) b0023 (! b0024) (! b0025) b0026 (! b0027) (! b0028) (! b0029) (! b0030) (! b0031) (! b0032) (! b0033) b0034 (! b0035) (! b0036) (! b0037) (! b0038) (! b0039) (! b0040) (! b0041) (! b0042) (! b0043) (! b0044) (! b0045) (! b0046) (! b0047) b0048 b0049 b0050 b0051 (! b0052) (! b0053) (! b0054) (! b0055) (! b0056) (! b0057) (! b0058) (! b0059) (! b0060) (! b0061) (! b0062) (! b0063) b0064 b0065 (! b0066) (! b0067) b0068 b0069 (! b0070) (! b0071) b0072 (! b0073) b0074 b0075 b0076 (! b0077) b0078 b0079 b0080 (! b0081) b0082 (! b0083) b0084 b0085 b0086 b0087 b0088 b0089 b0090 b0091 b0092 (! b0093) b0094 (! b0095) b0096 b0097 (! b0098) (! b0099) (! b0100) b0101 b0102 b0103 b0104 b0105 b0106 b0107)
Time taken = 349.077595
Removing b0023
Removing b0065
Removing b0085
Removing b0087
Removing b0088
Removing b0089
Removing b0023
Removing b0023
Verifying treap_insert_rec
Houdini assignment axiom: (And true b0000 b0001 (! b0002) (! b0003) (! b0004) (! b0005) (! b0006) b0007 (! b0008) (! b0009) (! b0010) (! b0011) (! b0012) (! b0013) (! b0014) (! b0015) (! b0016) (! b0017) (! b0018) (! b0019) (! b0020) (! b0021) (! b0022) (! b0023) (! b0024) (! b0025) b0026 (! b0027) (! b0028) (! b0029) (! b0030) (! b0031) (! b0032) (! b0033) b0034 (! b0035) (! b0036) (! b0037) (! b0038) (! b0039) (! b0040) (! b0041) (! b0042) (! b0043) (! b0044) (! b0045) (! b0046) (! b0047) b0048 b0049 b0050 b0051 (! b0052) (! b0053) (! b0054) (! b0055) (! b0056) (! b0057) (! b0058) (! b0059) (! b0060) (! b0061) (! b0062) (! b0063) b0064 (! b0065) (! b0066) (! b0067) b0068 b0069 (! b0070) (! b0071) b0072 (! b0073) b0074 b0075 b0076 (! b0077) b0078 b0079 b0080 (! b0081) b0082 (! b0083) b0084 (! b0085) b0086 (! b0087) (! b0088) (! b0089) b0090 b0091 b0092 (! b0093) b0094 (! b0095) b0096 b0097 (! b0098) (! b0099) (! b0100) b0101 b0102 b0103 b0104 b0105 b0106 b0107)
Time taken = 622.390554
Removing b0026
Removing b0026
Removing b0069
Removing b0086
Removing b0069
Removing b0096
Removing b0090
Removing b0104
Verifying treap_insert_rec
Houdini assignment axiom: (And true b0000 b0001 (! b0002) (! b0003) (! b0004) (! b0005) (! b0006) b0007 (! b0008) (! b0009) (! b0010) (! b0011) (! b0012) (! b0013) (! b0014) (! b0015) (! b0016) (! b0017) (! b0018) (! b0019) (! b0020) (! b0021) (! b0022) (! b0023) (! b0024) (! b0025) (! b0026) (! b0027) (! b0028) (! b0029) (! b0030) (! b0031) (! b0032) (! b0033) b0034 (! b0035) (! b0036) (! b0037) (! b0038) (! b0039) (! b0040) (! b0041) (! b0042) (! b0043) (! b0044) (! b0045) (! b0046) (! b0047) b0048 b0049 b0050 b0051 (! b0052) (! b0053) (! b0054) (! b0055) (! b0056) (! b0057) (! b0058) (! b0059) (! b0060) (! b0061) (! b0062) (! b0063) b0064 (! b0065) (! b0066) (! b0067) b0068 (! b0069) (! b0070) (! b0071) b0072 (! b0073) b0074 b0075 b0076 (! b0077) b0078 b0079 b0080 (! b0081) b0082 (! b0083) b0084 (! b0085) (! b0086) (! b0087) (! b0088) (! b0089) (! b0090) b0091 b0092 (! b0093) b0094 (! b0095) (! b0096) b0097 (! b0098) (! b0099) (! b0100) b0101 b0102 b0103 (! b0104) b0105 b0106 b0107)
Time taken = 2831.167885
Removing b0092
Removing b0080
Removing b0080
Removing b0092
Removing b0082
Removing b0082
Removing b0105
Removing b0105
Removing b0106
Removing b0106
Verifying treap_insert_rec
Houdini assignment axiom: (And true b0000 b0001 (! b0002) (! b0003) (! b0004) (! b0005) (! b0006) b0007 (! b0008) (! b0009) (! b0010) (! b0011) (! b0012) (! b0013) (! b0014) (! b0015) (! b0016) (! b0017) (! b0018) (! b0019) (! b0020) (! b0021) (! b0022) (! b0023) (! b0024) (! b0025) (! b0026) (! b0027) (! b0028) (! b0029) (! b0030) (! b0031) (! b0032) (! b0033) b0034 (! b0035) (! b0036) (! b0037) (! b0038) (! b0039) (! b0040) (! b0041) (! b0042) (! b0043) (! b0044) (! b0045) (! b0046) (! b0047) b0048 b0049 b0050 b0051 (! b0052) (! b0053) (! b0054) (! b0055) (! b0056) (! b0057) (! b0058) (! b0059) (! b0060) (! b0061) (! b0062) (! b0063) b0064 (! b0065) (! b0066) (! b0067) b0068 (! b0069) (! b0070) (! b0071) b0072 (! b0073) b0074 b0075 b0076 (! b0077) b0078 b0079 (! b0080) (! b0081) (! b0082) (! b0083) b0084 (! b0085) (! b0086) (! b0087) (! b0088) (! b0089) (! b0090) b0091 (! b0092) (! b0093) b0094 (! b0095) (! b0096) b0097 (! b0098) (! b0099) (! b0100) b0101 b0102 b0103 (! b0104) (! b0105) (! b0106) b0107)
Time taken = 391.87116
Number of true assignments = 24
Number of false assignments = 84
Prover time = 5889.46
Unsat core prover time = 0.00
Number of prover queries = 29
Number of unsat core prover queries = 0
Number of unsat core prunings = 0
verified

Boogie program verifier finished with 1 verified, 0 errors
+ rm -f houdiniCexTrace.bpl
