+++ dirname ../houdini.sh
++ cd ..
++ pwd
+ dir=/home/daejunpark/pldi17
+ prelude=Vcc3Prelude.array.bpl
+ bpl=./tree/treap/treap-find-rec.bpl.anon.pred.bpl
+ opt='/typeEncoding:m /prover:SMTLib /useArrayTheory /noinfer /contractInfer'
+ opt+=' /trace'
+ opt+=' /errorLimit:100 /z3multipleErrors'
+ opt+=' /proverMemoryLimit:1024'
+ rm -f houdiniCexTrace.bpl
+ mono /home/daejunpark/pldi17/popl16ae/Boogie/Binaries/Boogie.exe /typeEncoding:m /prover:SMTLib /useArrayTheory /noinfer /contractInfer /trace /errorLimit:100 /z3multipleErrors /proverMemoryLimit:1024 Vcc3Prelude.array.bpl ./tree/treap/treap-find-rec.bpl.anon.pred.bpl
[TRACE] Using prover: /home/daejunpark/pldi17/popl16ae/Boogie/Binaries/z3.exe
Boogie program verifier version 2.2.30705.1126, Copyright (c) 2003-2013, Microsoft.
Parsing Vcc3Prelude.array.bpl
Parsing ./tree/treap/treap-find-rec.bpl.anon.pred.bpl
Coalescing blocks...
Collecting existential constants...
Building call graph...
Number of implementations = 1
Beginning VC generation for Houdini...
Generating VC for treap_find_rec
Verifying treap_find_rec
Houdini assignment axiom: (And true b0000 b0001 b0002 b0003 b0004 b0005 b0006 b0007 b0008 b0009 b0010 b0011 b0012 b0013 b0014 b0015 b0016 b0017 b0018 b0019 b0020 b0021 b0022 b0023 b0024)
Time taken = 0.093958
Removing b0002
Removing b0003
Verifying treap_find_rec
Houdini assignment axiom: (And true b0000 b0001 (! b0002) (! b0003) b0004 b0005 b0006 b0007 b0008 b0009 b0010 b0011 b0012 b0013 b0014 b0015 b0016 b0017 b0018 b0019 b0020 b0021 b0022 b0023 b0024)
Time taken = 0.079867
Removing b0009
Removing b0005
Removing b0004
Verifying treap_find_rec
Houdini assignment axiom: (And true b0000 b0001 (! b0002) (! b0003) (! b0004) (! b0005) b0006 b0007 b0008 (! b0009) b0010 b0011 b0012 b0013 b0014 b0015 b0016 b0017 b0018 b0019 b0020 b0021 b0022 b0023 b0024)
Time taken = 0.111734
Removing b0010
Removing b0007
Removing b0006
Verifying treap_find_rec
Houdini assignment axiom: (And true b0000 b0001 (! b0002) (! b0003) (! b0004) (! b0005) (! b0006) (! b0007) b0008 (! b0009) (! b0010) b0011 b0012 b0013 b0014 b0015 b0016 b0017 b0018 b0019 b0020 b0021 b0022 b0023 b0024)
Time taken = 0.226153
Removing b0011
Removing b0012
Removing b0017
Removing b0019
Removing b0019
Removing b0013
Verifying treap_find_rec
Houdini assignment axiom: (And true b0000 b0001 (! b0002) (! b0003) (! b0004) (! b0005) (! b0006) (! b0007) b0008 (! b0009) (! b0010) (! b0011) (! b0012) (! b0013) b0014 b0015 b0016 (! b0017) b0018 (! b0019) b0020 b0021 b0022 b0023 b0024)
Time taken = 0.219219
Removing b0020
Removing b0020
Removing b0020
Removing b0020
Verifying treap_find_rec
Houdini assignment axiom: (And true b0000 b0001 (! b0002) (! b0003) (! b0004) (! b0005) (! b0006) (! b0007) b0008 (! b0009) (! b0010) (! b0011) (! b0012) (! b0013) b0014 b0015 b0016 (! b0017) b0018 (! b0019) (! b0020) b0021 b0022 b0023 b0024)
Time taken = 0.085907
Number of true assignments = 11
Number of false assignments = 14
Prover time = 0.82
Unsat core prover time = 0.00
Number of prover queries = 6
Number of unsat core prover queries = 0
Number of unsat core prunings = 0
verified

Boogie program verifier finished with 1 verified, 0 errors
+ rm -f houdiniCexTrace.bpl
