+++ dirname ../houdini.sh
++ cd ..
++ pwd
+ dir=/home/daejunpark/pldi17
+ prelude=Vcc3Prelude.array.bpl
+ bpl=./grass/dl/dl_filter.bpl.anon.pred.bpl
+ opt='/typeEncoding:m /prover:SMTLib /useArrayTheory /noinfer /contractInfer'
+ opt+=' /trace'
+ opt+=' /errorLimit:100 /z3multipleErrors'
+ opt+=' /proverMemoryLimit:1024'
+ rm -f houdiniCexTrace.bpl
+ mono /home/daejunpark/pldi17/popl16ae/Boogie/Binaries/Boogie.exe /typeEncoding:m /prover:SMTLib /useArrayTheory /noinfer /contractInfer /trace /errorLimit:100 /z3multipleErrors /proverMemoryLimit:1024 Vcc3Prelude.array.bpl ./grass/dl/dl_filter.bpl.anon.pred.bpl
[TRACE] Using prover: /home/daejunpark/pldi17/popl16ae/Boogie/Binaries/z3.exe
Boogie program verifier version 2.2.30705.1126, Copyright (c) 2003-2013, Microsoft.
Parsing Vcc3Prelude.array.bpl
Parsing ./grass/dl/dl_filter.bpl.anon.pred.bpl
Coalescing blocks...
Collecting existential constants...
Building call graph...
Number of implementations = 1
Beginning VC generation for Houdini...
Generating VC for dl_filter
Verifying dl_filter
Houdini assignment axiom: (And true b0000 b0001 b0002 b0003 b0004 b0005 b0006 b0007 b0008 b0009 b0010 b0011 b0012 b0013 b0014 b0015 b0016 b0017 b0018 b0019 b0020 b0021 b0022 b0023 b0024 b0025 b0026 b0027 b0028 b0029 b0030 b0031 b0032 b0033 b0034 b0035 b0036 b0037 b0038 b0039 b0040 b0041 b0042 b0043 b0044 b0045 b0046 b0047 b0048 b0049 b0050 b0051 b0052 b0053 b0054 b0055 b0056 b0057 b0058 b0059 b0060 b0061 b0062 b0063 b0064 b0065 b0066 b0067 b0068 b0069 b0070 b0071 b0072 b0073 b0074 b0075 b0076 b0077 b0078 b0079 b0080 b0081 b0082 b0083 b0084 b0085 b0086 b0087 b0088 b0089 b0090 b0091 b0092 b0093 b0094 b0095 b0096 b0097 b0098 b0099 b0100 b0101 b0102 b0103 b0104 b0105 b0106 b0107 b0108 b0109 b0110 b0111 b0112 b0113 b0114 b0115 b0116 b0117 b0118 b0119 b0120 b0121 b0122 b0123 b0124 b0125 b0126 b0127 b0128 b0129 b0130 b0131 b0132 b0133 b0134 b0135 b0136 b0137 b0138 b0139)
Time taken = 0.071146
Removing b0100
Removing b0007
Verifying dl_filter
Houdini assignment axiom: (And true b0000 b0001 b0002 b0003 b0004 b0005 b0006 (! b0007) b0008 b0009 b0010 b0011 b0012 b0013 b0014 b0015 b0016 b0017 b0018 b0019 b0020 b0021 b0022 b0023 b0024 b0025 b0026 b0027 b0028 b0029 b0030 b0031 b0032 b0033 b0034 b0035 b0036 b0037 b0038 b0039 b0040 b0041 b0042 b0043 b0044 b0045 b0046 b0047 b0048 b0049 b0050 b0051 b0052 b0053 b0054 b0055 b0056 b0057 b0058 b0059 b0060 b0061 b0062 b0063 b0064 b0065 b0066 b0067 b0068 b0069 b0070 b0071 b0072 b0073 b0074 b0075 b0076 b0077 b0078 b0079 b0080 b0081 b0082 b0083 b0084 b0085 b0086 b0087 b0088 b0089 b0090 b0091 b0092 b0093 b0094 b0095 b0096 b0097 b0098 b0099 (! b0100) b0101 b0102 b0103 b0104 b0105 b0106 b0107 b0108 b0109 b0110 b0111 b0112 b0113 b0114 b0115 b0116 b0117 b0118 b0119 b0120 b0121 b0122 b0123 b0124 b0125 b0126 b0127 b0128 b0129 b0130 b0131 b0132 b0133 b0134 b0135 b0136 b0137 b0138 b0139)
Time taken = 0.048213
Removing b0101
Removing b0008
Verifying dl_filter
Houdini assignment axiom: (And true b0000 b0001 b0002 b0003 b0004 b0005 b0006 (! b0007) (! b0008) b0009 b0010 b0011 b0012 b0013 b0014 b0015 b0016 b0017 b0018 b0019 b0020 b0021 b0022 b0023 b0024 b0025 b0026 b0027 b0028 b0029 b0030 b0031 b0032 b0033 b0034 b0035 b0036 b0037 b0038 b0039 b0040 b0041 b0042 b0043 b0044 b0045 b0046 b0047 b0048 b0049 b0050 b0051 b0052 b0053 b0054 b0055 b0056 b0057 b0058 b0059 b0060 b0061 b0062 b0063 b0064 b0065 b0066 b0067 b0068 b0069 b0070 b0071 b0072 b0073 b0074 b0075 b0076 b0077 b0078 b0079 b0080 b0081 b0082 b0083 b0084 b0085 b0086 b0087 b0088 b0089 b0090 b0091 b0092 b0093 b0094 b0095 b0096 b0097 b0098 b0099 (! b0100) (! b0101) b0102 b0103 b0104 b0105 b0106 b0107 b0108 b0109 b0110 b0111 b0112 b0113 b0114 b0115 b0116 b0117 b0118 b0119 b0120 b0121 b0122 b0123 b0124 b0125 b0126 b0127 b0128 b0129 b0130 b0131 b0132 b0133 b0134 b0135 b0136 b0137 b0138 b0139)
Time taken = 0.048061
Removing b0102
Removing b0009
Verifying dl_filter
Houdini assignment axiom: (And true b0000 b0001 b0002 b0003 b0004 b0005 b0006 (! b0007) (! b0008) (! b0009) b0010 b0011 b0012 b0013 b0014 b0015 b0016 b0017 b0018 b0019 b0020 b0021 b0022 b0023 b0024 b0025 b0026 b0027 b0028 b0029 b0030 b0031 b0032 b0033 b0034 b0035 b0036 b0037 b0038 b0039 b0040 b0041 b0042 b0043 b0044 b0045 b0046 b0047 b0048 b0049 b0050 b0051 b0052 b0053 b0054 b0055 b0056 b0057 b0058 b0059 b0060 b0061 b0062 b0063 b0064 b0065 b0066 b0067 b0068 b0069 b0070 b0071 b0072 b0073 b0074 b0075 b0076 b0077 b0078 b0079 b0080 b0081 b0082 b0083 b0084 b0085 b0086 b0087 b0088 b0089 b0090 b0091 b0092 b0093 b0094 b0095 b0096 b0097 b0098 b0099 (! b0100) (! b0101) (! b0102) b0103 b0104 b0105 b0106 b0107 b0108 b0109 b0110 b0111 b0112 b0113 b0114 b0115 b0116 b0117 b0118 b0119 b0120 b0121 b0122 b0123 b0124 b0125 b0126 b0127 b0128 b0129 b0130 b0131 b0132 b0133 b0134 b0135 b0136 b0137 b0138 b0139)
Time taken = 0.056766
Removing b0103
Removing b0017
Verifying dl_filter
Houdini assignment axiom: (And true b0000 b0001 b0002 b0003 b0004 b0005 b0006 (! b0007) (! b0008) (! b0009) b0010 b0011 b0012 b0013 b0014 b0015 b0016 (! b0017) b0018 b0019 b0020 b0021 b0022 b0023 b0024 b0025 b0026 b0027 b0028 b0029 b0030 b0031 b0032 b0033 b0034 b0035 b0036 b0037 b0038 b0039 b0040 b0041 b0042 b0043 b0044 b0045 b0046 b0047 b0048 b0049 b0050 b0051 b0052 b0053 b0054 b0055 b0056 b0057 b0058 b0059 b0060 b0061 b0062 b0063 b0064 b0065 b0066 b0067 b0068 b0069 b0070 b0071 b0072 b0073 b0074 b0075 b0076 b0077 b0078 b0079 b0080 b0081 b0082 b0083 b0084 b0085 b0086 b0087 b0088 b0089 b0090 b0091 b0092 b0093 b0094 b0095 b0096 b0097 b0098 b0099 (! b0100) (! b0101) (! b0102) (! b0103) b0104 b0105 b0106 b0107 b0108 b0109 b0110 b0111 b0112 b0113 b0114 b0115 b0116 b0117 b0118 b0119 b0120 b0121 b0122 b0123 b0124 b0125 b0126 b0127 b0128 b0129 b0130 b0131 b0132 b0133 b0134 b0135 b0136 b0137 b0138 b0139)
Time taken = 0.048208
Removing b0018
Verifying dl_filter
Houdini assignment axiom: (And true b0000 b0001 b0002 b0003 b0004 b0005 b0006 (! b0007) (! b0008) (! b0009) b0010 b0011 b0012 b0013 b0014 b0015 b0016 (! b0017) (! b0018) b0019 b0020 b0021 b0022 b0023 b0024 b0025 b0026 b0027 b0028 b0029 b0030 b0031 b0032 b0033 b0034 b0035 b0036 b0037 b0038 b0039 b0040 b0041 b0042 b0043 b0044 b0045 b0046 b0047 b0048 b0049 b0050 b0051 b0052 b0053 b0054 b0055 b0056 b0057 b0058 b0059 b0060 b0061 b0062 b0063 b0064 b0065 b0066 b0067 b0068 b0069 b0070 b0071 b0072 b0073 b0074 b0075 b0076 b0077 b0078 b0079 b0080 b0081 b0082 b0083 b0084 b0085 b0086 b0087 b0088 b0089 b0090 b0091 b0092 b0093 b0094 b0095 b0096 b0097 b0098 b0099 (! b0100) (! b0101) (! b0102) (! b0103) b0104 b0105 b0106 b0107 b0108 b0109 b0110 b0111 b0112 b0113 b0114 b0115 b0116 b0117 b0118 b0119 b0120 b0121 b0122 b0123 b0124 b0125 b0126 b0127 b0128 b0129 b0130 b0131 b0132 b0133 b0134 b0135 b0136 b0137 b0138 b0139)
Time taken = 0.048792
Removing b0022
Verifying dl_filter
Houdini assignment axiom: (And true b0000 b0001 b0002 b0003 b0004 b0005 b0006 (! b0007) (! b0008) (! b0009) b0010 b0011 b0012 b0013 b0014 b0015 b0016 (! b0017) (! b0018) b0019 b0020 b0021 (! b0022) b0023 b0024 b0025 b0026 b0027 b0028 b0029 b0030 b0031 b0032 b0033 b0034 b0035 b0036 b0037 b0038 b0039 b0040 b0041 b0042 b0043 b0044 b0045 b0046 b0047 b0048 b0049 b0050 b0051 b0052 b0053 b0054 b0055 b0056 b0057 b0058 b0059 b0060 b0061 b0062 b0063 b0064 b0065 b0066 b0067 b0068 b0069 b0070 b0071 b0072 b0073 b0074 b0075 b0076 b0077 b0078 b0079 b0080 b0081 b0082 b0083 b0084 b0085 b0086 b0087 b0088 b0089 b0090 b0091 b0092 b0093 b0094 b0095 b0096 b0097 b0098 b0099 (! b0100) (! b0101) (! b0102) (! b0103) b0104 b0105 b0106 b0107 b0108 b0109 b0110 b0111 b0112 b0113 b0114 b0115 b0116 b0117 b0118 b0119 b0120 b0121 b0122 b0123 b0124 b0125 b0126 b0127 b0128 b0129 b0130 b0131 b0132 b0133 b0134 b0135 b0136 b0137 b0138 b0139)
Time taken = 0.038213
Removing b0024
Verifying dl_filter
Houdini assignment axiom: (And true b0000 b0001 b0002 b0003 b0004 b0005 b0006 (! b0007) (! b0008) (! b0009) b0010 b0011 b0012 b0013 b0014 b0015 b0016 (! b0017) (! b0018) b0019 b0020 b0021 (! b0022) b0023 (! b0024) b0025 b0026 b0027 b0028 b0029 b0030 b0031 b0032 b0033 b0034 b0035 b0036 b0037 b0038 b0039 b0040 b0041 b0042 b0043 b0044 b0045 b0046 b0047 b0048 b0049 b0050 b0051 b0052 b0053 b0054 b0055 b0056 b0057 b0058 b0059 b0060 b0061 b0062 b0063 b0064 b0065 b0066 b0067 b0068 b0069 b0070 b0071 b0072 b0073 b0074 b0075 b0076 b0077 b0078 b0079 b0080 b0081 b0082 b0083 b0084 b0085 b0086 b0087 b0088 b0089 b0090 b0091 b0092 b0093 b0094 b0095 b0096 b0097 b0098 b0099 (! b0100) (! b0101) (! b0102) (! b0103) b0104 b0105 b0106 b0107 b0108 b0109 b0110 b0111 b0112 b0113 b0114 b0115 b0116 b0117 b0118 b0119 b0120 b0121 b0122 b0123 b0124 b0125 b0126 b0127 b0128 b0129 b0130 b0131 b0132 b0133 b0134 b0135 b0136 b0137 b0138 b0139)
Time taken = 0.040141
Removing b0025
Verifying dl_filter
Houdini assignment axiom: (And true b0000 b0001 b0002 b0003 b0004 b0005 b0006 (! b0007) (! b0008) (! b0009) b0010 b0011 b0012 b0013 b0014 b0015 b0016 (! b0017) (! b0018) b0019 b0020 b0021 (! b0022) b0023 (! b0024) (! b0025) b0026 b0027 b0028 b0029 b0030 b0031 b0032 b0033 b0034 b0035 b0036 b0037 b0038 b0039 b0040 b0041 b0042 b0043 b0044 b0045 b0046 b0047 b0048 b0049 b0050 b0051 b0052 b0053 b0054 b0055 b0056 b0057 b0058 b0059 b0060 b0061 b0062 b0063 b0064 b0065 b0066 b0067 b0068 b0069 b0070 b0071 b0072 b0073 b0074 b0075 b0076 b0077 b0078 b0079 b0080 b0081 b0082 b0083 b0084 b0085 b0086 b0087 b0088 b0089 b0090 b0091 b0092 b0093 b0094 b0095 b0096 b0097 b0098 b0099 (! b0100) (! b0101) (! b0102) (! b0103) b0104 b0105 b0106 b0107 b0108 b0109 b0110 b0111 b0112 b0113 b0114 b0115 b0116 b0117 b0118 b0119 b0120 b0121 b0122 b0123 b0124 b0125 b0126 b0127 b0128 b0129 b0130 b0131 b0132 b0133 b0134 b0135 b0136 b0137 b0138 b0139)
Time taken = 0.046514
Removing b0027
Verifying dl_filter
Houdini assignment axiom: (And true b0000 b0001 b0002 b0003 b0004 b0005 b0006 (! b0007) (! b0008) (! b0009) b0010 b0011 b0012 b0013 b0014 b0015 b0016 (! b0017) (! b0018) b0019 b0020 b0021 (! b0022) b0023 (! b0024) (! b0025) b0026 (! b0027) b0028 b0029 b0030 b0031 b0032 b0033 b0034 b0035 b0036 b0037 b0038 b0039 b0040 b0041 b0042 b0043 b0044 b0045 b0046 b0047 b0048 b0049 b0050 b0051 b0052 b0053 b0054 b0055 b0056 b0057 b0058 b0059 b0060 b0061 b0062 b0063 b0064 b0065 b0066 b0067 b0068 b0069 b0070 b0071 b0072 b0073 b0074 b0075 b0076 b0077 b0078 b0079 b0080 b0081 b0082 b0083 b0084 b0085 b0086 b0087 b0088 b0089 b0090 b0091 b0092 b0093 b0094 b0095 b0096 b0097 b0098 b0099 (! b0100) (! b0101) (! b0102) (! b0103) b0104 b0105 b0106 b0107 b0108 b0109 b0110 b0111 b0112 b0113 b0114 b0115 b0116 b0117 b0118 b0119 b0120 b0121 b0122 b0123 b0124 b0125 b0126 b0127 b0128 b0129 b0130 b0131 b0132 b0133 b0134 b0135 b0136 b0137 b0138 b0139)
Time taken = 0.053989
Removing b0031
Removing b0040
Verifying dl_filter
Houdini assignment axiom: (And true b0000 b0001 b0002 b0003 b0004 b0005 b0006 (! b0007) (! b0008) (! b0009) b0010 b0011 b0012 b0013 b0014 b0015 b0016 (! b0017) (! b0018) b0019 b0020 b0021 (! b0022) b0023 (! b0024) (! b0025) b0026 (! b0027) b0028 b0029 b0030 (! b0031) b0032 b0033 b0034 b0035 b0036 b0037 b0038 b0039 (! b0040) b0041 b0042 b0043 b0044 b0045 b0046 b0047 b0048 b0049 b0050 b0051 b0052 b0053 b0054 b0055 b0056 b0057 b0058 b0059 b0060 b0061 b0062 b0063 b0064 b0065 b0066 b0067 b0068 b0069 b0070 b0071 b0072 b0073 b0074 b0075 b0076 b0077 b0078 b0079 b0080 b0081 b0082 b0083 b0084 b0085 b0086 b0087 b0088 b0089 b0090 b0091 b0092 b0093 b0094 b0095 b0096 b0097 b0098 b0099 (! b0100) (! b0101) (! b0102) (! b0103) b0104 b0105 b0106 b0107 b0108 b0109 b0110 b0111 b0112 b0113 b0114 b0115 b0116 b0117 b0118 b0119 b0120 b0121 b0122 b0123 b0124 b0125 b0126 b0127 b0128 b0129 b0130 b0131 b0132 b0133 b0134 b0135 b0136 b0137 b0138 b0139)
Time taken = 0.053751
Removing b0032
Removing b0041
Verifying dl_filter
Houdini assignment axiom: (And true b0000 b0001 b0002 b0003 b0004 b0005 b0006 (! b0007) (! b0008) (! b0009) b0010 b0011 b0012 b0013 b0014 b0015 b0016 (! b0017) (! b0018) b0019 b0020 b0021 (! b0022) b0023 (! b0024) (! b0025) b0026 (! b0027) b0028 b0029 b0030 (! b0031) (! b0032) b0033 b0034 b0035 b0036 b0037 b0038 b0039 (! b0040) (! b0041) b0042 b0043 b0044 b0045 b0046 b0047 b0048 b0049 b0050 b0051 b0052 b0053 b0054 b0055 b0056 b0057 b0058 b0059 b0060 b0061 b0062 b0063 b0064 b0065 b0066 b0067 b0068 b0069 b0070 b0071 b0072 b0073 b0074 b0075 b0076 b0077 b0078 b0079 b0080 b0081 b0082 b0083 b0084 b0085 b0086 b0087 b0088 b0089 b0090 b0091 b0092 b0093 b0094 b0095 b0096 b0097 b0098 b0099 (! b0100) (! b0101) (! b0102) (! b0103) b0104 b0105 b0106 b0107 b0108 b0109 b0110 b0111 b0112 b0113 b0114 b0115 b0116 b0117 b0118 b0119 b0120 b0121 b0122 b0123 b0124 b0125 b0126 b0127 b0128 b0129 b0130 b0131 b0132 b0133 b0134 b0135 b0136 b0137 b0138 b0139)
Time taken = 0.05266
Removing b0033
Removing b0054
Verifying dl_filter
Houdini assignment axiom: (And true b0000 b0001 b0002 b0003 b0004 b0005 b0006 (! b0007) (! b0008) (! b0009) b0010 b0011 b0012 b0013 b0014 b0015 b0016 (! b0017) (! b0018) b0019 b0020 b0021 (! b0022) b0023 (! b0024) (! b0025) b0026 (! b0027) b0028 b0029 b0030 (! b0031) (! b0032) (! b0033) b0034 b0035 b0036 b0037 b0038 b0039 (! b0040) (! b0041) b0042 b0043 b0044 b0045 b0046 b0047 b0048 b0049 b0050 b0051 b0052 b0053 (! b0054) b0055 b0056 b0057 b0058 b0059 b0060 b0061 b0062 b0063 b0064 b0065 b0066 b0067 b0068 b0069 b0070 b0071 b0072 b0073 b0074 b0075 b0076 b0077 b0078 b0079 b0080 b0081 b0082 b0083 b0084 b0085 b0086 b0087 b0088 b0089 b0090 b0091 b0092 b0093 b0094 b0095 b0096 b0097 b0098 b0099 (! b0100) (! b0101) (! b0102) (! b0103) b0104 b0105 b0106 b0107 b0108 b0109 b0110 b0111 b0112 b0113 b0114 b0115 b0116 b0117 b0118 b0119 b0120 b0121 b0122 b0123 b0124 b0125 b0126 b0127 b0128 b0129 b0130 b0131 b0132 b0133 b0134 b0135 b0136 b0137 b0138 b0139)
Time taken = 0.059406
Removing b0046
Removing b0055
Verifying dl_filter
Houdini assignment axiom: (And true b0000 b0001 b0002 b0003 b0004 b0005 b0006 (! b0007) (! b0008) (! b0009) b0010 b0011 b0012 b0013 b0014 b0015 b0016 (! b0017) (! b0018) b0019 b0020 b0021 (! b0022) b0023 (! b0024) (! b0025) b0026 (! b0027) b0028 b0029 b0030 (! b0031) (! b0032) (! b0033) b0034 b0035 b0036 b0037 b0038 b0039 (! b0040) (! b0041) b0042 b0043 b0044 b0045 (! b0046) b0047 b0048 b0049 b0050 b0051 b0052 b0053 (! b0054) (! b0055) b0056 b0057 b0058 b0059 b0060 b0061 b0062 b0063 b0064 b0065 b0066 b0067 b0068 b0069 b0070 b0071 b0072 b0073 b0074 b0075 b0076 b0077 b0078 b0079 b0080 b0081 b0082 b0083 b0084 b0085 b0086 b0087 b0088 b0089 b0090 b0091 b0092 b0093 b0094 b0095 b0096 b0097 b0098 b0099 (! b0100) (! b0101) (! b0102) (! b0103) b0104 b0105 b0106 b0107 b0108 b0109 b0110 b0111 b0112 b0113 b0114 b0115 b0116 b0117 b0118 b0119 b0120 b0121 b0122 b0123 b0124 b0125 b0126 b0127 b0128 b0129 b0130 b0131 b0132 b0133 b0134 b0135 b0136 b0137 b0138 b0139)
Time taken = 0.056167
Removing b0047
Removing b0060
Verifying dl_filter
Houdini assignment axiom: (And true b0000 b0001 b0002 b0003 b0004 b0005 b0006 (! b0007) (! b0008) (! b0009) b0010 b0011 b0012 b0013 b0014 b0015 b0016 (! b0017) (! b0018) b0019 b0020 b0021 (! b0022) b0023 (! b0024) (! b0025) b0026 (! b0027) b0028 b0029 b0030 (! b0031) (! b0032) (! b0033) b0034 b0035 b0036 b0037 b0038 b0039 (! b0040) (! b0041) b0042 b0043 b0044 b0045 (! b0046) (! b0047) b0048 b0049 b0050 b0051 b0052 b0053 (! b0054) (! b0055) b0056 b0057 b0058 b0059 (! b0060) b0061 b0062 b0063 b0064 b0065 b0066 b0067 b0068 b0069 b0070 b0071 b0072 b0073 b0074 b0075 b0076 b0077 b0078 b0079 b0080 b0081 b0082 b0083 b0084 b0085 b0086 b0087 b0088 b0089 b0090 b0091 b0092 b0093 b0094 b0095 b0096 b0097 b0098 b0099 (! b0100) (! b0101) (! b0102) (! b0103) b0104 b0105 b0106 b0107 b0108 b0109 b0110 b0111 b0112 b0113 b0114 b0115 b0116 b0117 b0118 b0119 b0120 b0121 b0122 b0123 b0124 b0125 b0126 b0127 b0128 b0129 b0130 b0131 b0132 b0133 b0134 b0135 b0136 b0137 b0138 b0139)
Time taken = 0.044008
Removing b0048
Removing b0061
Verifying dl_filter
Houdini assignment axiom: (And true b0000 b0001 b0002 b0003 b0004 b0005 b0006 (! b0007) (! b0008) (! b0009) b0010 b0011 b0012 b0013 b0014 b0015 b0016 (! b0017) (! b0018) b0019 b0020 b0021 (! b0022) b0023 (! b0024) (! b0025) b0026 (! b0027) b0028 b0029 b0030 (! b0031) (! b0032) (! b0033) b0034 b0035 b0036 b0037 b0038 b0039 (! b0040) (! b0041) b0042 b0043 b0044 b0045 (! b0046) (! b0047) (! b0048) b0049 b0050 b0051 b0052 b0053 (! b0054) (! b0055) b0056 b0057 b0058 b0059 (! b0060) (! b0061) b0062 b0063 b0064 b0065 b0066 b0067 b0068 b0069 b0070 b0071 b0072 b0073 b0074 b0075 b0076 b0077 b0078 b0079 b0080 b0081 b0082 b0083 b0084 b0085 b0086 b0087 b0088 b0089 b0090 b0091 b0092 b0093 b0094 b0095 b0096 b0097 b0098 b0099 (! b0100) (! b0101) (! b0102) (! b0103) b0104 b0105 b0106 b0107 b0108 b0109 b0110 b0111 b0112 b0113 b0114 b0115 b0116 b0117 b0118 b0119 b0120 b0121 b0122 b0123 b0124 b0125 b0126 b0127 b0128 b0129 b0130 b0131 b0132 b0133 b0134 b0135 b0136 b0137 b0138 b0139)
Time taken = 0.056487
Removing b0049
Removing b0065
Verifying dl_filter
Houdini assignment axiom: (And true b0000 b0001 b0002 b0003 b0004 b0005 b0006 (! b0007) (! b0008) (! b0009) b0010 b0011 b0012 b0013 b0014 b0015 b0016 (! b0017) (! b0018) b0019 b0020 b0021 (! b0022) b0023 (! b0024) (! b0025) b0026 (! b0027) b0028 b0029 b0030 (! b0031) (! b0032) (! b0033) b0034 b0035 b0036 b0037 b0038 b0039 (! b0040) (! b0041) b0042 b0043 b0044 b0045 (! b0046) (! b0047) (! b0048) (! b0049) b0050 b0051 b0052 b0053 (! b0054) (! b0055) b0056 b0057 b0058 b0059 (! b0060) (! b0061) b0062 b0063 b0064 (! b0065) b0066 b0067 b0068 b0069 b0070 b0071 b0072 b0073 b0074 b0075 b0076 b0077 b0078 b0079 b0080 b0081 b0082 b0083 b0084 b0085 b0086 b0087 b0088 b0089 b0090 b0091 b0092 b0093 b0094 b0095 b0096 b0097 b0098 b0099 (! b0100) (! b0101) (! b0102) (! b0103) b0104 b0105 b0106 b0107 b0108 b0109 b0110 b0111 b0112 b0113 b0114 b0115 b0116 b0117 b0118 b0119 b0120 b0121 b0122 b0123 b0124 b0125 b0126 b0127 b0128 b0129 b0130 b0131 b0132 b0133 b0134 b0135 b0136 b0137 b0138 b0139)
Time taken = 0.051684
Removing b0050
Removing b0066
Verifying dl_filter
Houdini assignment axiom: (And true b0000 b0001 b0002 b0003 b0004 b0005 b0006 (! b0007) (! b0008) (! b0009) b0010 b0011 b0012 b0013 b0014 b0015 b0016 (! b0017) (! b0018) b0019 b0020 b0021 (! b0022) b0023 (! b0024) (! b0025) b0026 (! b0027) b0028 b0029 b0030 (! b0031) (! b0032) (! b0033) b0034 b0035 b0036 b0037 b0038 b0039 (! b0040) (! b0041) b0042 b0043 b0044 b0045 (! b0046) (! b0047) (! b0048) (! b0049) (! b0050) b0051 b0052 b0053 (! b0054) (! b0055) b0056 b0057 b0058 b0059 (! b0060) (! b0061) b0062 b0063 b0064 (! b0065) (! b0066) b0067 b0068 b0069 b0070 b0071 b0072 b0073 b0074 b0075 b0076 b0077 b0078 b0079 b0080 b0081 b0082 b0083 b0084 b0085 b0086 b0087 b0088 b0089 b0090 b0091 b0092 b0093 b0094 b0095 b0096 b0097 b0098 b0099 (! b0100) (! b0101) (! b0102) (! b0103) b0104 b0105 b0106 b0107 b0108 b0109 b0110 b0111 b0112 b0113 b0114 b0115 b0116 b0117 b0118 b0119 b0120 b0121 b0122 b0123 b0124 b0125 b0126 b0127 b0128 b0129 b0130 b0131 b0132 b0133 b0134 b0135 b0136 b0137 b0138 b0139)
Time taken = 0.054469
Removing b0051
Removing b0070
Verifying dl_filter
Houdini assignment axiom: (And true b0000 b0001 b0002 b0003 b0004 b0005 b0006 (! b0007) (! b0008) (! b0009) b0010 b0011 b0012 b0013 b0014 b0015 b0016 (! b0017) (! b0018) b0019 b0020 b0021 (! b0022) b0023 (! b0024) (! b0025) b0026 (! b0027) b0028 b0029 b0030 (! b0031) (! b0032) (! b0033) b0034 b0035 b0036 b0037 b0038 b0039 (! b0040) (! b0041) b0042 b0043 b0044 b0045 (! b0046) (! b0047) (! b0048) (! b0049) (! b0050) (! b0051) b0052 b0053 (! b0054) (! b0055) b0056 b0057 b0058 b0059 (! b0060) (! b0061) b0062 b0063 b0064 (! b0065) (! b0066) b0067 b0068 b0069 (! b0070) b0071 b0072 b0073 b0074 b0075 b0076 b0077 b0078 b0079 b0080 b0081 b0082 b0083 b0084 b0085 b0086 b0087 b0088 b0089 b0090 b0091 b0092 b0093 b0094 b0095 b0096 b0097 b0098 b0099 (! b0100) (! b0101) (! b0102) (! b0103) b0104 b0105 b0106 b0107 b0108 b0109 b0110 b0111 b0112 b0113 b0114 b0115 b0116 b0117 b0118 b0119 b0120 b0121 b0122 b0123 b0124 b0125 b0126 b0127 b0128 b0129 b0130 b0131 b0132 b0133 b0134 b0135 b0136 b0137 b0138 b0139)
Time taken = 0.045215
Removing b0072
Verifying dl_filter
Houdini assignment axiom: (And true b0000 b0001 b0002 b0003 b0004 b0005 b0006 (! b0007) (! b0008) (! b0009) b0010 b0011 b0012 b0013 b0014 b0015 b0016 (! b0017) (! b0018) b0019 b0020 b0021 (! b0022) b0023 (! b0024) (! b0025) b0026 (! b0027) b0028 b0029 b0030 (! b0031) (! b0032) (! b0033) b0034 b0035 b0036 b0037 b0038 b0039 (! b0040) (! b0041) b0042 b0043 b0044 b0045 (! b0046) (! b0047) (! b0048) (! b0049) (! b0050) (! b0051) b0052 b0053 (! b0054) (! b0055) b0056 b0057 b0058 b0059 (! b0060) (! b0061) b0062 b0063 b0064 (! b0065) (! b0066) b0067 b0068 b0069 (! b0070) b0071 (! b0072) b0073 b0074 b0075 b0076 b0077 b0078 b0079 b0080 b0081 b0082 b0083 b0084 b0085 b0086 b0087 b0088 b0089 b0090 b0091 b0092 b0093 b0094 b0095 b0096 b0097 b0098 b0099 (! b0100) (! b0101) (! b0102) (! b0103) b0104 b0105 b0106 b0107 b0108 b0109 b0110 b0111 b0112 b0113 b0114 b0115 b0116 b0117 b0118 b0119 b0120 b0121 b0122 b0123 b0124 b0125 b0126 b0127 b0128 b0129 b0130 b0131 b0132 b0133 b0134 b0135 b0136 b0137 b0138 b0139)
Time taken = 0.051143
Removing b0073
Verifying dl_filter
Houdini assignment axiom: (And true b0000 b0001 b0002 b0003 b0004 b0005 b0006 (! b0007) (! b0008) (! b0009) b0010 b0011 b0012 b0013 b0014 b0015 b0016 (! b0017) (! b0018) b0019 b0020 b0021 (! b0022) b0023 (! b0024) (! b0025) b0026 (! b0027) b0028 b0029 b0030 (! b0031) (! b0032) (! b0033) b0034 b0035 b0036 b0037 b0038 b0039 (! b0040) (! b0041) b0042 b0043 b0044 b0045 (! b0046) (! b0047) (! b0048) (! b0049) (! b0050) (! b0051) b0052 b0053 (! b0054) (! b0055) b0056 b0057 b0058 b0059 (! b0060) (! b0061) b0062 b0063 b0064 (! b0065) (! b0066) b0067 b0068 b0069 (! b0070) b0071 (! b0072) (! b0073) b0074 b0075 b0076 b0077 b0078 b0079 b0080 b0081 b0082 b0083 b0084 b0085 b0086 b0087 b0088 b0089 b0090 b0091 b0092 b0093 b0094 b0095 b0096 b0097 b0098 b0099 (! b0100) (! b0101) (! b0102) (! b0103) b0104 b0105 b0106 b0107 b0108 b0109 b0110 b0111 b0112 b0113 b0114 b0115 b0116 b0117 b0118 b0119 b0120 b0121 b0122 b0123 b0124 b0125 b0126 b0127 b0128 b0129 b0130 b0131 b0132 b0133 b0134 b0135 b0136 b0137 b0138 b0139)
Time taken = 0.051445
Removing b0075
Verifying dl_filter
Houdini assignment axiom: (And true b0000 b0001 b0002 b0003 b0004 b0005 b0006 (! b0007) (! b0008) (! b0009) b0010 b0011 b0012 b0013 b0014 b0015 b0016 (! b0017) (! b0018) b0019 b0020 b0021 (! b0022) b0023 (! b0024) (! b0025) b0026 (! b0027) b0028 b0029 b0030 (! b0031) (! b0032) (! b0033) b0034 b0035 b0036 b0037 b0038 b0039 (! b0040) (! b0041) b0042 b0043 b0044 b0045 (! b0046) (! b0047) (! b0048) (! b0049) (! b0050) (! b0051) b0052 b0053 (! b0054) (! b0055) b0056 b0057 b0058 b0059 (! b0060) (! b0061) b0062 b0063 b0064 (! b0065) (! b0066) b0067 b0068 b0069 (! b0070) b0071 (! b0072) (! b0073) b0074 (! b0075) b0076 b0077 b0078 b0079 b0080 b0081 b0082 b0083 b0084 b0085 b0086 b0087 b0088 b0089 b0090 b0091 b0092 b0093 b0094 b0095 b0096 b0097 b0098 b0099 (! b0100) (! b0101) (! b0102) (! b0103) b0104 b0105 b0106 b0107 b0108 b0109 b0110 b0111 b0112 b0113 b0114 b0115 b0116 b0117 b0118 b0119 b0120 b0121 b0122 b0123 b0124 b0125 b0126 b0127 b0128 b0129 b0130 b0131 b0132 b0133 b0134 b0135 b0136 b0137 b0138 b0139)
Time taken = 0.055545
Removing b0076
Removing b0078
Verifying dl_filter
Houdini assignment axiom: (And true b0000 b0001 b0002 b0003 b0004 b0005 b0006 (! b0007) (! b0008) (! b0009) b0010 b0011 b0012 b0013 b0014 b0015 b0016 (! b0017) (! b0018) b0019 b0020 b0021 (! b0022) b0023 (! b0024) (! b0025) b0026 (! b0027) b0028 b0029 b0030 (! b0031) (! b0032) (! b0033) b0034 b0035 b0036 b0037 b0038 b0039 (! b0040) (! b0041) b0042 b0043 b0044 b0045 (! b0046) (! b0047) (! b0048) (! b0049) (! b0050) (! b0051) b0052 b0053 (! b0054) (! b0055) b0056 b0057 b0058 b0059 (! b0060) (! b0061) b0062 b0063 b0064 (! b0065) (! b0066) b0067 b0068 b0069 (! b0070) b0071 (! b0072) (! b0073) b0074 (! b0075) (! b0076) b0077 (! b0078) b0079 b0080 b0081 b0082 b0083 b0084 b0085 b0086 b0087 b0088 b0089 b0090 b0091 b0092 b0093 b0094 b0095 b0096 b0097 b0098 b0099 (! b0100) (! b0101) (! b0102) (! b0103) b0104 b0105 b0106 b0107 b0108 b0109 b0110 b0111 b0112 b0113 b0114 b0115 b0116 b0117 b0118 b0119 b0120 b0121 b0122 b0123 b0124 b0125 b0126 b0127 b0128 b0129 b0130 b0131 b0132 b0133 b0134 b0135 b0136 b0137 b0138 b0139)
Time taken = 0.058705
Removing b0077
Removing b0080
Verifying dl_filter
Houdini assignment axiom: (And true b0000 b0001 b0002 b0003 b0004 b0005 b0006 (! b0007) (! b0008) (! b0009) b0010 b0011 b0012 b0013 b0014 b0015 b0016 (! b0017) (! b0018) b0019 b0020 b0021 (! b0022) b0023 (! b0024) (! b0025) b0026 (! b0027) b0028 b0029 b0030 (! b0031) (! b0032) (! b0033) b0034 b0035 b0036 b0037 b0038 b0039 (! b0040) (! b0041) b0042 b0043 b0044 b0045 (! b0046) (! b0047) (! b0048) (! b0049) (! b0050) (! b0051) b0052 b0053 (! b0054) (! b0055) b0056 b0057 b0058 b0059 (! b0060) (! b0061) b0062 b0063 b0064 (! b0065) (! b0066) b0067 b0068 b0069 (! b0070) b0071 (! b0072) (! b0073) b0074 (! b0075) (! b0076) (! b0077) (! b0078) b0079 (! b0080) b0081 b0082 b0083 b0084 b0085 b0086 b0087 b0088 b0089 b0090 b0091 b0092 b0093 b0094 b0095 b0096 b0097 b0098 b0099 (! b0100) (! b0101) (! b0102) (! b0103) b0104 b0105 b0106 b0107 b0108 b0109 b0110 b0111 b0112 b0113 b0114 b0115 b0116 b0117 b0118 b0119 b0120 b0121 b0122 b0123 b0124 b0125 b0126 b0127 b0128 b0129 b0130 b0131 b0132 b0133 b0134 b0135 b0136 b0137 b0138 b0139)
Time taken = 0.045465
Removing b0088
Verifying dl_filter
Houdini assignment axiom: (And true b0000 b0001 b0002 b0003 b0004 b0005 b0006 (! b0007) (! b0008) (! b0009) b0010 b0011 b0012 b0013 b0014 b0015 b0016 (! b0017) (! b0018) b0019 b0020 b0021 (! b0022) b0023 (! b0024) (! b0025) b0026 (! b0027) b0028 b0029 b0030 (! b0031) (! b0032) (! b0033) b0034 b0035 b0036 b0037 b0038 b0039 (! b0040) (! b0041) b0042 b0043 b0044 b0045 (! b0046) (! b0047) (! b0048) (! b0049) (! b0050) (! b0051) b0052 b0053 (! b0054) (! b0055) b0056 b0057 b0058 b0059 (! b0060) (! b0061) b0062 b0063 b0064 (! b0065) (! b0066) b0067 b0068 b0069 (! b0070) b0071 (! b0072) (! b0073) b0074 (! b0075) (! b0076) (! b0077) (! b0078) b0079 (! b0080) b0081 b0082 b0083 b0084 b0085 b0086 b0087 (! b0088) b0089 b0090 b0091 b0092 b0093 b0094 b0095 b0096 b0097 b0098 b0099 (! b0100) (! b0101) (! b0102) (! b0103) b0104 b0105 b0106 b0107 b0108 b0109 b0110 b0111 b0112 b0113 b0114 b0115 b0116 b0117 b0118 b0119 b0120 b0121 b0122 b0123 b0124 b0125 b0126 b0127 b0128 b0129 b0130 b0131 b0132 b0133 b0134 b0135 b0136 b0137 b0138 b0139)
Time taken = 0.05619
Removing b0090
Removing b0093
Verifying dl_filter
Houdini assignment axiom: (And true b0000 b0001 b0002 b0003 b0004 b0005 b0006 (! b0007) (! b0008) (! b0009) b0010 b0011 b0012 b0013 b0014 b0015 b0016 (! b0017) (! b0018) b0019 b0020 b0021 (! b0022) b0023 (! b0024) (! b0025) b0026 (! b0027) b0028 b0029 b0030 (! b0031) (! b0032) (! b0033) b0034 b0035 b0036 b0037 b0038 b0039 (! b0040) (! b0041) b0042 b0043 b0044 b0045 (! b0046) (! b0047) (! b0048) (! b0049) (! b0050) (! b0051) b0052 b0053 (! b0054) (! b0055) b0056 b0057 b0058 b0059 (! b0060) (! b0061) b0062 b0063 b0064 (! b0065) (! b0066) b0067 b0068 b0069 (! b0070) b0071 (! b0072) (! b0073) b0074 (! b0075) (! b0076) (! b0077) (! b0078) b0079 (! b0080) b0081 b0082 b0083 b0084 b0085 b0086 b0087 (! b0088) b0089 (! b0090) b0091 b0092 (! b0093) b0094 b0095 b0096 b0097 b0098 b0099 (! b0100) (! b0101) (! b0102) (! b0103) b0104 b0105 b0106 b0107 b0108 b0109 b0110 b0111 b0112 b0113 b0114 b0115 b0116 b0117 b0118 b0119 b0120 b0121 b0122 b0123 b0124 b0125 b0126 b0127 b0128 b0129 b0130 b0131 b0132 b0133 b0134 b0135 b0136 b0137 b0138 b0139)
Time taken = 0.058306
Removing b0091
Removing b0094
Verifying dl_filter
Houdini assignment axiom: (And true b0000 b0001 b0002 b0003 b0004 b0005 b0006 (! b0007) (! b0008) (! b0009) b0010 b0011 b0012 b0013 b0014 b0015 b0016 (! b0017) (! b0018) b0019 b0020 b0021 (! b0022) b0023 (! b0024) (! b0025) b0026 (! b0027) b0028 b0029 b0030 (! b0031) (! b0032) (! b0033) b0034 b0035 b0036 b0037 b0038 b0039 (! b0040) (! b0041) b0042 b0043 b0044 b0045 (! b0046) (! b0047) (! b0048) (! b0049) (! b0050) (! b0051) b0052 b0053 (! b0054) (! b0055) b0056 b0057 b0058 b0059 (! b0060) (! b0061) b0062 b0063 b0064 (! b0065) (! b0066) b0067 b0068 b0069 (! b0070) b0071 (! b0072) (! b0073) b0074 (! b0075) (! b0076) (! b0077) (! b0078) b0079 (! b0080) b0081 b0082 b0083 b0084 b0085 b0086 b0087 (! b0088) b0089 (! b0090) (! b0091) b0092 (! b0093) (! b0094) b0095 b0096 b0097 b0098 b0099 (! b0100) (! b0101) (! b0102) (! b0103) b0104 b0105 b0106 b0107 b0108 b0109 b0110 b0111 b0112 b0113 b0114 b0115 b0116 b0117 b0118 b0119 b0120 b0121 b0122 b0123 b0124 b0125 b0126 b0127 b0128 b0129 b0130 b0131 b0132 b0133 b0134 b0135 b0136 b0137 b0138 b0139)
Time taken = 0.043974
Removing b0096
Removing b0099
Verifying dl_filter
Houdini assignment axiom: (And true b0000 b0001 b0002 b0003 b0004 b0005 b0006 (! b0007) (! b0008) (! b0009) b0010 b0011 b0012 b0013 b0014 b0015 b0016 (! b0017) (! b0018) b0019 b0020 b0021 (! b0022) b0023 (! b0024) (! b0025) b0026 (! b0027) b0028 b0029 b0030 (! b0031) (! b0032) (! b0033) b0034 b0035 b0036 b0037 b0038 b0039 (! b0040) (! b0041) b0042 b0043 b0044 b0045 (! b0046) (! b0047) (! b0048) (! b0049) (! b0050) (! b0051) b0052 b0053 (! b0054) (! b0055) b0056 b0057 b0058 b0059 (! b0060) (! b0061) b0062 b0063 b0064 (! b0065) (! b0066) b0067 b0068 b0069 (! b0070) b0071 (! b0072) (! b0073) b0074 (! b0075) (! b0076) (! b0077) (! b0078) b0079 (! b0080) b0081 b0082 b0083 b0084 b0085 b0086 b0087 (! b0088) b0089 (! b0090) (! b0091) b0092 (! b0093) (! b0094) b0095 (! b0096) b0097 b0098 (! b0099) (! b0100) (! b0101) (! b0102) (! b0103) b0104 b0105 b0106 b0107 b0108 b0109 b0110 b0111 b0112 b0113 b0114 b0115 b0116 b0117 b0118 b0119 b0120 b0121 b0122 b0123 b0124 b0125 b0126 b0127 b0128 b0129 b0130 b0131 b0132 b0133 b0134 b0135 b0136 b0137 b0138 b0139)
Time taken = 0.043
Removing b0097
Removing b0104
Verifying dl_filter
Houdini assignment axiom: (And true b0000 b0001 b0002 b0003 b0004 b0005 b0006 (! b0007) (! b0008) (! b0009) b0010 b0011 b0012 b0013 b0014 b0015 b0016 (! b0017) (! b0018) b0019 b0020 b0021 (! b0022) b0023 (! b0024) (! b0025) b0026 (! b0027) b0028 b0029 b0030 (! b0031) (! b0032) (! b0033) b0034 b0035 b0036 b0037 b0038 b0039 (! b0040) (! b0041) b0042 b0043 b0044 b0045 (! b0046) (! b0047) (! b0048) (! b0049) (! b0050) (! b0051) b0052 b0053 (! b0054) (! b0055) b0056 b0057 b0058 b0059 (! b0060) (! b0061) b0062 b0063 b0064 (! b0065) (! b0066) b0067 b0068 b0069 (! b0070) b0071 (! b0072) (! b0073) b0074 (! b0075) (! b0076) (! b0077) (! b0078) b0079 (! b0080) b0081 b0082 b0083 b0084 b0085 b0086 b0087 (! b0088) b0089 (! b0090) (! b0091) b0092 (! b0093) (! b0094) b0095 (! b0096) (! b0097) b0098 (! b0099) (! b0100) (! b0101) (! b0102) (! b0103) (! b0104) b0105 b0106 b0107 b0108 b0109 b0110 b0111 b0112 b0113 b0114 b0115 b0116 b0117 b0118 b0119 b0120 b0121 b0122 b0123 b0124 b0125 b0126 b0127 b0128 b0129 b0130 b0131 b0132 b0133 b0134 b0135 b0136 b0137 b0138 b0139)
Time taken = 0.04488
Removing b0106
Verifying dl_filter
Houdini assignment axiom: (And true b0000 b0001 b0002 b0003 b0004 b0005 b0006 (! b0007) (! b0008) (! b0009) b0010 b0011 b0012 b0013 b0014 b0015 b0016 (! b0017) (! b0018) b0019 b0020 b0021 (! b0022) b0023 (! b0024) (! b0025) b0026 (! b0027) b0028 b0029 b0030 (! b0031) (! b0032) (! b0033) b0034 b0035 b0036 b0037 b0038 b0039 (! b0040) (! b0041) b0042 b0043 b0044 b0045 (! b0046) (! b0047) (! b0048) (! b0049) (! b0050) (! b0051) b0052 b0053 (! b0054) (! b0055) b0056 b0057 b0058 b0059 (! b0060) (! b0061) b0062 b0063 b0064 (! b0065) (! b0066) b0067 b0068 b0069 (! b0070) b0071 (! b0072) (! b0073) b0074 (! b0075) (! b0076) (! b0077) (! b0078) b0079 (! b0080) b0081 b0082 b0083 b0084 b0085 b0086 b0087 (! b0088) b0089 (! b0090) (! b0091) b0092 (! b0093) (! b0094) b0095 (! b0096) (! b0097) b0098 (! b0099) (! b0100) (! b0101) (! b0102) (! b0103) (! b0104) b0105 (! b0106) b0107 b0108 b0109 b0110 b0111 b0112 b0113 b0114 b0115 b0116 b0117 b0118 b0119 b0120 b0121 b0122 b0123 b0124 b0125 b0126 b0127 b0128 b0129 b0130 b0131 b0132 b0133 b0134 b0135 b0136 b0137 b0138 b0139)
Time taken = 0.050348
Removing b0107
Verifying dl_filter
Houdini assignment axiom: (And true b0000 b0001 b0002 b0003 b0004 b0005 b0006 (! b0007) (! b0008) (! b0009) b0010 b0011 b0012 b0013 b0014 b0015 b0016 (! b0017) (! b0018) b0019 b0020 b0021 (! b0022) b0023 (! b0024) (! b0025) b0026 (! b0027) b0028 b0029 b0030 (! b0031) (! b0032) (! b0033) b0034 b0035 b0036 b0037 b0038 b0039 (! b0040) (! b0041) b0042 b0043 b0044 b0045 (! b0046) (! b0047) (! b0048) (! b0049) (! b0050) (! b0051) b0052 b0053 (! b0054) (! b0055) b0056 b0057 b0058 b0059 (! b0060) (! b0061) b0062 b0063 b0064 (! b0065) (! b0066) b0067 b0068 b0069 (! b0070) b0071 (! b0072) (! b0073) b0074 (! b0075) (! b0076) (! b0077) (! b0078) b0079 (! b0080) b0081 b0082 b0083 b0084 b0085 b0086 b0087 (! b0088) b0089 (! b0090) (! b0091) b0092 (! b0093) (! b0094) b0095 (! b0096) (! b0097) b0098 (! b0099) (! b0100) (! b0101) (! b0102) (! b0103) (! b0104) b0105 (! b0106) (! b0107) b0108 b0109 b0110 b0111 b0112 b0113 b0114 b0115 b0116 b0117 b0118 b0119 b0120 b0121 b0122 b0123 b0124 b0125 b0126 b0127 b0128 b0129 b0130 b0131 b0132 b0133 b0134 b0135 b0136 b0137 b0138 b0139)
Time taken = 0.049303
Removing b0108
Verifying dl_filter
Houdini assignment axiom: (And true b0000 b0001 b0002 b0003 b0004 b0005 b0006 (! b0007) (! b0008) (! b0009) b0010 b0011 b0012 b0013 b0014 b0015 b0016 (! b0017) (! b0018) b0019 b0020 b0021 (! b0022) b0023 (! b0024) (! b0025) b0026 (! b0027) b0028 b0029 b0030 (! b0031) (! b0032) (! b0033) b0034 b0035 b0036 b0037 b0038 b0039 (! b0040) (! b0041) b0042 b0043 b0044 b0045 (! b0046) (! b0047) (! b0048) (! b0049) (! b0050) (! b0051) b0052 b0053 (! b0054) (! b0055) b0056 b0057 b0058 b0059 (! b0060) (! b0061) b0062 b0063 b0064 (! b0065) (! b0066) b0067 b0068 b0069 (! b0070) b0071 (! b0072) (! b0073) b0074 (! b0075) (! b0076) (! b0077) (! b0078) b0079 (! b0080) b0081 b0082 b0083 b0084 b0085 b0086 b0087 (! b0088) b0089 (! b0090) (! b0091) b0092 (! b0093) (! b0094) b0095 (! b0096) (! b0097) b0098 (! b0099) (! b0100) (! b0101) (! b0102) (! b0103) (! b0104) b0105 (! b0106) (! b0107) (! b0108) b0109 b0110 b0111 b0112 b0113 b0114 b0115 b0116 b0117 b0118 b0119 b0120 b0121 b0122 b0123 b0124 b0125 b0126 b0127 b0128 b0129 b0130 b0131 b0132 b0133 b0134 b0135 b0136 b0137 b0138 b0139)
Time taken = 0.048145
Removing b0111
Verifying dl_filter
Houdini assignment axiom: (And true b0000 b0001 b0002 b0003 b0004 b0005 b0006 (! b0007) (! b0008) (! b0009) b0010 b0011 b0012 b0013 b0014 b0015 b0016 (! b0017) (! b0018) b0019 b0020 b0021 (! b0022) b0023 (! b0024) (! b0025) b0026 (! b0027) b0028 b0029 b0030 (! b0031) (! b0032) (! b0033) b0034 b0035 b0036 b0037 b0038 b0039 (! b0040) (! b0041) b0042 b0043 b0044 b0045 (! b0046) (! b0047) (! b0048) (! b0049) (! b0050) (! b0051) b0052 b0053 (! b0054) (! b0055) b0056 b0057 b0058 b0059 (! b0060) (! b0061) b0062 b0063 b0064 (! b0065) (! b0066) b0067 b0068 b0069 (! b0070) b0071 (! b0072) (! b0073) b0074 (! b0075) (! b0076) (! b0077) (! b0078) b0079 (! b0080) b0081 b0082 b0083 b0084 b0085 b0086 b0087 (! b0088) b0089 (! b0090) (! b0091) b0092 (! b0093) (! b0094) b0095 (! b0096) (! b0097) b0098 (! b0099) (! b0100) (! b0101) (! b0102) (! b0103) (! b0104) b0105 (! b0106) (! b0107) (! b0108) b0109 b0110 (! b0111) b0112 b0113 b0114 b0115 b0116 b0117 b0118 b0119 b0120 b0121 b0122 b0123 b0124 b0125 b0126 b0127 b0128 b0129 b0130 b0131 b0132 b0133 b0134 b0135 b0136 b0137 b0138 b0139)
Time taken = 0.048141
Removing b0112
Verifying dl_filter
Houdini assignment axiom: (And true b0000 b0001 b0002 b0003 b0004 b0005 b0006 (! b0007) (! b0008) (! b0009) b0010 b0011 b0012 b0013 b0014 b0015 b0016 (! b0017) (! b0018) b0019 b0020 b0021 (! b0022) b0023 (! b0024) (! b0025) b0026 (! b0027) b0028 b0029 b0030 (! b0031) (! b0032) (! b0033) b0034 b0035 b0036 b0037 b0038 b0039 (! b0040) (! b0041) b0042 b0043 b0044 b0045 (! b0046) (! b0047) (! b0048) (! b0049) (! b0050) (! b0051) b0052 b0053 (! b0054) (! b0055) b0056 b0057 b0058 b0059 (! b0060) (! b0061) b0062 b0063 b0064 (! b0065) (! b0066) b0067 b0068 b0069 (! b0070) b0071 (! b0072) (! b0073) b0074 (! b0075) (! b0076) (! b0077) (! b0078) b0079 (! b0080) b0081 b0082 b0083 b0084 b0085 b0086 b0087 (! b0088) b0089 (! b0090) (! b0091) b0092 (! b0093) (! b0094) b0095 (! b0096) (! b0097) b0098 (! b0099) (! b0100) (! b0101) (! b0102) (! b0103) (! b0104) b0105 (! b0106) (! b0107) (! b0108) b0109 b0110 (! b0111) (! b0112) b0113 b0114 b0115 b0116 b0117 b0118 b0119 b0120 b0121 b0122 b0123 b0124 b0125 b0126 b0127 b0128 b0129 b0130 b0131 b0132 b0133 b0134 b0135 b0136 b0137 b0138 b0139)
Time taken = 0.052016
Removing b0113
Verifying dl_filter
Houdini assignment axiom: (And true b0000 b0001 b0002 b0003 b0004 b0005 b0006 (! b0007) (! b0008) (! b0009) b0010 b0011 b0012 b0013 b0014 b0015 b0016 (! b0017) (! b0018) b0019 b0020 b0021 (! b0022) b0023 (! b0024) (! b0025) b0026 (! b0027) b0028 b0029 b0030 (! b0031) (! b0032) (! b0033) b0034 b0035 b0036 b0037 b0038 b0039 (! b0040) (! b0041) b0042 b0043 b0044 b0045 (! b0046) (! b0047) (! b0048) (! b0049) (! b0050) (! b0051) b0052 b0053 (! b0054) (! b0055) b0056 b0057 b0058 b0059 (! b0060) (! b0061) b0062 b0063 b0064 (! b0065) (! b0066) b0067 b0068 b0069 (! b0070) b0071 (! b0072) (! b0073) b0074 (! b0075) (! b0076) (! b0077) (! b0078) b0079 (! b0080) b0081 b0082 b0083 b0084 b0085 b0086 b0087 (! b0088) b0089 (! b0090) (! b0091) b0092 (! b0093) (! b0094) b0095 (! b0096) (! b0097) b0098 (! b0099) (! b0100) (! b0101) (! b0102) (! b0103) (! b0104) b0105 (! b0106) (! b0107) (! b0108) b0109 b0110 (! b0111) (! b0112) (! b0113) b0114 b0115 b0116 b0117 b0118 b0119 b0120 b0121 b0122 b0123 b0124 b0125 b0126 b0127 b0128 b0129 b0130 b0131 b0132 b0133 b0134 b0135 b0136 b0137 b0138 b0139)
Time taken = 0.048075
Removing b0115
Verifying dl_filter
Houdini assignment axiom: (And true b0000 b0001 b0002 b0003 b0004 b0005 b0006 (! b0007) (! b0008) (! b0009) b0010 b0011 b0012 b0013 b0014 b0015 b0016 (! b0017) (! b0018) b0019 b0020 b0021 (! b0022) b0023 (! b0024) (! b0025) b0026 (! b0027) b0028 b0029 b0030 (! b0031) (! b0032) (! b0033) b0034 b0035 b0036 b0037 b0038 b0039 (! b0040) (! b0041) b0042 b0043 b0044 b0045 (! b0046) (! b0047) (! b0048) (! b0049) (! b0050) (! b0051) b0052 b0053 (! b0054) (! b0055) b0056 b0057 b0058 b0059 (! b0060) (! b0061) b0062 b0063 b0064 (! b0065) (! b0066) b0067 b0068 b0069 (! b0070) b0071 (! b0072) (! b0073) b0074 (! b0075) (! b0076) (! b0077) (! b0078) b0079 (! b0080) b0081 b0082 b0083 b0084 b0085 b0086 b0087 (! b0088) b0089 (! b0090) (! b0091) b0092 (! b0093) (! b0094) b0095 (! b0096) (! b0097) b0098 (! b0099) (! b0100) (! b0101) (! b0102) (! b0103) (! b0104) b0105 (! b0106) (! b0107) (! b0108) b0109 b0110 (! b0111) (! b0112) (! b0113) b0114 (! b0115) b0116 b0117 b0118 b0119 b0120 b0121 b0122 b0123 b0124 b0125 b0126 b0127 b0128 b0129 b0130 b0131 b0132 b0133 b0134 b0135 b0136 b0137 b0138 b0139)
Time taken = 0.048801
Removing b0118
Verifying dl_filter
Houdini assignment axiom: (And true b0000 b0001 b0002 b0003 b0004 b0005 b0006 (! b0007) (! b0008) (! b0009) b0010 b0011 b0012 b0013 b0014 b0015 b0016 (! b0017) (! b0018) b0019 b0020 b0021 (! b0022) b0023 (! b0024) (! b0025) b0026 (! b0027) b0028 b0029 b0030 (! b0031) (! b0032) (! b0033) b0034 b0035 b0036 b0037 b0038 b0039 (! b0040) (! b0041) b0042 b0043 b0044 b0045 (! b0046) (! b0047) (! b0048) (! b0049) (! b0050) (! b0051) b0052 b0053 (! b0054) (! b0055) b0056 b0057 b0058 b0059 (! b0060) (! b0061) b0062 b0063 b0064 (! b0065) (! b0066) b0067 b0068 b0069 (! b0070) b0071 (! b0072) (! b0073) b0074 (! b0075) (! b0076) (! b0077) (! b0078) b0079 (! b0080) b0081 b0082 b0083 b0084 b0085 b0086 b0087 (! b0088) b0089 (! b0090) (! b0091) b0092 (! b0093) (! b0094) b0095 (! b0096) (! b0097) b0098 (! b0099) (! b0100) (! b0101) (! b0102) (! b0103) (! b0104) b0105 (! b0106) (! b0107) (! b0108) b0109 b0110 (! b0111) (! b0112) (! b0113) b0114 (! b0115) b0116 b0117 (! b0118) b0119 b0120 b0121 b0122 b0123 b0124 b0125 b0126 b0127 b0128 b0129 b0130 b0131 b0132 b0133 b0134 b0135 b0136 b0137 b0138 b0139)
Time taken = 0.056809
Removing b0120
Removing b0124
Verifying dl_filter
Houdini assignment axiom: (And true b0000 b0001 b0002 b0003 b0004 b0005 b0006 (! b0007) (! b0008) (! b0009) b0010 b0011 b0012 b0013 b0014 b0015 b0016 (! b0017) (! b0018) b0019 b0020 b0021 (! b0022) b0023 (! b0024) (! b0025) b0026 (! b0027) b0028 b0029 b0030 (! b0031) (! b0032) (! b0033) b0034 b0035 b0036 b0037 b0038 b0039 (! b0040) (! b0041) b0042 b0043 b0044 b0045 (! b0046) (! b0047) (! b0048) (! b0049) (! b0050) (! b0051) b0052 b0053 (! b0054) (! b0055) b0056 b0057 b0058 b0059 (! b0060) (! b0061) b0062 b0063 b0064 (! b0065) (! b0066) b0067 b0068 b0069 (! b0070) b0071 (! b0072) (! b0073) b0074 (! b0075) (! b0076) (! b0077) (! b0078) b0079 (! b0080) b0081 b0082 b0083 b0084 b0085 b0086 b0087 (! b0088) b0089 (! b0090) (! b0091) b0092 (! b0093) (! b0094) b0095 (! b0096) (! b0097) b0098 (! b0099) (! b0100) (! b0101) (! b0102) (! b0103) (! b0104) b0105 (! b0106) (! b0107) (! b0108) b0109 b0110 (! b0111) (! b0112) (! b0113) b0114 (! b0115) b0116 b0117 (! b0118) b0119 (! b0120) b0121 b0122 b0123 (! b0124) b0125 b0126 b0127 b0128 b0129 b0130 b0131 b0132 b0133 b0134 b0135 b0136 b0137 b0138 b0139)
Time taken = 0.055855
Removing b0122
Removing b0126
Verifying dl_filter
Houdini assignment axiom: (And true b0000 b0001 b0002 b0003 b0004 b0005 b0006 (! b0007) (! b0008) (! b0009) b0010 b0011 b0012 b0013 b0014 b0015 b0016 (! b0017) (! b0018) b0019 b0020 b0021 (! b0022) b0023 (! b0024) (! b0025) b0026 (! b0027) b0028 b0029 b0030 (! b0031) (! b0032) (! b0033) b0034 b0035 b0036 b0037 b0038 b0039 (! b0040) (! b0041) b0042 b0043 b0044 b0045 (! b0046) (! b0047) (! b0048) (! b0049) (! b0050) (! b0051) b0052 b0053 (! b0054) (! b0055) b0056 b0057 b0058 b0059 (! b0060) (! b0061) b0062 b0063 b0064 (! b0065) (! b0066) b0067 b0068 b0069 (! b0070) b0071 (! b0072) (! b0073) b0074 (! b0075) (! b0076) (! b0077) (! b0078) b0079 (! b0080) b0081 b0082 b0083 b0084 b0085 b0086 b0087 (! b0088) b0089 (! b0090) (! b0091) b0092 (! b0093) (! b0094) b0095 (! b0096) (! b0097) b0098 (! b0099) (! b0100) (! b0101) (! b0102) (! b0103) (! b0104) b0105 (! b0106) (! b0107) (! b0108) b0109 b0110 (! b0111) (! b0112) (! b0113) b0114 (! b0115) b0116 b0117 (! b0118) b0119 (! b0120) b0121 (! b0122) b0123 (! b0124) b0125 (! b0126) b0127 b0128 b0129 b0130 b0131 b0132 b0133 b0134 b0135 b0136 b0137 b0138 b0139)
Time taken = 0.054251
Removing b0123
Removing b0127
Verifying dl_filter
Houdini assignment axiom: (And true b0000 b0001 b0002 b0003 b0004 b0005 b0006 (! b0007) (! b0008) (! b0009) b0010 b0011 b0012 b0013 b0014 b0015 b0016 (! b0017) (! b0018) b0019 b0020 b0021 (! b0022) b0023 (! b0024) (! b0025) b0026 (! b0027) b0028 b0029 b0030 (! b0031) (! b0032) (! b0033) b0034 b0035 b0036 b0037 b0038 b0039 (! b0040) (! b0041) b0042 b0043 b0044 b0045 (! b0046) (! b0047) (! b0048) (! b0049) (! b0050) (! b0051) b0052 b0053 (! b0054) (! b0055) b0056 b0057 b0058 b0059 (! b0060) (! b0061) b0062 b0063 b0064 (! b0065) (! b0066) b0067 b0068 b0069 (! b0070) b0071 (! b0072) (! b0073) b0074 (! b0075) (! b0076) (! b0077) (! b0078) b0079 (! b0080) b0081 b0082 b0083 b0084 b0085 b0086 b0087 (! b0088) b0089 (! b0090) (! b0091) b0092 (! b0093) (! b0094) b0095 (! b0096) (! b0097) b0098 (! b0099) (! b0100) (! b0101) (! b0102) (! b0103) (! b0104) b0105 (! b0106) (! b0107) (! b0108) b0109 b0110 (! b0111) (! b0112) (! b0113) b0114 (! b0115) b0116 b0117 (! b0118) b0119 (! b0120) b0121 (! b0122) (! b0123) (! b0124) b0125 (! b0126) (! b0127) b0128 b0129 b0130 b0131 b0132 b0133 b0134 b0135 b0136 b0137 b0138 b0139)
Time taken = 0.053672
Removing b0129
Removing b0128
Verifying dl_filter
Houdini assignment axiom: (And true b0000 b0001 b0002 b0003 b0004 b0005 b0006 (! b0007) (! b0008) (! b0009) b0010 b0011 b0012 b0013 b0014 b0015 b0016 (! b0017) (! b0018) b0019 b0020 b0021 (! b0022) b0023 (! b0024) (! b0025) b0026 (! b0027) b0028 b0029 b0030 (! b0031) (! b0032) (! b0033) b0034 b0035 b0036 b0037 b0038 b0039 (! b0040) (! b0041) b0042 b0043 b0044 b0045 (! b0046) (! b0047) (! b0048) (! b0049) (! b0050) (! b0051) b0052 b0053 (! b0054) (! b0055) b0056 b0057 b0058 b0059 (! b0060) (! b0061) b0062 b0063 b0064 (! b0065) (! b0066) b0067 b0068 b0069 (! b0070) b0071 (! b0072) (! b0073) b0074 (! b0075) (! b0076) (! b0077) (! b0078) b0079 (! b0080) b0081 b0082 b0083 b0084 b0085 b0086 b0087 (! b0088) b0089 (! b0090) (! b0091) b0092 (! b0093) (! b0094) b0095 (! b0096) (! b0097) b0098 (! b0099) (! b0100) (! b0101) (! b0102) (! b0103) (! b0104) b0105 (! b0106) (! b0107) (! b0108) b0109 b0110 (! b0111) (! b0112) (! b0113) b0114 (! b0115) b0116 b0117 (! b0118) b0119 (! b0120) b0121 (! b0122) (! b0123) (! b0124) b0125 (! b0126) (! b0127) (! b0128) (! b0129) b0130 b0131 b0132 b0133 b0134 b0135 b0136 b0137 b0138 b0139)
Time taken = 0.050882
Removing b0130
Verifying dl_filter
Houdini assignment axiom: (And true b0000 b0001 b0002 b0003 b0004 b0005 b0006 (! b0007) (! b0008) (! b0009) b0010 b0011 b0012 b0013 b0014 b0015 b0016 (! b0017) (! b0018) b0019 b0020 b0021 (! b0022) b0023 (! b0024) (! b0025) b0026 (! b0027) b0028 b0029 b0030 (! b0031) (! b0032) (! b0033) b0034 b0035 b0036 b0037 b0038 b0039 (! b0040) (! b0041) b0042 b0043 b0044 b0045 (! b0046) (! b0047) (! b0048) (! b0049) (! b0050) (! b0051) b0052 b0053 (! b0054) (! b0055) b0056 b0057 b0058 b0059 (! b0060) (! b0061) b0062 b0063 b0064 (! b0065) (! b0066) b0067 b0068 b0069 (! b0070) b0071 (! b0072) (! b0073) b0074 (! b0075) (! b0076) (! b0077) (! b0078) b0079 (! b0080) b0081 b0082 b0083 b0084 b0085 b0086 b0087 (! b0088) b0089 (! b0090) (! b0091) b0092 (! b0093) (! b0094) b0095 (! b0096) (! b0097) b0098 (! b0099) (! b0100) (! b0101) (! b0102) (! b0103) (! b0104) b0105 (! b0106) (! b0107) (! b0108) b0109 b0110 (! b0111) (! b0112) (! b0113) b0114 (! b0115) b0116 b0117 (! b0118) b0119 (! b0120) b0121 (! b0122) (! b0123) (! b0124) b0125 (! b0126) (! b0127) (! b0128) (! b0129) (! b0130) b0131 b0132 b0133 b0134 b0135 b0136 b0137 b0138 b0139)
Time taken = 0.040665
Removing b0134
Verifying dl_filter
Houdini assignment axiom: (And true b0000 b0001 b0002 b0003 b0004 b0005 b0006 (! b0007) (! b0008) (! b0009) b0010 b0011 b0012 b0013 b0014 b0015 b0016 (! b0017) (! b0018) b0019 b0020 b0021 (! b0022) b0023 (! b0024) (! b0025) b0026 (! b0027) b0028 b0029 b0030 (! b0031) (! b0032) (! b0033) b0034 b0035 b0036 b0037 b0038 b0039 (! b0040) (! b0041) b0042 b0043 b0044 b0045 (! b0046) (! b0047) (! b0048) (! b0049) (! b0050) (! b0051) b0052 b0053 (! b0054) (! b0055) b0056 b0057 b0058 b0059 (! b0060) (! b0061) b0062 b0063 b0064 (! b0065) (! b0066) b0067 b0068 b0069 (! b0070) b0071 (! b0072) (! b0073) b0074 (! b0075) (! b0076) (! b0077) (! b0078) b0079 (! b0080) b0081 b0082 b0083 b0084 b0085 b0086 b0087 (! b0088) b0089 (! b0090) (! b0091) b0092 (! b0093) (! b0094) b0095 (! b0096) (! b0097) b0098 (! b0099) (! b0100) (! b0101) (! b0102) (! b0103) (! b0104) b0105 (! b0106) (! b0107) (! b0108) b0109 b0110 (! b0111) (! b0112) (! b0113) b0114 (! b0115) b0116 b0117 (! b0118) b0119 (! b0120) b0121 (! b0122) (! b0123) (! b0124) b0125 (! b0126) (! b0127) (! b0128) (! b0129) (! b0130) b0131 b0132 b0133 (! b0134) b0135 b0136 b0137 b0138 b0139)
Time taken = 0.048915
Removing b0136
Removing b0135
Verifying dl_filter
Houdini assignment axiom: (And true b0000 b0001 b0002 b0003 b0004 b0005 b0006 (! b0007) (! b0008) (! b0009) b0010 b0011 b0012 b0013 b0014 b0015 b0016 (! b0017) (! b0018) b0019 b0020 b0021 (! b0022) b0023 (! b0024) (! b0025) b0026 (! b0027) b0028 b0029 b0030 (! b0031) (! b0032) (! b0033) b0034 b0035 b0036 b0037 b0038 b0039 (! b0040) (! b0041) b0042 b0043 b0044 b0045 (! b0046) (! b0047) (! b0048) (! b0049) (! b0050) (! b0051) b0052 b0053 (! b0054) (! b0055) b0056 b0057 b0058 b0059 (! b0060) (! b0061) b0062 b0063 b0064 (! b0065) (! b0066) b0067 b0068 b0069 (! b0070) b0071 (! b0072) (! b0073) b0074 (! b0075) (! b0076) (! b0077) (! b0078) b0079 (! b0080) b0081 b0082 b0083 b0084 b0085 b0086 b0087 (! b0088) b0089 (! b0090) (! b0091) b0092 (! b0093) (! b0094) b0095 (! b0096) (! b0097) b0098 (! b0099) (! b0100) (! b0101) (! b0102) (! b0103) (! b0104) b0105 (! b0106) (! b0107) (! b0108) b0109 b0110 (! b0111) (! b0112) (! b0113) b0114 (! b0115) b0116 b0117 (! b0118) b0119 (! b0120) b0121 (! b0122) (! b0123) (! b0124) b0125 (! b0126) (! b0127) (! b0128) (! b0129) (! b0130) b0131 b0132 b0133 (! b0134) (! b0135) (! b0136) b0137 b0138 b0139)
Time taken = 0.046937
Removing b0137
Verifying dl_filter
Houdini assignment axiom: (And true b0000 b0001 b0002 b0003 b0004 b0005 b0006 (! b0007) (! b0008) (! b0009) b0010 b0011 b0012 b0013 b0014 b0015 b0016 (! b0017) (! b0018) b0019 b0020 b0021 (! b0022) b0023 (! b0024) (! b0025) b0026 (! b0027) b0028 b0029 b0030 (! b0031) (! b0032) (! b0033) b0034 b0035 b0036 b0037 b0038 b0039 (! b0040) (! b0041) b0042 b0043 b0044 b0045 (! b0046) (! b0047) (! b0048) (! b0049) (! b0050) (! b0051) b0052 b0053 (! b0054) (! b0055) b0056 b0057 b0058 b0059 (! b0060) (! b0061) b0062 b0063 b0064 (! b0065) (! b0066) b0067 b0068 b0069 (! b0070) b0071 (! b0072) (! b0073) b0074 (! b0075) (! b0076) (! b0077) (! b0078) b0079 (! b0080) b0081 b0082 b0083 b0084 b0085 b0086 b0087 (! b0088) b0089 (! b0090) (! b0091) b0092 (! b0093) (! b0094) b0095 (! b0096) (! b0097) b0098 (! b0099) (! b0100) (! b0101) (! b0102) (! b0103) (! b0104) b0105 (! b0106) (! b0107) (! b0108) b0109 b0110 (! b0111) (! b0112) (! b0113) b0114 (! b0115) b0116 b0117 (! b0118) b0119 (! b0120) b0121 (! b0122) (! b0123) (! b0124) b0125 (! b0126) (! b0127) (! b0128) (! b0129) (! b0130) b0131 b0132 b0133 (! b0134) (! b0135) (! b0136) (! b0137) b0138 b0139)
Time taken = 0.047372
Removing b0139
Removing b0138
Verifying dl_filter
Houdini assignment axiom: (And true b0000 b0001 b0002 b0003 b0004 b0005 b0006 (! b0007) (! b0008) (! b0009) b0010 b0011 b0012 b0013 b0014 b0015 b0016 (! b0017) (! b0018) b0019 b0020 b0021 (! b0022) b0023 (! b0024) (! b0025) b0026 (! b0027) b0028 b0029 b0030 (! b0031) (! b0032) (! b0033) b0034 b0035 b0036 b0037 b0038 b0039 (! b0040) (! b0041) b0042 b0043 b0044 b0045 (! b0046) (! b0047) (! b0048) (! b0049) (! b0050) (! b0051) b0052 b0053 (! b0054) (! b0055) b0056 b0057 b0058 b0059 (! b0060) (! b0061) b0062 b0063 b0064 (! b0065) (! b0066) b0067 b0068 b0069 (! b0070) b0071 (! b0072) (! b0073) b0074 (! b0075) (! b0076) (! b0077) (! b0078) b0079 (! b0080) b0081 b0082 b0083 b0084 b0085 b0086 b0087 (! b0088) b0089 (! b0090) (! b0091) b0092 (! b0093) (! b0094) b0095 (! b0096) (! b0097) b0098 (! b0099) (! b0100) (! b0101) (! b0102) (! b0103) (! b0104) b0105 (! b0106) (! b0107) (! b0108) b0109 b0110 (! b0111) (! b0112) (! b0113) b0114 (! b0115) b0116 b0117 (! b0118) b0119 (! b0120) b0121 (! b0122) (! b0123) (! b0124) b0125 (! b0126) (! b0127) (! b0128) (! b0129) (! b0130) b0131 b0132 b0133 (! b0134) (! b0135) (! b0136) (! b0137) (! b0138) (! b0139))
Time taken = 0.135072
Removing b0000
Removing b0010
Removing b0010
Removing b0005
Verifying dl_filter
Houdini assignment axiom: (And true (! b0000) b0001 b0002 b0003 b0004 (! b0005) b0006 (! b0007) (! b0008) (! b0009) (! b0010) b0011 b0012 b0013 b0014 b0015 b0016 (! b0017) (! b0018) b0019 b0020 b0021 (! b0022) b0023 (! b0024) (! b0025) b0026 (! b0027) b0028 b0029 b0030 (! b0031) (! b0032) (! b0033) b0034 b0035 b0036 b0037 b0038 b0039 (! b0040) (! b0041) b0042 b0043 b0044 b0045 (! b0046) (! b0047) (! b0048) (! b0049) (! b0050) (! b0051) b0052 b0053 (! b0054) (! b0055) b0056 b0057 b0058 b0059 (! b0060) (! b0061) b0062 b0063 b0064 (! b0065) (! b0066) b0067 b0068 b0069 (! b0070) b0071 (! b0072) (! b0073) b0074 (! b0075) (! b0076) (! b0077) (! b0078) b0079 (! b0080) b0081 b0082 b0083 b0084 b0085 b0086 b0087 (! b0088) b0089 (! b0090) (! b0091) b0092 (! b0093) (! b0094) b0095 (! b0096) (! b0097) b0098 (! b0099) (! b0100) (! b0101) (! b0102) (! b0103) (! b0104) b0105 (! b0106) (! b0107) (! b0108) b0109 b0110 (! b0111) (! b0112) (! b0113) b0114 (! b0115) b0116 b0117 (! b0118) b0119 (! b0120) b0121 (! b0122) (! b0123) (! b0124) b0125 (! b0126) (! b0127) (! b0128) (! b0129) (! b0130) b0131 b0132 b0133 (! b0134) (! b0135) (! b0136) (! b0137) (! b0138) (! b0139))
Time taken = 0.135663
Removing b0004
Removing b0013
Removing b0011
Removing b0006
Verifying dl_filter
Houdini assignment axiom: (And true (! b0000) b0001 b0002 b0003 (! b0004) (! b0005) (! b0006) (! b0007) (! b0008) (! b0009) (! b0010) (! b0011) b0012 (! b0013) b0014 b0015 b0016 (! b0017) (! b0018) b0019 b0020 b0021 (! b0022) b0023 (! b0024) (! b0025) b0026 (! b0027) b0028 b0029 b0030 (! b0031) (! b0032) (! b0033) b0034 b0035 b0036 b0037 b0038 b0039 (! b0040) (! b0041) b0042 b0043 b0044 b0045 (! b0046) (! b0047) (! b0048) (! b0049) (! b0050) (! b0051) b0052 b0053 (! b0054) (! b0055) b0056 b0057 b0058 b0059 (! b0060) (! b0061) b0062 b0063 b0064 (! b0065) (! b0066) b0067 b0068 b0069 (! b0070) b0071 (! b0072) (! b0073) b0074 (! b0075) (! b0076) (! b0077) (! b0078) b0079 (! b0080) b0081 b0082 b0083 b0084 b0085 b0086 b0087 (! b0088) b0089 (! b0090) (! b0091) b0092 (! b0093) (! b0094) b0095 (! b0096) (! b0097) b0098 (! b0099) (! b0100) (! b0101) (! b0102) (! b0103) (! b0104) b0105 (! b0106) (! b0107) (! b0108) b0109 b0110 (! b0111) (! b0112) (! b0113) b0114 (! b0115) b0116 b0117 (! b0118) b0119 (! b0120) b0121 (! b0122) (! b0123) (! b0124) b0125 (! b0126) (! b0127) (! b0128) (! b0129) (! b0130) b0131 b0132 b0133 (! b0134) (! b0135) (! b0136) (! b0137) (! b0138) (! b0139))
Time taken = 0.189998
Removing b0034
Removing b0067
Removing b0084
Removing b0109
Removing b0012
Removing b0029
Removing b0053
Verifying dl_filter
Houdini assignment axiom: (And true (! b0000) b0001 b0002 b0003 (! b0004) (! b0005) (! b0006) (! b0007) (! b0008) (! b0009) (! b0010) (! b0011) (! b0012) (! b0013) b0014 b0015 b0016 (! b0017) (! b0018) b0019 b0020 b0021 (! b0022) b0023 (! b0024) (! b0025) b0026 (! b0027) b0028 (! b0029) b0030 (! b0031) (! b0032) (! b0033) (! b0034) b0035 b0036 b0037 b0038 b0039 (! b0040) (! b0041) b0042 b0043 b0044 b0045 (! b0046) (! b0047) (! b0048) (! b0049) (! b0050) (! b0051) b0052 (! b0053) (! b0054) (! b0055) b0056 b0057 b0058 b0059 (! b0060) (! b0061) b0062 b0063 b0064 (! b0065) (! b0066) (! b0067) b0068 b0069 (! b0070) b0071 (! b0072) (! b0073) b0074 (! b0075) (! b0076) (! b0077) (! b0078) b0079 (! b0080) b0081 b0082 b0083 (! b0084) b0085 b0086 b0087 (! b0088) b0089 (! b0090) (! b0091) b0092 (! b0093) (! b0094) b0095 (! b0096) (! b0097) b0098 (! b0099) (! b0100) (! b0101) (! b0102) (! b0103) (! b0104) b0105 (! b0106) (! b0107) (! b0108) (! b0109) b0110 (! b0111) (! b0112) (! b0113) b0114 (! b0115) b0116 b0117 (! b0118) b0119 (! b0120) b0121 (! b0122) (! b0123) (! b0124) b0125 (! b0126) (! b0127) (! b0128) (! b0129) (! b0130) b0131 b0132 b0133 (! b0134) (! b0135) (! b0136) (! b0137) (! b0138) (! b0139))
Time taken = 0.176655
Removing b0037
Removing b0082
Removing b0086
Removing b0110
Removing b0016
Removing b0030
Removing b0059
Verifying dl_filter
Houdini assignment axiom: (And true (! b0000) b0001 b0002 b0003 (! b0004) (! b0005) (! b0006) (! b0007) (! b0008) (! b0009) (! b0010) (! b0011) (! b0012) (! b0013) b0014 b0015 (! b0016) (! b0017) (! b0018) b0019 b0020 b0021 (! b0022) b0023 (! b0024) (! b0025) b0026 (! b0027) b0028 (! b0029) (! b0030) (! b0031) (! b0032) (! b0033) (! b0034) b0035 b0036 (! b0037) b0038 b0039 (! b0040) (! b0041) b0042 b0043 b0044 b0045 (! b0046) (! b0047) (! b0048) (! b0049) (! b0050) (! b0051) b0052 (! b0053) (! b0054) (! b0055) b0056 b0057 b0058 (! b0059) (! b0060) (! b0061) b0062 b0063 b0064 (! b0065) (! b0066) (! b0067) b0068 b0069 (! b0070) b0071 (! b0072) (! b0073) b0074 (! b0075) (! b0076) (! b0077) (! b0078) b0079 (! b0080) b0081 (! b0082) b0083 (! b0084) b0085 (! b0086) b0087 (! b0088) b0089 (! b0090) (! b0091) b0092 (! b0093) (! b0094) b0095 (! b0096) (! b0097) b0098 (! b0099) (! b0100) (! b0101) (! b0102) (! b0103) (! b0104) b0105 (! b0106) (! b0107) (! b0108) (! b0109) (! b0110) (! b0111) (! b0112) (! b0113) b0114 (! b0115) b0116 b0117 (! b0118) b0119 (! b0120) b0121 (! b0122) (! b0123) (! b0124) b0125 (! b0126) (! b0127) (! b0128) (! b0129) (! b0130) b0131 b0132 b0133 (! b0134) (! b0135) (! b0136) (! b0137) (! b0138) (! b0139))
Time taken = 0.157307
Removing b0083
Removing b0092
Removing b0114
Removing b0019
Removing b0043
Verifying dl_filter
Houdini assignment axiom: (And true (! b0000) b0001 b0002 b0003 (! b0004) (! b0005) (! b0006) (! b0007) (! b0008) (! b0009) (! b0010) (! b0011) (! b0012) (! b0013) b0014 b0015 (! b0016) (! b0017) (! b0018) (! b0019) b0020 b0021 (! b0022) b0023 (! b0024) (! b0025) b0026 (! b0027) b0028 (! b0029) (! b0030) (! b0031) (! b0032) (! b0033) (! b0034) b0035 b0036 (! b0037) b0038 b0039 (! b0040) (! b0041) b0042 (! b0043) b0044 b0045 (! b0046) (! b0047) (! b0048) (! b0049) (! b0050) (! b0051) b0052 (! b0053) (! b0054) (! b0055) b0056 b0057 b0058 (! b0059) (! b0060) (! b0061) b0062 b0063 b0064 (! b0065) (! b0066) (! b0067) b0068 b0069 (! b0070) b0071 (! b0072) (! b0073) b0074 (! b0075) (! b0076) (! b0077) (! b0078) b0079 (! b0080) b0081 (! b0082) (! b0083) (! b0084) b0085 (! b0086) b0087 (! b0088) b0089 (! b0090) (! b0091) (! b0092) (! b0093) (! b0094) b0095 (! b0096) (! b0097) b0098 (! b0099) (! b0100) (! b0101) (! b0102) (! b0103) (! b0104) b0105 (! b0106) (! b0107) (! b0108) (! b0109) (! b0110) (! b0111) (! b0112) (! b0113) (! b0114) (! b0115) b0116 b0117 (! b0118) b0119 (! b0120) b0121 (! b0122) (! b0123) (! b0124) b0125 (! b0126) (! b0127) (! b0128) (! b0129) (! b0130) b0131 b0132 b0133 (! b0134) (! b0135) (! b0136) (! b0137) (! b0138) (! b0139))
Time taken = 0.150748
Removing b0089
Removing b0098
Removing b0117
Removing b0021
Removing b0045
Removing b0020
Verifying dl_filter
Houdini assignment axiom: (And true (! b0000) b0001 b0002 b0003 (! b0004) (! b0005) (! b0006) (! b0007) (! b0008) (! b0009) (! b0010) (! b0011) (! b0012) (! b0013) b0014 b0015 (! b0016) (! b0017) (! b0018) (! b0019) (! b0020) (! b0021) (! b0022) b0023 (! b0024) (! b0025) b0026 (! b0027) b0028 (! b0029) (! b0030) (! b0031) (! b0032) (! b0033) (! b0034) b0035 b0036 (! b0037) b0038 b0039 (! b0040) (! b0041) b0042 (! b0043) b0044 (! b0045) (! b0046) (! b0047) (! b0048) (! b0049) (! b0050) (! b0051) b0052 (! b0053) (! b0054) (! b0055) b0056 b0057 b0058 (! b0059) (! b0060) (! b0061) b0062 b0063 b0064 (! b0065) (! b0066) (! b0067) b0068 b0069 (! b0070) b0071 (! b0072) (! b0073) b0074 (! b0075) (! b0076) (! b0077) (! b0078) b0079 (! b0080) b0081 (! b0082) (! b0083) (! b0084) b0085 (! b0086) b0087 (! b0088) (! b0089) (! b0090) (! b0091) (! b0092) (! b0093) (! b0094) b0095 (! b0096) (! b0097) (! b0098) (! b0099) (! b0100) (! b0101) (! b0102) (! b0103) (! b0104) b0105 (! b0106) (! b0107) (! b0108) (! b0109) (! b0110) (! b0111) (! b0112) (! b0113) (! b0114) (! b0115) b0116 (! b0117) (! b0118) b0119 (! b0120) b0121 (! b0122) (! b0123) (! b0124) b0125 (! b0126) (! b0127) (! b0128) (! b0129) (! b0130) b0131 b0132 b0133 (! b0134) (! b0135) (! b0136) (! b0137) (! b0138) (! b0139))
Time taken = 0.136737
Removing b0026
Removing b0095
Removing b0023
Verifying dl_filter
Houdini assignment axiom: (And true (! b0000) b0001 b0002 b0003 (! b0004) (! b0005) (! b0006) (! b0007) (! b0008) (! b0009) (! b0010) (! b0011) (! b0012) (! b0013) b0014 b0015 (! b0016) (! b0017) (! b0018) (! b0019) (! b0020) (! b0021) (! b0022) (! b0023) (! b0024) (! b0025) (! b0026) (! b0027) b0028 (! b0029) (! b0030) (! b0031) (! b0032) (! b0033) (! b0034) b0035 b0036 (! b0037) b0038 b0039 (! b0040) (! b0041) b0042 (! b0043) b0044 (! b0045) (! b0046) (! b0047) (! b0048) (! b0049) (! b0050) (! b0051) b0052 (! b0053) (! b0054) (! b0055) b0056 b0057 b0058 (! b0059) (! b0060) (! b0061) b0062 b0063 b0064 (! b0065) (! b0066) (! b0067) b0068 b0069 (! b0070) b0071 (! b0072) (! b0073) b0074 (! b0075) (! b0076) (! b0077) (! b0078) b0079 (! b0080) b0081 (! b0082) (! b0083) (! b0084) b0085 (! b0086) b0087 (! b0088) (! b0089) (! b0090) (! b0091) (! b0092) (! b0093) (! b0094) (! b0095) (! b0096) (! b0097) (! b0098) (! b0099) (! b0100) (! b0101) (! b0102) (! b0103) (! b0104) b0105 (! b0106) (! b0107) (! b0108) (! b0109) (! b0110) (! b0111) (! b0112) (! b0113) (! b0114) (! b0115) b0116 (! b0117) (! b0118) b0119 (! b0120) b0121 (! b0122) (! b0123) (! b0124) b0125 (! b0126) (! b0127) (! b0128) (! b0129) (! b0130) b0131 b0132 b0133 (! b0134) (! b0135) (! b0136) (! b0137) (! b0138) (! b0139))
Time taken = 0.184969
Removing b0028
Removing b0058
Removing b0035
Removing b0042
Removing b0052
Removing b0056
Verifying dl_filter
Houdini assignment axiom: (And true (! b0000) b0001 b0002 b0003 (! b0004) (! b0005) (! b0006) (! b0007) (! b0008) (! b0009) (! b0010) (! b0011) (! b0012) (! b0013) b0014 b0015 (! b0016) (! b0017) (! b0018) (! b0019) (! b0020) (! b0021) (! b0022) (! b0023) (! b0024) (! b0025) (! b0026) (! b0027) (! b0028) (! b0029) (! b0030) (! b0031) (! b0032) (! b0033) (! b0034) (! b0035) b0036 (! b0037) b0038 b0039 (! b0040) (! b0041) (! b0042) (! b0043) b0044 (! b0045) (! b0046) (! b0047) (! b0048) (! b0049) (! b0050) (! b0051) (! b0052) (! b0053) (! b0054) (! b0055) (! b0056) b0057 (! b0058) (! b0059) (! b0060) (! b0061) b0062 b0063 b0064 (! b0065) (! b0066) (! b0067) b0068 b0069 (! b0070) b0071 (! b0072) (! b0073) b0074 (! b0075) (! b0076) (! b0077) (! b0078) b0079 (! b0080) b0081 (! b0082) (! b0083) (! b0084) b0085 (! b0086) b0087 (! b0088) (! b0089) (! b0090) (! b0091) (! b0092) (! b0093) (! b0094) (! b0095) (! b0096) (! b0097) (! b0098) (! b0099) (! b0100) (! b0101) (! b0102) (! b0103) (! b0104) b0105 (! b0106) (! b0107) (! b0108) (! b0109) (! b0110) (! b0111) (! b0112) (! b0113) (! b0114) (! b0115) b0116 (! b0117) (! b0118) b0119 (! b0120) b0121 (! b0122) (! b0123) (! b0124) b0125 (! b0126) (! b0127) (! b0128) (! b0129) (! b0130) b0131 b0132 b0133 (! b0134) (! b0135) (! b0136) (! b0137) (! b0138) (! b0139))
Time taken = 0.147481
Removing b0036
Removing b0063
Removing b0044
Removing b0062
Verifying dl_filter
Houdini assignment axiom: (And true (! b0000) b0001 b0002 b0003 (! b0004) (! b0005) (! b0006) (! b0007) (! b0008) (! b0009) (! b0010) (! b0011) (! b0012) (! b0013) b0014 b0015 (! b0016) (! b0017) (! b0018) (! b0019) (! b0020) (! b0021) (! b0022) (! b0023) (! b0024) (! b0025) (! b0026) (! b0027) (! b0028) (! b0029) (! b0030) (! b0031) (! b0032) (! b0033) (! b0034) (! b0035) (! b0036) (! b0037) b0038 b0039 (! b0040) (! b0041) (! b0042) (! b0043) (! b0044) (! b0045) (! b0046) (! b0047) (! b0048) (! b0049) (! b0050) (! b0051) (! b0052) (! b0053) (! b0054) (! b0055) (! b0056) b0057 (! b0058) (! b0059) (! b0060) (! b0061) (! b0062) (! b0063) b0064 (! b0065) (! b0066) (! b0067) b0068 b0069 (! b0070) b0071 (! b0072) (! b0073) b0074 (! b0075) (! b0076) (! b0077) (! b0078) b0079 (! b0080) b0081 (! b0082) (! b0083) (! b0084) b0085 (! b0086) b0087 (! b0088) (! b0089) (! b0090) (! b0091) (! b0092) (! b0093) (! b0094) (! b0095) (! b0096) (! b0097) (! b0098) (! b0099) (! b0100) (! b0101) (! b0102) (! b0103) (! b0104) b0105 (! b0106) (! b0107) (! b0108) (! b0109) (! b0110) (! b0111) (! b0112) (! b0113) (! b0114) (! b0115) b0116 (! b0117) (! b0118) b0119 (! b0120) b0121 (! b0122) (! b0123) (! b0124) b0125 (! b0126) (! b0127) (! b0128) (! b0129) (! b0130) b0131 b0132 b0133 (! b0134) (! b0135) (! b0136) (! b0137) (! b0138) (! b0139))
Time taken = 0.127263
Removing b0057
Removing b0069
Removing b0064
Verifying dl_filter
Houdini assignment axiom: (And true (! b0000) b0001 b0002 b0003 (! b0004) (! b0005) (! b0006) (! b0007) (! b0008) (! b0009) (! b0010) (! b0011) (! b0012) (! b0013) b0014 b0015 (! b0016) (! b0017) (! b0018) (! b0019) (! b0020) (! b0021) (! b0022) (! b0023) (! b0024) (! b0025) (! b0026) (! b0027) (! b0028) (! b0029) (! b0030) (! b0031) (! b0032) (! b0033) (! b0034) (! b0035) (! b0036) (! b0037) b0038 b0039 (! b0040) (! b0041) (! b0042) (! b0043) (! b0044) (! b0045) (! b0046) (! b0047) (! b0048) (! b0049) (! b0050) (! b0051) (! b0052) (! b0053) (! b0054) (! b0055) (! b0056) (! b0057) (! b0058) (! b0059) (! b0060) (! b0061) (! b0062) (! b0063) (! b0064) (! b0065) (! b0066) (! b0067) b0068 (! b0069) (! b0070) b0071 (! b0072) (! b0073) b0074 (! b0075) (! b0076) (! b0077) (! b0078) b0079 (! b0080) b0081 (! b0082) (! b0083) (! b0084) b0085 (! b0086) b0087 (! b0088) (! b0089) (! b0090) (! b0091) (! b0092) (! b0093) (! b0094) (! b0095) (! b0096) (! b0097) (! b0098) (! b0099) (! b0100) (! b0101) (! b0102) (! b0103) (! b0104) b0105 (! b0106) (! b0107) (! b0108) (! b0109) (! b0110) (! b0111) (! b0112) (! b0113) (! b0114) (! b0115) b0116 (! b0117) (! b0118) b0119 (! b0120) b0121 (! b0122) (! b0123) (! b0124) b0125 (! b0126) (! b0127) (! b0128) (! b0129) (! b0130) b0131 b0132 b0133 (! b0134) (! b0135) (! b0136) (! b0137) (! b0138) (! b0139))
Time taken = 0.115174
Removing b0074
Removing b0071
Verifying dl_filter
Houdini assignment axiom: (And true (! b0000) b0001 b0002 b0003 (! b0004) (! b0005) (! b0006) (! b0007) (! b0008) (! b0009) (! b0010) (! b0011) (! b0012) (! b0013) b0014 b0015 (! b0016) (! b0017) (! b0018) (! b0019) (! b0020) (! b0021) (! b0022) (! b0023) (! b0024) (! b0025) (! b0026) (! b0027) (! b0028) (! b0029) (! b0030) (! b0031) (! b0032) (! b0033) (! b0034) (! b0035) (! b0036) (! b0037) b0038 b0039 (! b0040) (! b0041) (! b0042) (! b0043) (! b0044) (! b0045) (! b0046) (! b0047) (! b0048) (! b0049) (! b0050) (! b0051) (! b0052) (! b0053) (! b0054) (! b0055) (! b0056) (! b0057) (! b0058) (! b0059) (! b0060) (! b0061) (! b0062) (! b0063) (! b0064) (! b0065) (! b0066) (! b0067) b0068 (! b0069) (! b0070) (! b0071) (! b0072) (! b0073) (! b0074) (! b0075) (! b0076) (! b0077) (! b0078) b0079 (! b0080) b0081 (! b0082) (! b0083) (! b0084) b0085 (! b0086) b0087 (! b0088) (! b0089) (! b0090) (! b0091) (! b0092) (! b0093) (! b0094) (! b0095) (! b0096) (! b0097) (! b0098) (! b0099) (! b0100) (! b0101) (! b0102) (! b0103) (! b0104) b0105 (! b0106) (! b0107) (! b0108) (! b0109) (! b0110) (! b0111) (! b0112) (! b0113) (! b0114) (! b0115) b0116 (! b0117) (! b0118) b0119 (! b0120) b0121 (! b0122) (! b0123) (! b0124) b0125 (! b0126) (! b0127) (! b0128) (! b0129) (! b0130) b0131 b0132 b0133 (! b0134) (! b0135) (! b0136) (! b0137) (! b0138) (! b0139))
Time taken = 0.143938
Removing b0079
Removing b0085
Removing b0087
Removing b0081
Verifying dl_filter
Houdini assignment axiom: (And true (! b0000) b0001 b0002 b0003 (! b0004) (! b0005) (! b0006) (! b0007) (! b0008) (! b0009) (! b0010) (! b0011) (! b0012) (! b0013) b0014 b0015 (! b0016) (! b0017) (! b0018) (! b0019) (! b0020) (! b0021) (! b0022) (! b0023) (! b0024) (! b0025) (! b0026) (! b0027) (! b0028) (! b0029) (! b0030) (! b0031) (! b0032) (! b0033) (! b0034) (! b0035) (! b0036) (! b0037) b0038 b0039 (! b0040) (! b0041) (! b0042) (! b0043) (! b0044) (! b0045) (! b0046) (! b0047) (! b0048) (! b0049) (! b0050) (! b0051) (! b0052) (! b0053) (! b0054) (! b0055) (! b0056) (! b0057) (! b0058) (! b0059) (! b0060) (! b0061) (! b0062) (! b0063) (! b0064) (! b0065) (! b0066) (! b0067) b0068 (! b0069) (! b0070) (! b0071) (! b0072) (! b0073) (! b0074) (! b0075) (! b0076) (! b0077) (! b0078) (! b0079) (! b0080) (! b0081) (! b0082) (! b0083) (! b0084) (! b0085) (! b0086) (! b0087) (! b0088) (! b0089) (! b0090) (! b0091) (! b0092) (! b0093) (! b0094) (! b0095) (! b0096) (! b0097) (! b0098) (! b0099) (! b0100) (! b0101) (! b0102) (! b0103) (! b0104) b0105 (! b0106) (! b0107) (! b0108) (! b0109) (! b0110) (! b0111) (! b0112) (! b0113) (! b0114) (! b0115) b0116 (! b0117) (! b0118) b0119 (! b0120) b0121 (! b0122) (! b0123) (! b0124) b0125 (! b0126) (! b0127) (! b0128) (! b0129) (! b0130) b0131 b0132 b0133 (! b0134) (! b0135) (! b0136) (! b0137) (! b0138) (! b0139))
Time taken = 0.097645
Removing b0105
Verifying dl_filter
Houdini assignment axiom: (And true (! b0000) b0001 b0002 b0003 (! b0004) (! b0005) (! b0006) (! b0007) (! b0008) (! b0009) (! b0010) (! b0011) (! b0012) (! b0013) b0014 b0015 (! b0016) (! b0017) (! b0018) (! b0019) (! b0020) (! b0021) (! b0022) (! b0023) (! b0024) (! b0025) (! b0026) (! b0027) (! b0028) (! b0029) (! b0030) (! b0031) (! b0032) (! b0033) (! b0034) (! b0035) (! b0036) (! b0037) b0038 b0039 (! b0040) (! b0041) (! b0042) (! b0043) (! b0044) (! b0045) (! b0046) (! b0047) (! b0048) (! b0049) (! b0050) (! b0051) (! b0052) (! b0053) (! b0054) (! b0055) (! b0056) (! b0057) (! b0058) (! b0059) (! b0060) (! b0061) (! b0062) (! b0063) (! b0064) (! b0065) (! b0066) (! b0067) b0068 (! b0069) (! b0070) (! b0071) (! b0072) (! b0073) (! b0074) (! b0075) (! b0076) (! b0077) (! b0078) (! b0079) (! b0080) (! b0081) (! b0082) (! b0083) (! b0084) (! b0085) (! b0086) (! b0087) (! b0088) (! b0089) (! b0090) (! b0091) (! b0092) (! b0093) (! b0094) (! b0095) (! b0096) (! b0097) (! b0098) (! b0099) (! b0100) (! b0101) (! b0102) (! b0103) (! b0104) (! b0105) (! b0106) (! b0107) (! b0108) (! b0109) (! b0110) (! b0111) (! b0112) (! b0113) (! b0114) (! b0115) b0116 (! b0117) (! b0118) b0119 (! b0120) b0121 (! b0122) (! b0123) (! b0124) b0125 (! b0126) (! b0127) (! b0128) (! b0129) (! b0130) b0131 b0132 b0133 (! b0134) (! b0135) (! b0136) (! b0137) (! b0138) (! b0139))
Time taken = 0.099612
Removing b0116
Verifying dl_filter
Houdini assignment axiom: (And true (! b0000) b0001 b0002 b0003 (! b0004) (! b0005) (! b0006) (! b0007) (! b0008) (! b0009) (! b0010) (! b0011) (! b0012) (! b0013) b0014 b0015 (! b0016) (! b0017) (! b0018) (! b0019) (! b0020) (! b0021) (! b0022) (! b0023) (! b0024) (! b0025) (! b0026) (! b0027) (! b0028) (! b0029) (! b0030) (! b0031) (! b0032) (! b0033) (! b0034) (! b0035) (! b0036) (! b0037) b0038 b0039 (! b0040) (! b0041) (! b0042) (! b0043) (! b0044) (! b0045) (! b0046) (! b0047) (! b0048) (! b0049) (! b0050) (! b0051) (! b0052) (! b0053) (! b0054) (! b0055) (! b0056) (! b0057) (! b0058) (! b0059) (! b0060) (! b0061) (! b0062) (! b0063) (! b0064) (! b0065) (! b0066) (! b0067) b0068 (! b0069) (! b0070) (! b0071) (! b0072) (! b0073) (! b0074) (! b0075) (! b0076) (! b0077) (! b0078) (! b0079) (! b0080) (! b0081) (! b0082) (! b0083) (! b0084) (! b0085) (! b0086) (! b0087) (! b0088) (! b0089) (! b0090) (! b0091) (! b0092) (! b0093) (! b0094) (! b0095) (! b0096) (! b0097) (! b0098) (! b0099) (! b0100) (! b0101) (! b0102) (! b0103) (! b0104) (! b0105) (! b0106) (! b0107) (! b0108) (! b0109) (! b0110) (! b0111) (! b0112) (! b0113) (! b0114) (! b0115) (! b0116) (! b0117) (! b0118) b0119 (! b0120) b0121 (! b0122) (! b0123) (! b0124) b0125 (! b0126) (! b0127) (! b0128) (! b0129) (! b0130) b0131 b0132 b0133 (! b0134) (! b0135) (! b0136) (! b0137) (! b0138) (! b0139))
Time taken = 0.100476
Removing b0119
Verifying dl_filter
Houdini assignment axiom: (And true (! b0000) b0001 b0002 b0003 (! b0004) (! b0005) (! b0006) (! b0007) (! b0008) (! b0009) (! b0010) (! b0011) (! b0012) (! b0013) b0014 b0015 (! b0016) (! b0017) (! b0018) (! b0019) (! b0020) (! b0021) (! b0022) (! b0023) (! b0024) (! b0025) (! b0026) (! b0027) (! b0028) (! b0029) (! b0030) (! b0031) (! b0032) (! b0033) (! b0034) (! b0035) (! b0036) (! b0037) b0038 b0039 (! b0040) (! b0041) (! b0042) (! b0043) (! b0044) (! b0045) (! b0046) (! b0047) (! b0048) (! b0049) (! b0050) (! b0051) (! b0052) (! b0053) (! b0054) (! b0055) (! b0056) (! b0057) (! b0058) (! b0059) (! b0060) (! b0061) (! b0062) (! b0063) (! b0064) (! b0065) (! b0066) (! b0067) b0068 (! b0069) (! b0070) (! b0071) (! b0072) (! b0073) (! b0074) (! b0075) (! b0076) (! b0077) (! b0078) (! b0079) (! b0080) (! b0081) (! b0082) (! b0083) (! b0084) (! b0085) (! b0086) (! b0087) (! b0088) (! b0089) (! b0090) (! b0091) (! b0092) (! b0093) (! b0094) (! b0095) (! b0096) (! b0097) (! b0098) (! b0099) (! b0100) (! b0101) (! b0102) (! b0103) (! b0104) (! b0105) (! b0106) (! b0107) (! b0108) (! b0109) (! b0110) (! b0111) (! b0112) (! b0113) (! b0114) (! b0115) (! b0116) (! b0117) (! b0118) (! b0119) (! b0120) b0121 (! b0122) (! b0123) (! b0124) b0125 (! b0126) (! b0127) (! b0128) (! b0129) (! b0130) b0131 b0132 b0133 (! b0134) (! b0135) (! b0136) (! b0137) (! b0138) (! b0139))
Time taken = 0.162758
Removing b0121
Removing b0125
Verifying dl_filter
Houdini assignment axiom: (And true (! b0000) b0001 b0002 b0003 (! b0004) (! b0005) (! b0006) (! b0007) (! b0008) (! b0009) (! b0010) (! b0011) (! b0012) (! b0013) b0014 b0015 (! b0016) (! b0017) (! b0018) (! b0019) (! b0020) (! b0021) (! b0022) (! b0023) (! b0024) (! b0025) (! b0026) (! b0027) (! b0028) (! b0029) (! b0030) (! b0031) (! b0032) (! b0033) (! b0034) (! b0035) (! b0036) (! b0037) b0038 b0039 (! b0040) (! b0041) (! b0042) (! b0043) (! b0044) (! b0045) (! b0046) (! b0047) (! b0048) (! b0049) (! b0050) (! b0051) (! b0052) (! b0053) (! b0054) (! b0055) (! b0056) (! b0057) (! b0058) (! b0059) (! b0060) (! b0061) (! b0062) (! b0063) (! b0064) (! b0065) (! b0066) (! b0067) b0068 (! b0069) (! b0070) (! b0071) (! b0072) (! b0073) (! b0074) (! b0075) (! b0076) (! b0077) (! b0078) (! b0079) (! b0080) (! b0081) (! b0082) (! b0083) (! b0084) (! b0085) (! b0086) (! b0087) (! b0088) (! b0089) (! b0090) (! b0091) (! b0092) (! b0093) (! b0094) (! b0095) (! b0096) (! b0097) (! b0098) (! b0099) (! b0100) (! b0101) (! b0102) (! b0103) (! b0104) (! b0105) (! b0106) (! b0107) (! b0108) (! b0109) (! b0110) (! b0111) (! b0112) (! b0113) (! b0114) (! b0115) (! b0116) (! b0117) (! b0118) (! b0119) (! b0120) (! b0121) (! b0122) (! b0123) (! b0124) (! b0125) (! b0126) (! b0127) (! b0128) (! b0129) (! b0130) b0131 b0132 b0133 (! b0134) (! b0135) (! b0136) (! b0137) (! b0138) (! b0139))
Time taken = 0.159447
Removing b0133
Removing b0131
Verifying dl_filter
Houdini assignment axiom: (And true (! b0000) b0001 b0002 b0003 (! b0004) (! b0005) (! b0006) (! b0007) (! b0008) (! b0009) (! b0010) (! b0011) (! b0012) (! b0013) b0014 b0015 (! b0016) (! b0017) (! b0018) (! b0019) (! b0020) (! b0021) (! b0022) (! b0023) (! b0024) (! b0025) (! b0026) (! b0027) (! b0028) (! b0029) (! b0030) (! b0031) (! b0032) (! b0033) (! b0034) (! b0035) (! b0036) (! b0037) b0038 b0039 (! b0040) (! b0041) (! b0042) (! b0043) (! b0044) (! b0045) (! b0046) (! b0047) (! b0048) (! b0049) (! b0050) (! b0051) (! b0052) (! b0053) (! b0054) (! b0055) (! b0056) (! b0057) (! b0058) (! b0059) (! b0060) (! b0061) (! b0062) (! b0063) (! b0064) (! b0065) (! b0066) (! b0067) b0068 (! b0069) (! b0070) (! b0071) (! b0072) (! b0073) (! b0074) (! b0075) (! b0076) (! b0077) (! b0078) (! b0079) (! b0080) (! b0081) (! b0082) (! b0083) (! b0084) (! b0085) (! b0086) (! b0087) (! b0088) (! b0089) (! b0090) (! b0091) (! b0092) (! b0093) (! b0094) (! b0095) (! b0096) (! b0097) (! b0098) (! b0099) (! b0100) (! b0101) (! b0102) (! b0103) (! b0104) (! b0105) (! b0106) (! b0107) (! b0108) (! b0109) (! b0110) (! b0111) (! b0112) (! b0113) (! b0114) (! b0115) (! b0116) (! b0117) (! b0118) (! b0119) (! b0120) (! b0121) (! b0122) (! b0123) (! b0124) (! b0125) (! b0126) (! b0127) (! b0128) (! b0129) (! b0130) (! b0131) b0132 (! b0133) (! b0134) (! b0135) (! b0136) (! b0137) (! b0138) (! b0139))
Time taken = 0.559844
Number of true assignments = 9
Number of false assignments = 131
Prover time = 5.26
Unsat core prover time = 0.00
Number of prover queries = 63
Number of unsat core prover queries = 0
Number of unsat core prunings = 0
verified

Boogie program verifier finished with 1 verified, 0 errors
+ rm -f houdiniCexTrace.bpl
