+++ dirname ../houdini.sh
++ cd ..
++ pwd
+ dir=/home/daejunpark/pldi17
+ prelude=Vcc3Prelude.array.bpl
+ bpl=./grass/dl/dl_reverse.bpl.anon.pred.bpl
+ opt='/typeEncoding:m /prover:SMTLib /useArrayTheory /noinfer /contractInfer'
+ opt+=' /trace'
+ opt+=' /errorLimit:100 /z3multipleErrors'
+ opt+=' /proverMemoryLimit:1024'
+ rm -f houdiniCexTrace.bpl
+ mono /home/daejunpark/pldi17/popl16ae/Boogie/Binaries/Boogie.exe /typeEncoding:m /prover:SMTLib /useArrayTheory /noinfer /contractInfer /trace /errorLimit:100 /z3multipleErrors /proverMemoryLimit:1024 Vcc3Prelude.array.bpl ./grass/dl/dl_reverse.bpl.anon.pred.bpl
[TRACE] Using prover: /home/daejunpark/pldi17/popl16ae/Boogie/Binaries/z3.exe
Boogie program verifier version 2.2.30705.1126, Copyright (c) 2003-2013, Microsoft.
Parsing Vcc3Prelude.array.bpl
Parsing ./grass/dl/dl_reverse.bpl.anon.pred.bpl
Coalescing blocks...
Collecting existential constants...
Building call graph...
Number of implementations = 1
Beginning VC generation for Houdini...
Generating VC for dl_reverse
Verifying dl_reverse
Houdini assignment axiom: (And true b0000 b0001 b0002 b0003 b0004 b0005 b0006 b0007 b0008 b0009 b0010 b0011 b0012 b0013 b0014 b0015 b0016 b0017 b0018 b0019 b0020 b0021 b0022 b0023 b0024 b0025 b0026 b0027 b0028 b0029 b0030 b0031 b0032 b0033 b0034 b0035 b0036 b0037 b0038 b0039 b0040 b0041 b0042 b0043 b0044 b0045 b0046 b0047 b0048 b0049 b0050 b0051 b0052 b0053 b0054 b0055 b0056 b0057 b0058 b0059 b0060 b0061 b0062)
Time taken = 0.062134
Removing b0039
Removing b0007
Verifying dl_reverse
Houdini assignment axiom: (And true b0000 b0001 b0002 b0003 b0004 b0005 b0006 (! b0007) b0008 b0009 b0010 b0011 b0012 b0013 b0014 b0015 b0016 b0017 b0018 b0019 b0020 b0021 b0022 b0023 b0024 b0025 b0026 b0027 b0028 b0029 b0030 b0031 b0032 b0033 b0034 b0035 b0036 b0037 b0038 (! b0039) b0040 b0041 b0042 b0043 b0044 b0045 b0046 b0047 b0048 b0049 b0050 b0051 b0052 b0053 b0054 b0055 b0056 b0057 b0058 b0059 b0060 b0061 b0062)
Time taken = 0.029031
Removing b0040
Removing b0008
Verifying dl_reverse
Houdini assignment axiom: (And true b0000 b0001 b0002 b0003 b0004 b0005 b0006 (! b0007) (! b0008) b0009 b0010 b0011 b0012 b0013 b0014 b0015 b0016 b0017 b0018 b0019 b0020 b0021 b0022 b0023 b0024 b0025 b0026 b0027 b0028 b0029 b0030 b0031 b0032 b0033 b0034 b0035 b0036 b0037 b0038 (! b0039) (! b0040) b0041 b0042 b0043 b0044 b0045 b0046 b0047 b0048 b0049 b0050 b0051 b0052 b0053 b0054 b0055 b0056 b0057 b0058 b0059 b0060 b0061 b0062)
Time taken = 0.024496
Removing b0041
Removing b0009
Verifying dl_reverse
Houdini assignment axiom: (And true b0000 b0001 b0002 b0003 b0004 b0005 b0006 (! b0007) (! b0008) (! b0009) b0010 b0011 b0012 b0013 b0014 b0015 b0016 b0017 b0018 b0019 b0020 b0021 b0022 b0023 b0024 b0025 b0026 b0027 b0028 b0029 b0030 b0031 b0032 b0033 b0034 b0035 b0036 b0037 b0038 (! b0039) (! b0040) (! b0041) b0042 b0043 b0044 b0045 b0046 b0047 b0048 b0049 b0050 b0051 b0052 b0053 b0054 b0055 b0056 b0057 b0058 b0059 b0060 b0061 b0062)
Time taken = 0.024916
Removing b0011
Verifying dl_reverse
Houdini assignment axiom: (And true b0000 b0001 b0002 b0003 b0004 b0005 b0006 (! b0007) (! b0008) (! b0009) b0010 (! b0011) b0012 b0013 b0014 b0015 b0016 b0017 b0018 b0019 b0020 b0021 b0022 b0023 b0024 b0025 b0026 b0027 b0028 b0029 b0030 b0031 b0032 b0033 b0034 b0035 b0036 b0037 b0038 (! b0039) (! b0040) (! b0041) b0042 b0043 b0044 b0045 b0046 b0047 b0048 b0049 b0050 b0051 b0052 b0053 b0054 b0055 b0056 b0057 b0058 b0059 b0060 b0061 b0062)
Time taken = 0.027293
Removing b0019
Removing b0022
Verifying dl_reverse
Houdini assignment axiom: (And true b0000 b0001 b0002 b0003 b0004 b0005 b0006 (! b0007) (! b0008) (! b0009) b0010 (! b0011) b0012 b0013 b0014 b0015 b0016 b0017 b0018 (! b0019) b0020 b0021 (! b0022) b0023 b0024 b0025 b0026 b0027 b0028 b0029 b0030 b0031 b0032 b0033 b0034 b0035 b0036 b0037 b0038 (! b0039) (! b0040) (! b0041) b0042 b0043 b0044 b0045 b0046 b0047 b0048 b0049 b0050 b0051 b0052 b0053 b0054 b0055 b0056 b0057 b0058 b0059 b0060 b0061 b0062)
Time taken = 0.025952
Removing b0020
Removing b0024
Verifying dl_reverse
Houdini assignment axiom: (And true b0000 b0001 b0002 b0003 b0004 b0005 b0006 (! b0007) (! b0008) (! b0009) b0010 (! b0011) b0012 b0013 b0014 b0015 b0016 b0017 b0018 (! b0019) (! b0020) b0021 (! b0022) b0023 (! b0024) b0025 b0026 b0027 b0028 b0029 b0030 b0031 b0032 b0033 b0034 b0035 b0036 b0037 b0038 (! b0039) (! b0040) (! b0041) b0042 b0043 b0044 b0045 b0046 b0047 b0048 b0049 b0050 b0051 b0052 b0053 b0054 b0055 b0056 b0057 b0058 b0059 b0060 b0061 b0062)
Time taken = 0.026481
Removing b0025
Removing b0027
Verifying dl_reverse
Houdini assignment axiom: (And true b0000 b0001 b0002 b0003 b0004 b0005 b0006 (! b0007) (! b0008) (! b0009) b0010 (! b0011) b0012 b0013 b0014 b0015 b0016 b0017 b0018 (! b0019) (! b0020) b0021 (! b0022) b0023 (! b0024) (! b0025) b0026 (! b0027) b0028 b0029 b0030 b0031 b0032 b0033 b0034 b0035 b0036 b0037 b0038 (! b0039) (! b0040) (! b0041) b0042 b0043 b0044 b0045 b0046 b0047 b0048 b0049 b0050 b0051 b0052 b0053 b0054 b0055 b0056 b0057 b0058 b0059 b0060 b0061 b0062)
Time taken = 0.025158
Removing b0026
Removing b0029
Verifying dl_reverse
Houdini assignment axiom: (And true b0000 b0001 b0002 b0003 b0004 b0005 b0006 (! b0007) (! b0008) (! b0009) b0010 (! b0011) b0012 b0013 b0014 b0015 b0016 b0017 b0018 (! b0019) (! b0020) b0021 (! b0022) b0023 (! b0024) (! b0025) (! b0026) (! b0027) b0028 (! b0029) b0030 b0031 b0032 b0033 b0034 b0035 b0036 b0037 b0038 (! b0039) (! b0040) (! b0041) b0042 b0043 b0044 b0045 b0046 b0047 b0048 b0049 b0050 b0051 b0052 b0053 b0054 b0055 b0056 b0057 b0058 b0059 b0060 b0061 b0062)
Time taken = 0.025489
Removing b0033
Verifying dl_reverse
Houdini assignment axiom: (And true b0000 b0001 b0002 b0003 b0004 b0005 b0006 (! b0007) (! b0008) (! b0009) b0010 (! b0011) b0012 b0013 b0014 b0015 b0016 b0017 b0018 (! b0019) (! b0020) b0021 (! b0022) b0023 (! b0024) (! b0025) (! b0026) (! b0027) b0028 (! b0029) b0030 b0031 b0032 (! b0033) b0034 b0035 b0036 b0037 b0038 (! b0039) (! b0040) (! b0041) b0042 b0043 b0044 b0045 b0046 b0047 b0048 b0049 b0050 b0051 b0052 b0053 b0054 b0055 b0056 b0057 b0058 b0059 b0060 b0061 b0062)
Time taken = 0.031984
Removing b0034
Removing b0035
Verifying dl_reverse
Houdini assignment axiom: (And true b0000 b0001 b0002 b0003 b0004 b0005 b0006 (! b0007) (! b0008) (! b0009) b0010 (! b0011) b0012 b0013 b0014 b0015 b0016 b0017 b0018 (! b0019) (! b0020) b0021 (! b0022) b0023 (! b0024) (! b0025) (! b0026) (! b0027) b0028 (! b0029) b0030 b0031 b0032 (! b0033) (! b0034) (! b0035) b0036 b0037 b0038 (! b0039) (! b0040) (! b0041) b0042 b0043 b0044 b0045 b0046 b0047 b0048 b0049 b0050 b0051 b0052 b0053 b0054 b0055 b0056 b0057 b0058 b0059 b0060 b0061 b0062)
Time taken = 0.027803
Removing b0036
Removing b0042
Verifying dl_reverse
Houdini assignment axiom: (And true b0000 b0001 b0002 b0003 b0004 b0005 b0006 (! b0007) (! b0008) (! b0009) b0010 (! b0011) b0012 b0013 b0014 b0015 b0016 b0017 b0018 (! b0019) (! b0020) b0021 (! b0022) b0023 (! b0024) (! b0025) (! b0026) (! b0027) b0028 (! b0029) b0030 b0031 b0032 (! b0033) (! b0034) (! b0035) (! b0036) b0037 b0038 (! b0039) (! b0040) (! b0041) (! b0042) b0043 b0044 b0045 b0046 b0047 b0048 b0049 b0050 b0051 b0052 b0053 b0054 b0055 b0056 b0057 b0058 b0059 b0060 b0061 b0062)
Time taken = 0.02276
Removing b0043
Verifying dl_reverse
Houdini assignment axiom: (And true b0000 b0001 b0002 b0003 b0004 b0005 b0006 (! b0007) (! b0008) (! b0009) b0010 (! b0011) b0012 b0013 b0014 b0015 b0016 b0017 b0018 (! b0019) (! b0020) b0021 (! b0022) b0023 (! b0024) (! b0025) (! b0026) (! b0027) b0028 (! b0029) b0030 b0031 b0032 (! b0033) (! b0034) (! b0035) (! b0036) b0037 b0038 (! b0039) (! b0040) (! b0041) (! b0042) (! b0043) b0044 b0045 b0046 b0047 b0048 b0049 b0050 b0051 b0052 b0053 b0054 b0055 b0056 b0057 b0058 b0059 b0060 b0061 b0062)
Time taken = 0.0227
Removing b0046
Verifying dl_reverse
Houdini assignment axiom: (And true b0000 b0001 b0002 b0003 b0004 b0005 b0006 (! b0007) (! b0008) (! b0009) b0010 (! b0011) b0012 b0013 b0014 b0015 b0016 b0017 b0018 (! b0019) (! b0020) b0021 (! b0022) b0023 (! b0024) (! b0025) (! b0026) (! b0027) b0028 (! b0029) b0030 b0031 b0032 (! b0033) (! b0034) (! b0035) (! b0036) b0037 b0038 (! b0039) (! b0040) (! b0041) (! b0042) (! b0043) b0044 b0045 (! b0046) b0047 b0048 b0049 b0050 b0051 b0052 b0053 b0054 b0055 b0056 b0057 b0058 b0059 b0060 b0061 b0062)
Time taken = 0.025745
Removing b0048
Verifying dl_reverse
Houdini assignment axiom: (And true b0000 b0001 b0002 b0003 b0004 b0005 b0006 (! b0007) (! b0008) (! b0009) b0010 (! b0011) b0012 b0013 b0014 b0015 b0016 b0017 b0018 (! b0019) (! b0020) b0021 (! b0022) b0023 (! b0024) (! b0025) (! b0026) (! b0027) b0028 (! b0029) b0030 b0031 b0032 (! b0033) (! b0034) (! b0035) (! b0036) b0037 b0038 (! b0039) (! b0040) (! b0041) (! b0042) (! b0043) b0044 b0045 (! b0046) b0047 (! b0048) b0049 b0050 b0051 b0052 b0053 b0054 b0055 b0056 b0057 b0058 b0059 b0060 b0061 b0062)
Time taken = 0.018046
Removing b0049
Verifying dl_reverse
Houdini assignment axiom: (And true b0000 b0001 b0002 b0003 b0004 b0005 b0006 (! b0007) (! b0008) (! b0009) b0010 (! b0011) b0012 b0013 b0014 b0015 b0016 b0017 b0018 (! b0019) (! b0020) b0021 (! b0022) b0023 (! b0024) (! b0025) (! b0026) (! b0027) b0028 (! b0029) b0030 b0031 b0032 (! b0033) (! b0034) (! b0035) (! b0036) b0037 b0038 (! b0039) (! b0040) (! b0041) (! b0042) (! b0043) b0044 b0045 (! b0046) b0047 (! b0048) (! b0049) b0050 b0051 b0052 b0053 b0054 b0055 b0056 b0057 b0058 b0059 b0060 b0061 b0062)
Time taken = 0.019222
Removing b0050
Verifying dl_reverse
Houdini assignment axiom: (And true b0000 b0001 b0002 b0003 b0004 b0005 b0006 (! b0007) (! b0008) (! b0009) b0010 (! b0011) b0012 b0013 b0014 b0015 b0016 b0017 b0018 (! b0019) (! b0020) b0021 (! b0022) b0023 (! b0024) (! b0025) (! b0026) (! b0027) b0028 (! b0029) b0030 b0031 b0032 (! b0033) (! b0034) (! b0035) (! b0036) b0037 b0038 (! b0039) (! b0040) (! b0041) (! b0042) (! b0043) b0044 b0045 (! b0046) b0047 (! b0048) (! b0049) (! b0050) b0051 b0052 b0053 b0054 b0055 b0056 b0057 b0058 b0059 b0060 b0061 b0062)
Time taken = 0.026045
Removing b0051
Removing b0054
Verifying dl_reverse
Houdini assignment axiom: (And true b0000 b0001 b0002 b0003 b0004 b0005 b0006 (! b0007) (! b0008) (! b0009) b0010 (! b0011) b0012 b0013 b0014 b0015 b0016 b0017 b0018 (! b0019) (! b0020) b0021 (! b0022) b0023 (! b0024) (! b0025) (! b0026) (! b0027) b0028 (! b0029) b0030 b0031 b0032 (! b0033) (! b0034) (! b0035) (! b0036) b0037 b0038 (! b0039) (! b0040) (! b0041) (! b0042) (! b0043) b0044 b0045 (! b0046) b0047 (! b0048) (! b0049) (! b0050) (! b0051) b0052 b0053 (! b0054) b0055 b0056 b0057 b0058 b0059 b0060 b0061 b0062)
Time taken = 0.034653
Removing b0052
Removing b0055
Verifying dl_reverse
Houdini assignment axiom: (And true b0000 b0001 b0002 b0003 b0004 b0005 b0006 (! b0007) (! b0008) (! b0009) b0010 (! b0011) b0012 b0013 b0014 b0015 b0016 b0017 b0018 (! b0019) (! b0020) b0021 (! b0022) b0023 (! b0024) (! b0025) (! b0026) (! b0027) b0028 (! b0029) b0030 b0031 b0032 (! b0033) (! b0034) (! b0035) (! b0036) b0037 b0038 (! b0039) (! b0040) (! b0041) (! b0042) (! b0043) b0044 b0045 (! b0046) b0047 (! b0048) (! b0049) (! b0050) (! b0051) (! b0052) b0053 (! b0054) (! b0055) b0056 b0057 b0058 b0059 b0060 b0061 b0062)
Time taken = 0.023497
Removing b0057
Verifying dl_reverse
Houdini assignment axiom: (And true b0000 b0001 b0002 b0003 b0004 b0005 b0006 (! b0007) (! b0008) (! b0009) b0010 (! b0011) b0012 b0013 b0014 b0015 b0016 b0017 b0018 (! b0019) (! b0020) b0021 (! b0022) b0023 (! b0024) (! b0025) (! b0026) (! b0027) b0028 (! b0029) b0030 b0031 b0032 (! b0033) (! b0034) (! b0035) (! b0036) b0037 b0038 (! b0039) (! b0040) (! b0041) (! b0042) (! b0043) b0044 b0045 (! b0046) b0047 (! b0048) (! b0049) (! b0050) (! b0051) (! b0052) b0053 (! b0054) (! b0055) b0056 (! b0057) b0058 b0059 b0060 b0061 b0062)
Time taken = 0.02969
Removing b0059
Removing b0058
Verifying dl_reverse
Houdini assignment axiom: (And true b0000 b0001 b0002 b0003 b0004 b0005 b0006 (! b0007) (! b0008) (! b0009) b0010 (! b0011) b0012 b0013 b0014 b0015 b0016 b0017 b0018 (! b0019) (! b0020) b0021 (! b0022) b0023 (! b0024) (! b0025) (! b0026) (! b0027) b0028 (! b0029) b0030 b0031 b0032 (! b0033) (! b0034) (! b0035) (! b0036) b0037 b0038 (! b0039) (! b0040) (! b0041) (! b0042) (! b0043) b0044 b0045 (! b0046) b0047 (! b0048) (! b0049) (! b0050) (! b0051) (! b0052) b0053 (! b0054) (! b0055) b0056 (! b0057) (! b0058) (! b0059) b0060 b0061 b0062)
Time taken = 0.052564
Removing b0005
Removing b0060
Verifying dl_reverse
Houdini assignment axiom: (And true b0000 b0001 b0002 b0003 b0004 (! b0005) b0006 (! b0007) (! b0008) (! b0009) b0010 (! b0011) b0012 b0013 b0014 b0015 b0016 b0017 b0018 (! b0019) (! b0020) b0021 (! b0022) b0023 (! b0024) (! b0025) (! b0026) (! b0027) b0028 (! b0029) b0030 b0031 b0032 (! b0033) (! b0034) (! b0035) (! b0036) b0037 b0038 (! b0039) (! b0040) (! b0041) (! b0042) (! b0043) b0044 b0045 (! b0046) b0047 (! b0048) (! b0049) (! b0050) (! b0051) (! b0052) b0053 (! b0054) (! b0055) b0056 (! b0057) (! b0058) (! b0059) (! b0060) b0061 b0062)
Time taken = 0.081549
Removing b0006
Removing b0003
Verifying dl_reverse
Houdini assignment axiom: (And true b0000 b0001 b0002 (! b0003) b0004 (! b0005) (! b0006) (! b0007) (! b0008) (! b0009) b0010 (! b0011) b0012 b0013 b0014 b0015 b0016 b0017 b0018 (! b0019) (! b0020) b0021 (! b0022) b0023 (! b0024) (! b0025) (! b0026) (! b0027) b0028 (! b0029) b0030 b0031 b0032 (! b0033) (! b0034) (! b0035) (! b0036) b0037 b0038 (! b0039) (! b0040) (! b0041) (! b0042) (! b0043) b0044 b0045 (! b0046) b0047 (! b0048) (! b0049) (! b0050) (! b0051) (! b0052) b0053 (! b0054) (! b0055) b0056 (! b0057) (! b0058) (! b0059) (! b0060) b0061 b0062)
Time taken = 0.060148
Removing b0010
Verifying dl_reverse
Houdini assignment axiom: (And true b0000 b0001 b0002 (! b0003) b0004 (! b0005) (! b0006) (! b0007) (! b0008) (! b0009) (! b0010) (! b0011) b0012 b0013 b0014 b0015 b0016 b0017 b0018 (! b0019) (! b0020) b0021 (! b0022) b0023 (! b0024) (! b0025) (! b0026) (! b0027) b0028 (! b0029) b0030 b0031 b0032 (! b0033) (! b0034) (! b0035) (! b0036) b0037 b0038 (! b0039) (! b0040) (! b0041) (! b0042) (! b0043) b0044 b0045 (! b0046) b0047 (! b0048) (! b0049) (! b0050) (! b0051) (! b0052) b0053 (! b0054) (! b0055) b0056 (! b0057) (! b0058) (! b0059) (! b0060) b0061 b0062)
Time taken = 0.059231
Removing b0013
Verifying dl_reverse
Houdini assignment axiom: (And true b0000 b0001 b0002 (! b0003) b0004 (! b0005) (! b0006) (! b0007) (! b0008) (! b0009) (! b0010) (! b0011) b0012 (! b0013) b0014 b0015 b0016 b0017 b0018 (! b0019) (! b0020) b0021 (! b0022) b0023 (! b0024) (! b0025) (! b0026) (! b0027) b0028 (! b0029) b0030 b0031 b0032 (! b0033) (! b0034) (! b0035) (! b0036) b0037 b0038 (! b0039) (! b0040) (! b0041) (! b0042) (! b0043) b0044 b0045 (! b0046) b0047 (! b0048) (! b0049) (! b0050) (! b0051) (! b0052) b0053 (! b0054) (! b0055) b0056 (! b0057) (! b0058) (! b0059) (! b0060) b0061 b0062)
Time taken = 0.097282
Removing b0017
Removing b0021
Removing b0015
Verifying dl_reverse
Houdini assignment axiom: (And true b0000 b0001 b0002 (! b0003) b0004 (! b0005) (! b0006) (! b0007) (! b0008) (! b0009) (! b0010) (! b0011) b0012 (! b0013) b0014 (! b0015) b0016 (! b0017) b0018 (! b0019) (! b0020) (! b0021) (! b0022) b0023 (! b0024) (! b0025) (! b0026) (! b0027) b0028 (! b0029) b0030 b0031 b0032 (! b0033) (! b0034) (! b0035) (! b0036) b0037 b0038 (! b0039) (! b0040) (! b0041) (! b0042) (! b0043) b0044 b0045 (! b0046) b0047 (! b0048) (! b0049) (! b0050) (! b0051) (! b0052) b0053 (! b0054) (! b0055) b0056 (! b0057) (! b0058) (! b0059) (! b0060) b0061 b0062)
Time taken = 0.082781
Removing b0018
Removing b0028
Verifying dl_reverse
Houdini assignment axiom: (And true b0000 b0001 b0002 (! b0003) b0004 (! b0005) (! b0006) (! b0007) (! b0008) (! b0009) (! b0010) (! b0011) b0012 (! b0013) b0014 (! b0015) b0016 (! b0017) (! b0018) (! b0019) (! b0020) (! b0021) (! b0022) b0023 (! b0024) (! b0025) (! b0026) (! b0027) (! b0028) (! b0029) b0030 b0031 b0032 (! b0033) (! b0034) (! b0035) (! b0036) b0037 b0038 (! b0039) (! b0040) (! b0041) (! b0042) (! b0043) b0044 b0045 (! b0046) b0047 (! b0048) (! b0049) (! b0050) (! b0051) (! b0052) b0053 (! b0054) (! b0055) b0056 (! b0057) (! b0058) (! b0059) (! b0060) b0061 b0062)
Time taken = 0.080684
Removing b0023
Removing b0031
Verifying dl_reverse
Houdini assignment axiom: (And true b0000 b0001 b0002 (! b0003) b0004 (! b0005) (! b0006) (! b0007) (! b0008) (! b0009) (! b0010) (! b0011) b0012 (! b0013) b0014 (! b0015) b0016 (! b0017) (! b0018) (! b0019) (! b0020) (! b0021) (! b0022) (! b0023) (! b0024) (! b0025) (! b0026) (! b0027) (! b0028) (! b0029) b0030 (! b0031) b0032 (! b0033) (! b0034) (! b0035) (! b0036) b0037 b0038 (! b0039) (! b0040) (! b0041) (! b0042) (! b0043) b0044 b0045 (! b0046) b0047 (! b0048) (! b0049) (! b0050) (! b0051) (! b0052) b0053 (! b0054) (! b0055) b0056 (! b0057) (! b0058) (! b0059) (! b0060) b0061 b0062)
Time taken = 0.074062
Removing b0037
Verifying dl_reverse
Houdini assignment axiom: (And true b0000 b0001 b0002 (! b0003) b0004 (! b0005) (! b0006) (! b0007) (! b0008) (! b0009) (! b0010) (! b0011) b0012 (! b0013) b0014 (! b0015) b0016 (! b0017) (! b0018) (! b0019) (! b0020) (! b0021) (! b0022) (! b0023) (! b0024) (! b0025) (! b0026) (! b0027) (! b0028) (! b0029) b0030 (! b0031) b0032 (! b0033) (! b0034) (! b0035) (! b0036) (! b0037) b0038 (! b0039) (! b0040) (! b0041) (! b0042) (! b0043) b0044 b0045 (! b0046) b0047 (! b0048) (! b0049) (! b0050) (! b0051) (! b0052) b0053 (! b0054) (! b0055) b0056 (! b0057) (! b0058) (! b0059) (! b0060) b0061 b0062)
Time taken = 0.084993
Removing b0038
Removing b0044
Verifying dl_reverse
Houdini assignment axiom: (And true b0000 b0001 b0002 (! b0003) b0004 (! b0005) (! b0006) (! b0007) (! b0008) (! b0009) (! b0010) (! b0011) b0012 (! b0013) b0014 (! b0015) b0016 (! b0017) (! b0018) (! b0019) (! b0020) (! b0021) (! b0022) (! b0023) (! b0024) (! b0025) (! b0026) (! b0027) (! b0028) (! b0029) b0030 (! b0031) b0032 (! b0033) (! b0034) (! b0035) (! b0036) (! b0037) (! b0038) (! b0039) (! b0040) (! b0041) (! b0042) (! b0043) (! b0044) b0045 (! b0046) b0047 (! b0048) (! b0049) (! b0050) (! b0051) (! b0052) b0053 (! b0054) (! b0055) b0056 (! b0057) (! b0058) (! b0059) (! b0060) b0061 b0062)
Time taken = 0.073894
Removing b0045
Verifying dl_reverse
Houdini assignment axiom: (And true b0000 b0001 b0002 (! b0003) b0004 (! b0005) (! b0006) (! b0007) (! b0008) (! b0009) (! b0010) (! b0011) b0012 (! b0013) b0014 (! b0015) b0016 (! b0017) (! b0018) (! b0019) (! b0020) (! b0021) (! b0022) (! b0023) (! b0024) (! b0025) (! b0026) (! b0027) (! b0028) (! b0029) b0030 (! b0031) b0032 (! b0033) (! b0034) (! b0035) (! b0036) (! b0037) (! b0038) (! b0039) (! b0040) (! b0041) (! b0042) (! b0043) (! b0044) (! b0045) (! b0046) b0047 (! b0048) (! b0049) (! b0050) (! b0051) (! b0052) b0053 (! b0054) (! b0055) b0056 (! b0057) (! b0058) (! b0059) (! b0060) b0061 b0062)
Time taken = 0.065492
Removing b0047
Verifying dl_reverse
Houdini assignment axiom: (And true b0000 b0001 b0002 (! b0003) b0004 (! b0005) (! b0006) (! b0007) (! b0008) (! b0009) (! b0010) (! b0011) b0012 (! b0013) b0014 (! b0015) b0016 (! b0017) (! b0018) (! b0019) (! b0020) (! b0021) (! b0022) (! b0023) (! b0024) (! b0025) (! b0026) (! b0027) (! b0028) (! b0029) b0030 (! b0031) b0032 (! b0033) (! b0034) (! b0035) (! b0036) (! b0037) (! b0038) (! b0039) (! b0040) (! b0041) (! b0042) (! b0043) (! b0044) (! b0045) (! b0046) (! b0047) (! b0048) (! b0049) (! b0050) (! b0051) (! b0052) b0053 (! b0054) (! b0055) b0056 (! b0057) (! b0058) (! b0059) (! b0060) b0061 b0062)
Time taken = 0.113263
Removing b0004
Removing b0053
Removing b0000
Verifying dl_reverse
Houdini assignment axiom: (And true (! b0000) b0001 b0002 (! b0003) (! b0004) (! b0005) (! b0006) (! b0007) (! b0008) (! b0009) (! b0010) (! b0011) b0012 (! b0013) b0014 (! b0015) b0016 (! b0017) (! b0018) (! b0019) (! b0020) (! b0021) (! b0022) (! b0023) (! b0024) (! b0025) (! b0026) (! b0027) (! b0028) (! b0029) b0030 (! b0031) b0032 (! b0033) (! b0034) (! b0035) (! b0036) (! b0037) (! b0038) (! b0039) (! b0040) (! b0041) (! b0042) (! b0043) (! b0044) (! b0045) (! b0046) (! b0047) (! b0048) (! b0049) (! b0050) (! b0051) (! b0052) (! b0053) (! b0054) (! b0055) b0056 (! b0057) (! b0058) (! b0059) (! b0060) b0061 b0062)
Time taken = 0.129627
Removing b0016
Removing b0062
Removing b0061
Verifying dl_reverse
Houdini assignment axiom: (And true (! b0000) b0001 b0002 (! b0003) (! b0004) (! b0005) (! b0006) (! b0007) (! b0008) (! b0009) (! b0010) (! b0011) b0012 (! b0013) b0014 (! b0015) (! b0016) (! b0017) (! b0018) (! b0019) (! b0020) (! b0021) (! b0022) (! b0023) (! b0024) (! b0025) (! b0026) (! b0027) (! b0028) (! b0029) b0030 (! b0031) b0032 (! b0033) (! b0034) (! b0035) (! b0036) (! b0037) (! b0038) (! b0039) (! b0040) (! b0041) (! b0042) (! b0043) (! b0044) (! b0045) (! b0046) (! b0047) (! b0048) (! b0049) (! b0050) (! b0051) (! b0052) (! b0053) (! b0054) (! b0055) b0056 (! b0057) (! b0058) (! b0059) (! b0060) (! b0061) (! b0062))
Time taken = 0.100669
Removing b0056
Verifying dl_reverse
Houdini assignment axiom: (And true (! b0000) b0001 b0002 (! b0003) (! b0004) (! b0005) (! b0006) (! b0007) (! b0008) (! b0009) (! b0010) (! b0011) b0012 (! b0013) b0014 (! b0015) (! b0016) (! b0017) (! b0018) (! b0019) (! b0020) (! b0021) (! b0022) (! b0023) (! b0024) (! b0025) (! b0026) (! b0027) (! b0028) (! b0029) b0030 (! b0031) b0032 (! b0033) (! b0034) (! b0035) (! b0036) (! b0037) (! b0038) (! b0039) (! b0040) (! b0041) (! b0042) (! b0043) (! b0044) (! b0045) (! b0046) (! b0047) (! b0048) (! b0049) (! b0050) (! b0051) (! b0052) (! b0053) (! b0054) (! b0055) (! b0056) (! b0057) (! b0058) (! b0059) (! b0060) (! b0061) (! b0062))
Time taken = 0.089637
Number of true assignments = 6
Number of false assignments = 57
Prover time = 1.80
Unsat core prover time = 0.00
Number of prover queries = 35
Number of unsat core prover queries = 0
Number of unsat core prunings = 0
verified

Boogie program verifier finished with 1 verified, 0 errors
+ rm -f houdiniCexTrace.bpl
