+++ dirname ../houdini.sh
++ cd ..
++ pwd
+ dir=/home/daejunpark/pldi17
+ prelude=Vcc3Prelude.array.bpl
+ bpl=./sorted/find_last_sorted.bpl.anon.pred.bpl
+ opt='/typeEncoding:m /prover:SMTLib /useArrayTheory /noinfer /contractInfer'
+ opt+=' /trace'
+ opt+=' /errorLimit:100 /z3multipleErrors'
+ opt+=' /proverMemoryLimit:1024'
+ rm -f houdiniCexTrace.bpl
+ mono /home/daejunpark/pldi17/popl16ae/Boogie/Binaries/Boogie.exe /typeEncoding:m /prover:SMTLib /useArrayTheory /noinfer /contractInfer /trace /errorLimit:100 /z3multipleErrors /proverMemoryLimit:1024 Vcc3Prelude.array.bpl ./sorted/find_last_sorted.bpl.anon.pred.bpl
[TRACE] Using prover: /home/daejunpark/pldi17/popl16ae/Boogie/Binaries/z3.exe
Boogie program verifier version 2.2.30705.1126, Copyright (c) 2003-2013, Microsoft.
Parsing Vcc3Prelude.array.bpl
Parsing ./sorted/find_last_sorted.bpl.anon.pred.bpl
Coalescing blocks...
Collecting existential constants...
Building call graph...
Number of implementations = 1
Beginning VC generation for Houdini...
Generating VC for find_last_sorted
Verifying find_last_sorted
Houdini assignment axiom: (And true b0000 b0001 b0002 b0003 b0004 b0005 b0006 b0007 b0008 b0009 b0010 b0011 b0012 b0013 b0014 b0015 b0016 b0017 b0018 b0019 b0020 b0021 b0022 b0023 b0024 b0025 b0026 b0027 b0028 b0029 b0030 b0031 b0032 b0033 b0034 b0035 b0036 b0037 b0038 b0039)
Time taken = 0.062839
Removing b0004
Verifying find_last_sorted
Houdini assignment axiom: (And true b0000 b0001 b0002 b0003 (! b0004) b0005 b0006 b0007 b0008 b0009 b0010 b0011 b0012 b0013 b0014 b0015 b0016 b0017 b0018 b0019 b0020 b0021 b0022 b0023 b0024 b0025 b0026 b0027 b0028 b0029 b0030 b0031 b0032 b0033 b0034 b0035 b0036 b0037 b0038 b0039)
Time taken = 0.02304
Removing b0005
Verifying find_last_sorted
Houdini assignment axiom: (And true b0000 b0001 b0002 b0003 (! b0004) (! b0005) b0006 b0007 b0008 b0009 b0010 b0011 b0012 b0013 b0014 b0015 b0016 b0017 b0018 b0019 b0020 b0021 b0022 b0023 b0024 b0025 b0026 b0027 b0028 b0029 b0030 b0031 b0032 b0033 b0034 b0035 b0036 b0037 b0038 b0039)
Time taken = 0.025657
Removing b0008
Verifying find_last_sorted
Houdini assignment axiom: (And true b0000 b0001 b0002 b0003 (! b0004) (! b0005) b0006 b0007 (! b0008) b0009 b0010 b0011 b0012 b0013 b0014 b0015 b0016 b0017 b0018 b0019 b0020 b0021 b0022 b0023 b0024 b0025 b0026 b0027 b0028 b0029 b0030 b0031 b0032 b0033 b0034 b0035 b0036 b0037 b0038 b0039)
Time taken = 0.025312
Removing b0009
Verifying find_last_sorted
Houdini assignment axiom: (And true b0000 b0001 b0002 b0003 (! b0004) (! b0005) b0006 b0007 (! b0008) (! b0009) b0010 b0011 b0012 b0013 b0014 b0015 b0016 b0017 b0018 b0019 b0020 b0021 b0022 b0023 b0024 b0025 b0026 b0027 b0028 b0029 b0030 b0031 b0032 b0033 b0034 b0035 b0036 b0037 b0038 b0039)
Time taken = 0.020757
Removing b0012
Verifying find_last_sorted
Houdini assignment axiom: (And true b0000 b0001 b0002 b0003 (! b0004) (! b0005) b0006 b0007 (! b0008) (! b0009) b0010 b0011 (! b0012) b0013 b0014 b0015 b0016 b0017 b0018 b0019 b0020 b0021 b0022 b0023 b0024 b0025 b0026 b0027 b0028 b0029 b0030 b0031 b0032 b0033 b0034 b0035 b0036 b0037 b0038 b0039)
Time taken = 0.018865
Removing b0013
Verifying find_last_sorted
Houdini assignment axiom: (And true b0000 b0001 b0002 b0003 (! b0004) (! b0005) b0006 b0007 (! b0008) (! b0009) b0010 b0011 (! b0012) (! b0013) b0014 b0015 b0016 b0017 b0018 b0019 b0020 b0021 b0022 b0023 b0024 b0025 b0026 b0027 b0028 b0029 b0030 b0031 b0032 b0033 b0034 b0035 b0036 b0037 b0038 b0039)
Time taken = 0.03012
Removing b0016
Removing b0018
Verifying find_last_sorted
Houdini assignment axiom: (And true b0000 b0001 b0002 b0003 (! b0004) (! b0005) b0006 b0007 (! b0008) (! b0009) b0010 b0011 (! b0012) (! b0013) b0014 b0015 (! b0016) b0017 (! b0018) b0019 b0020 b0021 b0022 b0023 b0024 b0025 b0026 b0027 b0028 b0029 b0030 b0031 b0032 b0033 b0034 b0035 b0036 b0037 b0038 b0039)
Time taken = 0.032343
Removing b0017
Removing b0019
Verifying find_last_sorted
Houdini assignment axiom: (And true b0000 b0001 b0002 b0003 (! b0004) (! b0005) b0006 b0007 (! b0008) (! b0009) b0010 b0011 (! b0012) (! b0013) b0014 b0015 (! b0016) (! b0017) (! b0018) (! b0019) b0020 b0021 b0022 b0023 b0024 b0025 b0026 b0027 b0028 b0029 b0030 b0031 b0032 b0033 b0034 b0035 b0036 b0037 b0038 b0039)
Time taken = 0.026067
Removing b0020
Verifying find_last_sorted
Houdini assignment axiom: (And true b0000 b0001 b0002 b0003 (! b0004) (! b0005) b0006 b0007 (! b0008) (! b0009) b0010 b0011 (! b0012) (! b0013) b0014 b0015 (! b0016) (! b0017) (! b0018) (! b0019) (! b0020) b0021 b0022 b0023 b0024 b0025 b0026 b0027 b0028 b0029 b0030 b0031 b0032 b0033 b0034 b0035 b0036 b0037 b0038 b0039)
Time taken = 0.021519
Removing b0021
Verifying find_last_sorted
Houdini assignment axiom: (And true b0000 b0001 b0002 b0003 (! b0004) (! b0005) b0006 b0007 (! b0008) (! b0009) b0010 b0011 (! b0012) (! b0013) b0014 b0015 (! b0016) (! b0017) (! b0018) (! b0019) (! b0020) (! b0021) b0022 b0023 b0024 b0025 b0026 b0027 b0028 b0029 b0030 b0031 b0032 b0033 b0034 b0035 b0036 b0037 b0038 b0039)
Time taken = 0.067632
Removing b0032
Removing b0003
Removing b0007
Verifying find_last_sorted
Houdini assignment axiom: (And true b0000 b0001 b0002 (! b0003) (! b0004) (! b0005) b0006 (! b0007) (! b0008) (! b0009) b0010 b0011 (! b0012) (! b0013) b0014 b0015 (! b0016) (! b0017) (! b0018) (! b0019) (! b0020) (! b0021) b0022 b0023 b0024 b0025 b0026 b0027 b0028 b0029 b0030 b0031 (! b0032) b0033 b0034 b0035 b0036 b0037 b0038 b0039)
Time taken = 0.053291
Removing b0033
Removing b0014
Verifying find_last_sorted
Houdini assignment axiom: (And true b0000 b0001 b0002 (! b0003) (! b0004) (! b0005) b0006 (! b0007) (! b0008) (! b0009) b0010 b0011 (! b0012) (! b0013) (! b0014) b0015 (! b0016) (! b0017) (! b0018) (! b0019) (! b0020) (! b0021) b0022 b0023 b0024 b0025 b0026 b0027 b0028 b0029 b0030 b0031 (! b0032) (! b0033) b0034 b0035 b0036 b0037 b0038 b0039)
Time taken = 0.039416
Removing b0015
Verifying find_last_sorted
Houdini assignment axiom: (And true b0000 b0001 b0002 (! b0003) (! b0004) (! b0005) b0006 (! b0007) (! b0008) (! b0009) b0010 b0011 (! b0012) (! b0013) (! b0014) (! b0015) (! b0016) (! b0017) (! b0018) (! b0019) (! b0020) (! b0021) b0022 b0023 b0024 b0025 b0026 b0027 b0028 b0029 b0030 b0031 (! b0032) (! b0033) b0034 b0035 b0036 b0037 b0038 b0039)
Time taken = 0.159295
Removing b0022
Removing b0029
Removing b0035
Verifying find_last_sorted
Houdini assignment axiom: (And true b0000 b0001 b0002 (! b0003) (! b0004) (! b0005) b0006 (! b0007) (! b0008) (! b0009) b0010 b0011 (! b0012) (! b0013) (! b0014) (! b0015) (! b0016) (! b0017) (! b0018) (! b0019) (! b0020) (! b0021) (! b0022) b0023 b0024 b0025 b0026 b0027 b0028 (! b0029) b0030 b0031 (! b0032) (! b0033) b0034 (! b0035) b0036 b0037 b0038 b0039)
Time taken = 0.138251
Removing b0023
Removing b0030
Removing b0039
Verifying find_last_sorted
Houdini assignment axiom: (And true b0000 b0001 b0002 (! b0003) (! b0004) (! b0005) b0006 (! b0007) (! b0008) (! b0009) b0010 b0011 (! b0012) (! b0013) (! b0014) (! b0015) (! b0016) (! b0017) (! b0018) (! b0019) (! b0020) (! b0021) (! b0022) (! b0023) b0024 b0025 b0026 b0027 b0028 (! b0029) (! b0030) b0031 (! b0032) (! b0033) b0034 (! b0035) b0036 b0037 b0038 (! b0039))
Time taken = 0.129555
Removing b0025
Removing b0031
Verifying find_last_sorted
Houdini assignment axiom: (And true b0000 b0001 b0002 (! b0003) (! b0004) (! b0005) b0006 (! b0007) (! b0008) (! b0009) b0010 b0011 (! b0012) (! b0013) (! b0014) (! b0015) (! b0016) (! b0017) (! b0018) (! b0019) (! b0020) (! b0021) (! b0022) (! b0023) b0024 (! b0025) b0026 b0027 b0028 (! b0029) (! b0030) (! b0031) (! b0032) (! b0033) b0034 (! b0035) b0036 b0037 b0038 (! b0039))
Time taken = 0.110722
Removing b0027
Removing b0036
Verifying find_last_sorted
Houdini assignment axiom: (And true b0000 b0001 b0002 (! b0003) (! b0004) (! b0005) b0006 (! b0007) (! b0008) (! b0009) b0010 b0011 (! b0012) (! b0013) (! b0014) (! b0015) (! b0016) (! b0017) (! b0018) (! b0019) (! b0020) (! b0021) (! b0022) (! b0023) b0024 (! b0025) b0026 (! b0027) b0028 (! b0029) (! b0030) (! b0031) (! b0032) (! b0033) b0034 (! b0035) (! b0036) b0037 b0038 (! b0039))
Time taken = 0.109374
Removing b0038
Verifying find_last_sorted
Houdini assignment axiom: (And true b0000 b0001 b0002 (! b0003) (! b0004) (! b0005) b0006 (! b0007) (! b0008) (! b0009) b0010 b0011 (! b0012) (! b0013) (! b0014) (! b0015) (! b0016) (! b0017) (! b0018) (! b0019) (! b0020) (! b0021) (! b0022) (! b0023) b0024 (! b0025) b0026 (! b0027) b0028 (! b0029) (! b0030) (! b0031) (! b0032) (! b0033) b0034 (! b0035) (! b0036) b0037 (! b0038) (! b0039))
Time taken = 0.094391
Number of true assignments = 11
Number of false assignments = 29
Prover time = 1.19
Unsat core prover time = 0.00
Number of prover queries = 19
Number of unsat core prover queries = 0
Number of unsat core prunings = 0
verified

Boogie program verifier finished with 1 verified, 0 errors
+ rm -f houdiniCexTrace.bpl
