+++ dirname ../houdini.sh
++ cd ..
++ pwd
+ dir=/home/daejunpark/pldi17
+ prelude=Vcc3Prelude.array.bpl
+ bpl=./sorted/reverse_sorted.bpl.anon.pred.bpl
+ opt='/typeEncoding:m /prover:SMTLib /useArrayTheory /noinfer /contractInfer'
+ opt+=' /trace'
+ opt+=' /errorLimit:100 /z3multipleErrors'
+ opt+=' /proverMemoryLimit:1024'
+ rm -f houdiniCexTrace.bpl
+ mono /home/daejunpark/pldi17/popl16ae/Boogie/Binaries/Boogie.exe /typeEncoding:m /prover:SMTLib /useArrayTheory /noinfer /contractInfer /trace /errorLimit:100 /z3multipleErrors /proverMemoryLimit:1024 Vcc3Prelude.array.bpl ./sorted/reverse_sorted.bpl.anon.pred.bpl
[TRACE] Using prover: /home/daejunpark/pldi17/popl16ae/Boogie/Binaries/z3.exe
Boogie program verifier version 2.2.30705.1126, Copyright (c) 2003-2013, Microsoft.
Parsing Vcc3Prelude.array.bpl
Parsing ./sorted/reverse_sorted.bpl.anon.pred.bpl
Coalescing blocks...
Collecting existential constants...
Building call graph...
Number of implementations = 1
Beginning VC generation for Houdini...
Generating VC for reverse_sorted
Verifying reverse_sorted
Houdini assignment axiom: (And true b0000 b0001 b0002 b0003 b0004 b0005 b0006 b0007 b0008 b0009 b0010 b0011 b0012 b0013 b0014 b0015 b0016 b0017 b0018 b0019 b0020 b0021 b0022 b0023 b0024 b0025 b0026 b0027 b0028 b0029 b0030 b0031 b0032 b0033 b0034 b0035 b0036 b0037 b0038 b0039 b0040 b0041 b0042 b0043 b0044 b0045 b0046 b0047 b0048 b0049 b0050 b0051 b0052 b0053 b0054 b0055 b0056 b0057 b0058 b0059 b0060 b0061 b0062 b0063 b0064 b0065 b0066 b0067 b0068 b0069 b0070 b0071 b0072 b0073 b0074 b0075 b0076 b0077 b0078 b0079 b0080 b0081 b0082 b0083 b0084 b0085 b0086 b0087 b0088 b0089 b0090 b0091 b0092 b0093 b0094 b0095 b0096 b0097 b0098 b0099 b0100 b0101)
Time taken = 0.105223
Removing b0003
Removing b0007
Verifying reverse_sorted
Houdini assignment axiom: (And true b0000 b0001 b0002 (! b0003) b0004 b0005 b0006 (! b0007) b0008 b0009 b0010 b0011 b0012 b0013 b0014 b0015 b0016 b0017 b0018 b0019 b0020 b0021 b0022 b0023 b0024 b0025 b0026 b0027 b0028 b0029 b0030 b0031 b0032 b0033 b0034 b0035 b0036 b0037 b0038 b0039 b0040 b0041 b0042 b0043 b0044 b0045 b0046 b0047 b0048 b0049 b0050 b0051 b0052 b0053 b0054 b0055 b0056 b0057 b0058 b0059 b0060 b0061 b0062 b0063 b0064 b0065 b0066 b0067 b0068 b0069 b0070 b0071 b0072 b0073 b0074 b0075 b0076 b0077 b0078 b0079 b0080 b0081 b0082 b0083 b0084 b0085 b0086 b0087 b0088 b0089 b0090 b0091 b0092 b0093 b0094 b0095 b0096 b0097 b0098 b0099 b0100 b0101)
Time taken = 0.072568
Removing b0005
Removing b0010
Verifying reverse_sorted
Houdini assignment axiom: (And true b0000 b0001 b0002 (! b0003) b0004 (! b0005) b0006 (! b0007) b0008 b0009 (! b0010) b0011 b0012 b0013 b0014 b0015 b0016 b0017 b0018 b0019 b0020 b0021 b0022 b0023 b0024 b0025 b0026 b0027 b0028 b0029 b0030 b0031 b0032 b0033 b0034 b0035 b0036 b0037 b0038 b0039 b0040 b0041 b0042 b0043 b0044 b0045 b0046 b0047 b0048 b0049 b0050 b0051 b0052 b0053 b0054 b0055 b0056 b0057 b0058 b0059 b0060 b0061 b0062 b0063 b0064 b0065 b0066 b0067 b0068 b0069 b0070 b0071 b0072 b0073 b0074 b0075 b0076 b0077 b0078 b0079 b0080 b0081 b0082 b0083 b0084 b0085 b0086 b0087 b0088 b0089 b0090 b0091 b0092 b0093 b0094 b0095 b0096 b0097 b0098 b0099 b0100 b0101)
Time taken = 0.053988
Removing b0012
Verifying reverse_sorted
Houdini assignment axiom: (And true b0000 b0001 b0002 (! b0003) b0004 (! b0005) b0006 (! b0007) b0008 b0009 (! b0010) b0011 (! b0012) b0013 b0014 b0015 b0016 b0017 b0018 b0019 b0020 b0021 b0022 b0023 b0024 b0025 b0026 b0027 b0028 b0029 b0030 b0031 b0032 b0033 b0034 b0035 b0036 b0037 b0038 b0039 b0040 b0041 b0042 b0043 b0044 b0045 b0046 b0047 b0048 b0049 b0050 b0051 b0052 b0053 b0054 b0055 b0056 b0057 b0058 b0059 b0060 b0061 b0062 b0063 b0064 b0065 b0066 b0067 b0068 b0069 b0070 b0071 b0072 b0073 b0074 b0075 b0076 b0077 b0078 b0079 b0080 b0081 b0082 b0083 b0084 b0085 b0086 b0087 b0088 b0089 b0090 b0091 b0092 b0093 b0094 b0095 b0096 b0097 b0098 b0099 b0100 b0101)
Time taken = 0.049802
Removing b0014
Verifying reverse_sorted
Houdini assignment axiom: (And true b0000 b0001 b0002 (! b0003) b0004 (! b0005) b0006 (! b0007) b0008 b0009 (! b0010) b0011 (! b0012) b0013 (! b0014) b0015 b0016 b0017 b0018 b0019 b0020 b0021 b0022 b0023 b0024 b0025 b0026 b0027 b0028 b0029 b0030 b0031 b0032 b0033 b0034 b0035 b0036 b0037 b0038 b0039 b0040 b0041 b0042 b0043 b0044 b0045 b0046 b0047 b0048 b0049 b0050 b0051 b0052 b0053 b0054 b0055 b0056 b0057 b0058 b0059 b0060 b0061 b0062 b0063 b0064 b0065 b0066 b0067 b0068 b0069 b0070 b0071 b0072 b0073 b0074 b0075 b0076 b0077 b0078 b0079 b0080 b0081 b0082 b0083 b0084 b0085 b0086 b0087 b0088 b0089 b0090 b0091 b0092 b0093 b0094 b0095 b0096 b0097 b0098 b0099 b0100 b0101)
Time taken = 0.049976
Removing b0015
Verifying reverse_sorted
Houdini assignment axiom: (And true b0000 b0001 b0002 (! b0003) b0004 (! b0005) b0006 (! b0007) b0008 b0009 (! b0010) b0011 (! b0012) b0013 (! b0014) (! b0015) b0016 b0017 b0018 b0019 b0020 b0021 b0022 b0023 b0024 b0025 b0026 b0027 b0028 b0029 b0030 b0031 b0032 b0033 b0034 b0035 b0036 b0037 b0038 b0039 b0040 b0041 b0042 b0043 b0044 b0045 b0046 b0047 b0048 b0049 b0050 b0051 b0052 b0053 b0054 b0055 b0056 b0057 b0058 b0059 b0060 b0061 b0062 b0063 b0064 b0065 b0066 b0067 b0068 b0069 b0070 b0071 b0072 b0073 b0074 b0075 b0076 b0077 b0078 b0079 b0080 b0081 b0082 b0083 b0084 b0085 b0086 b0087 b0088 b0089 b0090 b0091 b0092 b0093 b0094 b0095 b0096 b0097 b0098 b0099 b0100 b0101)
Time taken = 0.058602
Removing b0017
Verifying reverse_sorted
Houdini assignment axiom: (And true b0000 b0001 b0002 (! b0003) b0004 (! b0005) b0006 (! b0007) b0008 b0009 (! b0010) b0011 (! b0012) b0013 (! b0014) (! b0015) b0016 (! b0017) b0018 b0019 b0020 b0021 b0022 b0023 b0024 b0025 b0026 b0027 b0028 b0029 b0030 b0031 b0032 b0033 b0034 b0035 b0036 b0037 b0038 b0039 b0040 b0041 b0042 b0043 b0044 b0045 b0046 b0047 b0048 b0049 b0050 b0051 b0052 b0053 b0054 b0055 b0056 b0057 b0058 b0059 b0060 b0061 b0062 b0063 b0064 b0065 b0066 b0067 b0068 b0069 b0070 b0071 b0072 b0073 b0074 b0075 b0076 b0077 b0078 b0079 b0080 b0081 b0082 b0083 b0084 b0085 b0086 b0087 b0088 b0089 b0090 b0091 b0092 b0093 b0094 b0095 b0096 b0097 b0098 b0099 b0100 b0101)
Time taken = 0.082921
Removing b0018
Removing b0026
Verifying reverse_sorted
Houdini assignment axiom: (And true b0000 b0001 b0002 (! b0003) b0004 (! b0005) b0006 (! b0007) b0008 b0009 (! b0010) b0011 (! b0012) b0013 (! b0014) (! b0015) b0016 (! b0017) (! b0018) b0019 b0020 b0021 b0022 b0023 b0024 b0025 (! b0026) b0027 b0028 b0029 b0030 b0031 b0032 b0033 b0034 b0035 b0036 b0037 b0038 b0039 b0040 b0041 b0042 b0043 b0044 b0045 b0046 b0047 b0048 b0049 b0050 b0051 b0052 b0053 b0054 b0055 b0056 b0057 b0058 b0059 b0060 b0061 b0062 b0063 b0064 b0065 b0066 b0067 b0068 b0069 b0070 b0071 b0072 b0073 b0074 b0075 b0076 b0077 b0078 b0079 b0080 b0081 b0082 b0083 b0084 b0085 b0086 b0087 b0088 b0089 b0090 b0091 b0092 b0093 b0094 b0095 b0096 b0097 b0098 b0099 b0100 b0101)
Time taken = 0.070986
Removing b0023
Removing b0027
Verifying reverse_sorted
Houdini assignment axiom: (And true b0000 b0001 b0002 (! b0003) b0004 (! b0005) b0006 (! b0007) b0008 b0009 (! b0010) b0011 (! b0012) b0013 (! b0014) (! b0015) b0016 (! b0017) (! b0018) b0019 b0020 b0021 b0022 (! b0023) b0024 b0025 (! b0026) (! b0027) b0028 b0029 b0030 b0031 b0032 b0033 b0034 b0035 b0036 b0037 b0038 b0039 b0040 b0041 b0042 b0043 b0044 b0045 b0046 b0047 b0048 b0049 b0050 b0051 b0052 b0053 b0054 b0055 b0056 b0057 b0058 b0059 b0060 b0061 b0062 b0063 b0064 b0065 b0066 b0067 b0068 b0069 b0070 b0071 b0072 b0073 b0074 b0075 b0076 b0077 b0078 b0079 b0080 b0081 b0082 b0083 b0084 b0085 b0086 b0087 b0088 b0089 b0090 b0091 b0092 b0093 b0094 b0095 b0096 b0097 b0098 b0099 b0100 b0101)
Time taken = 0.053842
Removing b0032
Verifying reverse_sorted
Houdini assignment axiom: (And true b0000 b0001 b0002 (! b0003) b0004 (! b0005) b0006 (! b0007) b0008 b0009 (! b0010) b0011 (! b0012) b0013 (! b0014) (! b0015) b0016 (! b0017) (! b0018) b0019 b0020 b0021 b0022 (! b0023) b0024 b0025 (! b0026) (! b0027) b0028 b0029 b0030 b0031 (! b0032) b0033 b0034 b0035 b0036 b0037 b0038 b0039 b0040 b0041 b0042 b0043 b0044 b0045 b0046 b0047 b0048 b0049 b0050 b0051 b0052 b0053 b0054 b0055 b0056 b0057 b0058 b0059 b0060 b0061 b0062 b0063 b0064 b0065 b0066 b0067 b0068 b0069 b0070 b0071 b0072 b0073 b0074 b0075 b0076 b0077 b0078 b0079 b0080 b0081 b0082 b0083 b0084 b0085 b0086 b0087 b0088 b0089 b0090 b0091 b0092 b0093 b0094 b0095 b0096 b0097 b0098 b0099 b0100 b0101)
Time taken = 0.05663
Removing b0033
Verifying reverse_sorted
Houdini assignment axiom: (And true b0000 b0001 b0002 (! b0003) b0004 (! b0005) b0006 (! b0007) b0008 b0009 (! b0010) b0011 (! b0012) b0013 (! b0014) (! b0015) b0016 (! b0017) (! b0018) b0019 b0020 b0021 b0022 (! b0023) b0024 b0025 (! b0026) (! b0027) b0028 b0029 b0030 b0031 (! b0032) (! b0033) b0034 b0035 b0036 b0037 b0038 b0039 b0040 b0041 b0042 b0043 b0044 b0045 b0046 b0047 b0048 b0049 b0050 b0051 b0052 b0053 b0054 b0055 b0056 b0057 b0058 b0059 b0060 b0061 b0062 b0063 b0064 b0065 b0066 b0067 b0068 b0069 b0070 b0071 b0072 b0073 b0074 b0075 b0076 b0077 b0078 b0079 b0080 b0081 b0082 b0083 b0084 b0085 b0086 b0087 b0088 b0089 b0090 b0091 b0092 b0093 b0094 b0095 b0096 b0097 b0098 b0099 b0100 b0101)
Time taken = 0.061745
Removing b0038
Verifying reverse_sorted
Houdini assignment axiom: (And true b0000 b0001 b0002 (! b0003) b0004 (! b0005) b0006 (! b0007) b0008 b0009 (! b0010) b0011 (! b0012) b0013 (! b0014) (! b0015) b0016 (! b0017) (! b0018) b0019 b0020 b0021 b0022 (! b0023) b0024 b0025 (! b0026) (! b0027) b0028 b0029 b0030 b0031 (! b0032) (! b0033) b0034 b0035 b0036 b0037 (! b0038) b0039 b0040 b0041 b0042 b0043 b0044 b0045 b0046 b0047 b0048 b0049 b0050 b0051 b0052 b0053 b0054 b0055 b0056 b0057 b0058 b0059 b0060 b0061 b0062 b0063 b0064 b0065 b0066 b0067 b0068 b0069 b0070 b0071 b0072 b0073 b0074 b0075 b0076 b0077 b0078 b0079 b0080 b0081 b0082 b0083 b0084 b0085 b0086 b0087 b0088 b0089 b0090 b0091 b0092 b0093 b0094 b0095 b0096 b0097 b0098 b0099 b0100 b0101)
Time taken = 0.056938
Removing b0039
Verifying reverse_sorted
Houdini assignment axiom: (And true b0000 b0001 b0002 (! b0003) b0004 (! b0005) b0006 (! b0007) b0008 b0009 (! b0010) b0011 (! b0012) b0013 (! b0014) (! b0015) b0016 (! b0017) (! b0018) b0019 b0020 b0021 b0022 (! b0023) b0024 b0025 (! b0026) (! b0027) b0028 b0029 b0030 b0031 (! b0032) (! b0033) b0034 b0035 b0036 b0037 (! b0038) (! b0039) b0040 b0041 b0042 b0043 b0044 b0045 b0046 b0047 b0048 b0049 b0050 b0051 b0052 b0053 b0054 b0055 b0056 b0057 b0058 b0059 b0060 b0061 b0062 b0063 b0064 b0065 b0066 b0067 b0068 b0069 b0070 b0071 b0072 b0073 b0074 b0075 b0076 b0077 b0078 b0079 b0080 b0081 b0082 b0083 b0084 b0085 b0086 b0087 b0088 b0089 b0090 b0091 b0092 b0093 b0094 b0095 b0096 b0097 b0098 b0099 b0100 b0101)
Time taken = 0.051812
Removing b0044
Verifying reverse_sorted
Houdini assignment axiom: (And true b0000 b0001 b0002 (! b0003) b0004 (! b0005) b0006 (! b0007) b0008 b0009 (! b0010) b0011 (! b0012) b0013 (! b0014) (! b0015) b0016 (! b0017) (! b0018) b0019 b0020 b0021 b0022 (! b0023) b0024 b0025 (! b0026) (! b0027) b0028 b0029 b0030 b0031 (! b0032) (! b0033) b0034 b0035 b0036 b0037 (! b0038) (! b0039) b0040 b0041 b0042 b0043 (! b0044) b0045 b0046 b0047 b0048 b0049 b0050 b0051 b0052 b0053 b0054 b0055 b0056 b0057 b0058 b0059 b0060 b0061 b0062 b0063 b0064 b0065 b0066 b0067 b0068 b0069 b0070 b0071 b0072 b0073 b0074 b0075 b0076 b0077 b0078 b0079 b0080 b0081 b0082 b0083 b0084 b0085 b0086 b0087 b0088 b0089 b0090 b0091 b0092 b0093 b0094 b0095 b0096 b0097 b0098 b0099 b0100 b0101)
Time taken = 0.047302
Removing b0045
Verifying reverse_sorted
Houdini assignment axiom: (And true b0000 b0001 b0002 (! b0003) b0004 (! b0005) b0006 (! b0007) b0008 b0009 (! b0010) b0011 (! b0012) b0013 (! b0014) (! b0015) b0016 (! b0017) (! b0018) b0019 b0020 b0021 b0022 (! b0023) b0024 b0025 (! b0026) (! b0027) b0028 b0029 b0030 b0031 (! b0032) (! b0033) b0034 b0035 b0036 b0037 (! b0038) (! b0039) b0040 b0041 b0042 b0043 (! b0044) (! b0045) b0046 b0047 b0048 b0049 b0050 b0051 b0052 b0053 b0054 b0055 b0056 b0057 b0058 b0059 b0060 b0061 b0062 b0063 b0064 b0065 b0066 b0067 b0068 b0069 b0070 b0071 b0072 b0073 b0074 b0075 b0076 b0077 b0078 b0079 b0080 b0081 b0082 b0083 b0084 b0085 b0086 b0087 b0088 b0089 b0090 b0091 b0092 b0093 b0094 b0095 b0096 b0097 b0098 b0099 b0100 b0101)
Time taken = 0.051964
Removing b0049
Verifying reverse_sorted
Houdini assignment axiom: (And true b0000 b0001 b0002 (! b0003) b0004 (! b0005) b0006 (! b0007) b0008 b0009 (! b0010) b0011 (! b0012) b0013 (! b0014) (! b0015) b0016 (! b0017) (! b0018) b0019 b0020 b0021 b0022 (! b0023) b0024 b0025 (! b0026) (! b0027) b0028 b0029 b0030 b0031 (! b0032) (! b0033) b0034 b0035 b0036 b0037 (! b0038) (! b0039) b0040 b0041 b0042 b0043 (! b0044) (! b0045) b0046 b0047 b0048 (! b0049) b0050 b0051 b0052 b0053 b0054 b0055 b0056 b0057 b0058 b0059 b0060 b0061 b0062 b0063 b0064 b0065 b0066 b0067 b0068 b0069 b0070 b0071 b0072 b0073 b0074 b0075 b0076 b0077 b0078 b0079 b0080 b0081 b0082 b0083 b0084 b0085 b0086 b0087 b0088 b0089 b0090 b0091 b0092 b0093 b0094 b0095 b0096 b0097 b0098 b0099 b0100 b0101)
Time taken = 0.057026
Removing b0052
Verifying reverse_sorted
Houdini assignment axiom: (And true b0000 b0001 b0002 (! b0003) b0004 (! b0005) b0006 (! b0007) b0008 b0009 (! b0010) b0011 (! b0012) b0013 (! b0014) (! b0015) b0016 (! b0017) (! b0018) b0019 b0020 b0021 b0022 (! b0023) b0024 b0025 (! b0026) (! b0027) b0028 b0029 b0030 b0031 (! b0032) (! b0033) b0034 b0035 b0036 b0037 (! b0038) (! b0039) b0040 b0041 b0042 b0043 (! b0044) (! b0045) b0046 b0047 b0048 (! b0049) b0050 b0051 (! b0052) b0053 b0054 b0055 b0056 b0057 b0058 b0059 b0060 b0061 b0062 b0063 b0064 b0065 b0066 b0067 b0068 b0069 b0070 b0071 b0072 b0073 b0074 b0075 b0076 b0077 b0078 b0079 b0080 b0081 b0082 b0083 b0084 b0085 b0086 b0087 b0088 b0089 b0090 b0091 b0092 b0093 b0094 b0095 b0096 b0097 b0098 b0099 b0100 b0101)
Time taken = 1.306203
Removing b0067
Removing b0074
Removing b0006
Removing b0000
Removing b0013
Removing b0019
Removing b0020
Removing b0021
Removing b0022
Removing b0034
Removing b0066
Removing b0072
Removing b0073
Removing b0074
Removing b0075
Removing b0076
Removing b0077
Removing b0084
Verifying reverse_sorted
Houdini assignment axiom: (And true (! b0000) b0001 b0002 (! b0003) b0004 (! b0005) (! b0006) (! b0007) b0008 b0009 (! b0010) b0011 (! b0012) (! b0013) (! b0014) (! b0015) b0016 (! b0017) (! b0018) (! b0019) (! b0020) (! b0021) (! b0022) (! b0023) b0024 b0025 (! b0026) (! b0027) b0028 b0029 b0030 b0031 (! b0032) (! b0033) (! b0034) b0035 b0036 b0037 (! b0038) (! b0039) b0040 b0041 b0042 b0043 (! b0044) (! b0045) b0046 b0047 b0048 (! b0049) b0050 b0051 (! b0052) b0053 b0054 b0055 b0056 b0057 b0058 b0059 b0060 b0061 b0062 b0063 b0064 b0065 (! b0066) (! b0067) b0068 b0069 b0070 b0071 (! b0072) (! b0073) (! b0074) (! b0075) (! b0076) (! b0077) b0078 b0079 b0080 b0081 b0082 b0083 (! b0084) b0085 b0086 b0087 b0088 b0089 b0090 b0091 b0092 b0093 b0094 b0095 b0096 b0097 b0098 b0099 b0100 b0101)
Time taken = 0.900926
Removing b0070
Removing b0080
Removing b0008
Removing b0016
Removing b0035
Removing b0078
Removing b0079
Removing b0080
Removing b0081
Removing b0082
Removing b0083
Removing b0085
Removing b0094
Removing b0092
Verifying reverse_sorted
Houdini assignment axiom: (And true (! b0000) b0001 b0002 (! b0003) b0004 (! b0005) (! b0006) (! b0007) (! b0008) b0009 (! b0010) b0011 (! b0012) (! b0013) (! b0014) (! b0015) (! b0016) (! b0017) (! b0018) (! b0019) (! b0020) (! b0021) (! b0022) (! b0023) b0024 b0025 (! b0026) (! b0027) b0028 b0029 b0030 b0031 (! b0032) (! b0033) (! b0034) (! b0035) b0036 b0037 (! b0038) (! b0039) b0040 b0041 b0042 b0043 (! b0044) (! b0045) b0046 b0047 b0048 (! b0049) b0050 b0051 (! b0052) b0053 b0054 b0055 b0056 b0057 b0058 b0059 b0060 b0061 b0062 b0063 b0064 b0065 (! b0066) (! b0067) b0068 b0069 (! b0070) b0071 (! b0072) (! b0073) (! b0074) (! b0075) (! b0076) (! b0077) (! b0078) (! b0079) (! b0080) (! b0081) (! b0082) (! b0083) (! b0084) (! b0085) b0086 b0087 b0088 b0089 b0090 b0091 (! b0092) b0093 (! b0094) b0095 b0096 b0097 b0098 b0099 b0100 b0101)
Time taken = 0.84298
Removing b0093
Removing b0024
Removing b0028
Removing b0040
Removing b0090
Removing b0091
Removing b0093
Removing b0095
Removing b0098
Removing b0100
Removing b0058
Removing b0071
Verifying reverse_sorted
Houdini assignment axiom: (And true (! b0000) b0001 b0002 (! b0003) b0004 (! b0005) (! b0006) (! b0007) (! b0008) b0009 (! b0010) b0011 (! b0012) (! b0013) (! b0014) (! b0015) (! b0016) (! b0017) (! b0018) (! b0019) (! b0020) (! b0021) (! b0022) (! b0023) (! b0024) b0025 (! b0026) (! b0027) (! b0028) b0029 b0030 b0031 (! b0032) (! b0033) (! b0034) (! b0035) b0036 b0037 (! b0038) (! b0039) (! b0040) b0041 b0042 b0043 (! b0044) (! b0045) b0046 b0047 b0048 (! b0049) b0050 b0051 (! b0052) b0053 b0054 b0055 b0056 b0057 (! b0058) b0059 b0060 b0061 b0062 b0063 b0064 b0065 (! b0066) (! b0067) b0068 b0069 (! b0070) (! b0071) (! b0072) (! b0073) (! b0074) (! b0075) (! b0076) (! b0077) (! b0078) (! b0079) (! b0080) (! b0081) (! b0082) (! b0083) (! b0084) (! b0085) b0086 b0087 b0088 b0089 (! b0090) (! b0091) (! b0092) (! b0093) (! b0094) (! b0095) b0096 b0097 (! b0098) b0099 (! b0100) b0101)
Time taken = 0.604617
Removing b0099
Removing b0025
Removing b0029
Removing b0041
Removing b0096
Removing b0097
Removing b0099
Removing b0101
Removing b0059
Verifying reverse_sorted
Houdini assignment axiom: (And true (! b0000) b0001 b0002 (! b0003) b0004 (! b0005) (! b0006) (! b0007) (! b0008) b0009 (! b0010) b0011 (! b0012) (! b0013) (! b0014) (! b0015) (! b0016) (! b0017) (! b0018) (! b0019) (! b0020) (! b0021) (! b0022) (! b0023) (! b0024) (! b0025) (! b0026) (! b0027) (! b0028) (! b0029) b0030 b0031 (! b0032) (! b0033) (! b0034) (! b0035) b0036 b0037 (! b0038) (! b0039) (! b0040) (! b0041) b0042 b0043 (! b0044) (! b0045) b0046 b0047 b0048 (! b0049) b0050 b0051 (! b0052) b0053 b0054 b0055 b0056 b0057 (! b0058) (! b0059) b0060 b0061 b0062 b0063 b0064 b0065 (! b0066) (! b0067) b0068 b0069 (! b0070) (! b0071) (! b0072) (! b0073) (! b0074) (! b0075) (! b0076) (! b0077) (! b0078) (! b0079) (! b0080) (! b0081) (! b0082) (! b0083) (! b0084) (! b0085) b0086 b0087 b0088 b0089 (! b0090) (! b0091) (! b0092) (! b0093) (! b0094) (! b0095) (! b0096) (! b0097) (! b0098) (! b0099) (! b0100) (! b0101))
Time taken = 0.576269
Removing b0030
Removing b0046
Removing b0047
Removing b0061
Removing b0042
Verifying reverse_sorted
Houdini assignment axiom: (And true (! b0000) b0001 b0002 (! b0003) b0004 (! b0005) (! b0006) (! b0007) (! b0008) b0009 (! b0010) b0011 (! b0012) (! b0013) (! b0014) (! b0015) (! b0016) (! b0017) (! b0018) (! b0019) (! b0020) (! b0021) (! b0022) (! b0023) (! b0024) (! b0025) (! b0026) (! b0027) (! b0028) (! b0029) (! b0030) b0031 (! b0032) (! b0033) (! b0034) (! b0035) b0036 b0037 (! b0038) (! b0039) (! b0040) (! b0041) (! b0042) b0043 (! b0044) (! b0045) (! b0046) (! b0047) b0048 (! b0049) b0050 b0051 (! b0052) b0053 b0054 b0055 b0056 b0057 (! b0058) (! b0059) b0060 (! b0061) b0062 b0063 b0064 b0065 (! b0066) (! b0067) b0068 b0069 (! b0070) (! b0071) (! b0072) (! b0073) (! b0074) (! b0075) (! b0076) (! b0077) (! b0078) (! b0079) (! b0080) (! b0081) (! b0082) (! b0083) (! b0084) (! b0085) b0086 b0087 b0088 b0089 (! b0090) (! b0091) (! b0092) (! b0093) (! b0094) (! b0095) (! b0096) (! b0097) (! b0098) (! b0099) (! b0100) (! b0101))
Time taken = 0.496563
Removing b0031
Removing b0048
Removing b0043
Removing b0053
Removing b0063
Verifying reverse_sorted
Houdini assignment axiom: (And true (! b0000) b0001 b0002 (! b0003) b0004 (! b0005) (! b0006) (! b0007) (! b0008) b0009 (! b0010) b0011 (! b0012) (! b0013) (! b0014) (! b0015) (! b0016) (! b0017) (! b0018) (! b0019) (! b0020) (! b0021) (! b0022) (! b0023) (! b0024) (! b0025) (! b0026) (! b0027) (! b0028) (! b0029) (! b0030) (! b0031) (! b0032) (! b0033) (! b0034) (! b0035) b0036 b0037 (! b0038) (! b0039) (! b0040) (! b0041) (! b0042) (! b0043) (! b0044) (! b0045) (! b0046) (! b0047) (! b0048) (! b0049) b0050 b0051 (! b0052) (! b0053) b0054 b0055 b0056 b0057 (! b0058) (! b0059) b0060 (! b0061) b0062 (! b0063) b0064 b0065 (! b0066) (! b0067) b0068 b0069 (! b0070) (! b0071) (! b0072) (! b0073) (! b0074) (! b0075) (! b0076) (! b0077) (! b0078) (! b0079) (! b0080) (! b0081) (! b0082) (! b0083) (! b0084) (! b0085) b0086 b0087 b0088 b0089 (! b0090) (! b0091) (! b0092) (! b0093) (! b0094) (! b0095) (! b0096) (! b0097) (! b0098) (! b0099) (! b0100) (! b0101))
Time taken = 0.452116
Removing b0050
Removing b0051
Removing b0064
Verifying reverse_sorted
Houdini assignment axiom: (And true (! b0000) b0001 b0002 (! b0003) b0004 (! b0005) (! b0006) (! b0007) (! b0008) b0009 (! b0010) b0011 (! b0012) (! b0013) (! b0014) (! b0015) (! b0016) (! b0017) (! b0018) (! b0019) (! b0020) (! b0021) (! b0022) (! b0023) (! b0024) (! b0025) (! b0026) (! b0027) (! b0028) (! b0029) (! b0030) (! b0031) (! b0032) (! b0033) (! b0034) (! b0035) b0036 b0037 (! b0038) (! b0039) (! b0040) (! b0041) (! b0042) (! b0043) (! b0044) (! b0045) (! b0046) (! b0047) (! b0048) (! b0049) (! b0050) (! b0051) (! b0052) (! b0053) b0054 b0055 b0056 b0057 (! b0058) (! b0059) b0060 (! b0061) b0062 (! b0063) (! b0064) b0065 (! b0066) (! b0067) b0068 b0069 (! b0070) (! b0071) (! b0072) (! b0073) (! b0074) (! b0075) (! b0076) (! b0077) (! b0078) (! b0079) (! b0080) (! b0081) (! b0082) (! b0083) (! b0084) (! b0085) b0086 b0087 b0088 b0089 (! b0090) (! b0091) (! b0092) (! b0093) (! b0094) (! b0095) (! b0096) (! b0097) (! b0098) (! b0099) (! b0100) (! b0101))
Time taken = 0.358033
Removing b0056
Removing b0065
Verifying reverse_sorted
Houdini assignment axiom: (And true (! b0000) b0001 b0002 (! b0003) b0004 (! b0005) (! b0006) (! b0007) (! b0008) b0009 (! b0010) b0011 (! b0012) (! b0013) (! b0014) (! b0015) (! b0016) (! b0017) (! b0018) (! b0019) (! b0020) (! b0021) (! b0022) (! b0023) (! b0024) (! b0025) (! b0026) (! b0027) (! b0028) (! b0029) (! b0030) (! b0031) (! b0032) (! b0033) (! b0034) (! b0035) b0036 b0037 (! b0038) (! b0039) (! b0040) (! b0041) (! b0042) (! b0043) (! b0044) (! b0045) (! b0046) (! b0047) (! b0048) (! b0049) (! b0050) (! b0051) (! b0052) (! b0053) b0054 b0055 (! b0056) b0057 (! b0058) (! b0059) b0060 (! b0061) b0062 (! b0063) (! b0064) (! b0065) (! b0066) (! b0067) b0068 b0069 (! b0070) (! b0071) (! b0072) (! b0073) (! b0074) (! b0075) (! b0076) (! b0077) (! b0078) (! b0079) (! b0080) (! b0081) (! b0082) (! b0083) (! b0084) (! b0085) b0086 b0087 b0088 b0089 (! b0090) (! b0091) (! b0092) (! b0093) (! b0094) (! b0095) (! b0096) (! b0097) (! b0098) (! b0099) (! b0100) (! b0101))
Time taken = 0.384902
Removing b0060
Removing b0087
Verifying reverse_sorted
Houdini assignment axiom: (And true (! b0000) b0001 b0002 (! b0003) b0004 (! b0005) (! b0006) (! b0007) (! b0008) b0009 (! b0010) b0011 (! b0012) (! b0013) (! b0014) (! b0015) (! b0016) (! b0017) (! b0018) (! b0019) (! b0020) (! b0021) (! b0022) (! b0023) (! b0024) (! b0025) (! b0026) (! b0027) (! b0028) (! b0029) (! b0030) (! b0031) (! b0032) (! b0033) (! b0034) (! b0035) b0036 b0037 (! b0038) (! b0039) (! b0040) (! b0041) (! b0042) (! b0043) (! b0044) (! b0045) (! b0046) (! b0047) (! b0048) (! b0049) (! b0050) (! b0051) (! b0052) (! b0053) b0054 b0055 (! b0056) b0057 (! b0058) (! b0059) (! b0060) (! b0061) b0062 (! b0063) (! b0064) (! b0065) (! b0066) (! b0067) b0068 b0069 (! b0070) (! b0071) (! b0072) (! b0073) (! b0074) (! b0075) (! b0076) (! b0077) (! b0078) (! b0079) (! b0080) (! b0081) (! b0082) (! b0083) (! b0084) (! b0085) b0086 (! b0087) b0088 b0089 (! b0090) (! b0091) (! b0092) (! b0093) (! b0094) (! b0095) (! b0096) (! b0097) (! b0098) (! b0099) (! b0100) (! b0101))
Time taken = 0.404431
Removing b0062
Removing b0001
Verifying reverse_sorted
Houdini assignment axiom: (And true (! b0000) (! b0001) b0002 (! b0003) b0004 (! b0005) (! b0006) (! b0007) (! b0008) b0009 (! b0010) b0011 (! b0012) (! b0013) (! b0014) (! b0015) (! b0016) (! b0017) (! b0018) (! b0019) (! b0020) (! b0021) (! b0022) (! b0023) (! b0024) (! b0025) (! b0026) (! b0027) (! b0028) (! b0029) (! b0030) (! b0031) (! b0032) (! b0033) (! b0034) (! b0035) b0036 b0037 (! b0038) (! b0039) (! b0040) (! b0041) (! b0042) (! b0043) (! b0044) (! b0045) (! b0046) (! b0047) (! b0048) (! b0049) (! b0050) (! b0051) (! b0052) (! b0053) b0054 b0055 (! b0056) b0057 (! b0058) (! b0059) (! b0060) (! b0061) (! b0062) (! b0063) (! b0064) (! b0065) (! b0066) (! b0067) b0068 b0069 (! b0070) (! b0071) (! b0072) (! b0073) (! b0074) (! b0075) (! b0076) (! b0077) (! b0078) (! b0079) (! b0080) (! b0081) (! b0082) (! b0083) (! b0084) (! b0085) b0086 (! b0087) b0088 b0089 (! b0090) (! b0091) (! b0092) (! b0093) (! b0094) (! b0095) (! b0096) (! b0097) (! b0098) (! b0099) (! b0100) (! b0101))
Time taken = 0.365687
Removing b0068
Verifying reverse_sorted
Houdini assignment axiom: (And true (! b0000) (! b0001) b0002 (! b0003) b0004 (! b0005) (! b0006) (! b0007) (! b0008) b0009 (! b0010) b0011 (! b0012) (! b0013) (! b0014) (! b0015) (! b0016) (! b0017) (! b0018) (! b0019) (! b0020) (! b0021) (! b0022) (! b0023) (! b0024) (! b0025) (! b0026) (! b0027) (! b0028) (! b0029) (! b0030) (! b0031) (! b0032) (! b0033) (! b0034) (! b0035) b0036 b0037 (! b0038) (! b0039) (! b0040) (! b0041) (! b0042) (! b0043) (! b0044) (! b0045) (! b0046) (! b0047) (! b0048) (! b0049) (! b0050) (! b0051) (! b0052) (! b0053) b0054 b0055 (! b0056) b0057 (! b0058) (! b0059) (! b0060) (! b0061) (! b0062) (! b0063) (! b0064) (! b0065) (! b0066) (! b0067) (! b0068) b0069 (! b0070) (! b0071) (! b0072) (! b0073) (! b0074) (! b0075) (! b0076) (! b0077) (! b0078) (! b0079) (! b0080) (! b0081) (! b0082) (! b0083) (! b0084) (! b0085) b0086 (! b0087) b0088 b0089 (! b0090) (! b0091) (! b0092) (! b0093) (! b0094) (! b0095) (! b0096) (! b0097) (! b0098) (! b0099) (! b0100) (! b0101))
Time taken = 0.416247
Number of true assignments = 13
Number of false assignments = 89
Prover time = 8.09
Unsat core prover time = 0.00
Number of prover queries = 28
Number of unsat core prover queries = 0
Number of unsat core prunings = 0
verified

Boogie program verifier finished with 1 verified, 0 errors
+ rm -f houdiniCexTrace.bpl
