+++ dirname ../houdini.sh
++ cd ..
++ pwd
+ dir=/home/daejunpark/pldi17
+ prelude=Vcc3Prelude.array.bpl
+ bpl=./sorted/sorted_insert_iter.bpl.anon.pred.bpl
+ opt='/typeEncoding:m /prover:SMTLib /useArrayTheory /noinfer /contractInfer'
+ opt+=' /trace'
+ opt+=' /errorLimit:100 /z3multipleErrors'
+ opt+=' /proverMemoryLimit:1024'
+ rm -f houdiniCexTrace.bpl
+ mono /home/daejunpark/pldi17/popl16ae/Boogie/Binaries/Boogie.exe /typeEncoding:m /prover:SMTLib /useArrayTheory /noinfer /contractInfer /trace /errorLimit:100 /z3multipleErrors /proverMemoryLimit:1024 Vcc3Prelude.array.bpl ./sorted/sorted_insert_iter.bpl.anon.pred.bpl
[TRACE] Using prover: /home/daejunpark/pldi17/popl16ae/Boogie/Binaries/z3.exe
Boogie program verifier version 2.2.30705.1126, Copyright (c) 2003-2013, Microsoft.
Parsing Vcc3Prelude.array.bpl
Parsing ./sorted/sorted_insert_iter.bpl.anon.pred.bpl
Coalescing blocks...
Collecting existential constants...
Building call graph...
Number of implementations = 1
Beginning VC generation for Houdini...
Generating VC for sorted_insert_iter
Verifying sorted_insert_iter
Houdini assignment axiom: (And true b0000 b0001 b0002 b0003 b0004 b0005 b0006 b0007 b0008 b0009 b0010 b0011 b0012 b0013 b0014 b0015 b0016 b0017 b0018 b0019 b0020 b0021 b0022 b0023 b0024 b0025 b0026 b0027 b0028 b0029 b0030 b0031 b0032 b0033 b0034 b0035 b0036 b0037 b0038 b0039 b0040 b0041 b0042 b0043 b0044 b0045 b0046 b0047 b0048 b0049 b0050 b0051 b0052 b0053 b0054 b0055 b0056 b0057 b0058 b0059 b0060 b0061 b0062 b0063 b0064 b0065 b0066 b0067 b0068 b0069 b0070 b0071 b0072 b0073 b0074 b0075 b0076 b0077 b0078 b0079 b0080 b0081 b0082 b0083 b0084 b0085 b0086 b0087 b0088 b0089 b0090 b0091 b0092 b0093 b0094 b0095 b0096 b0097 b0098 b0099 b0100 b0101 b0102 b0103 b0104 b0105 b0106 b0107 b0108 b0109 b0110 b0111 b0112 b0113 b0114 b0115 b0116 b0117 b0118 b0119 b0120 b0121 b0122 b0123 b0124 b0125 b0126 b0127 b0128 b0129 b0130 b0131 b0132 b0133 b0134 b0135 b0136 b0137 b0138 b0139 b0140 b0141 b0142 b0143 b0144 b0145 b0146 b0147 b0148 b0149 b0150 b0151 b0152 b0153 b0154 b0155 b0156 b0157 b0158 b0159 b0160 b0161 b0162 b0163 b0164 b0165 b0166 b0167 b0168 b0169 b0170 b0171 b0172 b0173 b0174 b0175 b0176 b0177 b0178 b0179 b0180 b0181 b0182 b0183 b0184 b0185 b0186 b0187 b0188 b0189 b0190 b0191 b0192 b0193 b0194 b0195 b0196 b0197 b0198 b0199 b0200)
Time taken = 0.400119
Removing b0007
Removing b0009
Verifying sorted_insert_iter
Houdini assignment axiom: (And true b0000 b0001 b0002 b0003 b0004 b0005 b0006 (! b0007) b0008 (! b0009) b0010 b0011 b0012 b0013 b0014 b0015 b0016 b0017 b0018 b0019 b0020 b0021 b0022 b0023 b0024 b0025 b0026 b0027 b0028 b0029 b0030 b0031 b0032 b0033 b0034 b0035 b0036 b0037 b0038 b0039 b0040 b0041 b0042 b0043 b0044 b0045 b0046 b0047 b0048 b0049 b0050 b0051 b0052 b0053 b0054 b0055 b0056 b0057 b0058 b0059 b0060 b0061 b0062 b0063 b0064 b0065 b0066 b0067 b0068 b0069 b0070 b0071 b0072 b0073 b0074 b0075 b0076 b0077 b0078 b0079 b0080 b0081 b0082 b0083 b0084 b0085 b0086 b0087 b0088 b0089 b0090 b0091 b0092 b0093 b0094 b0095 b0096 b0097 b0098 b0099 b0100 b0101 b0102 b0103 b0104 b0105 b0106 b0107 b0108 b0109 b0110 b0111 b0112 b0113 b0114 b0115 b0116 b0117 b0118 b0119 b0120 b0121 b0122 b0123 b0124 b0125 b0126 b0127 b0128 b0129 b0130 b0131 b0132 b0133 b0134 b0135 b0136 b0137 b0138 b0139 b0140 b0141 b0142 b0143 b0144 b0145 b0146 b0147 b0148 b0149 b0150 b0151 b0152 b0153 b0154 b0155 b0156 b0157 b0158 b0159 b0160 b0161 b0162 b0163 b0164 b0165 b0166 b0167 b0168 b0169 b0170 b0171 b0172 b0173 b0174 b0175 b0176 b0177 b0178 b0179 b0180 b0181 b0182 b0183 b0184 b0185 b0186 b0187 b0188 b0189 b0190 b0191 b0192 b0193 b0194 b0195 b0196 b0197 b0198 b0199 b0200)
Time taken = 0.438038
Removing b0008
Removing b0010
Removing b0011
Verifying sorted_insert_iter
Houdini assignment axiom: (And true b0000 b0001 b0002 b0003 b0004 b0005 b0006 (! b0007) (! b0008) (! b0009) (! b0010) (! b0011) b0012 b0013 b0014 b0015 b0016 b0017 b0018 b0019 b0020 b0021 b0022 b0023 b0024 b0025 b0026 b0027 b0028 b0029 b0030 b0031 b0032 b0033 b0034 b0035 b0036 b0037 b0038 b0039 b0040 b0041 b0042 b0043 b0044 b0045 b0046 b0047 b0048 b0049 b0050 b0051 b0052 b0053 b0054 b0055 b0056 b0057 b0058 b0059 b0060 b0061 b0062 b0063 b0064 b0065 b0066 b0067 b0068 b0069 b0070 b0071 b0072 b0073 b0074 b0075 b0076 b0077 b0078 b0079 b0080 b0081 b0082 b0083 b0084 b0085 b0086 b0087 b0088 b0089 b0090 b0091 b0092 b0093 b0094 b0095 b0096 b0097 b0098 b0099 b0100 b0101 b0102 b0103 b0104 b0105 b0106 b0107 b0108 b0109 b0110 b0111 b0112 b0113 b0114 b0115 b0116 b0117 b0118 b0119 b0120 b0121 b0122 b0123 b0124 b0125 b0126 b0127 b0128 b0129 b0130 b0131 b0132 b0133 b0134 b0135 b0136 b0137 b0138 b0139 b0140 b0141 b0142 b0143 b0144 b0145 b0146 b0147 b0148 b0149 b0150 b0151 b0152 b0153 b0154 b0155 b0156 b0157 b0158 b0159 b0160 b0161 b0162 b0163 b0164 b0165 b0166 b0167 b0168 b0169 b0170 b0171 b0172 b0173 b0174 b0175 b0176 b0177 b0178 b0179 b0180 b0181 b0182 b0183 b0184 b0185 b0186 b0187 b0188 b0189 b0190 b0191 b0192 b0193 b0194 b0195 b0196 b0197 b0198 b0199 b0200)
Time taken = 0.403046
Removing b0019
Removing b0012
Removing b0022
Verifying sorted_insert_iter
Houdini assignment axiom: (And true b0000 b0001 b0002 b0003 b0004 b0005 b0006 (! b0007) (! b0008) (! b0009) (! b0010) (! b0011) (! b0012) b0013 b0014 b0015 b0016 b0017 b0018 (! b0019) b0020 b0021 (! b0022) b0023 b0024 b0025 b0026 b0027 b0028 b0029 b0030 b0031 b0032 b0033 b0034 b0035 b0036 b0037 b0038 b0039 b0040 b0041 b0042 b0043 b0044 b0045 b0046 b0047 b0048 b0049 b0050 b0051 b0052 b0053 b0054 b0055 b0056 b0057 b0058 b0059 b0060 b0061 b0062 b0063 b0064 b0065 b0066 b0067 b0068 b0069 b0070 b0071 b0072 b0073 b0074 b0075 b0076 b0077 b0078 b0079 b0080 b0081 b0082 b0083 b0084 b0085 b0086 b0087 b0088 b0089 b0090 b0091 b0092 b0093 b0094 b0095 b0096 b0097 b0098 b0099 b0100 b0101 b0102 b0103 b0104 b0105 b0106 b0107 b0108 b0109 b0110 b0111 b0112 b0113 b0114 b0115 b0116 b0117 b0118 b0119 b0120 b0121 b0122 b0123 b0124 b0125 b0126 b0127 b0128 b0129 b0130 b0131 b0132 b0133 b0134 b0135 b0136 b0137 b0138 b0139 b0140 b0141 b0142 b0143 b0144 b0145 b0146 b0147 b0148 b0149 b0150 b0151 b0152 b0153 b0154 b0155 b0156 b0157 b0158 b0159 b0160 b0161 b0162 b0163 b0164 b0165 b0166 b0167 b0168 b0169 b0170 b0171 b0172 b0173 b0174 b0175 b0176 b0177 b0178 b0179 b0180 b0181 b0182 b0183 b0184 b0185 b0186 b0187 b0188 b0189 b0190 b0191 b0192 b0193 b0194 b0195 b0196 b0197 b0198 b0199 b0200)
Time taken = 0.398298
Removing b0020
Removing b0013
Removing b0024
Verifying sorted_insert_iter
Houdini assignment axiom: (And true b0000 b0001 b0002 b0003 b0004 b0005 b0006 (! b0007) (! b0008) (! b0009) (! b0010) (! b0011) (! b0012) (! b0013) b0014 b0015 b0016 b0017 b0018 (! b0019) (! b0020) b0021 (! b0022) b0023 (! b0024) b0025 b0026 b0027 b0028 b0029 b0030 b0031 b0032 b0033 b0034 b0035 b0036 b0037 b0038 b0039 b0040 b0041 b0042 b0043 b0044 b0045 b0046 b0047 b0048 b0049 b0050 b0051 b0052 b0053 b0054 b0055 b0056 b0057 b0058 b0059 b0060 b0061 b0062 b0063 b0064 b0065 b0066 b0067 b0068 b0069 b0070 b0071 b0072 b0073 b0074 b0075 b0076 b0077 b0078 b0079 b0080 b0081 b0082 b0083 b0084 b0085 b0086 b0087 b0088 b0089 b0090 b0091 b0092 b0093 b0094 b0095 b0096 b0097 b0098 b0099 b0100 b0101 b0102 b0103 b0104 b0105 b0106 b0107 b0108 b0109 b0110 b0111 b0112 b0113 b0114 b0115 b0116 b0117 b0118 b0119 b0120 b0121 b0122 b0123 b0124 b0125 b0126 b0127 b0128 b0129 b0130 b0131 b0132 b0133 b0134 b0135 b0136 b0137 b0138 b0139 b0140 b0141 b0142 b0143 b0144 b0145 b0146 b0147 b0148 b0149 b0150 b0151 b0152 b0153 b0154 b0155 b0156 b0157 b0158 b0159 b0160 b0161 b0162 b0163 b0164 b0165 b0166 b0167 b0168 b0169 b0170 b0171 b0172 b0173 b0174 b0175 b0176 b0177 b0178 b0179 b0180 b0181 b0182 b0183 b0184 b0185 b0186 b0187 b0188 b0189 b0190 b0191 b0192 b0193 b0194 b0195 b0196 b0197 b0198 b0199 b0200)
Time taken = 0.382284
Removing b0025
Removing b0014
Removing b0027
Verifying sorted_insert_iter
Houdini assignment axiom: (And true b0000 b0001 b0002 b0003 b0004 b0005 b0006 (! b0007) (! b0008) (! b0009) (! b0010) (! b0011) (! b0012) (! b0013) (! b0014) b0015 b0016 b0017 b0018 (! b0019) (! b0020) b0021 (! b0022) b0023 (! b0024) (! b0025) b0026 (! b0027) b0028 b0029 b0030 b0031 b0032 b0033 b0034 b0035 b0036 b0037 b0038 b0039 b0040 b0041 b0042 b0043 b0044 b0045 b0046 b0047 b0048 b0049 b0050 b0051 b0052 b0053 b0054 b0055 b0056 b0057 b0058 b0059 b0060 b0061 b0062 b0063 b0064 b0065 b0066 b0067 b0068 b0069 b0070 b0071 b0072 b0073 b0074 b0075 b0076 b0077 b0078 b0079 b0080 b0081 b0082 b0083 b0084 b0085 b0086 b0087 b0088 b0089 b0090 b0091 b0092 b0093 b0094 b0095 b0096 b0097 b0098 b0099 b0100 b0101 b0102 b0103 b0104 b0105 b0106 b0107 b0108 b0109 b0110 b0111 b0112 b0113 b0114 b0115 b0116 b0117 b0118 b0119 b0120 b0121 b0122 b0123 b0124 b0125 b0126 b0127 b0128 b0129 b0130 b0131 b0132 b0133 b0134 b0135 b0136 b0137 b0138 b0139 b0140 b0141 b0142 b0143 b0144 b0145 b0146 b0147 b0148 b0149 b0150 b0151 b0152 b0153 b0154 b0155 b0156 b0157 b0158 b0159 b0160 b0161 b0162 b0163 b0164 b0165 b0166 b0167 b0168 b0169 b0170 b0171 b0172 b0173 b0174 b0175 b0176 b0177 b0178 b0179 b0180 b0181 b0182 b0183 b0184 b0185 b0186 b0187 b0188 b0189 b0190 b0191 b0192 b0193 b0194 b0195 b0196 b0197 b0198 b0199 b0200)
Time taken = 0.332174
Removing b0026
Removing b0029
Verifying sorted_insert_iter
Houdini assignment axiom: (And true b0000 b0001 b0002 b0003 b0004 b0005 b0006 (! b0007) (! b0008) (! b0009) (! b0010) (! b0011) (! b0012) (! b0013) (! b0014) b0015 b0016 b0017 b0018 (! b0019) (! b0020) b0021 (! b0022) b0023 (! b0024) (! b0025) (! b0026) (! b0027) b0028 (! b0029) b0030 b0031 b0032 b0033 b0034 b0035 b0036 b0037 b0038 b0039 b0040 b0041 b0042 b0043 b0044 b0045 b0046 b0047 b0048 b0049 b0050 b0051 b0052 b0053 b0054 b0055 b0056 b0057 b0058 b0059 b0060 b0061 b0062 b0063 b0064 b0065 b0066 b0067 b0068 b0069 b0070 b0071 b0072 b0073 b0074 b0075 b0076 b0077 b0078 b0079 b0080 b0081 b0082 b0083 b0084 b0085 b0086 b0087 b0088 b0089 b0090 b0091 b0092 b0093 b0094 b0095 b0096 b0097 b0098 b0099 b0100 b0101 b0102 b0103 b0104 b0105 b0106 b0107 b0108 b0109 b0110 b0111 b0112 b0113 b0114 b0115 b0116 b0117 b0118 b0119 b0120 b0121 b0122 b0123 b0124 b0125 b0126 b0127 b0128 b0129 b0130 b0131 b0132 b0133 b0134 b0135 b0136 b0137 b0138 b0139 b0140 b0141 b0142 b0143 b0144 b0145 b0146 b0147 b0148 b0149 b0150 b0151 b0152 b0153 b0154 b0155 b0156 b0157 b0158 b0159 b0160 b0161 b0162 b0163 b0164 b0165 b0166 b0167 b0168 b0169 b0170 b0171 b0172 b0173 b0174 b0175 b0176 b0177 b0178 b0179 b0180 b0181 b0182 b0183 b0184 b0185 b0186 b0187 b0188 b0189 b0190 b0191 b0192 b0193 b0194 b0195 b0196 b0197 b0198 b0199 b0200)
Time taken = 0.419047
Removing b0033
Removing b0031
Verifying sorted_insert_iter
Houdini assignment axiom: (And true b0000 b0001 b0002 b0003 b0004 b0005 b0006 (! b0007) (! b0008) (! b0009) (! b0010) (! b0011) (! b0012) (! b0013) (! b0014) b0015 b0016 b0017 b0018 (! b0019) (! b0020) b0021 (! b0022) b0023 (! b0024) (! b0025) (! b0026) (! b0027) b0028 (! b0029) b0030 (! b0031) b0032 (! b0033) b0034 b0035 b0036 b0037 b0038 b0039 b0040 b0041 b0042 b0043 b0044 b0045 b0046 b0047 b0048 b0049 b0050 b0051 b0052 b0053 b0054 b0055 b0056 b0057 b0058 b0059 b0060 b0061 b0062 b0063 b0064 b0065 b0066 b0067 b0068 b0069 b0070 b0071 b0072 b0073 b0074 b0075 b0076 b0077 b0078 b0079 b0080 b0081 b0082 b0083 b0084 b0085 b0086 b0087 b0088 b0089 b0090 b0091 b0092 b0093 b0094 b0095 b0096 b0097 b0098 b0099 b0100 b0101 b0102 b0103 b0104 b0105 b0106 b0107 b0108 b0109 b0110 b0111 b0112 b0113 b0114 b0115 b0116 b0117 b0118 b0119 b0120 b0121 b0122 b0123 b0124 b0125 b0126 b0127 b0128 b0129 b0130 b0131 b0132 b0133 b0134 b0135 b0136 b0137 b0138 b0139 b0140 b0141 b0142 b0143 b0144 b0145 b0146 b0147 b0148 b0149 b0150 b0151 b0152 b0153 b0154 b0155 b0156 b0157 b0158 b0159 b0160 b0161 b0162 b0163 b0164 b0165 b0166 b0167 b0168 b0169 b0170 b0171 b0172 b0173 b0174 b0175 b0176 b0177 b0178 b0179 b0180 b0181 b0182 b0183 b0184 b0185 b0186 b0187 b0188 b0189 b0190 b0191 b0192 b0193 b0194 b0195 b0196 b0197 b0198 b0199 b0200)
Time taken = 0.408471
Removing b0034
Removing b0032
Removing b0035
Verifying sorted_insert_iter
Houdini assignment axiom: (And true b0000 b0001 b0002 b0003 b0004 b0005 b0006 (! b0007) (! b0008) (! b0009) (! b0010) (! b0011) (! b0012) (! b0013) (! b0014) b0015 b0016 b0017 b0018 (! b0019) (! b0020) b0021 (! b0022) b0023 (! b0024) (! b0025) (! b0026) (! b0027) b0028 (! b0029) b0030 (! b0031) (! b0032) (! b0033) (! b0034) (! b0035) b0036 b0037 b0038 b0039 b0040 b0041 b0042 b0043 b0044 b0045 b0046 b0047 b0048 b0049 b0050 b0051 b0052 b0053 b0054 b0055 b0056 b0057 b0058 b0059 b0060 b0061 b0062 b0063 b0064 b0065 b0066 b0067 b0068 b0069 b0070 b0071 b0072 b0073 b0074 b0075 b0076 b0077 b0078 b0079 b0080 b0081 b0082 b0083 b0084 b0085 b0086 b0087 b0088 b0089 b0090 b0091 b0092 b0093 b0094 b0095 b0096 b0097 b0098 b0099 b0100 b0101 b0102 b0103 b0104 b0105 b0106 b0107 b0108 b0109 b0110 b0111 b0112 b0113 b0114 b0115 b0116 b0117 b0118 b0119 b0120 b0121 b0122 b0123 b0124 b0125 b0126 b0127 b0128 b0129 b0130 b0131 b0132 b0133 b0134 b0135 b0136 b0137 b0138 b0139 b0140 b0141 b0142 b0143 b0144 b0145 b0146 b0147 b0148 b0149 b0150 b0151 b0152 b0153 b0154 b0155 b0156 b0157 b0158 b0159 b0160 b0161 b0162 b0163 b0164 b0165 b0166 b0167 b0168 b0169 b0170 b0171 b0172 b0173 b0174 b0175 b0176 b0177 b0178 b0179 b0180 b0181 b0182 b0183 b0184 b0185 b0186 b0187 b0188 b0189 b0190 b0191 b0192 b0193 b0194 b0195 b0196 b0197 b0198 b0199 b0200)
Time taken = 0.421601
Removing b0036
Removing b0042
Removing b0041
Verifying sorted_insert_iter
Houdini assignment axiom: (And true b0000 b0001 b0002 b0003 b0004 b0005 b0006 (! b0007) (! b0008) (! b0009) (! b0010) (! b0011) (! b0012) (! b0013) (! b0014) b0015 b0016 b0017 b0018 (! b0019) (! b0020) b0021 (! b0022) b0023 (! b0024) (! b0025) (! b0026) (! b0027) b0028 (! b0029) b0030 (! b0031) (! b0032) (! b0033) (! b0034) (! b0035) (! b0036) b0037 b0038 b0039 b0040 (! b0041) (! b0042) b0043 b0044 b0045 b0046 b0047 b0048 b0049 b0050 b0051 b0052 b0053 b0054 b0055 b0056 b0057 b0058 b0059 b0060 b0061 b0062 b0063 b0064 b0065 b0066 b0067 b0068 b0069 b0070 b0071 b0072 b0073 b0074 b0075 b0076 b0077 b0078 b0079 b0080 b0081 b0082 b0083 b0084 b0085 b0086 b0087 b0088 b0089 b0090 b0091 b0092 b0093 b0094 b0095 b0096 b0097 b0098 b0099 b0100 b0101 b0102 b0103 b0104 b0105 b0106 b0107 b0108 b0109 b0110 b0111 b0112 b0113 b0114 b0115 b0116 b0117 b0118 b0119 b0120 b0121 b0122 b0123 b0124 b0125 b0126 b0127 b0128 b0129 b0130 b0131 b0132 b0133 b0134 b0135 b0136 b0137 b0138 b0139 b0140 b0141 b0142 b0143 b0144 b0145 b0146 b0147 b0148 b0149 b0150 b0151 b0152 b0153 b0154 b0155 b0156 b0157 b0158 b0159 b0160 b0161 b0162 b0163 b0164 b0165 b0166 b0167 b0168 b0169 b0170 b0171 b0172 b0173 b0174 b0175 b0176 b0177 b0178 b0179 b0180 b0181 b0182 b0183 b0184 b0185 b0186 b0187 b0188 b0189 b0190 b0191 b0192 b0193 b0194 b0195 b0196 b0197 b0198 b0199 b0200)
Time taken = 0.368391
Removing b0043
Verifying sorted_insert_iter
Houdini assignment axiom: (And true b0000 b0001 b0002 b0003 b0004 b0005 b0006 (! b0007) (! b0008) (! b0009) (! b0010) (! b0011) (! b0012) (! b0013) (! b0014) b0015 b0016 b0017 b0018 (! b0019) (! b0020) b0021 (! b0022) b0023 (! b0024) (! b0025) (! b0026) (! b0027) b0028 (! b0029) b0030 (! b0031) (! b0032) (! b0033) (! b0034) (! b0035) (! b0036) b0037 b0038 b0039 b0040 (! b0041) (! b0042) (! b0043) b0044 b0045 b0046 b0047 b0048 b0049 b0050 b0051 b0052 b0053 b0054 b0055 b0056 b0057 b0058 b0059 b0060 b0061 b0062 b0063 b0064 b0065 b0066 b0067 b0068 b0069 b0070 b0071 b0072 b0073 b0074 b0075 b0076 b0077 b0078 b0079 b0080 b0081 b0082 b0083 b0084 b0085 b0086 b0087 b0088 b0089 b0090 b0091 b0092 b0093 b0094 b0095 b0096 b0097 b0098 b0099 b0100 b0101 b0102 b0103 b0104 b0105 b0106 b0107 b0108 b0109 b0110 b0111 b0112 b0113 b0114 b0115 b0116 b0117 b0118 b0119 b0120 b0121 b0122 b0123 b0124 b0125 b0126 b0127 b0128 b0129 b0130 b0131 b0132 b0133 b0134 b0135 b0136 b0137 b0138 b0139 b0140 b0141 b0142 b0143 b0144 b0145 b0146 b0147 b0148 b0149 b0150 b0151 b0152 b0153 b0154 b0155 b0156 b0157 b0158 b0159 b0160 b0161 b0162 b0163 b0164 b0165 b0166 b0167 b0168 b0169 b0170 b0171 b0172 b0173 b0174 b0175 b0176 b0177 b0178 b0179 b0180 b0181 b0182 b0183 b0184 b0185 b0186 b0187 b0188 b0189 b0190 b0191 b0192 b0193 b0194 b0195 b0196 b0197 b0198 b0199 b0200)
Time taken = 0.386334
Removing b0046
Removing b0044
Verifying sorted_insert_iter
Houdini assignment axiom: (And true b0000 b0001 b0002 b0003 b0004 b0005 b0006 (! b0007) (! b0008) (! b0009) (! b0010) (! b0011) (! b0012) (! b0013) (! b0014) b0015 b0016 b0017 b0018 (! b0019) (! b0020) b0021 (! b0022) b0023 (! b0024) (! b0025) (! b0026) (! b0027) b0028 (! b0029) b0030 (! b0031) (! b0032) (! b0033) (! b0034) (! b0035) (! b0036) b0037 b0038 b0039 b0040 (! b0041) (! b0042) (! b0043) (! b0044) b0045 (! b0046) b0047 b0048 b0049 b0050 b0051 b0052 b0053 b0054 b0055 b0056 b0057 b0058 b0059 b0060 b0061 b0062 b0063 b0064 b0065 b0066 b0067 b0068 b0069 b0070 b0071 b0072 b0073 b0074 b0075 b0076 b0077 b0078 b0079 b0080 b0081 b0082 b0083 b0084 b0085 b0086 b0087 b0088 b0089 b0090 b0091 b0092 b0093 b0094 b0095 b0096 b0097 b0098 b0099 b0100 b0101 b0102 b0103 b0104 b0105 b0106 b0107 b0108 b0109 b0110 b0111 b0112 b0113 b0114 b0115 b0116 b0117 b0118 b0119 b0120 b0121 b0122 b0123 b0124 b0125 b0126 b0127 b0128 b0129 b0130 b0131 b0132 b0133 b0134 b0135 b0136 b0137 b0138 b0139 b0140 b0141 b0142 b0143 b0144 b0145 b0146 b0147 b0148 b0149 b0150 b0151 b0152 b0153 b0154 b0155 b0156 b0157 b0158 b0159 b0160 b0161 b0162 b0163 b0164 b0165 b0166 b0167 b0168 b0169 b0170 b0171 b0172 b0173 b0174 b0175 b0176 b0177 b0178 b0179 b0180 b0181 b0182 b0183 b0184 b0185 b0186 b0187 b0188 b0189 b0190 b0191 b0192 b0193 b0194 b0195 b0196 b0197 b0198 b0199 b0200)
Time taken = 0.368258
Removing b0048
Verifying sorted_insert_iter
Houdini assignment axiom: (And true b0000 b0001 b0002 b0003 b0004 b0005 b0006 (! b0007) (! b0008) (! b0009) (! b0010) (! b0011) (! b0012) (! b0013) (! b0014) b0015 b0016 b0017 b0018 (! b0019) (! b0020) b0021 (! b0022) b0023 (! b0024) (! b0025) (! b0026) (! b0027) b0028 (! b0029) b0030 (! b0031) (! b0032) (! b0033) (! b0034) (! b0035) (! b0036) b0037 b0038 b0039 b0040 (! b0041) (! b0042) (! b0043) (! b0044) b0045 (! b0046) b0047 (! b0048) b0049 b0050 b0051 b0052 b0053 b0054 b0055 b0056 b0057 b0058 b0059 b0060 b0061 b0062 b0063 b0064 b0065 b0066 b0067 b0068 b0069 b0070 b0071 b0072 b0073 b0074 b0075 b0076 b0077 b0078 b0079 b0080 b0081 b0082 b0083 b0084 b0085 b0086 b0087 b0088 b0089 b0090 b0091 b0092 b0093 b0094 b0095 b0096 b0097 b0098 b0099 b0100 b0101 b0102 b0103 b0104 b0105 b0106 b0107 b0108 b0109 b0110 b0111 b0112 b0113 b0114 b0115 b0116 b0117 b0118 b0119 b0120 b0121 b0122 b0123 b0124 b0125 b0126 b0127 b0128 b0129 b0130 b0131 b0132 b0133 b0134 b0135 b0136 b0137 b0138 b0139 b0140 b0141 b0142 b0143 b0144 b0145 b0146 b0147 b0148 b0149 b0150 b0151 b0152 b0153 b0154 b0155 b0156 b0157 b0158 b0159 b0160 b0161 b0162 b0163 b0164 b0165 b0166 b0167 b0168 b0169 b0170 b0171 b0172 b0173 b0174 b0175 b0176 b0177 b0178 b0179 b0180 b0181 b0182 b0183 b0184 b0185 b0186 b0187 b0188 b0189 b0190 b0191 b0192 b0193 b0194 b0195 b0196 b0197 b0198 b0199 b0200)
Time taken = 0.306
Removing b0049
Verifying sorted_insert_iter
Houdini assignment axiom: (And true b0000 b0001 b0002 b0003 b0004 b0005 b0006 (! b0007) (! b0008) (! b0009) (! b0010) (! b0011) (! b0012) (! b0013) (! b0014) b0015 b0016 b0017 b0018 (! b0019) (! b0020) b0021 (! b0022) b0023 (! b0024) (! b0025) (! b0026) (! b0027) b0028 (! b0029) b0030 (! b0031) (! b0032) (! b0033) (! b0034) (! b0035) (! b0036) b0037 b0038 b0039 b0040 (! b0041) (! b0042) (! b0043) (! b0044) b0045 (! b0046) b0047 (! b0048) (! b0049) b0050 b0051 b0052 b0053 b0054 b0055 b0056 b0057 b0058 b0059 b0060 b0061 b0062 b0063 b0064 b0065 b0066 b0067 b0068 b0069 b0070 b0071 b0072 b0073 b0074 b0075 b0076 b0077 b0078 b0079 b0080 b0081 b0082 b0083 b0084 b0085 b0086 b0087 b0088 b0089 b0090 b0091 b0092 b0093 b0094 b0095 b0096 b0097 b0098 b0099 b0100 b0101 b0102 b0103 b0104 b0105 b0106 b0107 b0108 b0109 b0110 b0111 b0112 b0113 b0114 b0115 b0116 b0117 b0118 b0119 b0120 b0121 b0122 b0123 b0124 b0125 b0126 b0127 b0128 b0129 b0130 b0131 b0132 b0133 b0134 b0135 b0136 b0137 b0138 b0139 b0140 b0141 b0142 b0143 b0144 b0145 b0146 b0147 b0148 b0149 b0150 b0151 b0152 b0153 b0154 b0155 b0156 b0157 b0158 b0159 b0160 b0161 b0162 b0163 b0164 b0165 b0166 b0167 b0168 b0169 b0170 b0171 b0172 b0173 b0174 b0175 b0176 b0177 b0178 b0179 b0180 b0181 b0182 b0183 b0184 b0185 b0186 b0187 b0188 b0189 b0190 b0191 b0192 b0193 b0194 b0195 b0196 b0197 b0198 b0199 b0200)
Time taken = 0.365635
Removing b0050
Verifying sorted_insert_iter
Houdini assignment axiom: (And true b0000 b0001 b0002 b0003 b0004 b0005 b0006 (! b0007) (! b0008) (! b0009) (! b0010) (! b0011) (! b0012) (! b0013) (! b0014) b0015 b0016 b0017 b0018 (! b0019) (! b0020) b0021 (! b0022) b0023 (! b0024) (! b0025) (! b0026) (! b0027) b0028 (! b0029) b0030 (! b0031) (! b0032) (! b0033) (! b0034) (! b0035) (! b0036) b0037 b0038 b0039 b0040 (! b0041) (! b0042) (! b0043) (! b0044) b0045 (! b0046) b0047 (! b0048) (! b0049) (! b0050) b0051 b0052 b0053 b0054 b0055 b0056 b0057 b0058 b0059 b0060 b0061 b0062 b0063 b0064 b0065 b0066 b0067 b0068 b0069 b0070 b0071 b0072 b0073 b0074 b0075 b0076 b0077 b0078 b0079 b0080 b0081 b0082 b0083 b0084 b0085 b0086 b0087 b0088 b0089 b0090 b0091 b0092 b0093 b0094 b0095 b0096 b0097 b0098 b0099 b0100 b0101 b0102 b0103 b0104 b0105 b0106 b0107 b0108 b0109 b0110 b0111 b0112 b0113 b0114 b0115 b0116 b0117 b0118 b0119 b0120 b0121 b0122 b0123 b0124 b0125 b0126 b0127 b0128 b0129 b0130 b0131 b0132 b0133 b0134 b0135 b0136 b0137 b0138 b0139 b0140 b0141 b0142 b0143 b0144 b0145 b0146 b0147 b0148 b0149 b0150 b0151 b0152 b0153 b0154 b0155 b0156 b0157 b0158 b0159 b0160 b0161 b0162 b0163 b0164 b0165 b0166 b0167 b0168 b0169 b0170 b0171 b0172 b0173 b0174 b0175 b0176 b0177 b0178 b0179 b0180 b0181 b0182 b0183 b0184 b0185 b0186 b0187 b0188 b0189 b0190 b0191 b0192 b0193 b0194 b0195 b0196 b0197 b0198 b0199 b0200)
Time taken = 0.455949
Removing b0051
Removing b0053
Removing b0054
Verifying sorted_insert_iter
Houdini assignment axiom: (And true b0000 b0001 b0002 b0003 b0004 b0005 b0006 (! b0007) (! b0008) (! b0009) (! b0010) (! b0011) (! b0012) (! b0013) (! b0014) b0015 b0016 b0017 b0018 (! b0019) (! b0020) b0021 (! b0022) b0023 (! b0024) (! b0025) (! b0026) (! b0027) b0028 (! b0029) b0030 (! b0031) (! b0032) (! b0033) (! b0034) (! b0035) (! b0036) b0037 b0038 b0039 b0040 (! b0041) (! b0042) (! b0043) (! b0044) b0045 (! b0046) b0047 (! b0048) (! b0049) (! b0050) (! b0051) b0052 (! b0053) (! b0054) b0055 b0056 b0057 b0058 b0059 b0060 b0061 b0062 b0063 b0064 b0065 b0066 b0067 b0068 b0069 b0070 b0071 b0072 b0073 b0074 b0075 b0076 b0077 b0078 b0079 b0080 b0081 b0082 b0083 b0084 b0085 b0086 b0087 b0088 b0089 b0090 b0091 b0092 b0093 b0094 b0095 b0096 b0097 b0098 b0099 b0100 b0101 b0102 b0103 b0104 b0105 b0106 b0107 b0108 b0109 b0110 b0111 b0112 b0113 b0114 b0115 b0116 b0117 b0118 b0119 b0120 b0121 b0122 b0123 b0124 b0125 b0126 b0127 b0128 b0129 b0130 b0131 b0132 b0133 b0134 b0135 b0136 b0137 b0138 b0139 b0140 b0141 b0142 b0143 b0144 b0145 b0146 b0147 b0148 b0149 b0150 b0151 b0152 b0153 b0154 b0155 b0156 b0157 b0158 b0159 b0160 b0161 b0162 b0163 b0164 b0165 b0166 b0167 b0168 b0169 b0170 b0171 b0172 b0173 b0174 b0175 b0176 b0177 b0178 b0179 b0180 b0181 b0182 b0183 b0184 b0185 b0186 b0187 b0188 b0189 b0190 b0191 b0192 b0193 b0194 b0195 b0196 b0197 b0198 b0199 b0200)
Time taken = 0.453928
Removing b0052
Removing b0055
Verifying sorted_insert_iter
Houdini assignment axiom: (And true b0000 b0001 b0002 b0003 b0004 b0005 b0006 (! b0007) (! b0008) (! b0009) (! b0010) (! b0011) (! b0012) (! b0013) (! b0014) b0015 b0016 b0017 b0018 (! b0019) (! b0020) b0021 (! b0022) b0023 (! b0024) (! b0025) (! b0026) (! b0027) b0028 (! b0029) b0030 (! b0031) (! b0032) (! b0033) (! b0034) (! b0035) (! b0036) b0037 b0038 b0039 b0040 (! b0041) (! b0042) (! b0043) (! b0044) b0045 (! b0046) b0047 (! b0048) (! b0049) (! b0050) (! b0051) (! b0052) (! b0053) (! b0054) (! b0055) b0056 b0057 b0058 b0059 b0060 b0061 b0062 b0063 b0064 b0065 b0066 b0067 b0068 b0069 b0070 b0071 b0072 b0073 b0074 b0075 b0076 b0077 b0078 b0079 b0080 b0081 b0082 b0083 b0084 b0085 b0086 b0087 b0088 b0089 b0090 b0091 b0092 b0093 b0094 b0095 b0096 b0097 b0098 b0099 b0100 b0101 b0102 b0103 b0104 b0105 b0106 b0107 b0108 b0109 b0110 b0111 b0112 b0113 b0114 b0115 b0116 b0117 b0118 b0119 b0120 b0121 b0122 b0123 b0124 b0125 b0126 b0127 b0128 b0129 b0130 b0131 b0132 b0133 b0134 b0135 b0136 b0137 b0138 b0139 b0140 b0141 b0142 b0143 b0144 b0145 b0146 b0147 b0148 b0149 b0150 b0151 b0152 b0153 b0154 b0155 b0156 b0157 b0158 b0159 b0160 b0161 b0162 b0163 b0164 b0165 b0166 b0167 b0168 b0169 b0170 b0171 b0172 b0173 b0174 b0175 b0176 b0177 b0178 b0179 b0180 b0181 b0182 b0183 b0184 b0185 b0186 b0187 b0188 b0189 b0190 b0191 b0192 b0193 b0194 b0195 b0196 b0197 b0198 b0199 b0200)
Time taken = 0.455441
Removing b0057
Removing b0056
Verifying sorted_insert_iter
Houdini assignment axiom: (And true b0000 b0001 b0002 b0003 b0004 b0005 b0006 (! b0007) (! b0008) (! b0009) (! b0010) (! b0011) (! b0012) (! b0013) (! b0014) b0015 b0016 b0017 b0018 (! b0019) (! b0020) b0021 (! b0022) b0023 (! b0024) (! b0025) (! b0026) (! b0027) b0028 (! b0029) b0030 (! b0031) (! b0032) (! b0033) (! b0034) (! b0035) (! b0036) b0037 b0038 b0039 b0040 (! b0041) (! b0042) (! b0043) (! b0044) b0045 (! b0046) b0047 (! b0048) (! b0049) (! b0050) (! b0051) (! b0052) (! b0053) (! b0054) (! b0055) (! b0056) (! b0057) b0058 b0059 b0060 b0061 b0062 b0063 b0064 b0065 b0066 b0067 b0068 b0069 b0070 b0071 b0072 b0073 b0074 b0075 b0076 b0077 b0078 b0079 b0080 b0081 b0082 b0083 b0084 b0085 b0086 b0087 b0088 b0089 b0090 b0091 b0092 b0093 b0094 b0095 b0096 b0097 b0098 b0099 b0100 b0101 b0102 b0103 b0104 b0105 b0106 b0107 b0108 b0109 b0110 b0111 b0112 b0113 b0114 b0115 b0116 b0117 b0118 b0119 b0120 b0121 b0122 b0123 b0124 b0125 b0126 b0127 b0128 b0129 b0130 b0131 b0132 b0133 b0134 b0135 b0136 b0137 b0138 b0139 b0140 b0141 b0142 b0143 b0144 b0145 b0146 b0147 b0148 b0149 b0150 b0151 b0152 b0153 b0154 b0155 b0156 b0157 b0158 b0159 b0160 b0161 b0162 b0163 b0164 b0165 b0166 b0167 b0168 b0169 b0170 b0171 b0172 b0173 b0174 b0175 b0176 b0177 b0178 b0179 b0180 b0181 b0182 b0183 b0184 b0185 b0186 b0187 b0188 b0189 b0190 b0191 b0192 b0193 b0194 b0195 b0196 b0197 b0198 b0199 b0200)
Time taken = 0.347064
Removing b0059
Verifying sorted_insert_iter
Houdini assignment axiom: (And true b0000 b0001 b0002 b0003 b0004 b0005 b0006 (! b0007) (! b0008) (! b0009) (! b0010) (! b0011) (! b0012) (! b0013) (! b0014) b0015 b0016 b0017 b0018 (! b0019) (! b0020) b0021 (! b0022) b0023 (! b0024) (! b0025) (! b0026) (! b0027) b0028 (! b0029) b0030 (! b0031) (! b0032) (! b0033) (! b0034) (! b0035) (! b0036) b0037 b0038 b0039 b0040 (! b0041) (! b0042) (! b0043) (! b0044) b0045 (! b0046) b0047 (! b0048) (! b0049) (! b0050) (! b0051) (! b0052) (! b0053) (! b0054) (! b0055) (! b0056) (! b0057) b0058 (! b0059) b0060 b0061 b0062 b0063 b0064 b0065 b0066 b0067 b0068 b0069 b0070 b0071 b0072 b0073 b0074 b0075 b0076 b0077 b0078 b0079 b0080 b0081 b0082 b0083 b0084 b0085 b0086 b0087 b0088 b0089 b0090 b0091 b0092 b0093 b0094 b0095 b0096 b0097 b0098 b0099 b0100 b0101 b0102 b0103 b0104 b0105 b0106 b0107 b0108 b0109 b0110 b0111 b0112 b0113 b0114 b0115 b0116 b0117 b0118 b0119 b0120 b0121 b0122 b0123 b0124 b0125 b0126 b0127 b0128 b0129 b0130 b0131 b0132 b0133 b0134 b0135 b0136 b0137 b0138 b0139 b0140 b0141 b0142 b0143 b0144 b0145 b0146 b0147 b0148 b0149 b0150 b0151 b0152 b0153 b0154 b0155 b0156 b0157 b0158 b0159 b0160 b0161 b0162 b0163 b0164 b0165 b0166 b0167 b0168 b0169 b0170 b0171 b0172 b0173 b0174 b0175 b0176 b0177 b0178 b0179 b0180 b0181 b0182 b0183 b0184 b0185 b0186 b0187 b0188 b0189 b0190 b0191 b0192 b0193 b0194 b0195 b0196 b0197 b0198 b0199 b0200)
Time taken = 0.43658
Removing b0070
Removing b0061
Removing b0072
Verifying sorted_insert_iter
Houdini assignment axiom: (And true b0000 b0001 b0002 b0003 b0004 b0005 b0006 (! b0007) (! b0008) (! b0009) (! b0010) (! b0011) (! b0012) (! b0013) (! b0014) b0015 b0016 b0017 b0018 (! b0019) (! b0020) b0021 (! b0022) b0023 (! b0024) (! b0025) (! b0026) (! b0027) b0028 (! b0029) b0030 (! b0031) (! b0032) (! b0033) (! b0034) (! b0035) (! b0036) b0037 b0038 b0039 b0040 (! b0041) (! b0042) (! b0043) (! b0044) b0045 (! b0046) b0047 (! b0048) (! b0049) (! b0050) (! b0051) (! b0052) (! b0053) (! b0054) (! b0055) (! b0056) (! b0057) b0058 (! b0059) b0060 (! b0061) b0062 b0063 b0064 b0065 b0066 b0067 b0068 b0069 (! b0070) b0071 (! b0072) b0073 b0074 b0075 b0076 b0077 b0078 b0079 b0080 b0081 b0082 b0083 b0084 b0085 b0086 b0087 b0088 b0089 b0090 b0091 b0092 b0093 b0094 b0095 b0096 b0097 b0098 b0099 b0100 b0101 b0102 b0103 b0104 b0105 b0106 b0107 b0108 b0109 b0110 b0111 b0112 b0113 b0114 b0115 b0116 b0117 b0118 b0119 b0120 b0121 b0122 b0123 b0124 b0125 b0126 b0127 b0128 b0129 b0130 b0131 b0132 b0133 b0134 b0135 b0136 b0137 b0138 b0139 b0140 b0141 b0142 b0143 b0144 b0145 b0146 b0147 b0148 b0149 b0150 b0151 b0152 b0153 b0154 b0155 b0156 b0157 b0158 b0159 b0160 b0161 b0162 b0163 b0164 b0165 b0166 b0167 b0168 b0169 b0170 b0171 b0172 b0173 b0174 b0175 b0176 b0177 b0178 b0179 b0180 b0181 b0182 b0183 b0184 b0185 b0186 b0187 b0188 b0189 b0190 b0191 b0192 b0193 b0194 b0195 b0196 b0197 b0198 b0199 b0200)
Time taken = 0.392475
Removing b0071
Removing b0062
Removing b0073
Verifying sorted_insert_iter
Houdini assignment axiom: (And true b0000 b0001 b0002 b0003 b0004 b0005 b0006 (! b0007) (! b0008) (! b0009) (! b0010) (! b0011) (! b0012) (! b0013) (! b0014) b0015 b0016 b0017 b0018 (! b0019) (! b0020) b0021 (! b0022) b0023 (! b0024) (! b0025) (! b0026) (! b0027) b0028 (! b0029) b0030 (! b0031) (! b0032) (! b0033) (! b0034) (! b0035) (! b0036) b0037 b0038 b0039 b0040 (! b0041) (! b0042) (! b0043) (! b0044) b0045 (! b0046) b0047 (! b0048) (! b0049) (! b0050) (! b0051) (! b0052) (! b0053) (! b0054) (! b0055) (! b0056) (! b0057) b0058 (! b0059) b0060 (! b0061) (! b0062) b0063 b0064 b0065 b0066 b0067 b0068 b0069 (! b0070) (! b0071) (! b0072) (! b0073) b0074 b0075 b0076 b0077 b0078 b0079 b0080 b0081 b0082 b0083 b0084 b0085 b0086 b0087 b0088 b0089 b0090 b0091 b0092 b0093 b0094 b0095 b0096 b0097 b0098 b0099 b0100 b0101 b0102 b0103 b0104 b0105 b0106 b0107 b0108 b0109 b0110 b0111 b0112 b0113 b0114 b0115 b0116 b0117 b0118 b0119 b0120 b0121 b0122 b0123 b0124 b0125 b0126 b0127 b0128 b0129 b0130 b0131 b0132 b0133 b0134 b0135 b0136 b0137 b0138 b0139 b0140 b0141 b0142 b0143 b0144 b0145 b0146 b0147 b0148 b0149 b0150 b0151 b0152 b0153 b0154 b0155 b0156 b0157 b0158 b0159 b0160 b0161 b0162 b0163 b0164 b0165 b0166 b0167 b0168 b0169 b0170 b0171 b0172 b0173 b0174 b0175 b0176 b0177 b0178 b0179 b0180 b0181 b0182 b0183 b0184 b0185 b0186 b0187 b0188 b0189 b0190 b0191 b0192 b0193 b0194 b0195 b0196 b0197 b0198 b0199 b0200)
Time taken = 0.339745
Removing b0074
Verifying sorted_insert_iter
Houdini assignment axiom: (And true b0000 b0001 b0002 b0003 b0004 b0005 b0006 (! b0007) (! b0008) (! b0009) (! b0010) (! b0011) (! b0012) (! b0013) (! b0014) b0015 b0016 b0017 b0018 (! b0019) (! b0020) b0021 (! b0022) b0023 (! b0024) (! b0025) (! b0026) (! b0027) b0028 (! b0029) b0030 (! b0031) (! b0032) (! b0033) (! b0034) (! b0035) (! b0036) b0037 b0038 b0039 b0040 (! b0041) (! b0042) (! b0043) (! b0044) b0045 (! b0046) b0047 (! b0048) (! b0049) (! b0050) (! b0051) (! b0052) (! b0053) (! b0054) (! b0055) (! b0056) (! b0057) b0058 (! b0059) b0060 (! b0061) (! b0062) b0063 b0064 b0065 b0066 b0067 b0068 b0069 (! b0070) (! b0071) (! b0072) (! b0073) (! b0074) b0075 b0076 b0077 b0078 b0079 b0080 b0081 b0082 b0083 b0084 b0085 b0086 b0087 b0088 b0089 b0090 b0091 b0092 b0093 b0094 b0095 b0096 b0097 b0098 b0099 b0100 b0101 b0102 b0103 b0104 b0105 b0106 b0107 b0108 b0109 b0110 b0111 b0112 b0113 b0114 b0115 b0116 b0117 b0118 b0119 b0120 b0121 b0122 b0123 b0124 b0125 b0126 b0127 b0128 b0129 b0130 b0131 b0132 b0133 b0134 b0135 b0136 b0137 b0138 b0139 b0140 b0141 b0142 b0143 b0144 b0145 b0146 b0147 b0148 b0149 b0150 b0151 b0152 b0153 b0154 b0155 b0156 b0157 b0158 b0159 b0160 b0161 b0162 b0163 b0164 b0165 b0166 b0167 b0168 b0169 b0170 b0171 b0172 b0173 b0174 b0175 b0176 b0177 b0178 b0179 b0180 b0181 b0182 b0183 b0184 b0185 b0186 b0187 b0188 b0189 b0190 b0191 b0192 b0193 b0194 b0195 b0196 b0197 b0198 b0199 b0200)
Time taken = 0.346031
Removing b0075
Verifying sorted_insert_iter
Houdini assignment axiom: (And true b0000 b0001 b0002 b0003 b0004 b0005 b0006 (! b0007) (! b0008) (! b0009) (! b0010) (! b0011) (! b0012) (! b0013) (! b0014) b0015 b0016 b0017 b0018 (! b0019) (! b0020) b0021 (! b0022) b0023 (! b0024) (! b0025) (! b0026) (! b0027) b0028 (! b0029) b0030 (! b0031) (! b0032) (! b0033) (! b0034) (! b0035) (! b0036) b0037 b0038 b0039 b0040 (! b0041) (! b0042) (! b0043) (! b0044) b0045 (! b0046) b0047 (! b0048) (! b0049) (! b0050) (! b0051) (! b0052) (! b0053) (! b0054) (! b0055) (! b0056) (! b0057) b0058 (! b0059) b0060 (! b0061) (! b0062) b0063 b0064 b0065 b0066 b0067 b0068 b0069 (! b0070) (! b0071) (! b0072) (! b0073) (! b0074) (! b0075) b0076 b0077 b0078 b0079 b0080 b0081 b0082 b0083 b0084 b0085 b0086 b0087 b0088 b0089 b0090 b0091 b0092 b0093 b0094 b0095 b0096 b0097 b0098 b0099 b0100 b0101 b0102 b0103 b0104 b0105 b0106 b0107 b0108 b0109 b0110 b0111 b0112 b0113 b0114 b0115 b0116 b0117 b0118 b0119 b0120 b0121 b0122 b0123 b0124 b0125 b0126 b0127 b0128 b0129 b0130 b0131 b0132 b0133 b0134 b0135 b0136 b0137 b0138 b0139 b0140 b0141 b0142 b0143 b0144 b0145 b0146 b0147 b0148 b0149 b0150 b0151 b0152 b0153 b0154 b0155 b0156 b0157 b0158 b0159 b0160 b0161 b0162 b0163 b0164 b0165 b0166 b0167 b0168 b0169 b0170 b0171 b0172 b0173 b0174 b0175 b0176 b0177 b0178 b0179 b0180 b0181 b0182 b0183 b0184 b0185 b0186 b0187 b0188 b0189 b0190 b0191 b0192 b0193 b0194 b0195 b0196 b0197 b0198 b0199 b0200)
Time taken = 0.340079
Removing b0076
Verifying sorted_insert_iter
Houdini assignment axiom: (And true b0000 b0001 b0002 b0003 b0004 b0005 b0006 (! b0007) (! b0008) (! b0009) (! b0010) (! b0011) (! b0012) (! b0013) (! b0014) b0015 b0016 b0017 b0018 (! b0019) (! b0020) b0021 (! b0022) b0023 (! b0024) (! b0025) (! b0026) (! b0027) b0028 (! b0029) b0030 (! b0031) (! b0032) (! b0033) (! b0034) (! b0035) (! b0036) b0037 b0038 b0039 b0040 (! b0041) (! b0042) (! b0043) (! b0044) b0045 (! b0046) b0047 (! b0048) (! b0049) (! b0050) (! b0051) (! b0052) (! b0053) (! b0054) (! b0055) (! b0056) (! b0057) b0058 (! b0059) b0060 (! b0061) (! b0062) b0063 b0064 b0065 b0066 b0067 b0068 b0069 (! b0070) (! b0071) (! b0072) (! b0073) (! b0074) (! b0075) (! b0076) b0077 b0078 b0079 b0080 b0081 b0082 b0083 b0084 b0085 b0086 b0087 b0088 b0089 b0090 b0091 b0092 b0093 b0094 b0095 b0096 b0097 b0098 b0099 b0100 b0101 b0102 b0103 b0104 b0105 b0106 b0107 b0108 b0109 b0110 b0111 b0112 b0113 b0114 b0115 b0116 b0117 b0118 b0119 b0120 b0121 b0122 b0123 b0124 b0125 b0126 b0127 b0128 b0129 b0130 b0131 b0132 b0133 b0134 b0135 b0136 b0137 b0138 b0139 b0140 b0141 b0142 b0143 b0144 b0145 b0146 b0147 b0148 b0149 b0150 b0151 b0152 b0153 b0154 b0155 b0156 b0157 b0158 b0159 b0160 b0161 b0162 b0163 b0164 b0165 b0166 b0167 b0168 b0169 b0170 b0171 b0172 b0173 b0174 b0175 b0176 b0177 b0178 b0179 b0180 b0181 b0182 b0183 b0184 b0185 b0186 b0187 b0188 b0189 b0190 b0191 b0192 b0193 b0194 b0195 b0196 b0197 b0198 b0199 b0200)
Time taken = 0.359884
Removing b0077
Verifying sorted_insert_iter
Houdini assignment axiom: (And true b0000 b0001 b0002 b0003 b0004 b0005 b0006 (! b0007) (! b0008) (! b0009) (! b0010) (! b0011) (! b0012) (! b0013) (! b0014) b0015 b0016 b0017 b0018 (! b0019) (! b0020) b0021 (! b0022) b0023 (! b0024) (! b0025) (! b0026) (! b0027) b0028 (! b0029) b0030 (! b0031) (! b0032) (! b0033) (! b0034) (! b0035) (! b0036) b0037 b0038 b0039 b0040 (! b0041) (! b0042) (! b0043) (! b0044) b0045 (! b0046) b0047 (! b0048) (! b0049) (! b0050) (! b0051) (! b0052) (! b0053) (! b0054) (! b0055) (! b0056) (! b0057) b0058 (! b0059) b0060 (! b0061) (! b0062) b0063 b0064 b0065 b0066 b0067 b0068 b0069 (! b0070) (! b0071) (! b0072) (! b0073) (! b0074) (! b0075) (! b0076) (! b0077) b0078 b0079 b0080 b0081 b0082 b0083 b0084 b0085 b0086 b0087 b0088 b0089 b0090 b0091 b0092 b0093 b0094 b0095 b0096 b0097 b0098 b0099 b0100 b0101 b0102 b0103 b0104 b0105 b0106 b0107 b0108 b0109 b0110 b0111 b0112 b0113 b0114 b0115 b0116 b0117 b0118 b0119 b0120 b0121 b0122 b0123 b0124 b0125 b0126 b0127 b0128 b0129 b0130 b0131 b0132 b0133 b0134 b0135 b0136 b0137 b0138 b0139 b0140 b0141 b0142 b0143 b0144 b0145 b0146 b0147 b0148 b0149 b0150 b0151 b0152 b0153 b0154 b0155 b0156 b0157 b0158 b0159 b0160 b0161 b0162 b0163 b0164 b0165 b0166 b0167 b0168 b0169 b0170 b0171 b0172 b0173 b0174 b0175 b0176 b0177 b0178 b0179 b0180 b0181 b0182 b0183 b0184 b0185 b0186 b0187 b0188 b0189 b0190 b0191 b0192 b0193 b0194 b0195 b0196 b0197 b0198 b0199 b0200)
Time taken = 0.330578
Removing b0078
Verifying sorted_insert_iter
Houdini assignment axiom: (And true b0000 b0001 b0002 b0003 b0004 b0005 b0006 (! b0007) (! b0008) (! b0009) (! b0010) (! b0011) (! b0012) (! b0013) (! b0014) b0015 b0016 b0017 b0018 (! b0019) (! b0020) b0021 (! b0022) b0023 (! b0024) (! b0025) (! b0026) (! b0027) b0028 (! b0029) b0030 (! b0031) (! b0032) (! b0033) (! b0034) (! b0035) (! b0036) b0037 b0038 b0039 b0040 (! b0041) (! b0042) (! b0043) (! b0044) b0045 (! b0046) b0047 (! b0048) (! b0049) (! b0050) (! b0051) (! b0052) (! b0053) (! b0054) (! b0055) (! b0056) (! b0057) b0058 (! b0059) b0060 (! b0061) (! b0062) b0063 b0064 b0065 b0066 b0067 b0068 b0069 (! b0070) (! b0071) (! b0072) (! b0073) (! b0074) (! b0075) (! b0076) (! b0077) (! b0078) b0079 b0080 b0081 b0082 b0083 b0084 b0085 b0086 b0087 b0088 b0089 b0090 b0091 b0092 b0093 b0094 b0095 b0096 b0097 b0098 b0099 b0100 b0101 b0102 b0103 b0104 b0105 b0106 b0107 b0108 b0109 b0110 b0111 b0112 b0113 b0114 b0115 b0116 b0117 b0118 b0119 b0120 b0121 b0122 b0123 b0124 b0125 b0126 b0127 b0128 b0129 b0130 b0131 b0132 b0133 b0134 b0135 b0136 b0137 b0138 b0139 b0140 b0141 b0142 b0143 b0144 b0145 b0146 b0147 b0148 b0149 b0150 b0151 b0152 b0153 b0154 b0155 b0156 b0157 b0158 b0159 b0160 b0161 b0162 b0163 b0164 b0165 b0166 b0167 b0168 b0169 b0170 b0171 b0172 b0173 b0174 b0175 b0176 b0177 b0178 b0179 b0180 b0181 b0182 b0183 b0184 b0185 b0186 b0187 b0188 b0189 b0190 b0191 b0192 b0193 b0194 b0195 b0196 b0197 b0198 b0199 b0200)
Time taken = 0.523338
Removing b0079
Removing b0082
Removing b0087
Removing b0088
Verifying sorted_insert_iter
Houdini assignment axiom: (And true b0000 b0001 b0002 b0003 b0004 b0005 b0006 (! b0007) (! b0008) (! b0009) (! b0010) (! b0011) (! b0012) (! b0013) (! b0014) b0015 b0016 b0017 b0018 (! b0019) (! b0020) b0021 (! b0022) b0023 (! b0024) (! b0025) (! b0026) (! b0027) b0028 (! b0029) b0030 (! b0031) (! b0032) (! b0033) (! b0034) (! b0035) (! b0036) b0037 b0038 b0039 b0040 (! b0041) (! b0042) (! b0043) (! b0044) b0045 (! b0046) b0047 (! b0048) (! b0049) (! b0050) (! b0051) (! b0052) (! b0053) (! b0054) (! b0055) (! b0056) (! b0057) b0058 (! b0059) b0060 (! b0061) (! b0062) b0063 b0064 b0065 b0066 b0067 b0068 b0069 (! b0070) (! b0071) (! b0072) (! b0073) (! b0074) (! b0075) (! b0076) (! b0077) (! b0078) (! b0079) b0080 b0081 (! b0082) b0083 b0084 b0085 b0086 (! b0087) (! b0088) b0089 b0090 b0091 b0092 b0093 b0094 b0095 b0096 b0097 b0098 b0099 b0100 b0101 b0102 b0103 b0104 b0105 b0106 b0107 b0108 b0109 b0110 b0111 b0112 b0113 b0114 b0115 b0116 b0117 b0118 b0119 b0120 b0121 b0122 b0123 b0124 b0125 b0126 b0127 b0128 b0129 b0130 b0131 b0132 b0133 b0134 b0135 b0136 b0137 b0138 b0139 b0140 b0141 b0142 b0143 b0144 b0145 b0146 b0147 b0148 b0149 b0150 b0151 b0152 b0153 b0154 b0155 b0156 b0157 b0158 b0159 b0160 b0161 b0162 b0163 b0164 b0165 b0166 b0167 b0168 b0169 b0170 b0171 b0172 b0173 b0174 b0175 b0176 b0177 b0178 b0179 b0180 b0181 b0182 b0183 b0184 b0185 b0186 b0187 b0188 b0189 b0190 b0191 b0192 b0193 b0194 b0195 b0196 b0197 b0198 b0199 b0200)
Time taken = 0.617021
Removing b0080
Removing b0084
Removing b0089
Removing b0090
Verifying sorted_insert_iter
Houdini assignment axiom: (And true b0000 b0001 b0002 b0003 b0004 b0005 b0006 (! b0007) (! b0008) (! b0009) (! b0010) (! b0011) (! b0012) (! b0013) (! b0014) b0015 b0016 b0017 b0018 (! b0019) (! b0020) b0021 (! b0022) b0023 (! b0024) (! b0025) (! b0026) (! b0027) b0028 (! b0029) b0030 (! b0031) (! b0032) (! b0033) (! b0034) (! b0035) (! b0036) b0037 b0038 b0039 b0040 (! b0041) (! b0042) (! b0043) (! b0044) b0045 (! b0046) b0047 (! b0048) (! b0049) (! b0050) (! b0051) (! b0052) (! b0053) (! b0054) (! b0055) (! b0056) (! b0057) b0058 (! b0059) b0060 (! b0061) (! b0062) b0063 b0064 b0065 b0066 b0067 b0068 b0069 (! b0070) (! b0071) (! b0072) (! b0073) (! b0074) (! b0075) (! b0076) (! b0077) (! b0078) (! b0079) (! b0080) b0081 (! b0082) b0083 (! b0084) b0085 b0086 (! b0087) (! b0088) (! b0089) (! b0090) b0091 b0092 b0093 b0094 b0095 b0096 b0097 b0098 b0099 b0100 b0101 b0102 b0103 b0104 b0105 b0106 b0107 b0108 b0109 b0110 b0111 b0112 b0113 b0114 b0115 b0116 b0117 b0118 b0119 b0120 b0121 b0122 b0123 b0124 b0125 b0126 b0127 b0128 b0129 b0130 b0131 b0132 b0133 b0134 b0135 b0136 b0137 b0138 b0139 b0140 b0141 b0142 b0143 b0144 b0145 b0146 b0147 b0148 b0149 b0150 b0151 b0152 b0153 b0154 b0155 b0156 b0157 b0158 b0159 b0160 b0161 b0162 b0163 b0164 b0165 b0166 b0167 b0168 b0169 b0170 b0171 b0172 b0173 b0174 b0175 b0176 b0177 b0178 b0179 b0180 b0181 b0182 b0183 b0184 b0185 b0186 b0187 b0188 b0189 b0190 b0191 b0192 b0193 b0194 b0195 b0196 b0197 b0198 b0199 b0200)
Time taken = 0.511621
Removing b0085
Removing b0091
Verifying sorted_insert_iter
Houdini assignment axiom: (And true b0000 b0001 b0002 b0003 b0004 b0005 b0006 (! b0007) (! b0008) (! b0009) (! b0010) (! b0011) (! b0012) (! b0013) (! b0014) b0015 b0016 b0017 b0018 (! b0019) (! b0020) b0021 (! b0022) b0023 (! b0024) (! b0025) (! b0026) (! b0027) b0028 (! b0029) b0030 (! b0031) (! b0032) (! b0033) (! b0034) (! b0035) (! b0036) b0037 b0038 b0039 b0040 (! b0041) (! b0042) (! b0043) (! b0044) b0045 (! b0046) b0047 (! b0048) (! b0049) (! b0050) (! b0051) (! b0052) (! b0053) (! b0054) (! b0055) (! b0056) (! b0057) b0058 (! b0059) b0060 (! b0061) (! b0062) b0063 b0064 b0065 b0066 b0067 b0068 b0069 (! b0070) (! b0071) (! b0072) (! b0073) (! b0074) (! b0075) (! b0076) (! b0077) (! b0078) (! b0079) (! b0080) b0081 (! b0082) b0083 (! b0084) (! b0085) b0086 (! b0087) (! b0088) (! b0089) (! b0090) (! b0091) b0092 b0093 b0094 b0095 b0096 b0097 b0098 b0099 b0100 b0101 b0102 b0103 b0104 b0105 b0106 b0107 b0108 b0109 b0110 b0111 b0112 b0113 b0114 b0115 b0116 b0117 b0118 b0119 b0120 b0121 b0122 b0123 b0124 b0125 b0126 b0127 b0128 b0129 b0130 b0131 b0132 b0133 b0134 b0135 b0136 b0137 b0138 b0139 b0140 b0141 b0142 b0143 b0144 b0145 b0146 b0147 b0148 b0149 b0150 b0151 b0152 b0153 b0154 b0155 b0156 b0157 b0158 b0159 b0160 b0161 b0162 b0163 b0164 b0165 b0166 b0167 b0168 b0169 b0170 b0171 b0172 b0173 b0174 b0175 b0176 b0177 b0178 b0179 b0180 b0181 b0182 b0183 b0184 b0185 b0186 b0187 b0188 b0189 b0190 b0191 b0192 b0193 b0194 b0195 b0196 b0197 b0198 b0199 b0200)
Time taken = 0.46748
Removing b0086
Removing b0092
Verifying sorted_insert_iter
Houdini assignment axiom: (And true b0000 b0001 b0002 b0003 b0004 b0005 b0006 (! b0007) (! b0008) (! b0009) (! b0010) (! b0011) (! b0012) (! b0013) (! b0014) b0015 b0016 b0017 b0018 (! b0019) (! b0020) b0021 (! b0022) b0023 (! b0024) (! b0025) (! b0026) (! b0027) b0028 (! b0029) b0030 (! b0031) (! b0032) (! b0033) (! b0034) (! b0035) (! b0036) b0037 b0038 b0039 b0040 (! b0041) (! b0042) (! b0043) (! b0044) b0045 (! b0046) b0047 (! b0048) (! b0049) (! b0050) (! b0051) (! b0052) (! b0053) (! b0054) (! b0055) (! b0056) (! b0057) b0058 (! b0059) b0060 (! b0061) (! b0062) b0063 b0064 b0065 b0066 b0067 b0068 b0069 (! b0070) (! b0071) (! b0072) (! b0073) (! b0074) (! b0075) (! b0076) (! b0077) (! b0078) (! b0079) (! b0080) b0081 (! b0082) b0083 (! b0084) (! b0085) (! b0086) (! b0087) (! b0088) (! b0089) (! b0090) (! b0091) (! b0092) b0093 b0094 b0095 b0096 b0097 b0098 b0099 b0100 b0101 b0102 b0103 b0104 b0105 b0106 b0107 b0108 b0109 b0110 b0111 b0112 b0113 b0114 b0115 b0116 b0117 b0118 b0119 b0120 b0121 b0122 b0123 b0124 b0125 b0126 b0127 b0128 b0129 b0130 b0131 b0132 b0133 b0134 b0135 b0136 b0137 b0138 b0139 b0140 b0141 b0142 b0143 b0144 b0145 b0146 b0147 b0148 b0149 b0150 b0151 b0152 b0153 b0154 b0155 b0156 b0157 b0158 b0159 b0160 b0161 b0162 b0163 b0164 b0165 b0166 b0167 b0168 b0169 b0170 b0171 b0172 b0173 b0174 b0175 b0176 b0177 b0178 b0179 b0180 b0181 b0182 b0183 b0184 b0185 b0186 b0187 b0188 b0189 b0190 b0191 b0192 b0193 b0194 b0195 b0196 b0197 b0198 b0199 b0200)
Time taken = 0.725842
Removing b0097
Removing b0123
Removing b0129
Removing b0139
Removing b0134
Removing b0154
Removing b0156
Removing b0147
Verifying sorted_insert_iter
Houdini assignment axiom: (And true b0000 b0001 b0002 b0003 b0004 b0005 b0006 (! b0007) (! b0008) (! b0009) (! b0010) (! b0011) (! b0012) (! b0013) (! b0014) b0015 b0016 b0017 b0018 (! b0019) (! b0020) b0021 (! b0022) b0023 (! b0024) (! b0025) (! b0026) (! b0027) b0028 (! b0029) b0030 (! b0031) (! b0032) (! b0033) (! b0034) (! b0035) (! b0036) b0037 b0038 b0039 b0040 (! b0041) (! b0042) (! b0043) (! b0044) b0045 (! b0046) b0047 (! b0048) (! b0049) (! b0050) (! b0051) (! b0052) (! b0053) (! b0054) (! b0055) (! b0056) (! b0057) b0058 (! b0059) b0060 (! b0061) (! b0062) b0063 b0064 b0065 b0066 b0067 b0068 b0069 (! b0070) (! b0071) (! b0072) (! b0073) (! b0074) (! b0075) (! b0076) (! b0077) (! b0078) (! b0079) (! b0080) b0081 (! b0082) b0083 (! b0084) (! b0085) (! b0086) (! b0087) (! b0088) (! b0089) (! b0090) (! b0091) (! b0092) b0093 b0094 b0095 b0096 (! b0097) b0098 b0099 b0100 b0101 b0102 b0103 b0104 b0105 b0106 b0107 b0108 b0109 b0110 b0111 b0112 b0113 b0114 b0115 b0116 b0117 b0118 b0119 b0120 b0121 b0122 (! b0123) b0124 b0125 b0126 b0127 b0128 (! b0129) b0130 b0131 b0132 b0133 (! b0134) b0135 b0136 b0137 b0138 (! b0139) b0140 b0141 b0142 b0143 b0144 b0145 b0146 (! b0147) b0148 b0149 b0150 b0151 b0152 b0153 (! b0154) b0155 (! b0156) b0157 b0158 b0159 b0160 b0161 b0162 b0163 b0164 b0165 b0166 b0167 b0168 b0169 b0170 b0171 b0172 b0173 b0174 b0175 b0176 b0177 b0178 b0179 b0180 b0181 b0182 b0183 b0184 b0185 b0186 b0187 b0188 b0189 b0190 b0191 b0192 b0193 b0194 b0195 b0196 b0197 b0198 b0199 b0200)
Time taken = 0.702114
Removing b0098
Removing b0124
Removing b0130
Removing b0140
Removing b0155
Removing b0157
Removing b0148
Verifying sorted_insert_iter
Houdini assignment axiom: (And true b0000 b0001 b0002 b0003 b0004 b0005 b0006 (! b0007) (! b0008) (! b0009) (! b0010) (! b0011) (! b0012) (! b0013) (! b0014) b0015 b0016 b0017 b0018 (! b0019) (! b0020) b0021 (! b0022) b0023 (! b0024) (! b0025) (! b0026) (! b0027) b0028 (! b0029) b0030 (! b0031) (! b0032) (! b0033) (! b0034) (! b0035) (! b0036) b0037 b0038 b0039 b0040 (! b0041) (! b0042) (! b0043) (! b0044) b0045 (! b0046) b0047 (! b0048) (! b0049) (! b0050) (! b0051) (! b0052) (! b0053) (! b0054) (! b0055) (! b0056) (! b0057) b0058 (! b0059) b0060 (! b0061) (! b0062) b0063 b0064 b0065 b0066 b0067 b0068 b0069 (! b0070) (! b0071) (! b0072) (! b0073) (! b0074) (! b0075) (! b0076) (! b0077) (! b0078) (! b0079) (! b0080) b0081 (! b0082) b0083 (! b0084) (! b0085) (! b0086) (! b0087) (! b0088) (! b0089) (! b0090) (! b0091) (! b0092) b0093 b0094 b0095 b0096 (! b0097) (! b0098) b0099 b0100 b0101 b0102 b0103 b0104 b0105 b0106 b0107 b0108 b0109 b0110 b0111 b0112 b0113 b0114 b0115 b0116 b0117 b0118 b0119 b0120 b0121 b0122 (! b0123) (! b0124) b0125 b0126 b0127 b0128 (! b0129) (! b0130) b0131 b0132 b0133 (! b0134) b0135 b0136 b0137 b0138 (! b0139) (! b0140) b0141 b0142 b0143 b0144 b0145 b0146 (! b0147) (! b0148) b0149 b0150 b0151 b0152 b0153 (! b0154) (! b0155) (! b0156) (! b0157) b0158 b0159 b0160 b0161 b0162 b0163 b0164 b0165 b0166 b0167 b0168 b0169 b0170 b0171 b0172 b0173 b0174 b0175 b0176 b0177 b0178 b0179 b0180 b0181 b0182 b0183 b0184 b0185 b0186 b0187 b0188 b0189 b0190 b0191 b0192 b0193 b0194 b0195 b0196 b0197 b0198 b0199 b0200)
Time taken = 0.66894
Removing b0103
Removing b0125
Removing b0131
Removing b0142
Removing b0158
Removing b0149
Verifying sorted_insert_iter
Houdini assignment axiom: (And true b0000 b0001 b0002 b0003 b0004 b0005 b0006 (! b0007) (! b0008) (! b0009) (! b0010) (! b0011) (! b0012) (! b0013) (! b0014) b0015 b0016 b0017 b0018 (! b0019) (! b0020) b0021 (! b0022) b0023 (! b0024) (! b0025) (! b0026) (! b0027) b0028 (! b0029) b0030 (! b0031) (! b0032) (! b0033) (! b0034) (! b0035) (! b0036) b0037 b0038 b0039 b0040 (! b0041) (! b0042) (! b0043) (! b0044) b0045 (! b0046) b0047 (! b0048) (! b0049) (! b0050) (! b0051) (! b0052) (! b0053) (! b0054) (! b0055) (! b0056) (! b0057) b0058 (! b0059) b0060 (! b0061) (! b0062) b0063 b0064 b0065 b0066 b0067 b0068 b0069 (! b0070) (! b0071) (! b0072) (! b0073) (! b0074) (! b0075) (! b0076) (! b0077) (! b0078) (! b0079) (! b0080) b0081 (! b0082) b0083 (! b0084) (! b0085) (! b0086) (! b0087) (! b0088) (! b0089) (! b0090) (! b0091) (! b0092) b0093 b0094 b0095 b0096 (! b0097) (! b0098) b0099 b0100 b0101 b0102 (! b0103) b0104 b0105 b0106 b0107 b0108 b0109 b0110 b0111 b0112 b0113 b0114 b0115 b0116 b0117 b0118 b0119 b0120 b0121 b0122 (! b0123) (! b0124) (! b0125) b0126 b0127 b0128 (! b0129) (! b0130) (! b0131) b0132 b0133 (! b0134) b0135 b0136 b0137 b0138 (! b0139) (! b0140) b0141 (! b0142) b0143 b0144 b0145 b0146 (! b0147) (! b0148) (! b0149) b0150 b0151 b0152 b0153 (! b0154) (! b0155) (! b0156) (! b0157) (! b0158) b0159 b0160 b0161 b0162 b0163 b0164 b0165 b0166 b0167 b0168 b0169 b0170 b0171 b0172 b0173 b0174 b0175 b0176 b0177 b0178 b0179 b0180 b0181 b0182 b0183 b0184 b0185 b0186 b0187 b0188 b0189 b0190 b0191 b0192 b0193 b0194 b0195 b0196 b0197 b0198 b0199 b0200)
Time taken = 0.540179
Removing b0104
Removing b0144
Removing b0160
Verifying sorted_insert_iter
Houdini assignment axiom: (And true b0000 b0001 b0002 b0003 b0004 b0005 b0006 (! b0007) (! b0008) (! b0009) (! b0010) (! b0011) (! b0012) (! b0013) (! b0014) b0015 b0016 b0017 b0018 (! b0019) (! b0020) b0021 (! b0022) b0023 (! b0024) (! b0025) (! b0026) (! b0027) b0028 (! b0029) b0030 (! b0031) (! b0032) (! b0033) (! b0034) (! b0035) (! b0036) b0037 b0038 b0039 b0040 (! b0041) (! b0042) (! b0043) (! b0044) b0045 (! b0046) b0047 (! b0048) (! b0049) (! b0050) (! b0051) (! b0052) (! b0053) (! b0054) (! b0055) (! b0056) (! b0057) b0058 (! b0059) b0060 (! b0061) (! b0062) b0063 b0064 b0065 b0066 b0067 b0068 b0069 (! b0070) (! b0071) (! b0072) (! b0073) (! b0074) (! b0075) (! b0076) (! b0077) (! b0078) (! b0079) (! b0080) b0081 (! b0082) b0083 (! b0084) (! b0085) (! b0086) (! b0087) (! b0088) (! b0089) (! b0090) (! b0091) (! b0092) b0093 b0094 b0095 b0096 (! b0097) (! b0098) b0099 b0100 b0101 b0102 (! b0103) (! b0104) b0105 b0106 b0107 b0108 b0109 b0110 b0111 b0112 b0113 b0114 b0115 b0116 b0117 b0118 b0119 b0120 b0121 b0122 (! b0123) (! b0124) (! b0125) b0126 b0127 b0128 (! b0129) (! b0130) (! b0131) b0132 b0133 (! b0134) b0135 b0136 b0137 b0138 (! b0139) (! b0140) b0141 (! b0142) b0143 (! b0144) b0145 b0146 (! b0147) (! b0148) (! b0149) b0150 b0151 b0152 b0153 (! b0154) (! b0155) (! b0156) (! b0157) (! b0158) b0159 (! b0160) b0161 b0162 b0163 b0164 b0165 b0166 b0167 b0168 b0169 b0170 b0171 b0172 b0173 b0174 b0175 b0176 b0177 b0178 b0179 b0180 b0181 b0182 b0183 b0184 b0185 b0186 b0187 b0188 b0189 b0190 b0191 b0192 b0193 b0194 b0195 b0196 b0197 b0198 b0199 b0200)
Time taken = 0.52152
Removing b0109
Removing b0145
Removing b0162
Verifying sorted_insert_iter
Houdini assignment axiom: (And true b0000 b0001 b0002 b0003 b0004 b0005 b0006 (! b0007) (! b0008) (! b0009) (! b0010) (! b0011) (! b0012) (! b0013) (! b0014) b0015 b0016 b0017 b0018 (! b0019) (! b0020) b0021 (! b0022) b0023 (! b0024) (! b0025) (! b0026) (! b0027) b0028 (! b0029) b0030 (! b0031) (! b0032) (! b0033) (! b0034) (! b0035) (! b0036) b0037 b0038 b0039 b0040 (! b0041) (! b0042) (! b0043) (! b0044) b0045 (! b0046) b0047 (! b0048) (! b0049) (! b0050) (! b0051) (! b0052) (! b0053) (! b0054) (! b0055) (! b0056) (! b0057) b0058 (! b0059) b0060 (! b0061) (! b0062) b0063 b0064 b0065 b0066 b0067 b0068 b0069 (! b0070) (! b0071) (! b0072) (! b0073) (! b0074) (! b0075) (! b0076) (! b0077) (! b0078) (! b0079) (! b0080) b0081 (! b0082) b0083 (! b0084) (! b0085) (! b0086) (! b0087) (! b0088) (! b0089) (! b0090) (! b0091) (! b0092) b0093 b0094 b0095 b0096 (! b0097) (! b0098) b0099 b0100 b0101 b0102 (! b0103) (! b0104) b0105 b0106 b0107 b0108 (! b0109) b0110 b0111 b0112 b0113 b0114 b0115 b0116 b0117 b0118 b0119 b0120 b0121 b0122 (! b0123) (! b0124) (! b0125) b0126 b0127 b0128 (! b0129) (! b0130) (! b0131) b0132 b0133 (! b0134) b0135 b0136 b0137 b0138 (! b0139) (! b0140) b0141 (! b0142) b0143 (! b0144) (! b0145) b0146 (! b0147) (! b0148) (! b0149) b0150 b0151 b0152 b0153 (! b0154) (! b0155) (! b0156) (! b0157) (! b0158) b0159 (! b0160) b0161 (! b0162) b0163 b0164 b0165 b0166 b0167 b0168 b0169 b0170 b0171 b0172 b0173 b0174 b0175 b0176 b0177 b0178 b0179 b0180 b0181 b0182 b0183 b0184 b0185 b0186 b0187 b0188 b0189 b0190 b0191 b0192 b0193 b0194 b0195 b0196 b0197 b0198 b0199 b0200)
Time taken = 0.751163
Removing b0110
Removing b0146
Removing b0163
Removing b0175
Removing b0165
Removing b0005
Verifying sorted_insert_iter
Houdini assignment axiom: (And true b0000 b0001 b0002 b0003 b0004 (! b0005) b0006 (! b0007) (! b0008) (! b0009) (! b0010) (! b0011) (! b0012) (! b0013) (! b0014) b0015 b0016 b0017 b0018 (! b0019) (! b0020) b0021 (! b0022) b0023 (! b0024) (! b0025) (! b0026) (! b0027) b0028 (! b0029) b0030 (! b0031) (! b0032) (! b0033) (! b0034) (! b0035) (! b0036) b0037 b0038 b0039 b0040 (! b0041) (! b0042) (! b0043) (! b0044) b0045 (! b0046) b0047 (! b0048) (! b0049) (! b0050) (! b0051) (! b0052) (! b0053) (! b0054) (! b0055) (! b0056) (! b0057) b0058 (! b0059) b0060 (! b0061) (! b0062) b0063 b0064 b0065 b0066 b0067 b0068 b0069 (! b0070) (! b0071) (! b0072) (! b0073) (! b0074) (! b0075) (! b0076) (! b0077) (! b0078) (! b0079) (! b0080) b0081 (! b0082) b0083 (! b0084) (! b0085) (! b0086) (! b0087) (! b0088) (! b0089) (! b0090) (! b0091) (! b0092) b0093 b0094 b0095 b0096 (! b0097) (! b0098) b0099 b0100 b0101 b0102 (! b0103) (! b0104) b0105 b0106 b0107 b0108 (! b0109) (! b0110) b0111 b0112 b0113 b0114 b0115 b0116 b0117 b0118 b0119 b0120 b0121 b0122 (! b0123) (! b0124) (! b0125) b0126 b0127 b0128 (! b0129) (! b0130) (! b0131) b0132 b0133 (! b0134) b0135 b0136 b0137 b0138 (! b0139) (! b0140) b0141 (! b0142) b0143 (! b0144) (! b0145) (! b0146) (! b0147) (! b0148) (! b0149) b0150 b0151 b0152 b0153 (! b0154) (! b0155) (! b0156) (! b0157) (! b0158) b0159 (! b0160) b0161 (! b0162) (! b0163) b0164 (! b0165) b0166 b0167 b0168 b0169 b0170 b0171 b0172 b0173 b0174 (! b0175) b0176 b0177 b0178 b0179 b0180 b0181 b0182 b0183 b0184 b0185 b0186 b0187 b0188 b0189 b0190 b0191 b0192 b0193 b0194 b0195 b0196 b0197 b0198 b0199 b0200)
Time taken = 0.788048
Removing b0115
Removing b0164
Removing b0166
Removing b0167
Removing b0176
Removing b0017
Verifying sorted_insert_iter
Houdini assignment axiom: (And true b0000 b0001 b0002 b0003 b0004 (! b0005) b0006 (! b0007) (! b0008) (! b0009) (! b0010) (! b0011) (! b0012) (! b0013) (! b0014) b0015 b0016 (! b0017) b0018 (! b0019) (! b0020) b0021 (! b0022) b0023 (! b0024) (! b0025) (! b0026) (! b0027) b0028 (! b0029) b0030 (! b0031) (! b0032) (! b0033) (! b0034) (! b0035) (! b0036) b0037 b0038 b0039 b0040 (! b0041) (! b0042) (! b0043) (! b0044) b0045 (! b0046) b0047 (! b0048) (! b0049) (! b0050) (! b0051) (! b0052) (! b0053) (! b0054) (! b0055) (! b0056) (! b0057) b0058 (! b0059) b0060 (! b0061) (! b0062) b0063 b0064 b0065 b0066 b0067 b0068 b0069 (! b0070) (! b0071) (! b0072) (! b0073) (! b0074) (! b0075) (! b0076) (! b0077) (! b0078) (! b0079) (! b0080) b0081 (! b0082) b0083 (! b0084) (! b0085) (! b0086) (! b0087) (! b0088) (! b0089) (! b0090) (! b0091) (! b0092) b0093 b0094 b0095 b0096 (! b0097) (! b0098) b0099 b0100 b0101 b0102 (! b0103) (! b0104) b0105 b0106 b0107 b0108 (! b0109) (! b0110) b0111 b0112 b0113 b0114 (! b0115) b0116 b0117 b0118 b0119 b0120 b0121 b0122 (! b0123) (! b0124) (! b0125) b0126 b0127 b0128 (! b0129) (! b0130) (! b0131) b0132 b0133 (! b0134) b0135 b0136 b0137 b0138 (! b0139) (! b0140) b0141 (! b0142) b0143 (! b0144) (! b0145) (! b0146) (! b0147) (! b0148) (! b0149) b0150 b0151 b0152 b0153 (! b0154) (! b0155) (! b0156) (! b0157) (! b0158) b0159 (! b0160) b0161 (! b0162) (! b0163) (! b0164) (! b0165) (! b0166) (! b0167) b0168 b0169 b0170 b0171 b0172 b0173 b0174 (! b0175) (! b0176) b0177 b0178 b0179 b0180 b0181 b0182 b0183 b0184 b0185 b0186 b0187 b0188 b0189 b0190 b0191 b0192 b0193 b0194 b0195 b0196 b0197 b0198 b0199 b0200)
Time taken = 0.781704
Removing b0116
Removing b0168
Removing b0169
Removing b0181
Removing b0038
Removing b0045
Removing b0023
Verifying sorted_insert_iter
Houdini assignment axiom: (And true b0000 b0001 b0002 b0003 b0004 (! b0005) b0006 (! b0007) (! b0008) (! b0009) (! b0010) (! b0011) (! b0012) (! b0013) (! b0014) b0015 b0016 (! b0017) b0018 (! b0019) (! b0020) b0021 (! b0022) (! b0023) (! b0024) (! b0025) (! b0026) (! b0027) b0028 (! b0029) b0030 (! b0031) (! b0032) (! b0033) (! b0034) (! b0035) (! b0036) b0037 (! b0038) b0039 b0040 (! b0041) (! b0042) (! b0043) (! b0044) (! b0045) (! b0046) b0047 (! b0048) (! b0049) (! b0050) (! b0051) (! b0052) (! b0053) (! b0054) (! b0055) (! b0056) (! b0057) b0058 (! b0059) b0060 (! b0061) (! b0062) b0063 b0064 b0065 b0066 b0067 b0068 b0069 (! b0070) (! b0071) (! b0072) (! b0073) (! b0074) (! b0075) (! b0076) (! b0077) (! b0078) (! b0079) (! b0080) b0081 (! b0082) b0083 (! b0084) (! b0085) (! b0086) (! b0087) (! b0088) (! b0089) (! b0090) (! b0091) (! b0092) b0093 b0094 b0095 b0096 (! b0097) (! b0098) b0099 b0100 b0101 b0102 (! b0103) (! b0104) b0105 b0106 b0107 b0108 (! b0109) (! b0110) b0111 b0112 b0113 b0114 (! b0115) (! b0116) b0117 b0118 b0119 b0120 b0121 b0122 (! b0123) (! b0124) (! b0125) b0126 b0127 b0128 (! b0129) (! b0130) (! b0131) b0132 b0133 (! b0134) b0135 b0136 b0137 b0138 (! b0139) (! b0140) b0141 (! b0142) b0143 (! b0144) (! b0145) (! b0146) (! b0147) (! b0148) (! b0149) b0150 b0151 b0152 b0153 (! b0154) (! b0155) (! b0156) (! b0157) (! b0158) b0159 (! b0160) b0161 (! b0162) (! b0163) (! b0164) (! b0165) (! b0166) (! b0167) (! b0168) (! b0169) b0170 b0171 b0172 b0173 b0174 (! b0175) (! b0176) b0177 b0178 b0179 b0180 (! b0181) b0182 b0183 b0184 b0185 b0186 b0187 b0188 b0189 b0190 b0191 b0192 b0193 b0194 b0195 b0196 b0197 b0198 b0199 b0200)
Time taken = 0.618783
Removing b0117
Removing b0170
Removing b0182
Removing b0047
Verifying sorted_insert_iter
Houdini assignment axiom: (And true b0000 b0001 b0002 b0003 b0004 (! b0005) b0006 (! b0007) (! b0008) (! b0009) (! b0010) (! b0011) (! b0012) (! b0013) (! b0014) b0015 b0016 (! b0017) b0018 (! b0019) (! b0020) b0021 (! b0022) (! b0023) (! b0024) (! b0025) (! b0026) (! b0027) b0028 (! b0029) b0030 (! b0031) (! b0032) (! b0033) (! b0034) (! b0035) (! b0036) b0037 (! b0038) b0039 b0040 (! b0041) (! b0042) (! b0043) (! b0044) (! b0045) (! b0046) (! b0047) (! b0048) (! b0049) (! b0050) (! b0051) (! b0052) (! b0053) (! b0054) (! b0055) (! b0056) (! b0057) b0058 (! b0059) b0060 (! b0061) (! b0062) b0063 b0064 b0065 b0066 b0067 b0068 b0069 (! b0070) (! b0071) (! b0072) (! b0073) (! b0074) (! b0075) (! b0076) (! b0077) (! b0078) (! b0079) (! b0080) b0081 (! b0082) b0083 (! b0084) (! b0085) (! b0086) (! b0087) (! b0088) (! b0089) (! b0090) (! b0091) (! b0092) b0093 b0094 b0095 b0096 (! b0097) (! b0098) b0099 b0100 b0101 b0102 (! b0103) (! b0104) b0105 b0106 b0107 b0108 (! b0109) (! b0110) b0111 b0112 b0113 b0114 (! b0115) (! b0116) (! b0117) b0118 b0119 b0120 b0121 b0122 (! b0123) (! b0124) (! b0125) b0126 b0127 b0128 (! b0129) (! b0130) (! b0131) b0132 b0133 (! b0134) b0135 b0136 b0137 b0138 (! b0139) (! b0140) b0141 (! b0142) b0143 (! b0144) (! b0145) (! b0146) (! b0147) (! b0148) (! b0149) b0150 b0151 b0152 b0153 (! b0154) (! b0155) (! b0156) (! b0157) (! b0158) b0159 (! b0160) b0161 (! b0162) (! b0163) (! b0164) (! b0165) (! b0166) (! b0167) (! b0168) (! b0169) (! b0170) b0171 b0172 b0173 b0174 (! b0175) (! b0176) b0177 b0178 b0179 b0180 (! b0181) (! b0182) b0183 b0184 b0185 b0186 b0187 b0188 b0189 b0190 b0191 b0192 b0193 b0194 b0195 b0196 b0197 b0198 b0199 b0200)
Time taken = 0.586423
Removing b0119
Removing b0184
Removing b0193
Removing b0058
Verifying sorted_insert_iter
Houdini assignment axiom: (And true b0000 b0001 b0002 b0003 b0004 (! b0005) b0006 (! b0007) (! b0008) (! b0009) (! b0010) (! b0011) (! b0012) (! b0013) (! b0014) b0015 b0016 (! b0017) b0018 (! b0019) (! b0020) b0021 (! b0022) (! b0023) (! b0024) (! b0025) (! b0026) (! b0027) b0028 (! b0029) b0030 (! b0031) (! b0032) (! b0033) (! b0034) (! b0035) (! b0036) b0037 (! b0038) b0039 b0040 (! b0041) (! b0042) (! b0043) (! b0044) (! b0045) (! b0046) (! b0047) (! b0048) (! b0049) (! b0050) (! b0051) (! b0052) (! b0053) (! b0054) (! b0055) (! b0056) (! b0057) (! b0058) (! b0059) b0060 (! b0061) (! b0062) b0063 b0064 b0065 b0066 b0067 b0068 b0069 (! b0070) (! b0071) (! b0072) (! b0073) (! b0074) (! b0075) (! b0076) (! b0077) (! b0078) (! b0079) (! b0080) b0081 (! b0082) b0083 (! b0084) (! b0085) (! b0086) (! b0087) (! b0088) (! b0089) (! b0090) (! b0091) (! b0092) b0093 b0094 b0095 b0096 (! b0097) (! b0098) b0099 b0100 b0101 b0102 (! b0103) (! b0104) b0105 b0106 b0107 b0108 (! b0109) (! b0110) b0111 b0112 b0113 b0114 (! b0115) (! b0116) (! b0117) b0118 (! b0119) b0120 b0121 b0122 (! b0123) (! b0124) (! b0125) b0126 b0127 b0128 (! b0129) (! b0130) (! b0131) b0132 b0133 (! b0134) b0135 b0136 b0137 b0138 (! b0139) (! b0140) b0141 (! b0142) b0143 (! b0144) (! b0145) (! b0146) (! b0147) (! b0148) (! b0149) b0150 b0151 b0152 b0153 (! b0154) (! b0155) (! b0156) (! b0157) (! b0158) b0159 (! b0160) b0161 (! b0162) (! b0163) (! b0164) (! b0165) (! b0166) (! b0167) (! b0168) (! b0169) (! b0170) b0171 b0172 b0173 b0174 (! b0175) (! b0176) b0177 b0178 b0179 b0180 (! b0181) (! b0182) b0183 (! b0184) b0185 b0186 b0187 b0188 b0189 b0190 b0191 b0192 (! b0193) b0194 b0195 b0196 b0197 b0198 b0199 b0200)
Time taken = 1.072614
Removing b0194
Removing b0186
Removing b0068
Removing b0159
Removing b0152
Verifying sorted_insert_iter
Houdini assignment axiom: (And true b0000 b0001 b0002 b0003 b0004 (! b0005) b0006 (! b0007) (! b0008) (! b0009) (! b0010) (! b0011) (! b0012) (! b0013) (! b0014) b0015 b0016 (! b0017) b0018 (! b0019) (! b0020) b0021 (! b0022) (! b0023) (! b0024) (! b0025) (! b0026) (! b0027) b0028 (! b0029) b0030 (! b0031) (! b0032) (! b0033) (! b0034) (! b0035) (! b0036) b0037 (! b0038) b0039 b0040 (! b0041) (! b0042) (! b0043) (! b0044) (! b0045) (! b0046) (! b0047) (! b0048) (! b0049) (! b0050) (! b0051) (! b0052) (! b0053) (! b0054) (! b0055) (! b0056) (! b0057) (! b0058) (! b0059) b0060 (! b0061) (! b0062) b0063 b0064 b0065 b0066 b0067 (! b0068) b0069 (! b0070) (! b0071) (! b0072) (! b0073) (! b0074) (! b0075) (! b0076) (! b0077) (! b0078) (! b0079) (! b0080) b0081 (! b0082) b0083 (! b0084) (! b0085) (! b0086) (! b0087) (! b0088) (! b0089) (! b0090) (! b0091) (! b0092) b0093 b0094 b0095 b0096 (! b0097) (! b0098) b0099 b0100 b0101 b0102 (! b0103) (! b0104) b0105 b0106 b0107 b0108 (! b0109) (! b0110) b0111 b0112 b0113 b0114 (! b0115) (! b0116) (! b0117) b0118 (! b0119) b0120 b0121 b0122 (! b0123) (! b0124) (! b0125) b0126 b0127 b0128 (! b0129) (! b0130) (! b0131) b0132 b0133 (! b0134) b0135 b0136 b0137 b0138 (! b0139) (! b0140) b0141 (! b0142) b0143 (! b0144) (! b0145) (! b0146) (! b0147) (! b0148) (! b0149) b0150 b0151 (! b0152) b0153 (! b0154) (! b0155) (! b0156) (! b0157) (! b0158) (! b0159) (! b0160) b0161 (! b0162) (! b0163) (! b0164) (! b0165) (! b0166) (! b0167) (! b0168) (! b0169) (! b0170) b0171 b0172 b0173 b0174 (! b0175) (! b0176) b0177 b0178 b0179 b0180 (! b0181) (! b0182) b0183 (! b0184) b0185 (! b0186) b0187 b0188 b0189 b0190 b0191 b0192 (! b0193) (! b0194) b0195 b0196 b0197 b0198 b0199 b0200)
Time taken = 3.439945
Removing b0199
Removing b0190
Removing b0199
Removing b0200
Removing b0161
Removing b0173
Removing b0190
Verifying sorted_insert_iter
Houdini assignment axiom: (And true b0000 b0001 b0002 b0003 b0004 (! b0005) b0006 (! b0007) (! b0008) (! b0009) (! b0010) (! b0011) (! b0012) (! b0013) (! b0014) b0015 b0016 (! b0017) b0018 (! b0019) (! b0020) b0021 (! b0022) (! b0023) (! b0024) (! b0025) (! b0026) (! b0027) b0028 (! b0029) b0030 (! b0031) (! b0032) (! b0033) (! b0034) (! b0035) (! b0036) b0037 (! b0038) b0039 b0040 (! b0041) (! b0042) (! b0043) (! b0044) (! b0045) (! b0046) (! b0047) (! b0048) (! b0049) (! b0050) (! b0051) (! b0052) (! b0053) (! b0054) (! b0055) (! b0056) (! b0057) (! b0058) (! b0059) b0060 (! b0061) (! b0062) b0063 b0064 b0065 b0066 b0067 (! b0068) b0069 (! b0070) (! b0071) (! b0072) (! b0073) (! b0074) (! b0075) (! b0076) (! b0077) (! b0078) (! b0079) (! b0080) b0081 (! b0082) b0083 (! b0084) (! b0085) (! b0086) (! b0087) (! b0088) (! b0089) (! b0090) (! b0091) (! b0092) b0093 b0094 b0095 b0096 (! b0097) (! b0098) b0099 b0100 b0101 b0102 (! b0103) (! b0104) b0105 b0106 b0107 b0108 (! b0109) (! b0110) b0111 b0112 b0113 b0114 (! b0115) (! b0116) (! b0117) b0118 (! b0119) b0120 b0121 b0122 (! b0123) (! b0124) (! b0125) b0126 b0127 b0128 (! b0129) (! b0130) (! b0131) b0132 b0133 (! b0134) b0135 b0136 b0137 b0138 (! b0139) (! b0140) b0141 (! b0142) b0143 (! b0144) (! b0145) (! b0146) (! b0147) (! b0148) (! b0149) b0150 b0151 (! b0152) b0153 (! b0154) (! b0155) (! b0156) (! b0157) (! b0158) (! b0159) (! b0160) (! b0161) (! b0162) (! b0163) (! b0164) (! b0165) (! b0166) (! b0167) (! b0168) (! b0169) (! b0170) b0171 b0172 (! b0173) b0174 (! b0175) (! b0176) b0177 b0178 b0179 b0180 (! b0181) (! b0182) b0183 (! b0184) b0185 (! b0186) b0187 b0188 b0189 (! b0190) b0191 b0192 (! b0193) (! b0194) b0195 b0196 b0197 b0198 (! b0199) (! b0200))
Time taken = 2.709622
Removing b0192
Removing b0191
Removing b0179
Removing b0192
Verifying sorted_insert_iter
Houdini assignment axiom: (And true b0000 b0001 b0002 b0003 b0004 (! b0005) b0006 (! b0007) (! b0008) (! b0009) (! b0010) (! b0011) (! b0012) (! b0013) (! b0014) b0015 b0016 (! b0017) b0018 (! b0019) (! b0020) b0021 (! b0022) (! b0023) (! b0024) (! b0025) (! b0026) (! b0027) b0028 (! b0029) b0030 (! b0031) (! b0032) (! b0033) (! b0034) (! b0035) (! b0036) b0037 (! b0038) b0039 b0040 (! b0041) (! b0042) (! b0043) (! b0044) (! b0045) (! b0046) (! b0047) (! b0048) (! b0049) (! b0050) (! b0051) (! b0052) (! b0053) (! b0054) (! b0055) (! b0056) (! b0057) (! b0058) (! b0059) b0060 (! b0061) (! b0062) b0063 b0064 b0065 b0066 b0067 (! b0068) b0069 (! b0070) (! b0071) (! b0072) (! b0073) (! b0074) (! b0075) (! b0076) (! b0077) (! b0078) (! b0079) (! b0080) b0081 (! b0082) b0083 (! b0084) (! b0085) (! b0086) (! b0087) (! b0088) (! b0089) (! b0090) (! b0091) (! b0092) b0093 b0094 b0095 b0096 (! b0097) (! b0098) b0099 b0100 b0101 b0102 (! b0103) (! b0104) b0105 b0106 b0107 b0108 (! b0109) (! b0110) b0111 b0112 b0113 b0114 (! b0115) (! b0116) (! b0117) b0118 (! b0119) b0120 b0121 b0122 (! b0123) (! b0124) (! b0125) b0126 b0127 b0128 (! b0129) (! b0130) (! b0131) b0132 b0133 (! b0134) b0135 b0136 b0137 b0138 (! b0139) (! b0140) b0141 (! b0142) b0143 (! b0144) (! b0145) (! b0146) (! b0147) (! b0148) (! b0149) b0150 b0151 (! b0152) b0153 (! b0154) (! b0155) (! b0156) (! b0157) (! b0158) (! b0159) (! b0160) (! b0161) (! b0162) (! b0163) (! b0164) (! b0165) (! b0166) (! b0167) (! b0168) (! b0169) (! b0170) b0171 b0172 (! b0173) b0174 (! b0175) (! b0176) b0177 b0178 (! b0179) b0180 (! b0181) (! b0182) b0183 (! b0184) b0185 (! b0186) b0187 b0188 b0189 (! b0190) (! b0191) (! b0192) (! b0193) (! b0194) b0195 b0196 b0197 b0198 (! b0199) (! b0200))
Time taken = 3.270551
Removing b0081
Removing b0137
Removing b0195
Removing b0197
Verifying sorted_insert_iter
Houdini assignment axiom: (And true b0000 b0001 b0002 b0003 b0004 (! b0005) b0006 (! b0007) (! b0008) (! b0009) (! b0010) (! b0011) (! b0012) (! b0013) (! b0014) b0015 b0016 (! b0017) b0018 (! b0019) (! b0020) b0021 (! b0022) (! b0023) (! b0024) (! b0025) (! b0026) (! b0027) b0028 (! b0029) b0030 (! b0031) (! b0032) (! b0033) (! b0034) (! b0035) (! b0036) b0037 (! b0038) b0039 b0040 (! b0041) (! b0042) (! b0043) (! b0044) (! b0045) (! b0046) (! b0047) (! b0048) (! b0049) (! b0050) (! b0051) (! b0052) (! b0053) (! b0054) (! b0055) (! b0056) (! b0057) (! b0058) (! b0059) b0060 (! b0061) (! b0062) b0063 b0064 b0065 b0066 b0067 (! b0068) b0069 (! b0070) (! b0071) (! b0072) (! b0073) (! b0074) (! b0075) (! b0076) (! b0077) (! b0078) (! b0079) (! b0080) (! b0081) (! b0082) b0083 (! b0084) (! b0085) (! b0086) (! b0087) (! b0088) (! b0089) (! b0090) (! b0091) (! b0092) b0093 b0094 b0095 b0096 (! b0097) (! b0098) b0099 b0100 b0101 b0102 (! b0103) (! b0104) b0105 b0106 b0107 b0108 (! b0109) (! b0110) b0111 b0112 b0113 b0114 (! b0115) (! b0116) (! b0117) b0118 (! b0119) b0120 b0121 b0122 (! b0123) (! b0124) (! b0125) b0126 b0127 b0128 (! b0129) (! b0130) (! b0131) b0132 b0133 (! b0134) b0135 b0136 (! b0137) b0138 (! b0139) (! b0140) b0141 (! b0142) b0143 (! b0144) (! b0145) (! b0146) (! b0147) (! b0148) (! b0149) b0150 b0151 (! b0152) b0153 (! b0154) (! b0155) (! b0156) (! b0157) (! b0158) (! b0159) (! b0160) (! b0161) (! b0162) (! b0163) (! b0164) (! b0165) (! b0166) (! b0167) (! b0168) (! b0169) (! b0170) b0171 b0172 (! b0173) b0174 (! b0175) (! b0176) b0177 b0178 (! b0179) b0180 (! b0181) (! b0182) b0183 (! b0184) b0185 (! b0186) b0187 b0188 b0189 (! b0190) (! b0191) (! b0192) (! b0193) (! b0194) (! b0195) b0196 (! b0197) b0198 (! b0199) (! b0200))
Time taken = 4.389485
Removing b0083
Removing b0141
Verifying sorted_insert_iter
Houdini assignment axiom: (And true b0000 b0001 b0002 b0003 b0004 (! b0005) b0006 (! b0007) (! b0008) (! b0009) (! b0010) (! b0011) (! b0012) (! b0013) (! b0014) b0015 b0016 (! b0017) b0018 (! b0019) (! b0020) b0021 (! b0022) (! b0023) (! b0024) (! b0025) (! b0026) (! b0027) b0028 (! b0029) b0030 (! b0031) (! b0032) (! b0033) (! b0034) (! b0035) (! b0036) b0037 (! b0038) b0039 b0040 (! b0041) (! b0042) (! b0043) (! b0044) (! b0045) (! b0046) (! b0047) (! b0048) (! b0049) (! b0050) (! b0051) (! b0052) (! b0053) (! b0054) (! b0055) (! b0056) (! b0057) (! b0058) (! b0059) b0060 (! b0061) (! b0062) b0063 b0064 b0065 b0066 b0067 (! b0068) b0069 (! b0070) (! b0071) (! b0072) (! b0073) (! b0074) (! b0075) (! b0076) (! b0077) (! b0078) (! b0079) (! b0080) (! b0081) (! b0082) (! b0083) (! b0084) (! b0085) (! b0086) (! b0087) (! b0088) (! b0089) (! b0090) (! b0091) (! b0092) b0093 b0094 b0095 b0096 (! b0097) (! b0098) b0099 b0100 b0101 b0102 (! b0103) (! b0104) b0105 b0106 b0107 b0108 (! b0109) (! b0110) b0111 b0112 b0113 b0114 (! b0115) (! b0116) (! b0117) b0118 (! b0119) b0120 b0121 b0122 (! b0123) (! b0124) (! b0125) b0126 b0127 b0128 (! b0129) (! b0130) (! b0131) b0132 b0133 (! b0134) b0135 b0136 (! b0137) b0138 (! b0139) (! b0140) (! b0141) (! b0142) b0143 (! b0144) (! b0145) (! b0146) (! b0147) (! b0148) (! b0149) b0150 b0151 (! b0152) b0153 (! b0154) (! b0155) (! b0156) (! b0157) (! b0158) (! b0159) (! b0160) (! b0161) (! b0162) (! b0163) (! b0164) (! b0165) (! b0166) (! b0167) (! b0168) (! b0169) (! b0170) b0171 b0172 (! b0173) b0174 (! b0175) (! b0176) b0177 b0178 (! b0179) b0180 (! b0181) (! b0182) b0183 (! b0184) b0185 (! b0186) b0187 b0188 b0189 (! b0190) (! b0191) (! b0192) (! b0193) (! b0194) (! b0195) b0196 (! b0197) b0198 (! b0199) (! b0200))
Time taken = 3.165147
Removing b0093
Removing b0143
Verifying sorted_insert_iter
Houdini assignment axiom: (And true b0000 b0001 b0002 b0003 b0004 (! b0005) b0006 (! b0007) (! b0008) (! b0009) (! b0010) (! b0011) (! b0012) (! b0013) (! b0014) b0015 b0016 (! b0017) b0018 (! b0019) (! b0020) b0021 (! b0022) (! b0023) (! b0024) (! b0025) (! b0026) (! b0027) b0028 (! b0029) b0030 (! b0031) (! b0032) (! b0033) (! b0034) (! b0035) (! b0036) b0037 (! b0038) b0039 b0040 (! b0041) (! b0042) (! b0043) (! b0044) (! b0045) (! b0046) (! b0047) (! b0048) (! b0049) (! b0050) (! b0051) (! b0052) (! b0053) (! b0054) (! b0055) (! b0056) (! b0057) (! b0058) (! b0059) b0060 (! b0061) (! b0062) b0063 b0064 b0065 b0066 b0067 (! b0068) b0069 (! b0070) (! b0071) (! b0072) (! b0073) (! b0074) (! b0075) (! b0076) (! b0077) (! b0078) (! b0079) (! b0080) (! b0081) (! b0082) (! b0083) (! b0084) (! b0085) (! b0086) (! b0087) (! b0088) (! b0089) (! b0090) (! b0091) (! b0092) (! b0093) b0094 b0095 b0096 (! b0097) (! b0098) b0099 b0100 b0101 b0102 (! b0103) (! b0104) b0105 b0106 b0107 b0108 (! b0109) (! b0110) b0111 b0112 b0113 b0114 (! b0115) (! b0116) (! b0117) b0118 (! b0119) b0120 b0121 b0122 (! b0123) (! b0124) (! b0125) b0126 b0127 b0128 (! b0129) (! b0130) (! b0131) b0132 b0133 (! b0134) b0135 b0136 (! b0137) b0138 (! b0139) (! b0140) (! b0141) (! b0142) (! b0143) (! b0144) (! b0145) (! b0146) (! b0147) (! b0148) (! b0149) b0150 b0151 (! b0152) b0153 (! b0154) (! b0155) (! b0156) (! b0157) (! b0158) (! b0159) (! b0160) (! b0161) (! b0162) (! b0163) (! b0164) (! b0165) (! b0166) (! b0167) (! b0168) (! b0169) (! b0170) b0171 b0172 (! b0173) b0174 (! b0175) (! b0176) b0177 b0178 (! b0179) b0180 (! b0181) (! b0182) b0183 (! b0184) b0185 (! b0186) b0187 b0188 b0189 (! b0190) (! b0191) (! b0192) (! b0193) (! b0194) (! b0195) b0196 (! b0197) b0198 (! b0199) (! b0200))
Time taken = 4.609496
Removing b0094
Removing b0180
Verifying sorted_insert_iter
Houdini assignment axiom: (And true b0000 b0001 b0002 b0003 b0004 (! b0005) b0006 (! b0007) (! b0008) (! b0009) (! b0010) (! b0011) (! b0012) (! b0013) (! b0014) b0015 b0016 (! b0017) b0018 (! b0019) (! b0020) b0021 (! b0022) (! b0023) (! b0024) (! b0025) (! b0026) (! b0027) b0028 (! b0029) b0030 (! b0031) (! b0032) (! b0033) (! b0034) (! b0035) (! b0036) b0037 (! b0038) b0039 b0040 (! b0041) (! b0042) (! b0043) (! b0044) (! b0045) (! b0046) (! b0047) (! b0048) (! b0049) (! b0050) (! b0051) (! b0052) (! b0053) (! b0054) (! b0055) (! b0056) (! b0057) (! b0058) (! b0059) b0060 (! b0061) (! b0062) b0063 b0064 b0065 b0066 b0067 (! b0068) b0069 (! b0070) (! b0071) (! b0072) (! b0073) (! b0074) (! b0075) (! b0076) (! b0077) (! b0078) (! b0079) (! b0080) (! b0081) (! b0082) (! b0083) (! b0084) (! b0085) (! b0086) (! b0087) (! b0088) (! b0089) (! b0090) (! b0091) (! b0092) (! b0093) (! b0094) b0095 b0096 (! b0097) (! b0098) b0099 b0100 b0101 b0102 (! b0103) (! b0104) b0105 b0106 b0107 b0108 (! b0109) (! b0110) b0111 b0112 b0113 b0114 (! b0115) (! b0116) (! b0117) b0118 (! b0119) b0120 b0121 b0122 (! b0123) (! b0124) (! b0125) b0126 b0127 b0128 (! b0129) (! b0130) (! b0131) b0132 b0133 (! b0134) b0135 b0136 (! b0137) b0138 (! b0139) (! b0140) (! b0141) (! b0142) (! b0143) (! b0144) (! b0145) (! b0146) (! b0147) (! b0148) (! b0149) b0150 b0151 (! b0152) b0153 (! b0154) (! b0155) (! b0156) (! b0157) (! b0158) (! b0159) (! b0160) (! b0161) (! b0162) (! b0163) (! b0164) (! b0165) (! b0166) (! b0167) (! b0168) (! b0169) (! b0170) b0171 b0172 (! b0173) b0174 (! b0175) (! b0176) b0177 b0178 (! b0179) (! b0180) (! b0181) (! b0182) b0183 (! b0184) b0185 (! b0186) b0187 b0188 b0189 (! b0190) (! b0191) (! b0192) (! b0193) (! b0194) (! b0195) b0196 (! b0197) b0198 (! b0199) (! b0200))
Time taken = 5.028542
Removing b0095
Removing b0183
Verifying sorted_insert_iter
Houdini assignment axiom: (And true b0000 b0001 b0002 b0003 b0004 (! b0005) b0006 (! b0007) (! b0008) (! b0009) (! b0010) (! b0011) (! b0012) (! b0013) (! b0014) b0015 b0016 (! b0017) b0018 (! b0019) (! b0020) b0021 (! b0022) (! b0023) (! b0024) (! b0025) (! b0026) (! b0027) b0028 (! b0029) b0030 (! b0031) (! b0032) (! b0033) (! b0034) (! b0035) (! b0036) b0037 (! b0038) b0039 b0040 (! b0041) (! b0042) (! b0043) (! b0044) (! b0045) (! b0046) (! b0047) (! b0048) (! b0049) (! b0050) (! b0051) (! b0052) (! b0053) (! b0054) (! b0055) (! b0056) (! b0057) (! b0058) (! b0059) b0060 (! b0061) (! b0062) b0063 b0064 b0065 b0066 b0067 (! b0068) b0069 (! b0070) (! b0071) (! b0072) (! b0073) (! b0074) (! b0075) (! b0076) (! b0077) (! b0078) (! b0079) (! b0080) (! b0081) (! b0082) (! b0083) (! b0084) (! b0085) (! b0086) (! b0087) (! b0088) (! b0089) (! b0090) (! b0091) (! b0092) (! b0093) (! b0094) (! b0095) b0096 (! b0097) (! b0098) b0099 b0100 b0101 b0102 (! b0103) (! b0104) b0105 b0106 b0107 b0108 (! b0109) (! b0110) b0111 b0112 b0113 b0114 (! b0115) (! b0116) (! b0117) b0118 (! b0119) b0120 b0121 b0122 (! b0123) (! b0124) (! b0125) b0126 b0127 b0128 (! b0129) (! b0130) (! b0131) b0132 b0133 (! b0134) b0135 b0136 (! b0137) b0138 (! b0139) (! b0140) (! b0141) (! b0142) (! b0143) (! b0144) (! b0145) (! b0146) (! b0147) (! b0148) (! b0149) b0150 b0151 (! b0152) b0153 (! b0154) (! b0155) (! b0156) (! b0157) (! b0158) (! b0159) (! b0160) (! b0161) (! b0162) (! b0163) (! b0164) (! b0165) (! b0166) (! b0167) (! b0168) (! b0169) (! b0170) b0171 b0172 (! b0173) b0174 (! b0175) (! b0176) b0177 b0178 (! b0179) (! b0180) (! b0181) (! b0182) (! b0183) (! b0184) b0185 (! b0186) b0187 b0188 b0189 (! b0190) (! b0191) (! b0192) (! b0193) (! b0194) (! b0195) b0196 (! b0197) b0198 (! b0199) (! b0200))
Time taken = 3.08724
Removing b0096
Removing b0189
Verifying sorted_insert_iter
Houdini assignment axiom: (And true b0000 b0001 b0002 b0003 b0004 (! b0005) b0006 (! b0007) (! b0008) (! b0009) (! b0010) (! b0011) (! b0012) (! b0013) (! b0014) b0015 b0016 (! b0017) b0018 (! b0019) (! b0020) b0021 (! b0022) (! b0023) (! b0024) (! b0025) (! b0026) (! b0027) b0028 (! b0029) b0030 (! b0031) (! b0032) (! b0033) (! b0034) (! b0035) (! b0036) b0037 (! b0038) b0039 b0040 (! b0041) (! b0042) (! b0043) (! b0044) (! b0045) (! b0046) (! b0047) (! b0048) (! b0049) (! b0050) (! b0051) (! b0052) (! b0053) (! b0054) (! b0055) (! b0056) (! b0057) (! b0058) (! b0059) b0060 (! b0061) (! b0062) b0063 b0064 b0065 b0066 b0067 (! b0068) b0069 (! b0070) (! b0071) (! b0072) (! b0073) (! b0074) (! b0075) (! b0076) (! b0077) (! b0078) (! b0079) (! b0080) (! b0081) (! b0082) (! b0083) (! b0084) (! b0085) (! b0086) (! b0087) (! b0088) (! b0089) (! b0090) (! b0091) (! b0092) (! b0093) (! b0094) (! b0095) (! b0096) (! b0097) (! b0098) b0099 b0100 b0101 b0102 (! b0103) (! b0104) b0105 b0106 b0107 b0108 (! b0109) (! b0110) b0111 b0112 b0113 b0114 (! b0115) (! b0116) (! b0117) b0118 (! b0119) b0120 b0121 b0122 (! b0123) (! b0124) (! b0125) b0126 b0127 b0128 (! b0129) (! b0130) (! b0131) b0132 b0133 (! b0134) b0135 b0136 (! b0137) b0138 (! b0139) (! b0140) (! b0141) (! b0142) (! b0143) (! b0144) (! b0145) (! b0146) (! b0147) (! b0148) (! b0149) b0150 b0151 (! b0152) b0153 (! b0154) (! b0155) (! b0156) (! b0157) (! b0158) (! b0159) (! b0160) (! b0161) (! b0162) (! b0163) (! b0164) (! b0165) (! b0166) (! b0167) (! b0168) (! b0169) (! b0170) b0171 b0172 (! b0173) b0174 (! b0175) (! b0176) b0177 b0178 (! b0179) (! b0180) (! b0181) (! b0182) (! b0183) (! b0184) b0185 (! b0186) b0187 b0188 (! b0189) (! b0190) (! b0191) (! b0192) (! b0193) (! b0194) (! b0195) b0196 (! b0197) b0198 (! b0199) (! b0200))
Time taken = 2.677374
Removing b0101
Removing b0196
Verifying sorted_insert_iter
Houdini assignment axiom: (And true b0000 b0001 b0002 b0003 b0004 (! b0005) b0006 (! b0007) (! b0008) (! b0009) (! b0010) (! b0011) (! b0012) (! b0013) (! b0014) b0015 b0016 (! b0017) b0018 (! b0019) (! b0020) b0021 (! b0022) (! b0023) (! b0024) (! b0025) (! b0026) (! b0027) b0028 (! b0029) b0030 (! b0031) (! b0032) (! b0033) (! b0034) (! b0035) (! b0036) b0037 (! b0038) b0039 b0040 (! b0041) (! b0042) (! b0043) (! b0044) (! b0045) (! b0046) (! b0047) (! b0048) (! b0049) (! b0050) (! b0051) (! b0052) (! b0053) (! b0054) (! b0055) (! b0056) (! b0057) (! b0058) (! b0059) b0060 (! b0061) (! b0062) b0063 b0064 b0065 b0066 b0067 (! b0068) b0069 (! b0070) (! b0071) (! b0072) (! b0073) (! b0074) (! b0075) (! b0076) (! b0077) (! b0078) (! b0079) (! b0080) (! b0081) (! b0082) (! b0083) (! b0084) (! b0085) (! b0086) (! b0087) (! b0088) (! b0089) (! b0090) (! b0091) (! b0092) (! b0093) (! b0094) (! b0095) (! b0096) (! b0097) (! b0098) b0099 b0100 (! b0101) b0102 (! b0103) (! b0104) b0105 b0106 b0107 b0108 (! b0109) (! b0110) b0111 b0112 b0113 b0114 (! b0115) (! b0116) (! b0117) b0118 (! b0119) b0120 b0121 b0122 (! b0123) (! b0124) (! b0125) b0126 b0127 b0128 (! b0129) (! b0130) (! b0131) b0132 b0133 (! b0134) b0135 b0136 (! b0137) b0138 (! b0139) (! b0140) (! b0141) (! b0142) (! b0143) (! b0144) (! b0145) (! b0146) (! b0147) (! b0148) (! b0149) b0150 b0151 (! b0152) b0153 (! b0154) (! b0155) (! b0156) (! b0157) (! b0158) (! b0159) (! b0160) (! b0161) (! b0162) (! b0163) (! b0164) (! b0165) (! b0166) (! b0167) (! b0168) (! b0169) (! b0170) b0171 b0172 (! b0173) b0174 (! b0175) (! b0176) b0177 b0178 (! b0179) (! b0180) (! b0181) (! b0182) (! b0183) (! b0184) b0185 (! b0186) b0187 b0188 (! b0189) (! b0190) (! b0191) (! b0192) (! b0193) (! b0194) (! b0195) (! b0196) (! b0197) b0198 (! b0199) (! b0200))
Time taken = 4.464118
Removing b0105
Verifying sorted_insert_iter
Houdini assignment axiom: (And true b0000 b0001 b0002 b0003 b0004 (! b0005) b0006 (! b0007) (! b0008) (! b0009) (! b0010) (! b0011) (! b0012) (! b0013) (! b0014) b0015 b0016 (! b0017) b0018 (! b0019) (! b0020) b0021 (! b0022) (! b0023) (! b0024) (! b0025) (! b0026) (! b0027) b0028 (! b0029) b0030 (! b0031) (! b0032) (! b0033) (! b0034) (! b0035) (! b0036) b0037 (! b0038) b0039 b0040 (! b0041) (! b0042) (! b0043) (! b0044) (! b0045) (! b0046) (! b0047) (! b0048) (! b0049) (! b0050) (! b0051) (! b0052) (! b0053) (! b0054) (! b0055) (! b0056) (! b0057) (! b0058) (! b0059) b0060 (! b0061) (! b0062) b0063 b0064 b0065 b0066 b0067 (! b0068) b0069 (! b0070) (! b0071) (! b0072) (! b0073) (! b0074) (! b0075) (! b0076) (! b0077) (! b0078) (! b0079) (! b0080) (! b0081) (! b0082) (! b0083) (! b0084) (! b0085) (! b0086) (! b0087) (! b0088) (! b0089) (! b0090) (! b0091) (! b0092) (! b0093) (! b0094) (! b0095) (! b0096) (! b0097) (! b0098) b0099 b0100 (! b0101) b0102 (! b0103) (! b0104) (! b0105) b0106 b0107 b0108 (! b0109) (! b0110) b0111 b0112 b0113 b0114 (! b0115) (! b0116) (! b0117) b0118 (! b0119) b0120 b0121 b0122 (! b0123) (! b0124) (! b0125) b0126 b0127 b0128 (! b0129) (! b0130) (! b0131) b0132 b0133 (! b0134) b0135 b0136 (! b0137) b0138 (! b0139) (! b0140) (! b0141) (! b0142) (! b0143) (! b0144) (! b0145) (! b0146) (! b0147) (! b0148) (! b0149) b0150 b0151 (! b0152) b0153 (! b0154) (! b0155) (! b0156) (! b0157) (! b0158) (! b0159) (! b0160) (! b0161) (! b0162) (! b0163) (! b0164) (! b0165) (! b0166) (! b0167) (! b0168) (! b0169) (! b0170) b0171 b0172 (! b0173) b0174 (! b0175) (! b0176) b0177 b0178 (! b0179) (! b0180) (! b0181) (! b0182) (! b0183) (! b0184) b0185 (! b0186) b0187 b0188 (! b0189) (! b0190) (! b0191) (! b0192) (! b0193) (! b0194) (! b0195) (! b0196) (! b0197) b0198 (! b0199) (! b0200))
Time taken = 4.456192
Removing b0106
Verifying sorted_insert_iter
Houdini assignment axiom: (And true b0000 b0001 b0002 b0003 b0004 (! b0005) b0006 (! b0007) (! b0008) (! b0009) (! b0010) (! b0011) (! b0012) (! b0013) (! b0014) b0015 b0016 (! b0017) b0018 (! b0019) (! b0020) b0021 (! b0022) (! b0023) (! b0024) (! b0025) (! b0026) (! b0027) b0028 (! b0029) b0030 (! b0031) (! b0032) (! b0033) (! b0034) (! b0035) (! b0036) b0037 (! b0038) b0039 b0040 (! b0041) (! b0042) (! b0043) (! b0044) (! b0045) (! b0046) (! b0047) (! b0048) (! b0049) (! b0050) (! b0051) (! b0052) (! b0053) (! b0054) (! b0055) (! b0056) (! b0057) (! b0058) (! b0059) b0060 (! b0061) (! b0062) b0063 b0064 b0065 b0066 b0067 (! b0068) b0069 (! b0070) (! b0071) (! b0072) (! b0073) (! b0074) (! b0075) (! b0076) (! b0077) (! b0078) (! b0079) (! b0080) (! b0081) (! b0082) (! b0083) (! b0084) (! b0085) (! b0086) (! b0087) (! b0088) (! b0089) (! b0090) (! b0091) (! b0092) (! b0093) (! b0094) (! b0095) (! b0096) (! b0097) (! b0098) b0099 b0100 (! b0101) b0102 (! b0103) (! b0104) (! b0105) (! b0106) b0107 b0108 (! b0109) (! b0110) b0111 b0112 b0113 b0114 (! b0115) (! b0116) (! b0117) b0118 (! b0119) b0120 b0121 b0122 (! b0123) (! b0124) (! b0125) b0126 b0127 b0128 (! b0129) (! b0130) (! b0131) b0132 b0133 (! b0134) b0135 b0136 (! b0137) b0138 (! b0139) (! b0140) (! b0141) (! b0142) (! b0143) (! b0144) (! b0145) (! b0146) (! b0147) (! b0148) (! b0149) b0150 b0151 (! b0152) b0153 (! b0154) (! b0155) (! b0156) (! b0157) (! b0158) (! b0159) (! b0160) (! b0161) (! b0162) (! b0163) (! b0164) (! b0165) (! b0166) (! b0167) (! b0168) (! b0169) (! b0170) b0171 b0172 (! b0173) b0174 (! b0175) (! b0176) b0177 b0178 (! b0179) (! b0180) (! b0181) (! b0182) (! b0183) (! b0184) b0185 (! b0186) b0187 b0188 (! b0189) (! b0190) (! b0191) (! b0192) (! b0193) (! b0194) (! b0195) (! b0196) (! b0197) b0198 (! b0199) (! b0200))
Time taken = 4.11965
Removing b0107
Verifying sorted_insert_iter
Houdini assignment axiom: (And true b0000 b0001 b0002 b0003 b0004 (! b0005) b0006 (! b0007) (! b0008) (! b0009) (! b0010) (! b0011) (! b0012) (! b0013) (! b0014) b0015 b0016 (! b0017) b0018 (! b0019) (! b0020) b0021 (! b0022) (! b0023) (! b0024) (! b0025) (! b0026) (! b0027) b0028 (! b0029) b0030 (! b0031) (! b0032) (! b0033) (! b0034) (! b0035) (! b0036) b0037 (! b0038) b0039 b0040 (! b0041) (! b0042) (! b0043) (! b0044) (! b0045) (! b0046) (! b0047) (! b0048) (! b0049) (! b0050) (! b0051) (! b0052) (! b0053) (! b0054) (! b0055) (! b0056) (! b0057) (! b0058) (! b0059) b0060 (! b0061) (! b0062) b0063 b0064 b0065 b0066 b0067 (! b0068) b0069 (! b0070) (! b0071) (! b0072) (! b0073) (! b0074) (! b0075) (! b0076) (! b0077) (! b0078) (! b0079) (! b0080) (! b0081) (! b0082) (! b0083) (! b0084) (! b0085) (! b0086) (! b0087) (! b0088) (! b0089) (! b0090) (! b0091) (! b0092) (! b0093) (! b0094) (! b0095) (! b0096) (! b0097) (! b0098) b0099 b0100 (! b0101) b0102 (! b0103) (! b0104) (! b0105) (! b0106) (! b0107) b0108 (! b0109) (! b0110) b0111 b0112 b0113 b0114 (! b0115) (! b0116) (! b0117) b0118 (! b0119) b0120 b0121 b0122 (! b0123) (! b0124) (! b0125) b0126 b0127 b0128 (! b0129) (! b0130) (! b0131) b0132 b0133 (! b0134) b0135 b0136 (! b0137) b0138 (! b0139) (! b0140) (! b0141) (! b0142) (! b0143) (! b0144) (! b0145) (! b0146) (! b0147) (! b0148) (! b0149) b0150 b0151 (! b0152) b0153 (! b0154) (! b0155) (! b0156) (! b0157) (! b0158) (! b0159) (! b0160) (! b0161) (! b0162) (! b0163) (! b0164) (! b0165) (! b0166) (! b0167) (! b0168) (! b0169) (! b0170) b0171 b0172 (! b0173) b0174 (! b0175) (! b0176) b0177 b0178 (! b0179) (! b0180) (! b0181) (! b0182) (! b0183) (! b0184) b0185 (! b0186) b0187 b0188 (! b0189) (! b0190) (! b0191) (! b0192) (! b0193) (! b0194) (! b0195) (! b0196) (! b0197) b0198 (! b0199) (! b0200))
Time taken = 4.759789
Removing b0108
Verifying sorted_insert_iter
Houdini assignment axiom: (And true b0000 b0001 b0002 b0003 b0004 (! b0005) b0006 (! b0007) (! b0008) (! b0009) (! b0010) (! b0011) (! b0012) (! b0013) (! b0014) b0015 b0016 (! b0017) b0018 (! b0019) (! b0020) b0021 (! b0022) (! b0023) (! b0024) (! b0025) (! b0026) (! b0027) b0028 (! b0029) b0030 (! b0031) (! b0032) (! b0033) (! b0034) (! b0035) (! b0036) b0037 (! b0038) b0039 b0040 (! b0041) (! b0042) (! b0043) (! b0044) (! b0045) (! b0046) (! b0047) (! b0048) (! b0049) (! b0050) (! b0051) (! b0052) (! b0053) (! b0054) (! b0055) (! b0056) (! b0057) (! b0058) (! b0059) b0060 (! b0061) (! b0062) b0063 b0064 b0065 b0066 b0067 (! b0068) b0069 (! b0070) (! b0071) (! b0072) (! b0073) (! b0074) (! b0075) (! b0076) (! b0077) (! b0078) (! b0079) (! b0080) (! b0081) (! b0082) (! b0083) (! b0084) (! b0085) (! b0086) (! b0087) (! b0088) (! b0089) (! b0090) (! b0091) (! b0092) (! b0093) (! b0094) (! b0095) (! b0096) (! b0097) (! b0098) b0099 b0100 (! b0101) b0102 (! b0103) (! b0104) (! b0105) (! b0106) (! b0107) (! b0108) (! b0109) (! b0110) b0111 b0112 b0113 b0114 (! b0115) (! b0116) (! b0117) b0118 (! b0119) b0120 b0121 b0122 (! b0123) (! b0124) (! b0125) b0126 b0127 b0128 (! b0129) (! b0130) (! b0131) b0132 b0133 (! b0134) b0135 b0136 (! b0137) b0138 (! b0139) (! b0140) (! b0141) (! b0142) (! b0143) (! b0144) (! b0145) (! b0146) (! b0147) (! b0148) (! b0149) b0150 b0151 (! b0152) b0153 (! b0154) (! b0155) (! b0156) (! b0157) (! b0158) (! b0159) (! b0160) (! b0161) (! b0162) (! b0163) (! b0164) (! b0165) (! b0166) (! b0167) (! b0168) (! b0169) (! b0170) b0171 b0172 (! b0173) b0174 (! b0175) (! b0176) b0177 b0178 (! b0179) (! b0180) (! b0181) (! b0182) (! b0183) (! b0184) b0185 (! b0186) b0187 b0188 (! b0189) (! b0190) (! b0191) (! b0192) (! b0193) (! b0194) (! b0195) (! b0196) (! b0197) b0198 (! b0199) (! b0200))
Time taken = 3.898148
Removing b0113
Verifying sorted_insert_iter
Houdini assignment axiom: (And true b0000 b0001 b0002 b0003 b0004 (! b0005) b0006 (! b0007) (! b0008) (! b0009) (! b0010) (! b0011) (! b0012) (! b0013) (! b0014) b0015 b0016 (! b0017) b0018 (! b0019) (! b0020) b0021 (! b0022) (! b0023) (! b0024) (! b0025) (! b0026) (! b0027) b0028 (! b0029) b0030 (! b0031) (! b0032) (! b0033) (! b0034) (! b0035) (! b0036) b0037 (! b0038) b0039 b0040 (! b0041) (! b0042) (! b0043) (! b0044) (! b0045) (! b0046) (! b0047) (! b0048) (! b0049) (! b0050) (! b0051) (! b0052) (! b0053) (! b0054) (! b0055) (! b0056) (! b0057) (! b0058) (! b0059) b0060 (! b0061) (! b0062) b0063 b0064 b0065 b0066 b0067 (! b0068) b0069 (! b0070) (! b0071) (! b0072) (! b0073) (! b0074) (! b0075) (! b0076) (! b0077) (! b0078) (! b0079) (! b0080) (! b0081) (! b0082) (! b0083) (! b0084) (! b0085) (! b0086) (! b0087) (! b0088) (! b0089) (! b0090) (! b0091) (! b0092) (! b0093) (! b0094) (! b0095) (! b0096) (! b0097) (! b0098) b0099 b0100 (! b0101) b0102 (! b0103) (! b0104) (! b0105) (! b0106) (! b0107) (! b0108) (! b0109) (! b0110) b0111 b0112 (! b0113) b0114 (! b0115) (! b0116) (! b0117) b0118 (! b0119) b0120 b0121 b0122 (! b0123) (! b0124) (! b0125) b0126 b0127 b0128 (! b0129) (! b0130) (! b0131) b0132 b0133 (! b0134) b0135 b0136 (! b0137) b0138 (! b0139) (! b0140) (! b0141) (! b0142) (! b0143) (! b0144) (! b0145) (! b0146) (! b0147) (! b0148) (! b0149) b0150 b0151 (! b0152) b0153 (! b0154) (! b0155) (! b0156) (! b0157) (! b0158) (! b0159) (! b0160) (! b0161) (! b0162) (! b0163) (! b0164) (! b0165) (! b0166) (! b0167) (! b0168) (! b0169) (! b0170) b0171 b0172 (! b0173) b0174 (! b0175) (! b0176) b0177 b0178 (! b0179) (! b0180) (! b0181) (! b0182) (! b0183) (! b0184) b0185 (! b0186) b0187 b0188 (! b0189) (! b0190) (! b0191) (! b0192) (! b0193) (! b0194) (! b0195) (! b0196) (! b0197) b0198 (! b0199) (! b0200))
Time taken = 4.70157
Removing b0118
Verifying sorted_insert_iter
Houdini assignment axiom: (And true b0000 b0001 b0002 b0003 b0004 (! b0005) b0006 (! b0007) (! b0008) (! b0009) (! b0010) (! b0011) (! b0012) (! b0013) (! b0014) b0015 b0016 (! b0017) b0018 (! b0019) (! b0020) b0021 (! b0022) (! b0023) (! b0024) (! b0025) (! b0026) (! b0027) b0028 (! b0029) b0030 (! b0031) (! b0032) (! b0033) (! b0034) (! b0035) (! b0036) b0037 (! b0038) b0039 b0040 (! b0041) (! b0042) (! b0043) (! b0044) (! b0045) (! b0046) (! b0047) (! b0048) (! b0049) (! b0050) (! b0051) (! b0052) (! b0053) (! b0054) (! b0055) (! b0056) (! b0057) (! b0058) (! b0059) b0060 (! b0061) (! b0062) b0063 b0064 b0065 b0066 b0067 (! b0068) b0069 (! b0070) (! b0071) (! b0072) (! b0073) (! b0074) (! b0075) (! b0076) (! b0077) (! b0078) (! b0079) (! b0080) (! b0081) (! b0082) (! b0083) (! b0084) (! b0085) (! b0086) (! b0087) (! b0088) (! b0089) (! b0090) (! b0091) (! b0092) (! b0093) (! b0094) (! b0095) (! b0096) (! b0097) (! b0098) b0099 b0100 (! b0101) b0102 (! b0103) (! b0104) (! b0105) (! b0106) (! b0107) (! b0108) (! b0109) (! b0110) b0111 b0112 (! b0113) b0114 (! b0115) (! b0116) (! b0117) (! b0118) (! b0119) b0120 b0121 b0122 (! b0123) (! b0124) (! b0125) b0126 b0127 b0128 (! b0129) (! b0130) (! b0131) b0132 b0133 (! b0134) b0135 b0136 (! b0137) b0138 (! b0139) (! b0140) (! b0141) (! b0142) (! b0143) (! b0144) (! b0145) (! b0146) (! b0147) (! b0148) (! b0149) b0150 b0151 (! b0152) b0153 (! b0154) (! b0155) (! b0156) (! b0157) (! b0158) (! b0159) (! b0160) (! b0161) (! b0162) (! b0163) (! b0164) (! b0165) (! b0166) (! b0167) (! b0168) (! b0169) (! b0170) b0171 b0172 (! b0173) b0174 (! b0175) (! b0176) b0177 b0178 (! b0179) (! b0180) (! b0181) (! b0182) (! b0183) (! b0184) b0185 (! b0186) b0187 b0188 (! b0189) (! b0190) (! b0191) (! b0192) (! b0193) (! b0194) (! b0195) (! b0196) (! b0197) b0198 (! b0199) (! b0200))
Time taken = 4.50763
Removing b0120
Verifying sorted_insert_iter
Houdini assignment axiom: (And true b0000 b0001 b0002 b0003 b0004 (! b0005) b0006 (! b0007) (! b0008) (! b0009) (! b0010) (! b0011) (! b0012) (! b0013) (! b0014) b0015 b0016 (! b0017) b0018 (! b0019) (! b0020) b0021 (! b0022) (! b0023) (! b0024) (! b0025) (! b0026) (! b0027) b0028 (! b0029) b0030 (! b0031) (! b0032) (! b0033) (! b0034) (! b0035) (! b0036) b0037 (! b0038) b0039 b0040 (! b0041) (! b0042) (! b0043) (! b0044) (! b0045) (! b0046) (! b0047) (! b0048) (! b0049) (! b0050) (! b0051) (! b0052) (! b0053) (! b0054) (! b0055) (! b0056) (! b0057) (! b0058) (! b0059) b0060 (! b0061) (! b0062) b0063 b0064 b0065 b0066 b0067 (! b0068) b0069 (! b0070) (! b0071) (! b0072) (! b0073) (! b0074) (! b0075) (! b0076) (! b0077) (! b0078) (! b0079) (! b0080) (! b0081) (! b0082) (! b0083) (! b0084) (! b0085) (! b0086) (! b0087) (! b0088) (! b0089) (! b0090) (! b0091) (! b0092) (! b0093) (! b0094) (! b0095) (! b0096) (! b0097) (! b0098) b0099 b0100 (! b0101) b0102 (! b0103) (! b0104) (! b0105) (! b0106) (! b0107) (! b0108) (! b0109) (! b0110) b0111 b0112 (! b0113) b0114 (! b0115) (! b0116) (! b0117) (! b0118) (! b0119) (! b0120) b0121 b0122 (! b0123) (! b0124) (! b0125) b0126 b0127 b0128 (! b0129) (! b0130) (! b0131) b0132 b0133 (! b0134) b0135 b0136 (! b0137) b0138 (! b0139) (! b0140) (! b0141) (! b0142) (! b0143) (! b0144) (! b0145) (! b0146) (! b0147) (! b0148) (! b0149) b0150 b0151 (! b0152) b0153 (! b0154) (! b0155) (! b0156) (! b0157) (! b0158) (! b0159) (! b0160) (! b0161) (! b0162) (! b0163) (! b0164) (! b0165) (! b0166) (! b0167) (! b0168) (! b0169) (! b0170) b0171 b0172 (! b0173) b0174 (! b0175) (! b0176) b0177 b0178 (! b0179) (! b0180) (! b0181) (! b0182) (! b0183) (! b0184) b0185 (! b0186) b0187 b0188 (! b0189) (! b0190) (! b0191) (! b0192) (! b0193) (! b0194) (! b0195) (! b0196) (! b0197) b0198 (! b0199) (! b0200))
Time taken = 5.7886
Removing b0121
Verifying sorted_insert_iter
Houdini assignment axiom: (And true b0000 b0001 b0002 b0003 b0004 (! b0005) b0006 (! b0007) (! b0008) (! b0009) (! b0010) (! b0011) (! b0012) (! b0013) (! b0014) b0015 b0016 (! b0017) b0018 (! b0019) (! b0020) b0021 (! b0022) (! b0023) (! b0024) (! b0025) (! b0026) (! b0027) b0028 (! b0029) b0030 (! b0031) (! b0032) (! b0033) (! b0034) (! b0035) (! b0036) b0037 (! b0038) b0039 b0040 (! b0041) (! b0042) (! b0043) (! b0044) (! b0045) (! b0046) (! b0047) (! b0048) (! b0049) (! b0050) (! b0051) (! b0052) (! b0053) (! b0054) (! b0055) (! b0056) (! b0057) (! b0058) (! b0059) b0060 (! b0061) (! b0062) b0063 b0064 b0065 b0066 b0067 (! b0068) b0069 (! b0070) (! b0071) (! b0072) (! b0073) (! b0074) (! b0075) (! b0076) (! b0077) (! b0078) (! b0079) (! b0080) (! b0081) (! b0082) (! b0083) (! b0084) (! b0085) (! b0086) (! b0087) (! b0088) (! b0089) (! b0090) (! b0091) (! b0092) (! b0093) (! b0094) (! b0095) (! b0096) (! b0097) (! b0098) b0099 b0100 (! b0101) b0102 (! b0103) (! b0104) (! b0105) (! b0106) (! b0107) (! b0108) (! b0109) (! b0110) b0111 b0112 (! b0113) b0114 (! b0115) (! b0116) (! b0117) (! b0118) (! b0119) (! b0120) (! b0121) b0122 (! b0123) (! b0124) (! b0125) b0126 b0127 b0128 (! b0129) (! b0130) (! b0131) b0132 b0133 (! b0134) b0135 b0136 (! b0137) b0138 (! b0139) (! b0140) (! b0141) (! b0142) (! b0143) (! b0144) (! b0145) (! b0146) (! b0147) (! b0148) (! b0149) b0150 b0151 (! b0152) b0153 (! b0154) (! b0155) (! b0156) (! b0157) (! b0158) (! b0159) (! b0160) (! b0161) (! b0162) (! b0163) (! b0164) (! b0165) (! b0166) (! b0167) (! b0168) (! b0169) (! b0170) b0171 b0172 (! b0173) b0174 (! b0175) (! b0176) b0177 b0178 (! b0179) (! b0180) (! b0181) (! b0182) (! b0183) (! b0184) b0185 (! b0186) b0187 b0188 (! b0189) (! b0190) (! b0191) (! b0192) (! b0193) (! b0194) (! b0195) (! b0196) (! b0197) b0198 (! b0199) (! b0200))
Time taken = 4.021342
Removing b0122
Verifying sorted_insert_iter
Houdini assignment axiom: (And true b0000 b0001 b0002 b0003 b0004 (! b0005) b0006 (! b0007) (! b0008) (! b0009) (! b0010) (! b0011) (! b0012) (! b0013) (! b0014) b0015 b0016 (! b0017) b0018 (! b0019) (! b0020) b0021 (! b0022) (! b0023) (! b0024) (! b0025) (! b0026) (! b0027) b0028 (! b0029) b0030 (! b0031) (! b0032) (! b0033) (! b0034) (! b0035) (! b0036) b0037 (! b0038) b0039 b0040 (! b0041) (! b0042) (! b0043) (! b0044) (! b0045) (! b0046) (! b0047) (! b0048) (! b0049) (! b0050) (! b0051) (! b0052) (! b0053) (! b0054) (! b0055) (! b0056) (! b0057) (! b0058) (! b0059) b0060 (! b0061) (! b0062) b0063 b0064 b0065 b0066 b0067 (! b0068) b0069 (! b0070) (! b0071) (! b0072) (! b0073) (! b0074) (! b0075) (! b0076) (! b0077) (! b0078) (! b0079) (! b0080) (! b0081) (! b0082) (! b0083) (! b0084) (! b0085) (! b0086) (! b0087) (! b0088) (! b0089) (! b0090) (! b0091) (! b0092) (! b0093) (! b0094) (! b0095) (! b0096) (! b0097) (! b0098) b0099 b0100 (! b0101) b0102 (! b0103) (! b0104) (! b0105) (! b0106) (! b0107) (! b0108) (! b0109) (! b0110) b0111 b0112 (! b0113) b0114 (! b0115) (! b0116) (! b0117) (! b0118) (! b0119) (! b0120) (! b0121) (! b0122) (! b0123) (! b0124) (! b0125) b0126 b0127 b0128 (! b0129) (! b0130) (! b0131) b0132 b0133 (! b0134) b0135 b0136 (! b0137) b0138 (! b0139) (! b0140) (! b0141) (! b0142) (! b0143) (! b0144) (! b0145) (! b0146) (! b0147) (! b0148) (! b0149) b0150 b0151 (! b0152) b0153 (! b0154) (! b0155) (! b0156) (! b0157) (! b0158) (! b0159) (! b0160) (! b0161) (! b0162) (! b0163) (! b0164) (! b0165) (! b0166) (! b0167) (! b0168) (! b0169) (! b0170) b0171 b0172 (! b0173) b0174 (! b0175) (! b0176) b0177 b0178 (! b0179) (! b0180) (! b0181) (! b0182) (! b0183) (! b0184) b0185 (! b0186) b0187 b0188 (! b0189) (! b0190) (! b0191) (! b0192) (! b0193) (! b0194) (! b0195) (! b0196) (! b0197) b0198 (! b0199) (! b0200))
Time taken = 4.900964
Number of true assignments = 48
Number of false assignments = 153
Prover time = 97.53
Unsat core prover time = 0.00
Number of prover queries = 59
Number of unsat core prover queries = 0
Number of unsat core prunings = 0
verified

Boogie program verifier finished with 1 verified, 0 errors
+ rm -f houdiniCexTrace.bpl
