+++ dirname ../houdini.sh
++ cd ..
++ pwd
+ dir=/home/daejunpark/pldi17
+ prelude=Vcc3Prelude.array.bpl
+ bpl=./tree/avl/avl-find-smallest.bpl.anon.pred.bpl
+ opt='/typeEncoding:m /prover:SMTLib /useArrayTheory /noinfer /contractInfer'
+ opt+=' /trace'
+ opt+=' /errorLimit:100 /z3multipleErrors'
+ opt+=' /proverMemoryLimit:1024'
+ rm -f houdiniCexTrace.bpl
+ mono /home/daejunpark/pldi17/popl16ae/Boogie/Binaries/Boogie.exe /typeEncoding:m /prover:SMTLib /useArrayTheory /noinfer /contractInfer /trace /errorLimit:100 /z3multipleErrors /proverMemoryLimit:1024 Vcc3Prelude.array.bpl ./tree/avl/avl-find-smallest.bpl.anon.pred.bpl
[TRACE] Using prover: /home/daejunpark/pldi17/popl16ae/Boogie/Binaries/z3.exe
Boogie program verifier version 2.2.30705.1126, Copyright (c) 2003-2013, Microsoft.
Parsing Vcc3Prelude.array.bpl
Parsing ./tree/avl/avl-find-smallest.bpl.anon.pred.bpl
Coalescing blocks...
Collecting existential constants...
Building call graph...
Number of implementations = 1
Beginning VC generation for Houdini...
Generating VC for avl_find_smallest
Verifying avl_find_smallest
Houdini assignment axiom: (And true b0000 b0001 b0002 b0003 b0004 b0005 b0006 b0007 b0008 b0009 b0010 b0011 b0012 b0013 b0014 b0015 b0016 b0017 b0018)
Time taken = 0.047918
Removing b0003
Verifying avl_find_smallest
Houdini assignment axiom: (And true b0000 b0001 b0002 (! b0003) b0004 b0005 b0006 b0007 b0008 b0009 b0010 b0011 b0012 b0013 b0014 b0015 b0016 b0017 b0018)
Time taken = 0.017754
Removing b0004
Verifying avl_find_smallest
Houdini assignment axiom: (And true b0000 b0001 b0002 (! b0003) (! b0004) b0005 b0006 b0007 b0008 b0009 b0010 b0011 b0012 b0013 b0014 b0015 b0016 b0017 b0018)
Time taken = 0.020567
Removing b0006
Removing b0007
Verifying avl_find_smallest
Houdini assignment axiom: (And true b0000 b0001 b0002 (! b0003) (! b0004) b0005 (! b0006) (! b0007) b0008 b0009 b0010 b0011 b0012 b0013 b0014 b0015 b0016 b0017 b0018)
Time taken = 0.08349
Removing b0011
Removing b0013
Removing b0014
Removing b0005
Verifying avl_find_smallest
Houdini assignment axiom: (And true b0000 b0001 b0002 (! b0003) (! b0004) (! b0005) (! b0006) (! b0007) b0008 b0009 b0010 (! b0011) b0012 (! b0013) (! b0014) b0015 b0016 b0017 b0018)
Time taken = 0.051563
Number of true assignments = 11
Number of false assignments = 8
Prover time = 0.22
Unsat core prover time = 0.00
Number of prover queries = 5
Number of unsat core prover queries = 0
Number of unsat core prunings = 0
verified

Boogie program verifier finished with 1 verified, 0 errors
+ rm -f houdiniCexTrace.bpl
