+++ dirname ../houdini.sh
++ cd ..
++ pwd
+ dir=/home/daejunpark/pldi17
+ prelude=Vcc3Prelude.array.bpl
+ bpl=./tree/avl/avl-delete-rec.bpl.anon.pred.bpl
+ opt='/typeEncoding:m /prover:SMTLib /useArrayTheory /noinfer /contractInfer'
+ opt+=' /trace'
+ opt+=' /errorLimit:100 /z3multipleErrors'
+ opt+=' /proverMemoryLimit:1024'
+ rm -f houdiniCexTrace.bpl
+ mono /home/daejunpark/pldi17/popl16ae/Boogie/Binaries/Boogie.exe /typeEncoding:m /prover:SMTLib /useArrayTheory /noinfer /contractInfer /trace /errorLimit:100 /z3multipleErrors /proverMemoryLimit:1024 Vcc3Prelude.array.bpl ./tree/avl/avl-delete-rec.bpl.anon.pred.bpl
[TRACE] Using prover: /home/daejunpark/pldi17/popl16ae/Boogie/Binaries/z3.exe
Boogie program verifier version 2.2.30705.1126, Copyright (c) 2003-2013, Microsoft.
Parsing Vcc3Prelude.array.bpl
Parsing ./tree/avl/avl-delete-rec.bpl.anon.pred.bpl
Coalescing blocks...
Collecting existential constants...
Building call graph...
Number of implementations = 1
Beginning VC generation for Houdini...
Generating VC for avl_delete
Verifying avl_delete
Houdini assignment axiom: (And true b0000 b0001 b0002 b0003 b0004 b0005 b0006 b0007 b0008 b0009 b0010 b0011 b0012 b0013 b0014 b0015 b0016 b0017 b0018 b0019 b0020 b0021 b0022 b0023 b0024 b0025 b0026 b0027 b0028 b0029 b0030 b0031 b0032 b0033 b0034 b0035 b0036 b0037 b0038 b0039 b0040 b0041 b0042 b0043 b0044 b0045 b0046 b0047 b0048 b0049 b0050 b0051 b0052 b0053 b0054 b0055 b0056 b0057 b0058 b0059 b0060 b0061 b0062 b0063 b0064 b0065 b0066 b0067 b0068 b0069 b0070 b0071)
Time taken = 5.658922
Removing b0006
Removing b0000
Removing b0002
Removing b0000
Removing b0002
Removing b0000
Removing b0002
Verifying avl_delete
Houdini assignment axiom: (And true (! b0000) b0001 (! b0002) b0003 b0004 b0005 (! b0006) b0007 b0008 b0009 b0010 b0011 b0012 b0013 b0014 b0015 b0016 b0017 b0018 b0019 b0020 b0021 b0022 b0023 b0024 b0025 b0026 b0027 b0028 b0029 b0030 b0031 b0032 b0033 b0034 b0035 b0036 b0037 b0038 b0039 b0040 b0041 b0042 b0043 b0044 b0045 b0046 b0047 b0048 b0049 b0050 b0051 b0052 b0053 b0054 b0055 b0056 b0057 b0058 b0059 b0060 b0061 b0062 b0063 b0064 b0065 b0066 b0067 b0068 b0069 b0070 b0071)
Time taken = 1.651356
Removing b0007
Removing b0003
Removing b0003
Removing b0003
Verifying avl_delete
Houdini assignment axiom: (And true (! b0000) b0001 (! b0002) (! b0003) b0004 b0005 (! b0006) (! b0007) b0008 b0009 b0010 b0011 b0012 b0013 b0014 b0015 b0016 b0017 b0018 b0019 b0020 b0021 b0022 b0023 b0024 b0025 b0026 b0027 b0028 b0029 b0030 b0031 b0032 b0033 b0034 b0035 b0036 b0037 b0038 b0039 b0040 b0041 b0042 b0043 b0044 b0045 b0046 b0047 b0048 b0049 b0050 b0051 b0052 b0053 b0054 b0055 b0056 b0057 b0058 b0059 b0060 b0061 b0062 b0063 b0064 b0065 b0066 b0067 b0068 b0069 b0070 b0071)
Time taken = 9.138448
Removing b0028
Removing b0004
Removing b0008
Removing b0004
Removing b0008
Removing b0004
Removing b0008
Verifying avl_delete
Houdini assignment axiom: (And true (! b0000) b0001 (! b0002) (! b0003) (! b0004) b0005 (! b0006) (! b0007) (! b0008) b0009 b0010 b0011 b0012 b0013 b0014 b0015 b0016 b0017 b0018 b0019 b0020 b0021 b0022 b0023 b0024 b0025 b0026 b0027 (! b0028) b0029 b0030 b0031 b0032 b0033 b0034 b0035 b0036 b0037 b0038 b0039 b0040 b0041 b0042 b0043 b0044 b0045 b0046 b0047 b0048 b0049 b0050 b0051 b0052 b0053 b0054 b0055 b0056 b0057 b0058 b0059 b0060 b0061 b0062 b0063 b0064 b0065 b0066 b0067 b0068 b0069 b0070 b0071)
Time taken = 2.473046
Removing b0029
Removing b0009
Removing b0010
Removing b0009
Verifying avl_delete
Houdini assignment axiom: (And true (! b0000) b0001 (! b0002) (! b0003) (! b0004) b0005 (! b0006) (! b0007) (! b0008) (! b0009) (! b0010) b0011 b0012 b0013 b0014 b0015 b0016 b0017 b0018 b0019 b0020 b0021 b0022 b0023 b0024 b0025 b0026 b0027 (! b0028) (! b0029) b0030 b0031 b0032 b0033 b0034 b0035 b0036 b0037 b0038 b0039 b0040 b0041 b0042 b0043 b0044 b0045 b0046 b0047 b0048 b0049 b0050 b0051 b0052 b0053 b0054 b0055 b0056 b0057 b0058 b0059 b0060 b0061 b0062 b0063 b0064 b0065 b0066 b0067 b0068 b0069 b0070 b0071)
Time taken = 2.746074
Removing b0030
Removing b0011
Removing b0011
Removing b0011
Verifying avl_delete
Houdini assignment axiom: (And true (! b0000) b0001 (! b0002) (! b0003) (! b0004) b0005 (! b0006) (! b0007) (! b0008) (! b0009) (! b0010) (! b0011) b0012 b0013 b0014 b0015 b0016 b0017 b0018 b0019 b0020 b0021 b0022 b0023 b0024 b0025 b0026 b0027 (! b0028) (! b0029) (! b0030) b0031 b0032 b0033 b0034 b0035 b0036 b0037 b0038 b0039 b0040 b0041 b0042 b0043 b0044 b0045 b0046 b0047 b0048 b0049 b0050 b0051 b0052 b0053 b0054 b0055 b0056 b0057 b0058 b0059 b0060 b0061 b0062 b0063 b0064 b0065 b0066 b0067 b0068 b0069 b0070 b0071)
Time taken = 2.420126
Removing b0031
Removing b0013
Removing b0012
Removing b0012
Verifying avl_delete
Houdini assignment axiom: (And true (! b0000) b0001 (! b0002) (! b0003) (! b0004) b0005 (! b0006) (! b0007) (! b0008) (! b0009) (! b0010) (! b0011) (! b0012) (! b0013) b0014 b0015 b0016 b0017 b0018 b0019 b0020 b0021 b0022 b0023 b0024 b0025 b0026 b0027 (! b0028) (! b0029) (! b0030) (! b0031) b0032 b0033 b0034 b0035 b0036 b0037 b0038 b0039 b0040 b0041 b0042 b0043 b0044 b0045 b0046 b0047 b0048 b0049 b0050 b0051 b0052 b0053 b0054 b0055 b0056 b0057 b0058 b0059 b0060 b0061 b0062 b0063 b0064 b0065 b0066 b0067 b0068 b0069 b0070 b0071)
Time taken = 2.57587
Removing b0032
Removing b0014
Removing b0018
Removing b0016
Verifying avl_delete
Houdini assignment axiom: (And true (! b0000) b0001 (! b0002) (! b0003) (! b0004) b0005 (! b0006) (! b0007) (! b0008) (! b0009) (! b0010) (! b0011) (! b0012) (! b0013) (! b0014) b0015 (! b0016) b0017 (! b0018) b0019 b0020 b0021 b0022 b0023 b0024 b0025 b0026 b0027 (! b0028) (! b0029) (! b0030) (! b0031) (! b0032) b0033 b0034 b0035 b0036 b0037 b0038 b0039 b0040 b0041 b0042 b0043 b0044 b0045 b0046 b0047 b0048 b0049 b0050 b0051 b0052 b0053 b0054 b0055 b0056 b0057 b0058 b0059 b0060 b0061 b0062 b0063 b0064 b0065 b0066 b0067 b0068 b0069 b0070 b0071)
Time taken = 2.592625
Removing b0033
Removing b0017
Removing b0024
Removing b0017
Verifying avl_delete
Houdini assignment axiom: (And true (! b0000) b0001 (! b0002) (! b0003) (! b0004) b0005 (! b0006) (! b0007) (! b0008) (! b0009) (! b0010) (! b0011) (! b0012) (! b0013) (! b0014) b0015 (! b0016) (! b0017) (! b0018) b0019 b0020 b0021 b0022 b0023 (! b0024) b0025 b0026 b0027 (! b0028) (! b0029) (! b0030) (! b0031) (! b0032) (! b0033) b0034 b0035 b0036 b0037 b0038 b0039 b0040 b0041 b0042 b0043 b0044 b0045 b0046 b0047 b0048 b0049 b0050 b0051 b0052 b0053 b0054 b0055 b0056 b0057 b0058 b0059 b0060 b0061 b0062 b0063 b0064 b0065 b0066 b0067 b0068 b0069 b0070 b0071)
Time taken = 2.889399
Removing b0034
Removing b0019
Removing b0025
Removing b0019
Verifying avl_delete
Houdini assignment axiom: (And true (! b0000) b0001 (! b0002) (! b0003) (! b0004) b0005 (! b0006) (! b0007) (! b0008) (! b0009) (! b0010) (! b0011) (! b0012) (! b0013) (! b0014) b0015 (! b0016) (! b0017) (! b0018) (! b0019) b0020 b0021 b0022 b0023 (! b0024) (! b0025) b0026 b0027 (! b0028) (! b0029) (! b0030) (! b0031) (! b0032) (! b0033) (! b0034) b0035 b0036 b0037 b0038 b0039 b0040 b0041 b0042 b0043 b0044 b0045 b0046 b0047 b0048 b0049 b0050 b0051 b0052 b0053 b0054 b0055 b0056 b0057 b0058 b0059 b0060 b0061 b0062 b0063 b0064 b0065 b0066 b0067 b0068 b0069 b0070 b0071)
Time taken = 3.591611
Removing b0035
Removing b0022
Removing b0026
Removing b0035
Removing b0020
Verifying avl_delete
Houdini assignment axiom: (And true (! b0000) b0001 (! b0002) (! b0003) (! b0004) b0005 (! b0006) (! b0007) (! b0008) (! b0009) (! b0010) (! b0011) (! b0012) (! b0013) (! b0014) b0015 (! b0016) (! b0017) (! b0018) (! b0019) (! b0020) b0021 (! b0022) b0023 (! b0024) (! b0025) (! b0026) b0027 (! b0028) (! b0029) (! b0030) (! b0031) (! b0032) (! b0033) (! b0034) (! b0035) b0036 b0037 b0038 b0039 b0040 b0041 b0042 b0043 b0044 b0045 b0046 b0047 b0048 b0049 b0050 b0051 b0052 b0053 b0054 b0055 b0056 b0057 b0058 b0059 b0060 b0061 b0062 b0063 b0064 b0065 b0066 b0067 b0068 b0069 b0070 b0071)
Time taken = 17.431287
Removing b0036
Removing b0040
Removing b0042
Removing b0052
Removing b0054
Removing b0070
Removing b0023
Removing b0036
Removing b0040
Removing b0042
Removing b0023
Verifying avl_delete
Houdini assignment axiom: (And true (! b0000) b0001 (! b0002) (! b0003) (! b0004) b0005 (! b0006) (! b0007) (! b0008) (! b0009) (! b0010) (! b0011) (! b0012) (! b0013) (! b0014) b0015 (! b0016) (! b0017) (! b0018) (! b0019) (! b0020) b0021 (! b0022) (! b0023) (! b0024) (! b0025) (! b0026) b0027 (! b0028) (! b0029) (! b0030) (! b0031) (! b0032) (! b0033) (! b0034) (! b0035) (! b0036) b0037 b0038 b0039 (! b0040) b0041 (! b0042) b0043 b0044 b0045 b0046 b0047 b0048 b0049 b0050 b0051 (! b0052) b0053 (! b0054) b0055 b0056 b0057 b0058 b0059 b0060 b0061 b0062 b0063 b0064 b0065 b0066 b0067 b0068 b0069 (! b0070) b0071)
Time taken = 6.617995
Removing b0037
Removing b0041
Removing b0043
Removing b0053
Removing b0055
Removing b0071
Removing b0041
Removing b0044
Removing b0037
Removing b0041
Removing b0043
Removing b0037
Removing b0044
Removing b0041
Removing b0043
Verifying avl_delete
Houdini assignment axiom: (And true (! b0000) b0001 (! b0002) (! b0003) (! b0004) b0005 (! b0006) (! b0007) (! b0008) (! b0009) (! b0010) (! b0011) (! b0012) (! b0013) (! b0014) b0015 (! b0016) (! b0017) (! b0018) (! b0019) (! b0020) b0021 (! b0022) (! b0023) (! b0024) (! b0025) (! b0026) b0027 (! b0028) (! b0029) (! b0030) (! b0031) (! b0032) (! b0033) (! b0034) (! b0035) (! b0036) (! b0037) b0038 b0039 (! b0040) (! b0041) (! b0042) (! b0043) (! b0044) b0045 b0046 b0047 b0048 b0049 b0050 b0051 (! b0052) (! b0053) (! b0054) (! b0055) b0056 b0057 b0058 b0059 b0060 b0061 b0062 b0063 b0064 b0065 b0066 b0067 b0068 b0069 (! b0070) (! b0071))
Time taken = 40.369058
Removing b0005
Removing b0015
Removing b0021
Removing b0005
Removing b0015
Removing b0021
Removing b0027
Removing b0048
Removing b0027
Removing b0049
Removing b0050
Removing b0005
Removing b0015
Removing b0021
Removing b0046
Removing b0046
Removing b0045
Removing b0048
Removing b0050
Removing b0068
Removing b0045
Verifying avl_delete
Houdini assignment axiom: (And true (! b0000) b0001 (! b0002) (! b0003) (! b0004) (! b0005) (! b0006) (! b0007) (! b0008) (! b0009) (! b0010) (! b0011) (! b0012) (! b0013) (! b0014) (! b0015) (! b0016) (! b0017) (! b0018) (! b0019) (! b0020) (! b0021) (! b0022) (! b0023) (! b0024) (! b0025) (! b0026) (! b0027) (! b0028) (! b0029) (! b0030) (! b0031) (! b0032) (! b0033) (! b0034) (! b0035) (! b0036) (! b0037) b0038 b0039 (! b0040) (! b0041) (! b0042) (! b0043) (! b0044) (! b0045) (! b0046) b0047 (! b0048) (! b0049) (! b0050) b0051 (! b0052) (! b0053) (! b0054) (! b0055) b0056 b0057 b0058 b0059 b0060 b0061 b0062 b0063 b0064 b0065 b0066 b0067 (! b0068) b0069 (! b0070) (! b0071))
Time taken = 132.258673
Removing b0047
Removing b0051
Removing b0056
Removing b0057
Removing b0058
Removing b0069
Removing b0047
Removing b0051
Removing b0056
Removing b0057
Removing b0058
Removing b0069
Removing b0059
Removing b0063
Removing b0060
Removing b0051
Removing b0047
Removing b0056
Removing b0057
Removing b0058
Removing b0069
Removing b0047
Removing b0047
Removing b0047
Verifying avl_delete
Houdini assignment axiom: (And true (! b0000) b0001 (! b0002) (! b0003) (! b0004) (! b0005) (! b0006) (! b0007) (! b0008) (! b0009) (! b0010) (! b0011) (! b0012) (! b0013) (! b0014) (! b0015) (! b0016) (! b0017) (! b0018) (! b0019) (! b0020) (! b0021) (! b0022) (! b0023) (! b0024) (! b0025) (! b0026) (! b0027) (! b0028) (! b0029) (! b0030) (! b0031) (! b0032) (! b0033) (! b0034) (! b0035) (! b0036) (! b0037) b0038 b0039 (! b0040) (! b0041) (! b0042) (! b0043) (! b0044) (! b0045) (! b0046) (! b0047) (! b0048) (! b0049) (! b0050) (! b0051) (! b0052) (! b0053) (! b0054) (! b0055) (! b0056) (! b0057) (! b0058) (! b0059) (! b0060) b0061 b0062 (! b0063) b0064 b0065 b0066 b0067 (! b0068) (! b0069) (! b0070) (! b0071))
Time taken = 144.113043
Removing b0061
Removing b0064
Removing b0066
Removing b0061
Removing b0064
Removing b0066
Removing b0067
Removing b0061
Removing b0064
Removing b0066
Removing b0064
Removing b0061
Removing b0067
Removing b0064
Verifying avl_delete
Houdini assignment axiom: (And true (! b0000) b0001 (! b0002) (! b0003) (! b0004) (! b0005) (! b0006) (! b0007) (! b0008) (! b0009) (! b0010) (! b0011) (! b0012) (! b0013) (! b0014) (! b0015) (! b0016) (! b0017) (! b0018) (! b0019) (! b0020) (! b0021) (! b0022) (! b0023) (! b0024) (! b0025) (! b0026) (! b0027) (! b0028) (! b0029) (! b0030) (! b0031) (! b0032) (! b0033) (! b0034) (! b0035) (! b0036) (! b0037) b0038 b0039 (! b0040) (! b0041) (! b0042) (! b0043) (! b0044) (! b0045) (! b0046) (! b0047) (! b0048) (! b0049) (! b0050) (! b0051) (! b0052) (! b0053) (! b0054) (! b0055) (! b0056) (! b0057) (! b0058) (! b0059) (! b0060) (! b0061) b0062 (! b0063) (! b0064) b0065 (! b0066) (! b0067) (! b0068) (! b0069) (! b0070) (! b0071))
Time taken = 34.011209
Number of true assignments = 5
Number of false assignments = 67
Prover time = 410.54
Unsat core prover time = 0.00
Number of prover queries = 16
Number of unsat core prover queries = 0
Number of unsat core prunings = 0
verified

Boogie program verifier finished with 1 verified, 0 errors
+ rm -f houdiniCexTrace.bpl
