+++ dirname ../houdini.sh
++ cd ..
++ pwd
+ dir=/home/daejunpark/pldi17
+ prelude=pow.bpl.bpl
+ bpl=
+ opt='/typeEncoding:m /prover:SMTLib /useArrayTheory /noinfer /contractInfer'
+ opt+=' /trace'
+ opt+=' /errorLimit:100 /z3multipleErrors'
+ opt+=' /proverMemoryLimit:1024'
+ rm -f houdiniCexTrace.bpl
+ mono /home/daejunpark/pldi17/popl16ae/Boogie/Binaries/Boogie.exe /typeEncoding:m /prover:SMTLib /useArrayTheory /noinfer /contractInfer /trace /errorLimit:100 /z3multipleErrors /proverMemoryLimit:1024 pow.bpl.bpl
[TRACE] Using prover: /home/daejunpark/pldi17/popl16ae/Boogie/Binaries/z3.exe
Boogie program verifier version 2.2.30705.1126, Copyright (c) 2003-2013, Microsoft.
Parsing pow.bpl.bpl
Coalescing blocks...
Collecting existential constants...
Building call graph...
Number of implementations = 1
Beginning VC generation for Houdini...
Generating VC for main
Verifying main
Houdini assignment axiom: (And true b1 b2 b3 b4 b5 b6 b7 b8 b9 b10 b11 b12 b13 b14 b15 b16 b17 b18 b19 b20 b21 b22 b23 b24 b25 b26 b27 b28 b29 b30 b31 b32 b33 b34 b35 b36 b37 b38 b39 b40 b41 b42 b43 b44 b45 b46 b47 b48 b49 b50 b51 b52 b53 b54 b55 b56 b57 b58 b59 b60 b61 b62 b63 b64 b65 b66 b67 b68 b69 b70 b71 b72 b73 b74 b75 b76 b77 b78 b79 b80 b81 b82 b83 b84 b85 b86 b87 b88 b89 b90 b91 b92 b93 b94 b95 b96 b97 b98 b99 b100 b101 b102 b103 b104 b105 b106 b107 b108 b109 b110 b111 b112 b113 b114 b115 b116 b117 b118 b119 b120 b121 b122 b123 b124 b125 b126 b127 b128 b129 b130 b131 b132 b133 b134 b135 b136 b137 b138 b139 b140 b141 b142 b143 b144 b145 b146 b147 b148 b149 b150 b151 b152 b153 b154 b155 b156 b157 b158 b159 b160)
Time taken = 0.0228
Removing b2
Verifying main
Houdini assignment axiom: (And true b1 (! b2) b3 b4 b5 b6 b7 b8 b9 b10 b11 b12 b13 b14 b15 b16 b17 b18 b19 b20 b21 b22 b23 b24 b25 b26 b27 b28 b29 b30 b31 b32 b33 b34 b35 b36 b37 b38 b39 b40 b41 b42 b43 b44 b45 b46 b47 b48 b49 b50 b51 b52 b53 b54 b55 b56 b57 b58 b59 b60 b61 b62 b63 b64 b65 b66 b67 b68 b69 b70 b71 b72 b73 b74 b75 b76 b77 b78 b79 b80 b81 b82 b83 b84 b85 b86 b87 b88 b89 b90 b91 b92 b93 b94 b95 b96 b97 b98 b99 b100 b101 b102 b103 b104 b105 b106 b107 b108 b109 b110 b111 b112 b113 b114 b115 b116 b117 b118 b119 b120 b121 b122 b123 b124 b125 b126 b127 b128 b129 b130 b131 b132 b133 b134 b135 b136 b137 b138 b139 b140 b141 b142 b143 b144 b145 b146 b147 b148 b149 b150 b151 b152 b153 b154 b155 b156 b157 b158 b159 b160)
Time taken = 0.017711
Removing b5
Removing b6
Verifying main
Houdini assignment axiom: (And true b1 (! b2) b3 b4 (! b5) (! b6) b7 b8 b9 b10 b11 b12 b13 b14 b15 b16 b17 b18 b19 b20 b21 b22 b23 b24 b25 b26 b27 b28 b29 b30 b31 b32 b33 b34 b35 b36 b37 b38 b39 b40 b41 b42 b43 b44 b45 b46 b47 b48 b49 b50 b51 b52 b53 b54 b55 b56 b57 b58 b59 b60 b61 b62 b63 b64 b65 b66 b67 b68 b69 b70 b71 b72 b73 b74 b75 b76 b77 b78 b79 b80 b81 b82 b83 b84 b85 b86 b87 b88 b89 b90 b91 b92 b93 b94 b95 b96 b97 b98 b99 b100 b101 b102 b103 b104 b105 b106 b107 b108 b109 b110 b111 b112 b113 b114 b115 b116 b117 b118 b119 b120 b121 b122 b123 b124 b125 b126 b127 b128 b129 b130 b131 b132 b133 b134 b135 b136 b137 b138 b139 b140 b141 b142 b143 b144 b145 b146 b147 b148 b149 b150 b151 b152 b153 b154 b155 b156 b157 b158 b159 b160)
Time taken = 0.018188
Removing b7
Removing b9
Removing b10
Verifying main
Houdini assignment axiom: (And true b1 (! b2) b3 b4 (! b5) (! b6) (! b7) b8 (! b9) (! b10) b11 b12 b13 b14 b15 b16 b17 b18 b19 b20 b21 b22 b23 b24 b25 b26 b27 b28 b29 b30 b31 b32 b33 b34 b35 b36 b37 b38 b39 b40 b41 b42 b43 b44 b45 b46 b47 b48 b49 b50 b51 b52 b53 b54 b55 b56 b57 b58 b59 b60 b61 b62 b63 b64 b65 b66 b67 b68 b69 b70 b71 b72 b73 b74 b75 b76 b77 b78 b79 b80 b81 b82 b83 b84 b85 b86 b87 b88 b89 b90 b91 b92 b93 b94 b95 b96 b97 b98 b99 b100 b101 b102 b103 b104 b105 b106 b107 b108 b109 b110 b111 b112 b113 b114 b115 b116 b117 b118 b119 b120 b121 b122 b123 b124 b125 b126 b127 b128 b129 b130 b131 b132 b133 b134 b135 b136 b137 b138 b139 b140 b141 b142 b143 b144 b145 b146 b147 b148 b149 b150 b151 b152 b153 b154 b155 b156 b157 b158 b159 b160)
Time taken = 0.013433
Removing b8
Removing b11
Removing b13
Removing b14
Verifying main
Houdini assignment axiom: (And true b1 (! b2) b3 b4 (! b5) (! b6) (! b7) (! b8) (! b9) (! b10) (! b11) b12 (! b13) (! b14) b15 b16 b17 b18 b19 b20 b21 b22 b23 b24 b25 b26 b27 b28 b29 b30 b31 b32 b33 b34 b35 b36 b37 b38 b39 b40 b41 b42 b43 b44 b45 b46 b47 b48 b49 b50 b51 b52 b53 b54 b55 b56 b57 b58 b59 b60 b61 b62 b63 b64 b65 b66 b67 b68 b69 b70 b71 b72 b73 b74 b75 b76 b77 b78 b79 b80 b81 b82 b83 b84 b85 b86 b87 b88 b89 b90 b91 b92 b93 b94 b95 b96 b97 b98 b99 b100 b101 b102 b103 b104 b105 b106 b107 b108 b109 b110 b111 b112 b113 b114 b115 b116 b117 b118 b119 b120 b121 b122 b123 b124 b125 b126 b127 b128 b129 b130 b131 b132 b133 b134 b135 b136 b137 b138 b139 b140 b141 b142 b143 b144 b145 b146 b147 b148 b149 b150 b151 b152 b153 b154 b155 b156 b157 b158 b159 b160)
Time taken = 0.015266
Removing b12
Removing b15
Removing b17
Removing b18
Verifying main
Houdini assignment axiom: (And true b1 (! b2) b3 b4 (! b5) (! b6) (! b7) (! b8) (! b9) (! b10) (! b11) (! b12) (! b13) (! b14) (! b15) b16 (! b17) (! b18) b19 b20 b21 b22 b23 b24 b25 b26 b27 b28 b29 b30 b31 b32 b33 b34 b35 b36 b37 b38 b39 b40 b41 b42 b43 b44 b45 b46 b47 b48 b49 b50 b51 b52 b53 b54 b55 b56 b57 b58 b59 b60 b61 b62 b63 b64 b65 b66 b67 b68 b69 b70 b71 b72 b73 b74 b75 b76 b77 b78 b79 b80 b81 b82 b83 b84 b85 b86 b87 b88 b89 b90 b91 b92 b93 b94 b95 b96 b97 b98 b99 b100 b101 b102 b103 b104 b105 b106 b107 b108 b109 b110 b111 b112 b113 b114 b115 b116 b117 b118 b119 b120 b121 b122 b123 b124 b125 b126 b127 b128 b129 b130 b131 b132 b133 b134 b135 b136 b137 b138 b139 b140 b141 b142 b143 b144 b145 b146 b147 b148 b149 b150 b151 b152 b153 b154 b155 b156 b157 b158 b159 b160)
Time taken = 0.01461
Removing b16
Removing b21
Removing b19
Verifying main
Houdini assignment axiom: (And true b1 (! b2) b3 b4 (! b5) (! b6) (! b7) (! b8) (! b9) (! b10) (! b11) (! b12) (! b13) (! b14) (! b15) (! b16) (! b17) (! b18) (! b19) b20 (! b21) b22 b23 b24 b25 b26 b27 b28 b29 b30 b31 b32 b33 b34 b35 b36 b37 b38 b39 b40 b41 b42 b43 b44 b45 b46 b47 b48 b49 b50 b51 b52 b53 b54 b55 b56 b57 b58 b59 b60 b61 b62 b63 b64 b65 b66 b67 b68 b69 b70 b71 b72 b73 b74 b75 b76 b77 b78 b79 b80 b81 b82 b83 b84 b85 b86 b87 b88 b89 b90 b91 b92 b93 b94 b95 b96 b97 b98 b99 b100 b101 b102 b103 b104 b105 b106 b107 b108 b109 b110 b111 b112 b113 b114 b115 b116 b117 b118 b119 b120 b121 b122 b123 b124 b125 b126 b127 b128 b129 b130 b131 b132 b133 b134 b135 b136 b137 b138 b139 b140 b141 b142 b143 b144 b145 b146 b147 b148 b149 b150 b151 b152 b153 b154 b155 b156 b157 b158 b159 b160)
Time taken = 0.015368
Removing b20
Removing b22
Verifying main
Houdini assignment axiom: (And true b1 (! b2) b3 b4 (! b5) (! b6) (! b7) (! b8) (! b9) (! b10) (! b11) (! b12) (! b13) (! b14) (! b15) (! b16) (! b17) (! b18) (! b19) (! b20) (! b21) (! b22) b23 b24 b25 b26 b27 b28 b29 b30 b31 b32 b33 b34 b35 b36 b37 b38 b39 b40 b41 b42 b43 b44 b45 b46 b47 b48 b49 b50 b51 b52 b53 b54 b55 b56 b57 b58 b59 b60 b61 b62 b63 b64 b65 b66 b67 b68 b69 b70 b71 b72 b73 b74 b75 b76 b77 b78 b79 b80 b81 b82 b83 b84 b85 b86 b87 b88 b89 b90 b91 b92 b93 b94 b95 b96 b97 b98 b99 b100 b101 b102 b103 b104 b105 b106 b107 b108 b109 b110 b111 b112 b113 b114 b115 b116 b117 b118 b119 b120 b121 b122 b123 b124 b125 b126 b127 b128 b129 b130 b131 b132 b133 b134 b135 b136 b137 b138 b139 b140 b141 b142 b143 b144 b145 b146 b147 b148 b149 b150 b151 b152 b153 b154 b155 b156 b157 b158 b159 b160)
Time taken = 0.017816
Removing b23
Removing b25
Removing b26
Verifying main
Houdini assignment axiom: (And true b1 (! b2) b3 b4 (! b5) (! b6) (! b7) (! b8) (! b9) (! b10) (! b11) (! b12) (! b13) (! b14) (! b15) (! b16) (! b17) (! b18) (! b19) (! b20) (! b21) (! b22) (! b23) b24 (! b25) (! b26) b27 b28 b29 b30 b31 b32 b33 b34 b35 b36 b37 b38 b39 b40 b41 b42 b43 b44 b45 b46 b47 b48 b49 b50 b51 b52 b53 b54 b55 b56 b57 b58 b59 b60 b61 b62 b63 b64 b65 b66 b67 b68 b69 b70 b71 b72 b73 b74 b75 b76 b77 b78 b79 b80 b81 b82 b83 b84 b85 b86 b87 b88 b89 b90 b91 b92 b93 b94 b95 b96 b97 b98 b99 b100 b101 b102 b103 b104 b105 b106 b107 b108 b109 b110 b111 b112 b113 b114 b115 b116 b117 b118 b119 b120 b121 b122 b123 b124 b125 b126 b127 b128 b129 b130 b131 b132 b133 b134 b135 b136 b137 b138 b139 b140 b141 b142 b143 b144 b145 b146 b147 b148 b149 b150 b151 b152 b153 b154 b155 b156 b157 b158 b159 b160)
Time taken = 0.015452
Removing b24
Removing b27
Removing b30
Verifying main
Houdini assignment axiom: (And true b1 (! b2) b3 b4 (! b5) (! b6) (! b7) (! b8) (! b9) (! b10) (! b11) (! b12) (! b13) (! b14) (! b15) (! b16) (! b17) (! b18) (! b19) (! b20) (! b21) (! b22) (! b23) (! b24) (! b25) (! b26) (! b27) b28 b29 (! b30) b31 b32 b33 b34 b35 b36 b37 b38 b39 b40 b41 b42 b43 b44 b45 b46 b47 b48 b49 b50 b51 b52 b53 b54 b55 b56 b57 b58 b59 b60 b61 b62 b63 b64 b65 b66 b67 b68 b69 b70 b71 b72 b73 b74 b75 b76 b77 b78 b79 b80 b81 b82 b83 b84 b85 b86 b87 b88 b89 b90 b91 b92 b93 b94 b95 b96 b97 b98 b99 b100 b101 b102 b103 b104 b105 b106 b107 b108 b109 b110 b111 b112 b113 b114 b115 b116 b117 b118 b119 b120 b121 b122 b123 b124 b125 b126 b127 b128 b129 b130 b131 b132 b133 b134 b135 b136 b137 b138 b139 b140 b141 b142 b143 b144 b145 b146 b147 b148 b149 b150 b151 b152 b153 b154 b155 b156 b157 b158 b159 b160)
Time taken = 0.017221
Removing b28
Removing b33
Removing b34
Verifying main
Houdini assignment axiom: (And true b1 (! b2) b3 b4 (! b5) (! b6) (! b7) (! b8) (! b9) (! b10) (! b11) (! b12) (! b13) (! b14) (! b15) (! b16) (! b17) (! b18) (! b19) (! b20) (! b21) (! b22) (! b23) (! b24) (! b25) (! b26) (! b27) (! b28) b29 (! b30) b31 b32 (! b33) (! b34) b35 b36 b37 b38 b39 b40 b41 b42 b43 b44 b45 b46 b47 b48 b49 b50 b51 b52 b53 b54 b55 b56 b57 b58 b59 b60 b61 b62 b63 b64 b65 b66 b67 b68 b69 b70 b71 b72 b73 b74 b75 b76 b77 b78 b79 b80 b81 b82 b83 b84 b85 b86 b87 b88 b89 b90 b91 b92 b93 b94 b95 b96 b97 b98 b99 b100 b101 b102 b103 b104 b105 b106 b107 b108 b109 b110 b111 b112 b113 b114 b115 b116 b117 b118 b119 b120 b121 b122 b123 b124 b125 b126 b127 b128 b129 b130 b131 b132 b133 b134 b135 b136 b137 b138 b139 b140 b141 b142 b143 b144 b145 b146 b147 b148 b149 b150 b151 b152 b153 b154 b155 b156 b157 b158 b159 b160)
Time taken = 0.018443
Removing b35
Removing b38
Removing b37
Verifying main
Houdini assignment axiom: (And true b1 (! b2) b3 b4 (! b5) (! b6) (! b7) (! b8) (! b9) (! b10) (! b11) (! b12) (! b13) (! b14) (! b15) (! b16) (! b17) (! b18) (! b19) (! b20) (! b21) (! b22) (! b23) (! b24) (! b25) (! b26) (! b27) (! b28) b29 (! b30) b31 b32 (! b33) (! b34) (! b35) b36 (! b37) (! b38) b39 b40 b41 b42 b43 b44 b45 b46 b47 b48 b49 b50 b51 b52 b53 b54 b55 b56 b57 b58 b59 b60 b61 b62 b63 b64 b65 b66 b67 b68 b69 b70 b71 b72 b73 b74 b75 b76 b77 b78 b79 b80 b81 b82 b83 b84 b85 b86 b87 b88 b89 b90 b91 b92 b93 b94 b95 b96 b97 b98 b99 b100 b101 b102 b103 b104 b105 b106 b107 b108 b109 b110 b111 b112 b113 b114 b115 b116 b117 b118 b119 b120 b121 b122 b123 b124 b125 b126 b127 b128 b129 b130 b131 b132 b133 b134 b135 b136 b137 b138 b139 b140 b141 b142 b143 b144 b145 b146 b147 b148 b149 b150 b151 b152 b153 b154 b155 b156 b157 b158 b159 b160)
Time taken = 0.018656
Removing b36
Removing b39
Removing b42
Verifying main
Houdini assignment axiom: (And true b1 (! b2) b3 b4 (! b5) (! b6) (! b7) (! b8) (! b9) (! b10) (! b11) (! b12) (! b13) (! b14) (! b15) (! b16) (! b17) (! b18) (! b19) (! b20) (! b21) (! b22) (! b23) (! b24) (! b25) (! b26) (! b27) (! b28) b29 (! b30) b31 b32 (! b33) (! b34) (! b35) (! b36) (! b37) (! b38) (! b39) b40 b41 (! b42) b43 b44 b45 b46 b47 b48 b49 b50 b51 b52 b53 b54 b55 b56 b57 b58 b59 b60 b61 b62 b63 b64 b65 b66 b67 b68 b69 b70 b71 b72 b73 b74 b75 b76 b77 b78 b79 b80 b81 b82 b83 b84 b85 b86 b87 b88 b89 b90 b91 b92 b93 b94 b95 b96 b97 b98 b99 b100 b101 b102 b103 b104 b105 b106 b107 b108 b109 b110 b111 b112 b113 b114 b115 b116 b117 b118 b119 b120 b121 b122 b123 b124 b125 b126 b127 b128 b129 b130 b131 b132 b133 b134 b135 b136 b137 b138 b139 b140 b141 b142 b143 b144 b145 b146 b147 b148 b149 b150 b151 b152 b153 b154 b155 b156 b157 b158 b159 b160)
Time taken = 0.014026
Removing b40
Removing b41
Removing b45
Verifying main
Houdini assignment axiom: (And true b1 (! b2) b3 b4 (! b5) (! b6) (! b7) (! b8) (! b9) (! b10) (! b11) (! b12) (! b13) (! b14) (! b15) (! b16) (! b17) (! b18) (! b19) (! b20) (! b21) (! b22) (! b23) (! b24) (! b25) (! b26) (! b27) (! b28) b29 (! b30) b31 b32 (! b33) (! b34) (! b35) (! b36) (! b37) (! b38) (! b39) (! b40) (! b41) (! b42) b43 b44 (! b45) b46 b47 b48 b49 b50 b51 b52 b53 b54 b55 b56 b57 b58 b59 b60 b61 b62 b63 b64 b65 b66 b67 b68 b69 b70 b71 b72 b73 b74 b75 b76 b77 b78 b79 b80 b81 b82 b83 b84 b85 b86 b87 b88 b89 b90 b91 b92 b93 b94 b95 b96 b97 b98 b99 b100 b101 b102 b103 b104 b105 b106 b107 b108 b109 b110 b111 b112 b113 b114 b115 b116 b117 b118 b119 b120 b121 b122 b123 b124 b125 b126 b127 b128 b129 b130 b131 b132 b133 b134 b135 b136 b137 b138 b139 b140 b141 b142 b143 b144 b145 b146 b147 b148 b149 b150 b151 b152 b153 b154 b155 b156 b157 b158 b159 b160)
Time taken = 0.011457
Removing b43
Removing b46
Verifying main
Houdini assignment axiom: (And true b1 (! b2) b3 b4 (! b5) (! b6) (! b7) (! b8) (! b9) (! b10) (! b11) (! b12) (! b13) (! b14) (! b15) (! b16) (! b17) (! b18) (! b19) (! b20) (! b21) (! b22) (! b23) (! b24) (! b25) (! b26) (! b27) (! b28) b29 (! b30) b31 b32 (! b33) (! b34) (! b35) (! b36) (! b37) (! b38) (! b39) (! b40) (! b41) (! b42) (! b43) b44 (! b45) (! b46) b47 b48 b49 b50 b51 b52 b53 b54 b55 b56 b57 b58 b59 b60 b61 b62 b63 b64 b65 b66 b67 b68 b69 b70 b71 b72 b73 b74 b75 b76 b77 b78 b79 b80 b81 b82 b83 b84 b85 b86 b87 b88 b89 b90 b91 b92 b93 b94 b95 b96 b97 b98 b99 b100 b101 b102 b103 b104 b105 b106 b107 b108 b109 b110 b111 b112 b113 b114 b115 b116 b117 b118 b119 b120 b121 b122 b123 b124 b125 b126 b127 b128 b129 b130 b131 b132 b133 b134 b135 b136 b137 b138 b139 b140 b141 b142 b143 b144 b145 b146 b147 b148 b149 b150 b151 b152 b153 b154 b155 b156 b157 b158 b159 b160)
Time taken = 0.011311
Removing b44
Removing b49
Removing b50
Verifying main
Houdini assignment axiom: (And true b1 (! b2) b3 b4 (! b5) (! b6) (! b7) (! b8) (! b9) (! b10) (! b11) (! b12) (! b13) (! b14) (! b15) (! b16) (! b17) (! b18) (! b19) (! b20) (! b21) (! b22) (! b23) (! b24) (! b25) (! b26) (! b27) (! b28) b29 (! b30) b31 b32 (! b33) (! b34) (! b35) (! b36) (! b37) (! b38) (! b39) (! b40) (! b41) (! b42) (! b43) (! b44) (! b45) (! b46) b47 b48 (! b49) (! b50) b51 b52 b53 b54 b55 b56 b57 b58 b59 b60 b61 b62 b63 b64 b65 b66 b67 b68 b69 b70 b71 b72 b73 b74 b75 b76 b77 b78 b79 b80 b81 b82 b83 b84 b85 b86 b87 b88 b89 b90 b91 b92 b93 b94 b95 b96 b97 b98 b99 b100 b101 b102 b103 b104 b105 b106 b107 b108 b109 b110 b111 b112 b113 b114 b115 b116 b117 b118 b119 b120 b121 b122 b123 b124 b125 b126 b127 b128 b129 b130 b131 b132 b133 b134 b135 b136 b137 b138 b139 b140 b141 b142 b143 b144 b145 b146 b147 b148 b149 b150 b151 b152 b153 b154 b155 b156 b157 b158 b159 b160)
Time taken = 0.01227
Removing b47
Removing b51
Removing b53
Removing b54
Verifying main
Houdini assignment axiom: (And true b1 (! b2) b3 b4 (! b5) (! b6) (! b7) (! b8) (! b9) (! b10) (! b11) (! b12) (! b13) (! b14) (! b15) (! b16) (! b17) (! b18) (! b19) (! b20) (! b21) (! b22) (! b23) (! b24) (! b25) (! b26) (! b27) (! b28) b29 (! b30) b31 b32 (! b33) (! b34) (! b35) (! b36) (! b37) (! b38) (! b39) (! b40) (! b41) (! b42) (! b43) (! b44) (! b45) (! b46) (! b47) b48 (! b49) (! b50) (! b51) b52 (! b53) (! b54) b55 b56 b57 b58 b59 b60 b61 b62 b63 b64 b65 b66 b67 b68 b69 b70 b71 b72 b73 b74 b75 b76 b77 b78 b79 b80 b81 b82 b83 b84 b85 b86 b87 b88 b89 b90 b91 b92 b93 b94 b95 b96 b97 b98 b99 b100 b101 b102 b103 b104 b105 b106 b107 b108 b109 b110 b111 b112 b113 b114 b115 b116 b117 b118 b119 b120 b121 b122 b123 b124 b125 b126 b127 b128 b129 b130 b131 b132 b133 b134 b135 b136 b137 b138 b139 b140 b141 b142 b143 b144 b145 b146 b147 b148 b149 b150 b151 b152 b153 b154 b155 b156 b157 b158 b159 b160)
Time taken = 0.014233
Removing b48
Removing b52
Removing b55
Removing b58
Verifying main
Houdini assignment axiom: (And true b1 (! b2) b3 b4 (! b5) (! b6) (! b7) (! b8) (! b9) (! b10) (! b11) (! b12) (! b13) (! b14) (! b15) (! b16) (! b17) (! b18) (! b19) (! b20) (! b21) (! b22) (! b23) (! b24) (! b25) (! b26) (! b27) (! b28) b29 (! b30) b31 b32 (! b33) (! b34) (! b35) (! b36) (! b37) (! b38) (! b39) (! b40) (! b41) (! b42) (! b43) (! b44) (! b45) (! b46) (! b47) (! b48) (! b49) (! b50) (! b51) (! b52) (! b53) (! b54) (! b55) b56 b57 (! b58) b59 b60 b61 b62 b63 b64 b65 b66 b67 b68 b69 b70 b71 b72 b73 b74 b75 b76 b77 b78 b79 b80 b81 b82 b83 b84 b85 b86 b87 b88 b89 b90 b91 b92 b93 b94 b95 b96 b97 b98 b99 b100 b101 b102 b103 b104 b105 b106 b107 b108 b109 b110 b111 b112 b113 b114 b115 b116 b117 b118 b119 b120 b121 b122 b123 b124 b125 b126 b127 b128 b129 b130 b131 b132 b133 b134 b135 b136 b137 b138 b139 b140 b141 b142 b143 b144 b145 b146 b147 b148 b149 b150 b151 b152 b153 b154 b155 b156 b157 b158 b159 b160)
Time taken = 0.011976
Removing b61
Verifying main
Houdini assignment axiom: (And true b1 (! b2) b3 b4 (! b5) (! b6) (! b7) (! b8) (! b9) (! b10) (! b11) (! b12) (! b13) (! b14) (! b15) (! b16) (! b17) (! b18) (! b19) (! b20) (! b21) (! b22) (! b23) (! b24) (! b25) (! b26) (! b27) (! b28) b29 (! b30) b31 b32 (! b33) (! b34) (! b35) (! b36) (! b37) (! b38) (! b39) (! b40) (! b41) (! b42) (! b43) (! b44) (! b45) (! b46) (! b47) (! b48) (! b49) (! b50) (! b51) (! b52) (! b53) (! b54) (! b55) b56 b57 (! b58) b59 b60 (! b61) b62 b63 b64 b65 b66 b67 b68 b69 b70 b71 b72 b73 b74 b75 b76 b77 b78 b79 b80 b81 b82 b83 b84 b85 b86 b87 b88 b89 b90 b91 b92 b93 b94 b95 b96 b97 b98 b99 b100 b101 b102 b103 b104 b105 b106 b107 b108 b109 b110 b111 b112 b113 b114 b115 b116 b117 b118 b119 b120 b121 b122 b123 b124 b125 b126 b127 b128 b129 b130 b131 b132 b133 b134 b135 b136 b137 b138 b139 b140 b141 b142 b143 b144 b145 b146 b147 b148 b149 b150 b151 b152 b153 b154 b155 b156 b157 b158 b159 b160)
Time taken = 0.011549
Removing b63
Verifying main
Houdini assignment axiom: (And true b1 (! b2) b3 b4 (! b5) (! b6) (! b7) (! b8) (! b9) (! b10) (! b11) (! b12) (! b13) (! b14) (! b15) (! b16) (! b17) (! b18) (! b19) (! b20) (! b21) (! b22) (! b23) (! b24) (! b25) (! b26) (! b27) (! b28) b29 (! b30) b31 b32 (! b33) (! b34) (! b35) (! b36) (! b37) (! b38) (! b39) (! b40) (! b41) (! b42) (! b43) (! b44) (! b45) (! b46) (! b47) (! b48) (! b49) (! b50) (! b51) (! b52) (! b53) (! b54) (! b55) b56 b57 (! b58) b59 b60 (! b61) b62 (! b63) b64 b65 b66 b67 b68 b69 b70 b71 b72 b73 b74 b75 b76 b77 b78 b79 b80 b81 b82 b83 b84 b85 b86 b87 b88 b89 b90 b91 b92 b93 b94 b95 b96 b97 b98 b99 b100 b101 b102 b103 b104 b105 b106 b107 b108 b109 b110 b111 b112 b113 b114 b115 b116 b117 b118 b119 b120 b121 b122 b123 b124 b125 b126 b127 b128 b129 b130 b131 b132 b133 b134 b135 b136 b137 b138 b139 b140 b141 b142 b143 b144 b145 b146 b147 b148 b149 b150 b151 b152 b153 b154 b155 b156 b157 b158 b159 b160)
Time taken = 0.008191
Removing b65
Verifying main
Houdini assignment axiom: (And true b1 (! b2) b3 b4 (! b5) (! b6) (! b7) (! b8) (! b9) (! b10) (! b11) (! b12) (! b13) (! b14) (! b15) (! b16) (! b17) (! b18) (! b19) (! b20) (! b21) (! b22) (! b23) (! b24) (! b25) (! b26) (! b27) (! b28) b29 (! b30) b31 b32 (! b33) (! b34) (! b35) (! b36) (! b37) (! b38) (! b39) (! b40) (! b41) (! b42) (! b43) (! b44) (! b45) (! b46) (! b47) (! b48) (! b49) (! b50) (! b51) (! b52) (! b53) (! b54) (! b55) b56 b57 (! b58) b59 b60 (! b61) b62 (! b63) b64 (! b65) b66 b67 b68 b69 b70 b71 b72 b73 b74 b75 b76 b77 b78 b79 b80 b81 b82 b83 b84 b85 b86 b87 b88 b89 b90 b91 b92 b93 b94 b95 b96 b97 b98 b99 b100 b101 b102 b103 b104 b105 b106 b107 b108 b109 b110 b111 b112 b113 b114 b115 b116 b117 b118 b119 b120 b121 b122 b123 b124 b125 b126 b127 b128 b129 b130 b131 b132 b133 b134 b135 b136 b137 b138 b139 b140 b141 b142 b143 b144 b145 b146 b147 b148 b149 b150 b151 b152 b153 b154 b155 b156 b157 b158 b159 b160)
Time taken = 0.010031
Removing b67
Verifying main
Houdini assignment axiom: (And true b1 (! b2) b3 b4 (! b5) (! b6) (! b7) (! b8) (! b9) (! b10) (! b11) (! b12) (! b13) (! b14) (! b15) (! b16) (! b17) (! b18) (! b19) (! b20) (! b21) (! b22) (! b23) (! b24) (! b25) (! b26) (! b27) (! b28) b29 (! b30) b31 b32 (! b33) (! b34) (! b35) (! b36) (! b37) (! b38) (! b39) (! b40) (! b41) (! b42) (! b43) (! b44) (! b45) (! b46) (! b47) (! b48) (! b49) (! b50) (! b51) (! b52) (! b53) (! b54) (! b55) b56 b57 (! b58) b59 b60 (! b61) b62 (! b63) b64 (! b65) b66 (! b67) b68 b69 b70 b71 b72 b73 b74 b75 b76 b77 b78 b79 b80 b81 b82 b83 b84 b85 b86 b87 b88 b89 b90 b91 b92 b93 b94 b95 b96 b97 b98 b99 b100 b101 b102 b103 b104 b105 b106 b107 b108 b109 b110 b111 b112 b113 b114 b115 b116 b117 b118 b119 b120 b121 b122 b123 b124 b125 b126 b127 b128 b129 b130 b131 b132 b133 b134 b135 b136 b137 b138 b139 b140 b141 b142 b143 b144 b145 b146 b147 b148 b149 b150 b151 b152 b153 b154 b155 b156 b157 b158 b159 b160)
Time taken = 0.008244
Removing b70
Verifying main
Houdini assignment axiom: (And true b1 (! b2) b3 b4 (! b5) (! b6) (! b7) (! b8) (! b9) (! b10) (! b11) (! b12) (! b13) (! b14) (! b15) (! b16) (! b17) (! b18) (! b19) (! b20) (! b21) (! b22) (! b23) (! b24) (! b25) (! b26) (! b27) (! b28) b29 (! b30) b31 b32 (! b33) (! b34) (! b35) (! b36) (! b37) (! b38) (! b39) (! b40) (! b41) (! b42) (! b43) (! b44) (! b45) (! b46) (! b47) (! b48) (! b49) (! b50) (! b51) (! b52) (! b53) (! b54) (! b55) b56 b57 (! b58) b59 b60 (! b61) b62 (! b63) b64 (! b65) b66 (! b67) b68 b69 (! b70) b71 b72 b73 b74 b75 b76 b77 b78 b79 b80 b81 b82 b83 b84 b85 b86 b87 b88 b89 b90 b91 b92 b93 b94 b95 b96 b97 b98 b99 b100 b101 b102 b103 b104 b105 b106 b107 b108 b109 b110 b111 b112 b113 b114 b115 b116 b117 b118 b119 b120 b121 b122 b123 b124 b125 b126 b127 b128 b129 b130 b131 b132 b133 b134 b135 b136 b137 b138 b139 b140 b141 b142 b143 b144 b145 b146 b147 b148 b149 b150 b151 b152 b153 b154 b155 b156 b157 b158 b159 b160)
Time taken = 0.011305
Removing b73
Removing b74
Verifying main
Houdini assignment axiom: (And true b1 (! b2) b3 b4 (! b5) (! b6) (! b7) (! b8) (! b9) (! b10) (! b11) (! b12) (! b13) (! b14) (! b15) (! b16) (! b17) (! b18) (! b19) (! b20) (! b21) (! b22) (! b23) (! b24) (! b25) (! b26) (! b27) (! b28) b29 (! b30) b31 b32 (! b33) (! b34) (! b35) (! b36) (! b37) (! b38) (! b39) (! b40) (! b41) (! b42) (! b43) (! b44) (! b45) (! b46) (! b47) (! b48) (! b49) (! b50) (! b51) (! b52) (! b53) (! b54) (! b55) b56 b57 (! b58) b59 b60 (! b61) b62 (! b63) b64 (! b65) b66 (! b67) b68 b69 (! b70) b71 b72 (! b73) (! b74) b75 b76 b77 b78 b79 b80 b81 b82 b83 b84 b85 b86 b87 b88 b89 b90 b91 b92 b93 b94 b95 b96 b97 b98 b99 b100 b101 b102 b103 b104 b105 b106 b107 b108 b109 b110 b111 b112 b113 b114 b115 b116 b117 b118 b119 b120 b121 b122 b123 b124 b125 b126 b127 b128 b129 b130 b131 b132 b133 b134 b135 b136 b137 b138 b139 b140 b141 b142 b143 b144 b145 b146 b147 b148 b149 b150 b151 b152 b153 b154 b155 b156 b157 b158 b159 b160)
Time taken = 0.014488
Removing b75
Removing b77
Removing b78
Verifying main
Houdini assignment axiom: (And true b1 (! b2) b3 b4 (! b5) (! b6) (! b7) (! b8) (! b9) (! b10) (! b11) (! b12) (! b13) (! b14) (! b15) (! b16) (! b17) (! b18) (! b19) (! b20) (! b21) (! b22) (! b23) (! b24) (! b25) (! b26) (! b27) (! b28) b29 (! b30) b31 b32 (! b33) (! b34) (! b35) (! b36) (! b37) (! b38) (! b39) (! b40) (! b41) (! b42) (! b43) (! b44) (! b45) (! b46) (! b47) (! b48) (! b49) (! b50) (! b51) (! b52) (! b53) (! b54) (! b55) b56 b57 (! b58) b59 b60 (! b61) b62 (! b63) b64 (! b65) b66 (! b67) b68 b69 (! b70) b71 b72 (! b73) (! b74) (! b75) b76 (! b77) (! b78) b79 b80 b81 b82 b83 b84 b85 b86 b87 b88 b89 b90 b91 b92 b93 b94 b95 b96 b97 b98 b99 b100 b101 b102 b103 b104 b105 b106 b107 b108 b109 b110 b111 b112 b113 b114 b115 b116 b117 b118 b119 b120 b121 b122 b123 b124 b125 b126 b127 b128 b129 b130 b131 b132 b133 b134 b135 b136 b137 b138 b139 b140 b141 b142 b143 b144 b145 b146 b147 b148 b149 b150 b151 b152 b153 b154 b155 b156 b157 b158 b159 b160)
Time taken = 0.016902
Removing b76
Removing b81
Verifying main
Houdini assignment axiom: (And true b1 (! b2) b3 b4 (! b5) (! b6) (! b7) (! b8) (! b9) (! b10) (! b11) (! b12) (! b13) (! b14) (! b15) (! b16) (! b17) (! b18) (! b19) (! b20) (! b21) (! b22) (! b23) (! b24) (! b25) (! b26) (! b27) (! b28) b29 (! b30) b31 b32 (! b33) (! b34) (! b35) (! b36) (! b37) (! b38) (! b39) (! b40) (! b41) (! b42) (! b43) (! b44) (! b45) (! b46) (! b47) (! b48) (! b49) (! b50) (! b51) (! b52) (! b53) (! b54) (! b55) b56 b57 (! b58) b59 b60 (! b61) b62 (! b63) b64 (! b65) b66 (! b67) b68 b69 (! b70) b71 b72 (! b73) (! b74) (! b75) (! b76) (! b77) (! b78) b79 b80 (! b81) b82 b83 b84 b85 b86 b87 b88 b89 b90 b91 b92 b93 b94 b95 b96 b97 b98 b99 b100 b101 b102 b103 b104 b105 b106 b107 b108 b109 b110 b111 b112 b113 b114 b115 b116 b117 b118 b119 b120 b121 b122 b123 b124 b125 b126 b127 b128 b129 b130 b131 b132 b133 b134 b135 b136 b137 b138 b139 b140 b141 b142 b143 b144 b145 b146 b147 b148 b149 b150 b151 b152 b153 b154 b155 b156 b157 b158 b159 b160)
Time taken = 0.016327
Removing b82
Verifying main
Houdini assignment axiom: (And true b1 (! b2) b3 b4 (! b5) (! b6) (! b7) (! b8) (! b9) (! b10) (! b11) (! b12) (! b13) (! b14) (! b15) (! b16) (! b17) (! b18) (! b19) (! b20) (! b21) (! b22) (! b23) (! b24) (! b25) (! b26) (! b27) (! b28) b29 (! b30) b31 b32 (! b33) (! b34) (! b35) (! b36) (! b37) (! b38) (! b39) (! b40) (! b41) (! b42) (! b43) (! b44) (! b45) (! b46) (! b47) (! b48) (! b49) (! b50) (! b51) (! b52) (! b53) (! b54) (! b55) b56 b57 (! b58) b59 b60 (! b61) b62 (! b63) b64 (! b65) b66 (! b67) b68 b69 (! b70) b71 b72 (! b73) (! b74) (! b75) (! b76) (! b77) (! b78) b79 b80 (! b81) (! b82) b83 b84 b85 b86 b87 b88 b89 b90 b91 b92 b93 b94 b95 b96 b97 b98 b99 b100 b101 b102 b103 b104 b105 b106 b107 b108 b109 b110 b111 b112 b113 b114 b115 b116 b117 b118 b119 b120 b121 b122 b123 b124 b125 b126 b127 b128 b129 b130 b131 b132 b133 b134 b135 b136 b137 b138 b139 b140 b141 b142 b143 b144 b145 b146 b147 b148 b149 b150 b151 b152 b153 b154 b155 b156 b157 b158 b159 b160)
Time taken = 0.0157
Removing b86
Verifying main
Houdini assignment axiom: (And true b1 (! b2) b3 b4 (! b5) (! b6) (! b7) (! b8) (! b9) (! b10) (! b11) (! b12) (! b13) (! b14) (! b15) (! b16) (! b17) (! b18) (! b19) (! b20) (! b21) (! b22) (! b23) (! b24) (! b25) (! b26) (! b27) (! b28) b29 (! b30) b31 b32 (! b33) (! b34) (! b35) (! b36) (! b37) (! b38) (! b39) (! b40) (! b41) (! b42) (! b43) (! b44) (! b45) (! b46) (! b47) (! b48) (! b49) (! b50) (! b51) (! b52) (! b53) (! b54) (! b55) b56 b57 (! b58) b59 b60 (! b61) b62 (! b63) b64 (! b65) b66 (! b67) b68 b69 (! b70) b71 b72 (! b73) (! b74) (! b75) (! b76) (! b77) (! b78) b79 b80 (! b81) (! b82) b83 b84 b85 (! b86) b87 b88 b89 b90 b91 b92 b93 b94 b95 b96 b97 b98 b99 b100 b101 b102 b103 b104 b105 b106 b107 b108 b109 b110 b111 b112 b113 b114 b115 b116 b117 b118 b119 b120 b121 b122 b123 b124 b125 b126 b127 b128 b129 b130 b131 b132 b133 b134 b135 b136 b137 b138 b139 b140 b141 b142 b143 b144 b145 b146 b147 b148 b149 b150 b151 b152 b153 b154 b155 b156 b157 b158 b159 b160)
Time taken = 0.011547
Removing b90
Verifying main
Houdini assignment axiom: (And true b1 (! b2) b3 b4 (! b5) (! b6) (! b7) (! b8) (! b9) (! b10) (! b11) (! b12) (! b13) (! b14) (! b15) (! b16) (! b17) (! b18) (! b19) (! b20) (! b21) (! b22) (! b23) (! b24) (! b25) (! b26) (! b27) (! b28) b29 (! b30) b31 b32 (! b33) (! b34) (! b35) (! b36) (! b37) (! b38) (! b39) (! b40) (! b41) (! b42) (! b43) (! b44) (! b45) (! b46) (! b47) (! b48) (! b49) (! b50) (! b51) (! b52) (! b53) (! b54) (! b55) b56 b57 (! b58) b59 b60 (! b61) b62 (! b63) b64 (! b65) b66 (! b67) b68 b69 (! b70) b71 b72 (! b73) (! b74) (! b75) (! b76) (! b77) (! b78) b79 b80 (! b81) (! b82) b83 b84 b85 (! b86) b87 b88 b89 (! b90) b91 b92 b93 b94 b95 b96 b97 b98 b99 b100 b101 b102 b103 b104 b105 b106 b107 b108 b109 b110 b111 b112 b113 b114 b115 b116 b117 b118 b119 b120 b121 b122 b123 b124 b125 b126 b127 b128 b129 b130 b131 b132 b133 b134 b135 b136 b137 b138 b139 b140 b141 b142 b143 b144 b145 b146 b147 b148 b149 b150 b151 b152 b153 b154 b155 b156 b157 b158 b159 b160)
Time taken = 0.008853
Removing b93
Verifying main
Houdini assignment axiom: (And true b1 (! b2) b3 b4 (! b5) (! b6) (! b7) (! b8) (! b9) (! b10) (! b11) (! b12) (! b13) (! b14) (! b15) (! b16) (! b17) (! b18) (! b19) (! b20) (! b21) (! b22) (! b23) (! b24) (! b25) (! b26) (! b27) (! b28) b29 (! b30) b31 b32 (! b33) (! b34) (! b35) (! b36) (! b37) (! b38) (! b39) (! b40) (! b41) (! b42) (! b43) (! b44) (! b45) (! b46) (! b47) (! b48) (! b49) (! b50) (! b51) (! b52) (! b53) (! b54) (! b55) b56 b57 (! b58) b59 b60 (! b61) b62 (! b63) b64 (! b65) b66 (! b67) b68 b69 (! b70) b71 b72 (! b73) (! b74) (! b75) (! b76) (! b77) (! b78) b79 b80 (! b81) (! b82) b83 b84 b85 (! b86) b87 b88 b89 (! b90) b91 b92 (! b93) b94 b95 b96 b97 b98 b99 b100 b101 b102 b103 b104 b105 b106 b107 b108 b109 b110 b111 b112 b113 b114 b115 b116 b117 b118 b119 b120 b121 b122 b123 b124 b125 b126 b127 b128 b129 b130 b131 b132 b133 b134 b135 b136 b137 b138 b139 b140 b141 b142 b143 b144 b145 b146 b147 b148 b149 b150 b151 b152 b153 b154 b155 b156 b157 b158 b159 b160)
Time taken = 0.011545
Removing b94
Verifying main
Houdini assignment axiom: (And true b1 (! b2) b3 b4 (! b5) (! b6) (! b7) (! b8) (! b9) (! b10) (! b11) (! b12) (! b13) (! b14) (! b15) (! b16) (! b17) (! b18) (! b19) (! b20) (! b21) (! b22) (! b23) (! b24) (! b25) (! b26) (! b27) (! b28) b29 (! b30) b31 b32 (! b33) (! b34) (! b35) (! b36) (! b37) (! b38) (! b39) (! b40) (! b41) (! b42) (! b43) (! b44) (! b45) (! b46) (! b47) (! b48) (! b49) (! b50) (! b51) (! b52) (! b53) (! b54) (! b55) b56 b57 (! b58) b59 b60 (! b61) b62 (! b63) b64 (! b65) b66 (! b67) b68 b69 (! b70) b71 b72 (! b73) (! b74) (! b75) (! b76) (! b77) (! b78) b79 b80 (! b81) (! b82) b83 b84 b85 (! b86) b87 b88 b89 (! b90) b91 b92 (! b93) (! b94) b95 b96 b97 b98 b99 b100 b101 b102 b103 b104 b105 b106 b107 b108 b109 b110 b111 b112 b113 b114 b115 b116 b117 b118 b119 b120 b121 b122 b123 b124 b125 b126 b127 b128 b129 b130 b131 b132 b133 b134 b135 b136 b137 b138 b139 b140 b141 b142 b143 b144 b145 b146 b147 b148 b149 b150 b151 b152 b153 b154 b155 b156 b157 b158 b159 b160)
Time taken = 0.015142
Removing b97
Removing b98
Verifying main
Houdini assignment axiom: (And true b1 (! b2) b3 b4 (! b5) (! b6) (! b7) (! b8) (! b9) (! b10) (! b11) (! b12) (! b13) (! b14) (! b15) (! b16) (! b17) (! b18) (! b19) (! b20) (! b21) (! b22) (! b23) (! b24) (! b25) (! b26) (! b27) (! b28) b29 (! b30) b31 b32 (! b33) (! b34) (! b35) (! b36) (! b37) (! b38) (! b39) (! b40) (! b41) (! b42) (! b43) (! b44) (! b45) (! b46) (! b47) (! b48) (! b49) (! b50) (! b51) (! b52) (! b53) (! b54) (! b55) b56 b57 (! b58) b59 b60 (! b61) b62 (! b63) b64 (! b65) b66 (! b67) b68 b69 (! b70) b71 b72 (! b73) (! b74) (! b75) (! b76) (! b77) (! b78) b79 b80 (! b81) (! b82) b83 b84 b85 (! b86) b87 b88 b89 (! b90) b91 b92 (! b93) (! b94) b95 b96 (! b97) (! b98) b99 b100 b101 b102 b103 b104 b105 b106 b107 b108 b109 b110 b111 b112 b113 b114 b115 b116 b117 b118 b119 b120 b121 b122 b123 b124 b125 b126 b127 b128 b129 b130 b131 b132 b133 b134 b135 b136 b137 b138 b139 b140 b141 b142 b143 b144 b145 b146 b147 b148 b149 b150 b151 b152 b153 b154 b155 b156 b157 b158 b159 b160)
Time taken = 0.012741
Removing b99
Removing b101
Removing b102
Verifying main
Houdini assignment axiom: (And true b1 (! b2) b3 b4 (! b5) (! b6) (! b7) (! b8) (! b9) (! b10) (! b11) (! b12) (! b13) (! b14) (! b15) (! b16) (! b17) (! b18) (! b19) (! b20) (! b21) (! b22) (! b23) (! b24) (! b25) (! b26) (! b27) (! b28) b29 (! b30) b31 b32 (! b33) (! b34) (! b35) (! b36) (! b37) (! b38) (! b39) (! b40) (! b41) (! b42) (! b43) (! b44) (! b45) (! b46) (! b47) (! b48) (! b49) (! b50) (! b51) (! b52) (! b53) (! b54) (! b55) b56 b57 (! b58) b59 b60 (! b61) b62 (! b63) b64 (! b65) b66 (! b67) b68 b69 (! b70) b71 b72 (! b73) (! b74) (! b75) (! b76) (! b77) (! b78) b79 b80 (! b81) (! b82) b83 b84 b85 (! b86) b87 b88 b89 (! b90) b91 b92 (! b93) (! b94) b95 b96 (! b97) (! b98) (! b99) b100 (! b101) (! b102) b103 b104 b105 b106 b107 b108 b109 b110 b111 b112 b113 b114 b115 b116 b117 b118 b119 b120 b121 b122 b123 b124 b125 b126 b127 b128 b129 b130 b131 b132 b133 b134 b135 b136 b137 b138 b139 b140 b141 b142 b143 b144 b145 b146 b147 b148 b149 b150 b151 b152 b153 b154 b155 b156 b157 b158 b159 b160)
Time taken = 0.012479
Removing b100
Removing b105
Verifying main
Houdini assignment axiom: (And true b1 (! b2) b3 b4 (! b5) (! b6) (! b7) (! b8) (! b9) (! b10) (! b11) (! b12) (! b13) (! b14) (! b15) (! b16) (! b17) (! b18) (! b19) (! b20) (! b21) (! b22) (! b23) (! b24) (! b25) (! b26) (! b27) (! b28) b29 (! b30) b31 b32 (! b33) (! b34) (! b35) (! b36) (! b37) (! b38) (! b39) (! b40) (! b41) (! b42) (! b43) (! b44) (! b45) (! b46) (! b47) (! b48) (! b49) (! b50) (! b51) (! b52) (! b53) (! b54) (! b55) b56 b57 (! b58) b59 b60 (! b61) b62 (! b63) b64 (! b65) b66 (! b67) b68 b69 (! b70) b71 b72 (! b73) (! b74) (! b75) (! b76) (! b77) (! b78) b79 b80 (! b81) (! b82) b83 b84 b85 (! b86) b87 b88 b89 (! b90) b91 b92 (! b93) (! b94) b95 b96 (! b97) (! b98) (! b99) (! b100) (! b101) (! b102) b103 b104 (! b105) b106 b107 b108 b109 b110 b111 b112 b113 b114 b115 b116 b117 b118 b119 b120 b121 b122 b123 b124 b125 b126 b127 b128 b129 b130 b131 b132 b133 b134 b135 b136 b137 b138 b139 b140 b141 b142 b143 b144 b145 b146 b147 b148 b149 b150 b151 b152 b153 b154 b155 b156 b157 b158 b159 b160)
Time taken = 0.007754
Removing b106
Verifying main
Houdini assignment axiom: (And true b1 (! b2) b3 b4 (! b5) (! b6) (! b7) (! b8) (! b9) (! b10) (! b11) (! b12) (! b13) (! b14) (! b15) (! b16) (! b17) (! b18) (! b19) (! b20) (! b21) (! b22) (! b23) (! b24) (! b25) (! b26) (! b27) (! b28) b29 (! b30) b31 b32 (! b33) (! b34) (! b35) (! b36) (! b37) (! b38) (! b39) (! b40) (! b41) (! b42) (! b43) (! b44) (! b45) (! b46) (! b47) (! b48) (! b49) (! b50) (! b51) (! b52) (! b53) (! b54) (! b55) b56 b57 (! b58) b59 b60 (! b61) b62 (! b63) b64 (! b65) b66 (! b67) b68 b69 (! b70) b71 b72 (! b73) (! b74) (! b75) (! b76) (! b77) (! b78) b79 b80 (! b81) (! b82) b83 b84 b85 (! b86) b87 b88 b89 (! b90) b91 b92 (! b93) (! b94) b95 b96 (! b97) (! b98) (! b99) (! b100) (! b101) (! b102) b103 b104 (! b105) (! b106) b107 b108 b109 b110 b111 b112 b113 b114 b115 b116 b117 b118 b119 b120 b121 b122 b123 b124 b125 b126 b127 b128 b129 b130 b131 b132 b133 b134 b135 b136 b137 b138 b139 b140 b141 b142 b143 b144 b145 b146 b147 b148 b149 b150 b151 b152 b153 b154 b155 b156 b157 b158 b159 b160)
Time taken = 0.017183
Removing b110
Verifying main
Houdini assignment axiom: (And true b1 (! b2) b3 b4 (! b5) (! b6) (! b7) (! b8) (! b9) (! b10) (! b11) (! b12) (! b13) (! b14) (! b15) (! b16) (! b17) (! b18) (! b19) (! b20) (! b21) (! b22) (! b23) (! b24) (! b25) (! b26) (! b27) (! b28) b29 (! b30) b31 b32 (! b33) (! b34) (! b35) (! b36) (! b37) (! b38) (! b39) (! b40) (! b41) (! b42) (! b43) (! b44) (! b45) (! b46) (! b47) (! b48) (! b49) (! b50) (! b51) (! b52) (! b53) (! b54) (! b55) b56 b57 (! b58) b59 b60 (! b61) b62 (! b63) b64 (! b65) b66 (! b67) b68 b69 (! b70) b71 b72 (! b73) (! b74) (! b75) (! b76) (! b77) (! b78) b79 b80 (! b81) (! b82) b83 b84 b85 (! b86) b87 b88 b89 (! b90) b91 b92 (! b93) (! b94) b95 b96 (! b97) (! b98) (! b99) (! b100) (! b101) (! b102) b103 b104 (! b105) (! b106) b107 b108 b109 (! b110) b111 b112 b113 b114 b115 b116 b117 b118 b119 b120 b121 b122 b123 b124 b125 b126 b127 b128 b129 b130 b131 b132 b133 b134 b135 b136 b137 b138 b139 b140 b141 b142 b143 b144 b145 b146 b147 b148 b149 b150 b151 b152 b153 b154 b155 b156 b157 b158 b159 b160)
Time taken = 0.016403
Removing b114
Verifying main
Houdini assignment axiom: (And true b1 (! b2) b3 b4 (! b5) (! b6) (! b7) (! b8) (! b9) (! b10) (! b11) (! b12) (! b13) (! b14) (! b15) (! b16) (! b17) (! b18) (! b19) (! b20) (! b21) (! b22) (! b23) (! b24) (! b25) (! b26) (! b27) (! b28) b29 (! b30) b31 b32 (! b33) (! b34) (! b35) (! b36) (! b37) (! b38) (! b39) (! b40) (! b41) (! b42) (! b43) (! b44) (! b45) (! b46) (! b47) (! b48) (! b49) (! b50) (! b51) (! b52) (! b53) (! b54) (! b55) b56 b57 (! b58) b59 b60 (! b61) b62 (! b63) b64 (! b65) b66 (! b67) b68 b69 (! b70) b71 b72 (! b73) (! b74) (! b75) (! b76) (! b77) (! b78) b79 b80 (! b81) (! b82) b83 b84 b85 (! b86) b87 b88 b89 (! b90) b91 b92 (! b93) (! b94) b95 b96 (! b97) (! b98) (! b99) (! b100) (! b101) (! b102) b103 b104 (! b105) (! b106) b107 b108 b109 (! b110) b111 b112 b113 (! b114) b115 b116 b117 b118 b119 b120 b121 b122 b123 b124 b125 b126 b127 b128 b129 b130 b131 b132 b133 b134 b135 b136 b137 b138 b139 b140 b141 b142 b143 b144 b145 b146 b147 b148 b149 b150 b151 b152 b153 b154 b155 b156 b157 b158 b159 b160)
Time taken = 0.012384
Removing b117
Verifying main
Houdini assignment axiom: (And true b1 (! b2) b3 b4 (! b5) (! b6) (! b7) (! b8) (! b9) (! b10) (! b11) (! b12) (! b13) (! b14) (! b15) (! b16) (! b17) (! b18) (! b19) (! b20) (! b21) (! b22) (! b23) (! b24) (! b25) (! b26) (! b27) (! b28) b29 (! b30) b31 b32 (! b33) (! b34) (! b35) (! b36) (! b37) (! b38) (! b39) (! b40) (! b41) (! b42) (! b43) (! b44) (! b45) (! b46) (! b47) (! b48) (! b49) (! b50) (! b51) (! b52) (! b53) (! b54) (! b55) b56 b57 (! b58) b59 b60 (! b61) b62 (! b63) b64 (! b65) b66 (! b67) b68 b69 (! b70) b71 b72 (! b73) (! b74) (! b75) (! b76) (! b77) (! b78) b79 b80 (! b81) (! b82) b83 b84 b85 (! b86) b87 b88 b89 (! b90) b91 b92 (! b93) (! b94) b95 b96 (! b97) (! b98) (! b99) (! b100) (! b101) (! b102) b103 b104 (! b105) (! b106) b107 b108 b109 (! b110) b111 b112 b113 (! b114) b115 b116 (! b117) b118 b119 b120 b121 b122 b123 b124 b125 b126 b127 b128 b129 b130 b131 b132 b133 b134 b135 b136 b137 b138 b139 b140 b141 b142 b143 b144 b145 b146 b147 b148 b149 b150 b151 b152 b153 b154 b155 b156 b157 b158 b159 b160)
Time taken = 0.008674
Removing b118
Verifying main
Houdini assignment axiom: (And true b1 (! b2) b3 b4 (! b5) (! b6) (! b7) (! b8) (! b9) (! b10) (! b11) (! b12) (! b13) (! b14) (! b15) (! b16) (! b17) (! b18) (! b19) (! b20) (! b21) (! b22) (! b23) (! b24) (! b25) (! b26) (! b27) (! b28) b29 (! b30) b31 b32 (! b33) (! b34) (! b35) (! b36) (! b37) (! b38) (! b39) (! b40) (! b41) (! b42) (! b43) (! b44) (! b45) (! b46) (! b47) (! b48) (! b49) (! b50) (! b51) (! b52) (! b53) (! b54) (! b55) b56 b57 (! b58) b59 b60 (! b61) b62 (! b63) b64 (! b65) b66 (! b67) b68 b69 (! b70) b71 b72 (! b73) (! b74) (! b75) (! b76) (! b77) (! b78) b79 b80 (! b81) (! b82) b83 b84 b85 (! b86) b87 b88 b89 (! b90) b91 b92 (! b93) (! b94) b95 b96 (! b97) (! b98) (! b99) (! b100) (! b101) (! b102) b103 b104 (! b105) (! b106) b107 b108 b109 (! b110) b111 b112 b113 (! b114) b115 b116 (! b117) (! b118) b119 b120 b121 b122 b123 b124 b125 b126 b127 b128 b129 b130 b131 b132 b133 b134 b135 b136 b137 b138 b139 b140 b141 b142 b143 b144 b145 b146 b147 b148 b149 b150 b151 b152 b153 b154 b155 b156 b157 b158 b159 b160)
Time taken = 0.017674
Removing b121
Removing b122
Verifying main
Houdini assignment axiom: (And true b1 (! b2) b3 b4 (! b5) (! b6) (! b7) (! b8) (! b9) (! b10) (! b11) (! b12) (! b13) (! b14) (! b15) (! b16) (! b17) (! b18) (! b19) (! b20) (! b21) (! b22) (! b23) (! b24) (! b25) (! b26) (! b27) (! b28) b29 (! b30) b31 b32 (! b33) (! b34) (! b35) (! b36) (! b37) (! b38) (! b39) (! b40) (! b41) (! b42) (! b43) (! b44) (! b45) (! b46) (! b47) (! b48) (! b49) (! b50) (! b51) (! b52) (! b53) (! b54) (! b55) b56 b57 (! b58) b59 b60 (! b61) b62 (! b63) b64 (! b65) b66 (! b67) b68 b69 (! b70) b71 b72 (! b73) (! b74) (! b75) (! b76) (! b77) (! b78) b79 b80 (! b81) (! b82) b83 b84 b85 (! b86) b87 b88 b89 (! b90) b91 b92 (! b93) (! b94) b95 b96 (! b97) (! b98) (! b99) (! b100) (! b101) (! b102) b103 b104 (! b105) (! b106) b107 b108 b109 (! b110) b111 b112 b113 (! b114) b115 b116 (! b117) (! b118) b119 b120 (! b121) (! b122) b123 b124 b125 b126 b127 b128 b129 b130 b131 b132 b133 b134 b135 b136 b137 b138 b139 b140 b141 b142 b143 b144 b145 b146 b147 b148 b149 b150 b151 b152 b153 b154 b155 b156 b157 b158 b159 b160)
Time taken = 0.018473
Removing b123
Removing b125
Removing b126
Verifying main
Houdini assignment axiom: (And true b1 (! b2) b3 b4 (! b5) (! b6) (! b7) (! b8) (! b9) (! b10) (! b11) (! b12) (! b13) (! b14) (! b15) (! b16) (! b17) (! b18) (! b19) (! b20) (! b21) (! b22) (! b23) (! b24) (! b25) (! b26) (! b27) (! b28) b29 (! b30) b31 b32 (! b33) (! b34) (! b35) (! b36) (! b37) (! b38) (! b39) (! b40) (! b41) (! b42) (! b43) (! b44) (! b45) (! b46) (! b47) (! b48) (! b49) (! b50) (! b51) (! b52) (! b53) (! b54) (! b55) b56 b57 (! b58) b59 b60 (! b61) b62 (! b63) b64 (! b65) b66 (! b67) b68 b69 (! b70) b71 b72 (! b73) (! b74) (! b75) (! b76) (! b77) (! b78) b79 b80 (! b81) (! b82) b83 b84 b85 (! b86) b87 b88 b89 (! b90) b91 b92 (! b93) (! b94) b95 b96 (! b97) (! b98) (! b99) (! b100) (! b101) (! b102) b103 b104 (! b105) (! b106) b107 b108 b109 (! b110) b111 b112 b113 (! b114) b115 b116 (! b117) (! b118) b119 b120 (! b121) (! b122) (! b123) b124 (! b125) (! b126) b127 b128 b129 b130 b131 b132 b133 b134 b135 b136 b137 b138 b139 b140 b141 b142 b143 b144 b145 b146 b147 b148 b149 b150 b151 b152 b153 b154 b155 b156 b157 b158 b159 b160)
Time taken = 0.018581
Removing b124
Removing b127
Removing b130
Verifying main
Houdini assignment axiom: (And true b1 (! b2) b3 b4 (! b5) (! b6) (! b7) (! b8) (! b9) (! b10) (! b11) (! b12) (! b13) (! b14) (! b15) (! b16) (! b17) (! b18) (! b19) (! b20) (! b21) (! b22) (! b23) (! b24) (! b25) (! b26) (! b27) (! b28) b29 (! b30) b31 b32 (! b33) (! b34) (! b35) (! b36) (! b37) (! b38) (! b39) (! b40) (! b41) (! b42) (! b43) (! b44) (! b45) (! b46) (! b47) (! b48) (! b49) (! b50) (! b51) (! b52) (! b53) (! b54) (! b55) b56 b57 (! b58) b59 b60 (! b61) b62 (! b63) b64 (! b65) b66 (! b67) b68 b69 (! b70) b71 b72 (! b73) (! b74) (! b75) (! b76) (! b77) (! b78) b79 b80 (! b81) (! b82) b83 b84 b85 (! b86) b87 b88 b89 (! b90) b91 b92 (! b93) (! b94) b95 b96 (! b97) (! b98) (! b99) (! b100) (! b101) (! b102) b103 b104 (! b105) (! b106) b107 b108 b109 (! b110) b111 b112 b113 (! b114) b115 b116 (! b117) (! b118) b119 b120 (! b121) (! b122) (! b123) (! b124) (! b125) (! b126) (! b127) b128 b129 (! b130) b131 b132 b133 b134 b135 b136 b137 b138 b139 b140 b141 b142 b143 b144 b145 b146 b147 b148 b149 b150 b151 b152 b153 b154 b155 b156 b157 b158 b159 b160)
Time taken = 0.015148
Removing b133
Verifying main
Houdini assignment axiom: (And true b1 (! b2) b3 b4 (! b5) (! b6) (! b7) (! b8) (! b9) (! b10) (! b11) (! b12) (! b13) (! b14) (! b15) (! b16) (! b17) (! b18) (! b19) (! b20) (! b21) (! b22) (! b23) (! b24) (! b25) (! b26) (! b27) (! b28) b29 (! b30) b31 b32 (! b33) (! b34) (! b35) (! b36) (! b37) (! b38) (! b39) (! b40) (! b41) (! b42) (! b43) (! b44) (! b45) (! b46) (! b47) (! b48) (! b49) (! b50) (! b51) (! b52) (! b53) (! b54) (! b55) b56 b57 (! b58) b59 b60 (! b61) b62 (! b63) b64 (! b65) b66 (! b67) b68 b69 (! b70) b71 b72 (! b73) (! b74) (! b75) (! b76) (! b77) (! b78) b79 b80 (! b81) (! b82) b83 b84 b85 (! b86) b87 b88 b89 (! b90) b91 b92 (! b93) (! b94) b95 b96 (! b97) (! b98) (! b99) (! b100) (! b101) (! b102) b103 b104 (! b105) (! b106) b107 b108 b109 (! b110) b111 b112 b113 (! b114) b115 b116 (! b117) (! b118) b119 b120 (! b121) (! b122) (! b123) (! b124) (! b125) (! b126) (! b127) b128 b129 (! b130) b131 b132 (! b133) b134 b135 b136 b137 b138 b139 b140 b141 b142 b143 b144 b145 b146 b147 b148 b149 b150 b151 b152 b153 b154 b155 b156 b157 b158 b159 b160)
Time taken = 0.01614
Removing b135
Verifying main
Houdini assignment axiom: (And true b1 (! b2) b3 b4 (! b5) (! b6) (! b7) (! b8) (! b9) (! b10) (! b11) (! b12) (! b13) (! b14) (! b15) (! b16) (! b17) (! b18) (! b19) (! b20) (! b21) (! b22) (! b23) (! b24) (! b25) (! b26) (! b27) (! b28) b29 (! b30) b31 b32 (! b33) (! b34) (! b35) (! b36) (! b37) (! b38) (! b39) (! b40) (! b41) (! b42) (! b43) (! b44) (! b45) (! b46) (! b47) (! b48) (! b49) (! b50) (! b51) (! b52) (! b53) (! b54) (! b55) b56 b57 (! b58) b59 b60 (! b61) b62 (! b63) b64 (! b65) b66 (! b67) b68 b69 (! b70) b71 b72 (! b73) (! b74) (! b75) (! b76) (! b77) (! b78) b79 b80 (! b81) (! b82) b83 b84 b85 (! b86) b87 b88 b89 (! b90) b91 b92 (! b93) (! b94) b95 b96 (! b97) (! b98) (! b99) (! b100) (! b101) (! b102) b103 b104 (! b105) (! b106) b107 b108 b109 (! b110) b111 b112 b113 (! b114) b115 b116 (! b117) (! b118) b119 b120 (! b121) (! b122) (! b123) (! b124) (! b125) (! b126) (! b127) b128 b129 (! b130) b131 b132 (! b133) b134 (! b135) b136 b137 b138 b139 b140 b141 b142 b143 b144 b145 b146 b147 b148 b149 b150 b151 b152 b153 b154 b155 b156 b157 b158 b159 b160)
Time taken = 0.01612
Removing b137
Verifying main
Houdini assignment axiom: (And true b1 (! b2) b3 b4 (! b5) (! b6) (! b7) (! b8) (! b9) (! b10) (! b11) (! b12) (! b13) (! b14) (! b15) (! b16) (! b17) (! b18) (! b19) (! b20) (! b21) (! b22) (! b23) (! b24) (! b25) (! b26) (! b27) (! b28) b29 (! b30) b31 b32 (! b33) (! b34) (! b35) (! b36) (! b37) (! b38) (! b39) (! b40) (! b41) (! b42) (! b43) (! b44) (! b45) (! b46) (! b47) (! b48) (! b49) (! b50) (! b51) (! b52) (! b53) (! b54) (! b55) b56 b57 (! b58) b59 b60 (! b61) b62 (! b63) b64 (! b65) b66 (! b67) b68 b69 (! b70) b71 b72 (! b73) (! b74) (! b75) (! b76) (! b77) (! b78) b79 b80 (! b81) (! b82) b83 b84 b85 (! b86) b87 b88 b89 (! b90) b91 b92 (! b93) (! b94) b95 b96 (! b97) (! b98) (! b99) (! b100) (! b101) (! b102) b103 b104 (! b105) (! b106) b107 b108 b109 (! b110) b111 b112 b113 (! b114) b115 b116 (! b117) (! b118) b119 b120 (! b121) (! b122) (! b123) (! b124) (! b125) (! b126) (! b127) b128 b129 (! b130) b131 b132 (! b133) b134 (! b135) b136 (! b137) b138 b139 b140 b141 b142 b143 b144 b145 b146 b147 b148 b149 b150 b151 b152 b153 b154 b155 b156 b157 b158 b159 b160)
Time taken = 0.011823
Removing b139
Verifying main
Houdini assignment axiom: (And true b1 (! b2) b3 b4 (! b5) (! b6) (! b7) (! b8) (! b9) (! b10) (! b11) (! b12) (! b13) (! b14) (! b15) (! b16) (! b17) (! b18) (! b19) (! b20) (! b21) (! b22) (! b23) (! b24) (! b25) (! b26) (! b27) (! b28) b29 (! b30) b31 b32 (! b33) (! b34) (! b35) (! b36) (! b37) (! b38) (! b39) (! b40) (! b41) (! b42) (! b43) (! b44) (! b45) (! b46) (! b47) (! b48) (! b49) (! b50) (! b51) (! b52) (! b53) (! b54) (! b55) b56 b57 (! b58) b59 b60 (! b61) b62 (! b63) b64 (! b65) b66 (! b67) b68 b69 (! b70) b71 b72 (! b73) (! b74) (! b75) (! b76) (! b77) (! b78) b79 b80 (! b81) (! b82) b83 b84 b85 (! b86) b87 b88 b89 (! b90) b91 b92 (! b93) (! b94) b95 b96 (! b97) (! b98) (! b99) (! b100) (! b101) (! b102) b103 b104 (! b105) (! b106) b107 b108 b109 (! b110) b111 b112 b113 (! b114) b115 b116 (! b117) (! b118) b119 b120 (! b121) (! b122) (! b123) (! b124) (! b125) (! b126) (! b127) b128 b129 (! b130) b131 b132 (! b133) b134 (! b135) b136 (! b137) b138 (! b139) b140 b141 b142 b143 b144 b145 b146 b147 b148 b149 b150 b151 b152 b153 b154 b155 b156 b157 b158 b159 b160)
Time taken = 0.009105
Removing b142
Verifying main
Houdini assignment axiom: (And true b1 (! b2) b3 b4 (! b5) (! b6) (! b7) (! b8) (! b9) (! b10) (! b11) (! b12) (! b13) (! b14) (! b15) (! b16) (! b17) (! b18) (! b19) (! b20) (! b21) (! b22) (! b23) (! b24) (! b25) (! b26) (! b27) (! b28) b29 (! b30) b31 b32 (! b33) (! b34) (! b35) (! b36) (! b37) (! b38) (! b39) (! b40) (! b41) (! b42) (! b43) (! b44) (! b45) (! b46) (! b47) (! b48) (! b49) (! b50) (! b51) (! b52) (! b53) (! b54) (! b55) b56 b57 (! b58) b59 b60 (! b61) b62 (! b63) b64 (! b65) b66 (! b67) b68 b69 (! b70) b71 b72 (! b73) (! b74) (! b75) (! b76) (! b77) (! b78) b79 b80 (! b81) (! b82) b83 b84 b85 (! b86) b87 b88 b89 (! b90) b91 b92 (! b93) (! b94) b95 b96 (! b97) (! b98) (! b99) (! b100) (! b101) (! b102) b103 b104 (! b105) (! b106) b107 b108 b109 (! b110) b111 b112 b113 (! b114) b115 b116 (! b117) (! b118) b119 b120 (! b121) (! b122) (! b123) (! b124) (! b125) (! b126) (! b127) b128 b129 (! b130) b131 b132 (! b133) b134 (! b135) b136 (! b137) b138 (! b139) b140 b141 (! b142) b143 b144 b145 b146 b147 b148 b149 b150 b151 b152 b153 b154 b155 b156 b157 b158 b159 b160)
Time taken = 1.468045
Removing b145
Removing b146
Removing b149
Removing b147
Removing b153
Verifying main
Houdini assignment axiom: (And true b1 (! b2) b3 b4 (! b5) (! b6) (! b7) (! b8) (! b9) (! b10) (! b11) (! b12) (! b13) (! b14) (! b15) (! b16) (! b17) (! b18) (! b19) (! b20) (! b21) (! b22) (! b23) (! b24) (! b25) (! b26) (! b27) (! b28) b29 (! b30) b31 b32 (! b33) (! b34) (! b35) (! b36) (! b37) (! b38) (! b39) (! b40) (! b41) (! b42) (! b43) (! b44) (! b45) (! b46) (! b47) (! b48) (! b49) (! b50) (! b51) (! b52) (! b53) (! b54) (! b55) b56 b57 (! b58) b59 b60 (! b61) b62 (! b63) b64 (! b65) b66 (! b67) b68 b69 (! b70) b71 b72 (! b73) (! b74) (! b75) (! b76) (! b77) (! b78) b79 b80 (! b81) (! b82) b83 b84 b85 (! b86) b87 b88 b89 (! b90) b91 b92 (! b93) (! b94) b95 b96 (! b97) (! b98) (! b99) (! b100) (! b101) (! b102) b103 b104 (! b105) (! b106) b107 b108 b109 (! b110) b111 b112 b113 (! b114) b115 b116 (! b117) (! b118) b119 b120 (! b121) (! b122) (! b123) (! b124) (! b125) (! b126) (! b127) b128 b129 (! b130) b131 b132 (! b133) b134 (! b135) b136 (! b137) b138 (! b139) b140 b141 (! b142) b143 b144 (! b145) (! b146) (! b147) b148 (! b149) b150 b151 b152 (! b153) b154 b155 b156 b157 b158 b159 b160)
Time taken = 0.736958
Removing b150
Removing b151
Removing b154
Removing b156
Verifying main
Houdini assignment axiom: (And true b1 (! b2) b3 b4 (! b5) (! b6) (! b7) (! b8) (! b9) (! b10) (! b11) (! b12) (! b13) (! b14) (! b15) (! b16) (! b17) (! b18) (! b19) (! b20) (! b21) (! b22) (! b23) (! b24) (! b25) (! b26) (! b27) (! b28) b29 (! b30) b31 b32 (! b33) (! b34) (! b35) (! b36) (! b37) (! b38) (! b39) (! b40) (! b41) (! b42) (! b43) (! b44) (! b45) (! b46) (! b47) (! b48) (! b49) (! b50) (! b51) (! b52) (! b53) (! b54) (! b55) b56 b57 (! b58) b59 b60 (! b61) b62 (! b63) b64 (! b65) b66 (! b67) b68 b69 (! b70) b71 b72 (! b73) (! b74) (! b75) (! b76) (! b77) (! b78) b79 b80 (! b81) (! b82) b83 b84 b85 (! b86) b87 b88 b89 (! b90) b91 b92 (! b93) (! b94) b95 b96 (! b97) (! b98) (! b99) (! b100) (! b101) (! b102) b103 b104 (! b105) (! b106) b107 b108 b109 (! b110) b111 b112 b113 (! b114) b115 b116 (! b117) (! b118) b119 b120 (! b121) (! b122) (! b123) (! b124) (! b125) (! b126) (! b127) b128 b129 (! b130) b131 b132 (! b133) b134 (! b135) b136 (! b137) b138 (! b139) b140 b141 (! b142) b143 b144 (! b145) (! b146) (! b147) b148 (! b149) (! b150) (! b151) b152 (! b153) (! b154) b155 (! b156) b157 b158 b159 b160)
Time taken = 0.013858
Removing b155
Removing b157
Verifying main
Houdini assignment axiom: (And true b1 (! b2) b3 b4 (! b5) (! b6) (! b7) (! b8) (! b9) (! b10) (! b11) (! b12) (! b13) (! b14) (! b15) (! b16) (! b17) (! b18) (! b19) (! b20) (! b21) (! b22) (! b23) (! b24) (! b25) (! b26) (! b27) (! b28) b29 (! b30) b31 b32 (! b33) (! b34) (! b35) (! b36) (! b37) (! b38) (! b39) (! b40) (! b41) (! b42) (! b43) (! b44) (! b45) (! b46) (! b47) (! b48) (! b49) (! b50) (! b51) (! b52) (! b53) (! b54) (! b55) b56 b57 (! b58) b59 b60 (! b61) b62 (! b63) b64 (! b65) b66 (! b67) b68 b69 (! b70) b71 b72 (! b73) (! b74) (! b75) (! b76) (! b77) (! b78) b79 b80 (! b81) (! b82) b83 b84 b85 (! b86) b87 b88 b89 (! b90) b91 b92 (! b93) (! b94) b95 b96 (! b97) (! b98) (! b99) (! b100) (! b101) (! b102) b103 b104 (! b105) (! b106) b107 b108 b109 (! b110) b111 b112 b113 (! b114) b115 b116 (! b117) (! b118) b119 b120 (! b121) (! b122) (! b123) (! b124) (! b125) (! b126) (! b127) b128 b129 (! b130) b131 b132 (! b133) b134 (! b135) b136 (! b137) b138 (! b139) b140 b141 (! b142) b143 b144 (! b145) (! b146) (! b147) b148 (! b149) (! b150) (! b151) b152 (! b153) (! b154) (! b155) (! b156) (! b157) b158 b159 b160)
Time taken = 13.701659
Removing b158
Removing b159
Verifying main
Houdini assignment axiom: (And true b1 (! b2) b3 b4 (! b5) (! b6) (! b7) (! b8) (! b9) (! b10) (! b11) (! b12) (! b13) (! b14) (! b15) (! b16) (! b17) (! b18) (! b19) (! b20) (! b21) (! b22) (! b23) (! b24) (! b25) (! b26) (! b27) (! b28) b29 (! b30) b31 b32 (! b33) (! b34) (! b35) (! b36) (! b37) (! b38) (! b39) (! b40) (! b41) (! b42) (! b43) (! b44) (! b45) (! b46) (! b47) (! b48) (! b49) (! b50) (! b51) (! b52) (! b53) (! b54) (! b55) b56 b57 (! b58) b59 b60 (! b61) b62 (! b63) b64 (! b65) b66 (! b67) b68 b69 (! b70) b71 b72 (! b73) (! b74) (! b75) (! b76) (! b77) (! b78) b79 b80 (! b81) (! b82) b83 b84 b85 (! b86) b87 b88 b89 (! b90) b91 b92 (! b93) (! b94) b95 b96 (! b97) (! b98) (! b99) (! b100) (! b101) (! b102) b103 b104 (! b105) (! b106) b107 b108 b109 (! b110) b111 b112 b113 (! b114) b115 b116 (! b117) (! b118) b119 b120 (! b121) (! b122) (! b123) (! b124) (! b125) (! b126) (! b127) b128 b129 (! b130) b131 b132 (! b133) b134 (! b135) b136 (! b137) b138 (! b139) b140 b141 (! b142) b143 b144 (! b145) (! b146) (! b147) b148 (! b149) (! b150) (! b151) b152 (! b153) (! b154) (! b155) (! b156) (! b157) (! b158) (! b159) b160)
Time taken = 0.014465
Removing b160
Verifying main
Houdini assignment axiom: (And true b1 (! b2) b3 b4 (! b5) (! b6) (! b7) (! b8) (! b9) (! b10) (! b11) (! b12) (! b13) (! b14) (! b15) (! b16) (! b17) (! b18) (! b19) (! b20) (! b21) (! b22) (! b23) (! b24) (! b25) (! b26) (! b27) (! b28) b29 (! b30) b31 b32 (! b33) (! b34) (! b35) (! b36) (! b37) (! b38) (! b39) (! b40) (! b41) (! b42) (! b43) (! b44) (! b45) (! b46) (! b47) (! b48) (! b49) (! b50) (! b51) (! b52) (! b53) (! b54) (! b55) b56 b57 (! b58) b59 b60 (! b61) b62 (! b63) b64 (! b65) b66 (! b67) b68 b69 (! b70) b71 b72 (! b73) (! b74) (! b75) (! b76) (! b77) (! b78) b79 b80 (! b81) (! b82) b83 b84 b85 (! b86) b87 b88 b89 (! b90) b91 b92 (! b93) (! b94) b95 b96 (! b97) (! b98) (! b99) (! b100) (! b101) (! b102) b103 b104 (! b105) (! b106) b107 b108 b109 (! b110) b111 b112 b113 (! b114) b115 b116 (! b117) (! b118) b119 b120 (! b121) (! b122) (! b123) (! b124) (! b125) (! b126) (! b127) b128 b129 (! b130) b131 b132 (! b133) b134 (! b135) b136 (! b137) b138 (! b139) b140 b141 (! b142) b143 b144 (! b145) (! b146) (! b147) b148 (! b149) (! b150) (! b151) b152 (! b153) (! b154) (! b155) (! b156) (! b157) (! b158) (! b159) (! b160))
Time taken = 0.012873
Removing b56
Removing b62
Removing b66
Verifying main
Houdini assignment axiom: (And true b1 (! b2) b3 b4 (! b5) (! b6) (! b7) (! b8) (! b9) (! b10) (! b11) (! b12) (! b13) (! b14) (! b15) (! b16) (! b17) (! b18) (! b19) (! b20) (! b21) (! b22) (! b23) (! b24) (! b25) (! b26) (! b27) (! b28) b29 (! b30) b31 b32 (! b33) (! b34) (! b35) (! b36) (! b37) (! b38) (! b39) (! b40) (! b41) (! b42) (! b43) (! b44) (! b45) (! b46) (! b47) (! b48) (! b49) (! b50) (! b51) (! b52) (! b53) (! b54) (! b55) (! b56) b57 (! b58) b59 b60 (! b61) (! b62) (! b63) b64 (! b65) (! b66) (! b67) b68 b69 (! b70) b71 b72 (! b73) (! b74) (! b75) (! b76) (! b77) (! b78) b79 b80 (! b81) (! b82) b83 b84 b85 (! b86) b87 b88 b89 (! b90) b91 b92 (! b93) (! b94) b95 b96 (! b97) (! b98) (! b99) (! b100) (! b101) (! b102) b103 b104 (! b105) (! b106) b107 b108 b109 (! b110) b111 b112 b113 (! b114) b115 b116 (! b117) (! b118) b119 b120 (! b121) (! b122) (! b123) (! b124) (! b125) (! b126) (! b127) b128 b129 (! b130) b131 b132 (! b133) b134 (! b135) b136 (! b137) b138 (! b139) b140 b141 (! b142) b143 b144 (! b145) (! b146) (! b147) b148 (! b149) (! b150) (! b151) b152 (! b153) (! b154) (! b155) (! b156) (! b157) (! b158) (! b159) (! b160))
Time taken = 0.014616
Removing b64
Removing b68
Removing b89
Removing b69
Verifying main
Houdini assignment axiom: (And true b1 (! b2) b3 b4 (! b5) (! b6) (! b7) (! b8) (! b9) (! b10) (! b11) (! b12) (! b13) (! b14) (! b15) (! b16) (! b17) (! b18) (! b19) (! b20) (! b21) (! b22) (! b23) (! b24) (! b25) (! b26) (! b27) (! b28) b29 (! b30) b31 b32 (! b33) (! b34) (! b35) (! b36) (! b37) (! b38) (! b39) (! b40) (! b41) (! b42) (! b43) (! b44) (! b45) (! b46) (! b47) (! b48) (! b49) (! b50) (! b51) (! b52) (! b53) (! b54) (! b55) (! b56) b57 (! b58) b59 b60 (! b61) (! b62) (! b63) (! b64) (! b65) (! b66) (! b67) (! b68) (! b69) (! b70) b71 b72 (! b73) (! b74) (! b75) (! b76) (! b77) (! b78) b79 b80 (! b81) (! b82) b83 b84 b85 (! b86) b87 b88 (! b89) (! b90) b91 b92 (! b93) (! b94) b95 b96 (! b97) (! b98) (! b99) (! b100) (! b101) (! b102) b103 b104 (! b105) (! b106) b107 b108 b109 (! b110) b111 b112 b113 (! b114) b115 b116 (! b117) (! b118) b119 b120 (! b121) (! b122) (! b123) (! b124) (! b125) (! b126) (! b127) b128 b129 (! b130) b131 b132 (! b133) b134 (! b135) b136 (! b137) b138 (! b139) b140 b141 (! b142) b143 b144 (! b145) (! b146) (! b147) b148 (! b149) (! b150) (! b151) b152 (! b153) (! b154) (! b155) (! b156) (! b157) (! b158) (! b159) (! b160))
Time taken = 0.02097
Removing b71
Removing b91
Removing b83
Verifying main
Houdini assignment axiom: (And true b1 (! b2) b3 b4 (! b5) (! b6) (! b7) (! b8) (! b9) (! b10) (! b11) (! b12) (! b13) (! b14) (! b15) (! b16) (! b17) (! b18) (! b19) (! b20) (! b21) (! b22) (! b23) (! b24) (! b25) (! b26) (! b27) (! b28) b29 (! b30) b31 b32 (! b33) (! b34) (! b35) (! b36) (! b37) (! b38) (! b39) (! b40) (! b41) (! b42) (! b43) (! b44) (! b45) (! b46) (! b47) (! b48) (! b49) (! b50) (! b51) (! b52) (! b53) (! b54) (! b55) (! b56) b57 (! b58) b59 b60 (! b61) (! b62) (! b63) (! b64) (! b65) (! b66) (! b67) (! b68) (! b69) (! b70) (! b71) b72 (! b73) (! b74) (! b75) (! b76) (! b77) (! b78) b79 b80 (! b81) (! b82) (! b83) b84 b85 (! b86) b87 b88 (! b89) (! b90) (! b91) b92 (! b93) (! b94) b95 b96 (! b97) (! b98) (! b99) (! b100) (! b101) (! b102) b103 b104 (! b105) (! b106) b107 b108 b109 (! b110) b111 b112 b113 (! b114) b115 b116 (! b117) (! b118) b119 b120 (! b121) (! b122) (! b123) (! b124) (! b125) (! b126) (! b127) b128 b129 (! b130) b131 b132 (! b133) b134 (! b135) b136 (! b137) b138 (! b139) b140 b141 (! b142) b143 b144 (! b145) (! b146) (! b147) b148 (! b149) (! b150) (! b151) b152 (! b153) (! b154) (! b155) (! b156) (! b157) (! b158) (! b159) (! b160))
Time taken = 0.015332
Removing b72
Removing b109
Removing b84
Verifying main
Houdini assignment axiom: (And true b1 (! b2) b3 b4 (! b5) (! b6) (! b7) (! b8) (! b9) (! b10) (! b11) (! b12) (! b13) (! b14) (! b15) (! b16) (! b17) (! b18) (! b19) (! b20) (! b21) (! b22) (! b23) (! b24) (! b25) (! b26) (! b27) (! b28) b29 (! b30) b31 b32 (! b33) (! b34) (! b35) (! b36) (! b37) (! b38) (! b39) (! b40) (! b41) (! b42) (! b43) (! b44) (! b45) (! b46) (! b47) (! b48) (! b49) (! b50) (! b51) (! b52) (! b53) (! b54) (! b55) (! b56) b57 (! b58) b59 b60 (! b61) (! b62) (! b63) (! b64) (! b65) (! b66) (! b67) (! b68) (! b69) (! b70) (! b71) (! b72) (! b73) (! b74) (! b75) (! b76) (! b77) (! b78) b79 b80 (! b81) (! b82) (! b83) (! b84) b85 (! b86) b87 b88 (! b89) (! b90) (! b91) b92 (! b93) (! b94) b95 b96 (! b97) (! b98) (! b99) (! b100) (! b101) (! b102) b103 b104 (! b105) (! b106) b107 b108 (! b109) (! b110) b111 b112 b113 (! b114) b115 b116 (! b117) (! b118) b119 b120 (! b121) (! b122) (! b123) (! b124) (! b125) (! b126) (! b127) b128 b129 (! b130) b131 b132 (! b133) b134 (! b135) b136 (! b137) b138 (! b139) b140 b141 (! b142) b143 b144 (! b145) (! b146) (! b147) b148 (! b149) (! b150) (! b151) b152 (! b153) (! b154) (! b155) (! b156) (! b157) (! b158) (! b159) (! b160))
Time taken = 0.014482
Removing b129
Removing b134
Removing b107
Verifying main
Houdini assignment axiom: (And true b1 (! b2) b3 b4 (! b5) (! b6) (! b7) (! b8) (! b9) (! b10) (! b11) (! b12) (! b13) (! b14) (! b15) (! b16) (! b17) (! b18) (! b19) (! b20) (! b21) (! b22) (! b23) (! b24) (! b25) (! b26) (! b27) (! b28) b29 (! b30) b31 b32 (! b33) (! b34) (! b35) (! b36) (! b37) (! b38) (! b39) (! b40) (! b41) (! b42) (! b43) (! b44) (! b45) (! b46) (! b47) (! b48) (! b49) (! b50) (! b51) (! b52) (! b53) (! b54) (! b55) (! b56) b57 (! b58) b59 b60 (! b61) (! b62) (! b63) (! b64) (! b65) (! b66) (! b67) (! b68) (! b69) (! b70) (! b71) (! b72) (! b73) (! b74) (! b75) (! b76) (! b77) (! b78) b79 b80 (! b81) (! b82) (! b83) (! b84) b85 (! b86) b87 b88 (! b89) (! b90) (! b91) b92 (! b93) (! b94) b95 b96 (! b97) (! b98) (! b99) (! b100) (! b101) (! b102) b103 b104 (! b105) (! b106) (! b107) b108 (! b109) (! b110) b111 b112 b113 (! b114) b115 b116 (! b117) (! b118) b119 b120 (! b121) (! b122) (! b123) (! b124) (! b125) (! b126) (! b127) b128 (! b129) (! b130) b131 b132 (! b133) (! b134) (! b135) b136 (! b137) b138 (! b139) b140 b141 (! b142) b143 b144 (! b145) (! b146) (! b147) b148 (! b149) (! b150) (! b151) b152 (! b153) (! b154) (! b155) (! b156) (! b157) (! b158) (! b159) (! b160))
Time taken = 0.01603
Removing b92
Removing b152
Removing b131
Removing b108
Verifying main
Houdini assignment axiom: (And true b1 (! b2) b3 b4 (! b5) (! b6) (! b7) (! b8) (! b9) (! b10) (! b11) (! b12) (! b13) (! b14) (! b15) (! b16) (! b17) (! b18) (! b19) (! b20) (! b21) (! b22) (! b23) (! b24) (! b25) (! b26) (! b27) (! b28) b29 (! b30) b31 b32 (! b33) (! b34) (! b35) (! b36) (! b37) (! b38) (! b39) (! b40) (! b41) (! b42) (! b43) (! b44) (! b45) (! b46) (! b47) (! b48) (! b49) (! b50) (! b51) (! b52) (! b53) (! b54) (! b55) (! b56) b57 (! b58) b59 b60 (! b61) (! b62) (! b63) (! b64) (! b65) (! b66) (! b67) (! b68) (! b69) (! b70) (! b71) (! b72) (! b73) (! b74) (! b75) (! b76) (! b77) (! b78) b79 b80 (! b81) (! b82) (! b83) (! b84) b85 (! b86) b87 b88 (! b89) (! b90) (! b91) (! b92) (! b93) (! b94) b95 b96 (! b97) (! b98) (! b99) (! b100) (! b101) (! b102) b103 b104 (! b105) (! b106) (! b107) (! b108) (! b109) (! b110) b111 b112 b113 (! b114) b115 b116 (! b117) (! b118) b119 b120 (! b121) (! b122) (! b123) (! b124) (! b125) (! b126) (! b127) b128 (! b129) (! b130) (! b131) b132 (! b133) (! b134) (! b135) b136 (! b137) b138 (! b139) b140 b141 (! b142) b143 b144 (! b145) (! b146) (! b147) b148 (! b149) (! b150) (! b151) (! b152) (! b153) (! b154) (! b155) (! b156) (! b157) (! b158) (! b159) (! b160))
Time taken = 0.019035
Removing b95
Removing b132
Verifying main
Houdini assignment axiom: (And true b1 (! b2) b3 b4 (! b5) (! b6) (! b7) (! b8) (! b9) (! b10) (! b11) (! b12) (! b13) (! b14) (! b15) (! b16) (! b17) (! b18) (! b19) (! b20) (! b21) (! b22) (! b23) (! b24) (! b25) (! b26) (! b27) (! b28) b29 (! b30) b31 b32 (! b33) (! b34) (! b35) (! b36) (! b37) (! b38) (! b39) (! b40) (! b41) (! b42) (! b43) (! b44) (! b45) (! b46) (! b47) (! b48) (! b49) (! b50) (! b51) (! b52) (! b53) (! b54) (! b55) (! b56) b57 (! b58) b59 b60 (! b61) (! b62) (! b63) (! b64) (! b65) (! b66) (! b67) (! b68) (! b69) (! b70) (! b71) (! b72) (! b73) (! b74) (! b75) (! b76) (! b77) (! b78) b79 b80 (! b81) (! b82) (! b83) (! b84) b85 (! b86) b87 b88 (! b89) (! b90) (! b91) (! b92) (! b93) (! b94) (! b95) b96 (! b97) (! b98) (! b99) (! b100) (! b101) (! b102) b103 b104 (! b105) (! b106) (! b107) (! b108) (! b109) (! b110) b111 b112 b113 (! b114) b115 b116 (! b117) (! b118) b119 b120 (! b121) (! b122) (! b123) (! b124) (! b125) (! b126) (! b127) b128 (! b129) (! b130) (! b131) (! b132) (! b133) (! b134) (! b135) b136 (! b137) b138 (! b139) b140 b141 (! b142) b143 b144 (! b145) (! b146) (! b147) b148 (! b149) (! b150) (! b151) (! b152) (! b153) (! b154) (! b155) (! b156) (! b157) (! b158) (! b159) (! b160))
Time taken = 0.018139
Removing b96
Verifying main
Houdini assignment axiom: (And true b1 (! b2) b3 b4 (! b5) (! b6) (! b7) (! b8) (! b9) (! b10) (! b11) (! b12) (! b13) (! b14) (! b15) (! b16) (! b17) (! b18) (! b19) (! b20) (! b21) (! b22) (! b23) (! b24) (! b25) (! b26) (! b27) (! b28) b29 (! b30) b31 b32 (! b33) (! b34) (! b35) (! b36) (! b37) (! b38) (! b39) (! b40) (! b41) (! b42) (! b43) (! b44) (! b45) (! b46) (! b47) (! b48) (! b49) (! b50) (! b51) (! b52) (! b53) (! b54) (! b55) (! b56) b57 (! b58) b59 b60 (! b61) (! b62) (! b63) (! b64) (! b65) (! b66) (! b67) (! b68) (! b69) (! b70) (! b71) (! b72) (! b73) (! b74) (! b75) (! b76) (! b77) (! b78) b79 b80 (! b81) (! b82) (! b83) (! b84) b85 (! b86) b87 b88 (! b89) (! b90) (! b91) (! b92) (! b93) (! b94) (! b95) (! b96) (! b97) (! b98) (! b99) (! b100) (! b101) (! b102) b103 b104 (! b105) (! b106) (! b107) (! b108) (! b109) (! b110) b111 b112 b113 (! b114) b115 b116 (! b117) (! b118) b119 b120 (! b121) (! b122) (! b123) (! b124) (! b125) (! b126) (! b127) b128 (! b129) (! b130) (! b131) (! b132) (! b133) (! b134) (! b135) b136 (! b137) b138 (! b139) b140 b141 (! b142) b143 b144 (! b145) (! b146) (! b147) b148 (! b149) (! b150) (! b151) (! b152) (! b153) (! b154) (! b155) (! b156) (! b157) (! b158) (! b159) (! b160))
Time taken = 0.031878
Number of true assignments = 31
Number of false assignments = 129
Prover time = 16.75
Unsat core prover time = 0.00
Number of prover queries = 60
Number of unsat core prover queries = 0
Number of unsat core prunings = 0
verified

Boogie program verifier finished with 1 verified, 0 errors
+ rm -f houdiniCexTrace.bpl
