+++ dirname ../houdini.sh
++ cd ..
++ pwd
+ dir=/home/daejunpark/pldi17
+ prelude=sum1.bpl.bpl
+ bpl=
+ opt='/typeEncoding:m /prover:SMTLib /useArrayTheory /noinfer /contractInfer'
+ opt+=' /trace'
+ opt+=' /errorLimit:100 /z3multipleErrors'
+ opt+=' /proverMemoryLimit:1024'
+ rm -f houdiniCexTrace.bpl
+ mono /home/daejunpark/pldi17/popl16ae/Boogie/Binaries/Boogie.exe /typeEncoding:m /prover:SMTLib /useArrayTheory /noinfer /contractInfer /trace /errorLimit:100 /z3multipleErrors /proverMemoryLimit:1024 sum1.bpl.bpl
[TRACE] Using prover: /home/daejunpark/pldi17/popl16ae/Boogie/Binaries/z3.exe
Boogie program verifier version 2.2.30705.1126, Copyright (c) 2003-2013, Microsoft.
Parsing sum1.bpl.bpl
Coalescing blocks...
Collecting existential constants...
Building call graph...
Number of implementations = 1
Beginning VC generation for Houdini...
Generating VC for main
Verifying main
Houdini assignment axiom: (And true b1 b2 b3 b4 b5 b6 b7 b8 b9 b10 b11 b12 b13 b14 b15 b16 b17 b18 b19 b20 b21 b22 b23 b24 b25 b26 b27 b28 b29 b30 b31 b32 b33 b34 b35 b36 b37 b38 b39 b40 b41 b42 b43 b44 b45 b46 b47 b48 b49 b50 b51 b52 b53 b54 b55 b56 b57 b58 b59 b60 b61 b62 b63 b64 b65 b66 b67 b68 b69 b70 b71 b72 b73 b74 b75 b76 b77 b78 b79 b80 b81 b82 b83 b84 b85 b86 b87 b88 b89 b90 b91 b92 b93 b94 b95 b96 b97 b98 b99 b100 b101 b102 b103 b104 b105 b106 b107 b108 b109 b110 b111 b112 b113 b114 b115 b116 b117 b118 b119 b120 b121 b122 b123 b124 b125 b126 b127 b128)
Time taken = 0.022172
Removing b2
Verifying main
Houdini assignment axiom: (And true b1 (! b2) b3 b4 b5 b6 b7 b8 b9 b10 b11 b12 b13 b14 b15 b16 b17 b18 b19 b20 b21 b22 b23 b24 b25 b26 b27 b28 b29 b30 b31 b32 b33 b34 b35 b36 b37 b38 b39 b40 b41 b42 b43 b44 b45 b46 b47 b48 b49 b50 b51 b52 b53 b54 b55 b56 b57 b58 b59 b60 b61 b62 b63 b64 b65 b66 b67 b68 b69 b70 b71 b72 b73 b74 b75 b76 b77 b78 b79 b80 b81 b82 b83 b84 b85 b86 b87 b88 b89 b90 b91 b92 b93 b94 b95 b96 b97 b98 b99 b100 b101 b102 b103 b104 b105 b106 b107 b108 b109 b110 b111 b112 b113 b114 b115 b116 b117 b118 b119 b120 b121 b122 b123 b124 b125 b126 b127 b128)
Time taken = 0.012527
Removing b5
Removing b6
Verifying main
Houdini assignment axiom: (And true b1 (! b2) b3 b4 (! b5) (! b6) b7 b8 b9 b10 b11 b12 b13 b14 b15 b16 b17 b18 b19 b20 b21 b22 b23 b24 b25 b26 b27 b28 b29 b30 b31 b32 b33 b34 b35 b36 b37 b38 b39 b40 b41 b42 b43 b44 b45 b46 b47 b48 b49 b50 b51 b52 b53 b54 b55 b56 b57 b58 b59 b60 b61 b62 b63 b64 b65 b66 b67 b68 b69 b70 b71 b72 b73 b74 b75 b76 b77 b78 b79 b80 b81 b82 b83 b84 b85 b86 b87 b88 b89 b90 b91 b92 b93 b94 b95 b96 b97 b98 b99 b100 b101 b102 b103 b104 b105 b106 b107 b108 b109 b110 b111 b112 b113 b114 b115 b116 b117 b118 b119 b120 b121 b122 b123 b124 b125 b126 b127 b128)
Time taken = 0.014146
Removing b7
Removing b10
Verifying main
Houdini assignment axiom: (And true b1 (! b2) b3 b4 (! b5) (! b6) (! b7) b8 b9 (! b10) b11 b12 b13 b14 b15 b16 b17 b18 b19 b20 b21 b22 b23 b24 b25 b26 b27 b28 b29 b30 b31 b32 b33 b34 b35 b36 b37 b38 b39 b40 b41 b42 b43 b44 b45 b46 b47 b48 b49 b50 b51 b52 b53 b54 b55 b56 b57 b58 b59 b60 b61 b62 b63 b64 b65 b66 b67 b68 b69 b70 b71 b72 b73 b74 b75 b76 b77 b78 b79 b80 b81 b82 b83 b84 b85 b86 b87 b88 b89 b90 b91 b92 b93 b94 b95 b96 b97 b98 b99 b100 b101 b102 b103 b104 b105 b106 b107 b108 b109 b110 b111 b112 b113 b114 b115 b116 b117 b118 b119 b120 b121 b122 b123 b124 b125 b126 b127 b128)
Time taken = 0.014967
Removing b8
Removing b9
Removing b14
Verifying main
Houdini assignment axiom: (And true b1 (! b2) b3 b4 (! b5) (! b6) (! b7) (! b8) (! b9) (! b10) b11 b12 b13 (! b14) b15 b16 b17 b18 b19 b20 b21 b22 b23 b24 b25 b26 b27 b28 b29 b30 b31 b32 b33 b34 b35 b36 b37 b38 b39 b40 b41 b42 b43 b44 b45 b46 b47 b48 b49 b50 b51 b52 b53 b54 b55 b56 b57 b58 b59 b60 b61 b62 b63 b64 b65 b66 b67 b68 b69 b70 b71 b72 b73 b74 b75 b76 b77 b78 b79 b80 b81 b82 b83 b84 b85 b86 b87 b88 b89 b90 b91 b92 b93 b94 b95 b96 b97 b98 b99 b100 b101 b102 b103 b104 b105 b106 b107 b108 b109 b110 b111 b112 b113 b114 b115 b116 b117 b118 b119 b120 b121 b122 b123 b124 b125 b126 b127 b128)
Time taken = 0.014428
Removing b11
Removing b18
Verifying main
Houdini assignment axiom: (And true b1 (! b2) b3 b4 (! b5) (! b6) (! b7) (! b8) (! b9) (! b10) (! b11) b12 b13 (! b14) b15 b16 b17 (! b18) b19 b20 b21 b22 b23 b24 b25 b26 b27 b28 b29 b30 b31 b32 b33 b34 b35 b36 b37 b38 b39 b40 b41 b42 b43 b44 b45 b46 b47 b48 b49 b50 b51 b52 b53 b54 b55 b56 b57 b58 b59 b60 b61 b62 b63 b64 b65 b66 b67 b68 b69 b70 b71 b72 b73 b74 b75 b76 b77 b78 b79 b80 b81 b82 b83 b84 b85 b86 b87 b88 b89 b90 b91 b92 b93 b94 b95 b96 b97 b98 b99 b100 b101 b102 b103 b104 b105 b106 b107 b108 b109 b110 b111 b112 b113 b114 b115 b116 b117 b118 b119 b120 b121 b122 b123 b124 b125 b126 b127 b128)
Time taken = 0.012482
Removing b12
Removing b13
Removing b22
Verifying main
Houdini assignment axiom: (And true b1 (! b2) b3 b4 (! b5) (! b6) (! b7) (! b8) (! b9) (! b10) (! b11) (! b12) (! b13) (! b14) b15 b16 b17 (! b18) b19 b20 b21 (! b22) b23 b24 b25 b26 b27 b28 b29 b30 b31 b32 b33 b34 b35 b36 b37 b38 b39 b40 b41 b42 b43 b44 b45 b46 b47 b48 b49 b50 b51 b52 b53 b54 b55 b56 b57 b58 b59 b60 b61 b62 b63 b64 b65 b66 b67 b68 b69 b70 b71 b72 b73 b74 b75 b76 b77 b78 b79 b80 b81 b82 b83 b84 b85 b86 b87 b88 b89 b90 b91 b92 b93 b94 b95 b96 b97 b98 b99 b100 b101 b102 b103 b104 b105 b106 b107 b108 b109 b110 b111 b112 b113 b114 b115 b116 b117 b118 b119 b120 b121 b122 b123 b124 b125 b126 b127 b128)
Time taken = 0.013251
Removing b15
Removing b26
Verifying main
Houdini assignment axiom: (And true b1 (! b2) b3 b4 (! b5) (! b6) (! b7) (! b8) (! b9) (! b10) (! b11) (! b12) (! b13) (! b14) (! b15) b16 b17 (! b18) b19 b20 b21 (! b22) b23 b24 b25 (! b26) b27 b28 b29 b30 b31 b32 b33 b34 b35 b36 b37 b38 b39 b40 b41 b42 b43 b44 b45 b46 b47 b48 b49 b50 b51 b52 b53 b54 b55 b56 b57 b58 b59 b60 b61 b62 b63 b64 b65 b66 b67 b68 b69 b70 b71 b72 b73 b74 b75 b76 b77 b78 b79 b80 b81 b82 b83 b84 b85 b86 b87 b88 b89 b90 b91 b92 b93 b94 b95 b96 b97 b98 b99 b100 b101 b102 b103 b104 b105 b106 b107 b108 b109 b110 b111 b112 b113 b114 b115 b116 b117 b118 b119 b120 b121 b122 b123 b124 b125 b126 b127 b128)
Time taken = 0.011361
Removing b16
Removing b17
Removing b30
Verifying main
Houdini assignment axiom: (And true b1 (! b2) b3 b4 (! b5) (! b6) (! b7) (! b8) (! b9) (! b10) (! b11) (! b12) (! b13) (! b14) (! b15) (! b16) (! b17) (! b18) b19 b20 b21 (! b22) b23 b24 b25 (! b26) b27 b28 b29 (! b30) b31 b32 b33 b34 b35 b36 b37 b38 b39 b40 b41 b42 b43 b44 b45 b46 b47 b48 b49 b50 b51 b52 b53 b54 b55 b56 b57 b58 b59 b60 b61 b62 b63 b64 b65 b66 b67 b68 b69 b70 b71 b72 b73 b74 b75 b76 b77 b78 b79 b80 b81 b82 b83 b84 b85 b86 b87 b88 b89 b90 b91 b92 b93 b94 b95 b96 b97 b98 b99 b100 b101 b102 b103 b104 b105 b106 b107 b108 b109 b110 b111 b112 b113 b114 b115 b116 b117 b118 b119 b120 b121 b122 b123 b124 b125 b126 b127 b128)
Time taken = 0.01491
Removing b33
Removing b34
Verifying main
Houdini assignment axiom: (And true b1 (! b2) b3 b4 (! b5) (! b6) (! b7) (! b8) (! b9) (! b10) (! b11) (! b12) (! b13) (! b14) (! b15) (! b16) (! b17) (! b18) b19 b20 b21 (! b22) b23 b24 b25 (! b26) b27 b28 b29 (! b30) b31 b32 (! b33) (! b34) b35 b36 b37 b38 b39 b40 b41 b42 b43 b44 b45 b46 b47 b48 b49 b50 b51 b52 b53 b54 b55 b56 b57 b58 b59 b60 b61 b62 b63 b64 b65 b66 b67 b68 b69 b70 b71 b72 b73 b74 b75 b76 b77 b78 b79 b80 b81 b82 b83 b84 b85 b86 b87 b88 b89 b90 b91 b92 b93 b94 b95 b96 b97 b98 b99 b100 b101 b102 b103 b104 b105 b106 b107 b108 b109 b110 b111 b112 b113 b114 b115 b116 b117 b118 b119 b120 b121 b122 b123 b124 b125 b126 b127 b128)
Time taken = 0.010063
Removing b38
Verifying main
Houdini assignment axiom: (And true b1 (! b2) b3 b4 (! b5) (! b6) (! b7) (! b8) (! b9) (! b10) (! b11) (! b12) (! b13) (! b14) (! b15) (! b16) (! b17) (! b18) b19 b20 b21 (! b22) b23 b24 b25 (! b26) b27 b28 b29 (! b30) b31 b32 (! b33) (! b34) b35 b36 b37 (! b38) b39 b40 b41 b42 b43 b44 b45 b46 b47 b48 b49 b50 b51 b52 b53 b54 b55 b56 b57 b58 b59 b60 b61 b62 b63 b64 b65 b66 b67 b68 b69 b70 b71 b72 b73 b74 b75 b76 b77 b78 b79 b80 b81 b82 b83 b84 b85 b86 b87 b88 b89 b90 b91 b92 b93 b94 b95 b96 b97 b98 b99 b100 b101 b102 b103 b104 b105 b106 b107 b108 b109 b110 b111 b112 b113 b114 b115 b116 b117 b118 b119 b120 b121 b122 b123 b124 b125 b126 b127 b128)
Time taken = 0.012394
Removing b42
Verifying main
Houdini assignment axiom: (And true b1 (! b2) b3 b4 (! b5) (! b6) (! b7) (! b8) (! b9) (! b10) (! b11) (! b12) (! b13) (! b14) (! b15) (! b16) (! b17) (! b18) b19 b20 b21 (! b22) b23 b24 b25 (! b26) b27 b28 b29 (! b30) b31 b32 (! b33) (! b34) b35 b36 b37 (! b38) b39 b40 b41 (! b42) b43 b44 b45 b46 b47 b48 b49 b50 b51 b52 b53 b54 b55 b56 b57 b58 b59 b60 b61 b62 b63 b64 b65 b66 b67 b68 b69 b70 b71 b72 b73 b74 b75 b76 b77 b78 b79 b80 b81 b82 b83 b84 b85 b86 b87 b88 b89 b90 b91 b92 b93 b94 b95 b96 b97 b98 b99 b100 b101 b102 b103 b104 b105 b106 b107 b108 b109 b110 b111 b112 b113 b114 b115 b116 b117 b118 b119 b120 b121 b122 b123 b124 b125 b126 b127 b128)
Time taken = 0.013745
Removing b46
Verifying main
Houdini assignment axiom: (And true b1 (! b2) b3 b4 (! b5) (! b6) (! b7) (! b8) (! b9) (! b10) (! b11) (! b12) (! b13) (! b14) (! b15) (! b16) (! b17) (! b18) b19 b20 b21 (! b22) b23 b24 b25 (! b26) b27 b28 b29 (! b30) b31 b32 (! b33) (! b34) b35 b36 b37 (! b38) b39 b40 b41 (! b42) b43 b44 b45 (! b46) b47 b48 b49 b50 b51 b52 b53 b54 b55 b56 b57 b58 b59 b60 b61 b62 b63 b64 b65 b66 b67 b68 b69 b70 b71 b72 b73 b74 b75 b76 b77 b78 b79 b80 b81 b82 b83 b84 b85 b86 b87 b88 b89 b90 b91 b92 b93 b94 b95 b96 b97 b98 b99 b100 b101 b102 b103 b104 b105 b106 b107 b108 b109 b110 b111 b112 b113 b114 b115 b116 b117 b118 b119 b120 b121 b122 b123 b124 b125 b126 b127 b128)
Time taken = 0.014647
Removing b49
Removing b50
Verifying main
Houdini assignment axiom: (And true b1 (! b2) b3 b4 (! b5) (! b6) (! b7) (! b8) (! b9) (! b10) (! b11) (! b12) (! b13) (! b14) (! b15) (! b16) (! b17) (! b18) b19 b20 b21 (! b22) b23 b24 b25 (! b26) b27 b28 b29 (! b30) b31 b32 (! b33) (! b34) b35 b36 b37 (! b38) b39 b40 b41 (! b42) b43 b44 b45 (! b46) b47 b48 (! b49) (! b50) b51 b52 b53 b54 b55 b56 b57 b58 b59 b60 b61 b62 b63 b64 b65 b66 b67 b68 b69 b70 b71 b72 b73 b74 b75 b76 b77 b78 b79 b80 b81 b82 b83 b84 b85 b86 b87 b88 b89 b90 b91 b92 b93 b94 b95 b96 b97 b98 b99 b100 b101 b102 b103 b104 b105 b106 b107 b108 b109 b110 b111 b112 b113 b114 b115 b116 b117 b118 b119 b120 b121 b122 b123 b124 b125 b126 b127 b128)
Time taken = 0.013789
Removing b54
Verifying main
Houdini assignment axiom: (And true b1 (! b2) b3 b4 (! b5) (! b6) (! b7) (! b8) (! b9) (! b10) (! b11) (! b12) (! b13) (! b14) (! b15) (! b16) (! b17) (! b18) b19 b20 b21 (! b22) b23 b24 b25 (! b26) b27 b28 b29 (! b30) b31 b32 (! b33) (! b34) b35 b36 b37 (! b38) b39 b40 b41 (! b42) b43 b44 b45 (! b46) b47 b48 (! b49) (! b50) b51 b52 b53 (! b54) b55 b56 b57 b58 b59 b60 b61 b62 b63 b64 b65 b66 b67 b68 b69 b70 b71 b72 b73 b74 b75 b76 b77 b78 b79 b80 b81 b82 b83 b84 b85 b86 b87 b88 b89 b90 b91 b92 b93 b94 b95 b96 b97 b98 b99 b100 b101 b102 b103 b104 b105 b106 b107 b108 b109 b110 b111 b112 b113 b114 b115 b116 b117 b118 b119 b120 b121 b122 b123 b124 b125 b126 b127 b128)
Time taken = 0.013756
Removing b58
Verifying main
Houdini assignment axiom: (And true b1 (! b2) b3 b4 (! b5) (! b6) (! b7) (! b8) (! b9) (! b10) (! b11) (! b12) (! b13) (! b14) (! b15) (! b16) (! b17) (! b18) b19 b20 b21 (! b22) b23 b24 b25 (! b26) b27 b28 b29 (! b30) b31 b32 (! b33) (! b34) b35 b36 b37 (! b38) b39 b40 b41 (! b42) b43 b44 b45 (! b46) b47 b48 (! b49) (! b50) b51 b52 b53 (! b54) b55 b56 b57 (! b58) b59 b60 b61 b62 b63 b64 b65 b66 b67 b68 b69 b70 b71 b72 b73 b74 b75 b76 b77 b78 b79 b80 b81 b82 b83 b84 b85 b86 b87 b88 b89 b90 b91 b92 b93 b94 b95 b96 b97 b98 b99 b100 b101 b102 b103 b104 b105 b106 b107 b108 b109 b110 b111 b112 b113 b114 b115 b116 b117 b118 b119 b120 b121 b122 b123 b124 b125 b126 b127 b128)
Time taken = 0.012019
Removing b62
Verifying main
Houdini assignment axiom: (And true b1 (! b2) b3 b4 (! b5) (! b6) (! b7) (! b8) (! b9) (! b10) (! b11) (! b12) (! b13) (! b14) (! b15) (! b16) (! b17) (! b18) b19 b20 b21 (! b22) b23 b24 b25 (! b26) b27 b28 b29 (! b30) b31 b32 (! b33) (! b34) b35 b36 b37 (! b38) b39 b40 b41 (! b42) b43 b44 b45 (! b46) b47 b48 (! b49) (! b50) b51 b52 b53 (! b54) b55 b56 b57 (! b58) b59 b60 b61 (! b62) b63 b64 b65 b66 b67 b68 b69 b70 b71 b72 b73 b74 b75 b76 b77 b78 b79 b80 b81 b82 b83 b84 b85 b86 b87 b88 b89 b90 b91 b92 b93 b94 b95 b96 b97 b98 b99 b100 b101 b102 b103 b104 b105 b106 b107 b108 b109 b110 b111 b112 b113 b114 b115 b116 b117 b118 b119 b120 b121 b122 b123 b124 b125 b126 b127 b128)
Time taken = 0.007233
Removing b65
Verifying main
Houdini assignment axiom: (And true b1 (! b2) b3 b4 (! b5) (! b6) (! b7) (! b8) (! b9) (! b10) (! b11) (! b12) (! b13) (! b14) (! b15) (! b16) (! b17) (! b18) b19 b20 b21 (! b22) b23 b24 b25 (! b26) b27 b28 b29 (! b30) b31 b32 (! b33) (! b34) b35 b36 b37 (! b38) b39 b40 b41 (! b42) b43 b44 b45 (! b46) b47 b48 (! b49) (! b50) b51 b52 b53 (! b54) b55 b56 b57 (! b58) b59 b60 b61 (! b62) b63 b64 (! b65) b66 b67 b68 b69 b70 b71 b72 b73 b74 b75 b76 b77 b78 b79 b80 b81 b82 b83 b84 b85 b86 b87 b88 b89 b90 b91 b92 b93 b94 b95 b96 b97 b98 b99 b100 b101 b102 b103 b104 b105 b106 b107 b108 b109 b110 b111 b112 b113 b114 b115 b116 b117 b118 b119 b120 b121 b122 b123 b124 b125 b126 b127 b128)
Time taken = 0.04298
Removing b66
Removing b69
Removing b70
Verifying main
Houdini assignment axiom: (And true b1 (! b2) b3 b4 (! b5) (! b6) (! b7) (! b8) (! b9) (! b10) (! b11) (! b12) (! b13) (! b14) (! b15) (! b16) (! b17) (! b18) b19 b20 b21 (! b22) b23 b24 b25 (! b26) b27 b28 b29 (! b30) b31 b32 (! b33) (! b34) b35 b36 b37 (! b38) b39 b40 b41 (! b42) b43 b44 b45 (! b46) b47 b48 (! b49) (! b50) b51 b52 b53 (! b54) b55 b56 b57 (! b58) b59 b60 b61 (! b62) b63 b64 (! b65) (! b66) b67 b68 (! b69) (! b70) b71 b72 b73 b74 b75 b76 b77 b78 b79 b80 b81 b82 b83 b84 b85 b86 b87 b88 b89 b90 b91 b92 b93 b94 b95 b96 b97 b98 b99 b100 b101 b102 b103 b104 b105 b106 b107 b108 b109 b110 b111 b112 b113 b114 b115 b116 b117 b118 b119 b120 b121 b122 b123 b124 b125 b126 b127 b128)
Time taken = 0.012694
Removing b67
Removing b71
Verifying main
Houdini assignment axiom: (And true b1 (! b2) b3 b4 (! b5) (! b6) (! b7) (! b8) (! b9) (! b10) (! b11) (! b12) (! b13) (! b14) (! b15) (! b16) (! b17) (! b18) b19 b20 b21 (! b22) b23 b24 b25 (! b26) b27 b28 b29 (! b30) b31 b32 (! b33) (! b34) b35 b36 b37 (! b38) b39 b40 b41 (! b42) b43 b44 b45 (! b46) b47 b48 (! b49) (! b50) b51 b52 b53 (! b54) b55 b56 b57 (! b58) b59 b60 b61 (! b62) b63 b64 (! b65) (! b66) (! b67) b68 (! b69) (! b70) (! b71) b72 b73 b74 b75 b76 b77 b78 b79 b80 b81 b82 b83 b84 b85 b86 b87 b88 b89 b90 b91 b92 b93 b94 b95 b96 b97 b98 b99 b100 b101 b102 b103 b104 b105 b106 b107 b108 b109 b110 b111 b112 b113 b114 b115 b116 b117 b118 b119 b120 b121 b122 b123 b124 b125 b126 b127 b128)
Time taken = 0.015282
Removing b68
Removing b72
Verifying main
Houdini assignment axiom: (And true b1 (! b2) b3 b4 (! b5) (! b6) (! b7) (! b8) (! b9) (! b10) (! b11) (! b12) (! b13) (! b14) (! b15) (! b16) (! b17) (! b18) b19 b20 b21 (! b22) b23 b24 b25 (! b26) b27 b28 b29 (! b30) b31 b32 (! b33) (! b34) b35 b36 b37 (! b38) b39 b40 b41 (! b42) b43 b44 b45 (! b46) b47 b48 (! b49) (! b50) b51 b52 b53 (! b54) b55 b56 b57 (! b58) b59 b60 b61 (! b62) b63 b64 (! b65) (! b66) (! b67) (! b68) (! b69) (! b70) (! b71) (! b72) b73 b74 b75 b76 b77 b78 b79 b80 b81 b82 b83 b84 b85 b86 b87 b88 b89 b90 b91 b92 b93 b94 b95 b96 b97 b98 b99 b100 b101 b102 b103 b104 b105 b106 b107 b108 b109 b110 b111 b112 b113 b114 b115 b116 b117 b118 b119 b120 b121 b122 b123 b124 b125 b126 b127 b128)
Time taken = 0.044326
Removing b73
Removing b74
Verifying main
Houdini assignment axiom: (And true b1 (! b2) b3 b4 (! b5) (! b6) (! b7) (! b8) (! b9) (! b10) (! b11) (! b12) (! b13) (! b14) (! b15) (! b16) (! b17) (! b18) b19 b20 b21 (! b22) b23 b24 b25 (! b26) b27 b28 b29 (! b30) b31 b32 (! b33) (! b34) b35 b36 b37 (! b38) b39 b40 b41 (! b42) b43 b44 b45 (! b46) b47 b48 (! b49) (! b50) b51 b52 b53 (! b54) b55 b56 b57 (! b58) b59 b60 b61 (! b62) b63 b64 (! b65) (! b66) (! b67) (! b68) (! b69) (! b70) (! b71) (! b72) (! b73) (! b74) b75 b76 b77 b78 b79 b80 b81 b82 b83 b84 b85 b86 b87 b88 b89 b90 b91 b92 b93 b94 b95 b96 b97 b98 b99 b100 b101 b102 b103 b104 b105 b106 b107 b108 b109 b110 b111 b112 b113 b114 b115 b116 b117 b118 b119 b120 b121 b122 b123 b124 b125 b126 b127 b128)
Time taken = 0.013795
Removing b75
Verifying main
Houdini assignment axiom: (And true b1 (! b2) b3 b4 (! b5) (! b6) (! b7) (! b8) (! b9) (! b10) (! b11) (! b12) (! b13) (! b14) (! b15) (! b16) (! b17) (! b18) b19 b20 b21 (! b22) b23 b24 b25 (! b26) b27 b28 b29 (! b30) b31 b32 (! b33) (! b34) b35 b36 b37 (! b38) b39 b40 b41 (! b42) b43 b44 b45 (! b46) b47 b48 (! b49) (! b50) b51 b52 b53 (! b54) b55 b56 b57 (! b58) b59 b60 b61 (! b62) b63 b64 (! b65) (! b66) (! b67) (! b68) (! b69) (! b70) (! b71) (! b72) (! b73) (! b74) (! b75) b76 b77 b78 b79 b80 b81 b82 b83 b84 b85 b86 b87 b88 b89 b90 b91 b92 b93 b94 b95 b96 b97 b98 b99 b100 b101 b102 b103 b104 b105 b106 b107 b108 b109 b110 b111 b112 b113 b114 b115 b116 b117 b118 b119 b120 b121 b122 b123 b124 b125 b126 b127 b128)
Time taken = 0.010979
Removing b76
Verifying main
Houdini assignment axiom: (And true b1 (! b2) b3 b4 (! b5) (! b6) (! b7) (! b8) (! b9) (! b10) (! b11) (! b12) (! b13) (! b14) (! b15) (! b16) (! b17) (! b18) b19 b20 b21 (! b22) b23 b24 b25 (! b26) b27 b28 b29 (! b30) b31 b32 (! b33) (! b34) b35 b36 b37 (! b38) b39 b40 b41 (! b42) b43 b44 b45 (! b46) b47 b48 (! b49) (! b50) b51 b52 b53 (! b54) b55 b56 b57 (! b58) b59 b60 b61 (! b62) b63 b64 (! b65) (! b66) (! b67) (! b68) (! b69) (! b70) (! b71) (! b72) (! b73) (! b74) (! b75) (! b76) b77 b78 b79 b80 b81 b82 b83 b84 b85 b86 b87 b88 b89 b90 b91 b92 b93 b94 b95 b96 b97 b98 b99 b100 b101 b102 b103 b104 b105 b106 b107 b108 b109 b110 b111 b112 b113 b114 b115 b116 b117 b118 b119 b120 b121 b122 b123 b124 b125 b126 b127 b128)
Time taken = 0.029887
Removing b77
Removing b78
Verifying main
Houdini assignment axiom: (And true b1 (! b2) b3 b4 (! b5) (! b6) (! b7) (! b8) (! b9) (! b10) (! b11) (! b12) (! b13) (! b14) (! b15) (! b16) (! b17) (! b18) b19 b20 b21 (! b22) b23 b24 b25 (! b26) b27 b28 b29 (! b30) b31 b32 (! b33) (! b34) b35 b36 b37 (! b38) b39 b40 b41 (! b42) b43 b44 b45 (! b46) b47 b48 (! b49) (! b50) b51 b52 b53 (! b54) b55 b56 b57 (! b58) b59 b60 b61 (! b62) b63 b64 (! b65) (! b66) (! b67) (! b68) (! b69) (! b70) (! b71) (! b72) (! b73) (! b74) (! b75) (! b76) (! b77) (! b78) b79 b80 b81 b82 b83 b84 b85 b86 b87 b88 b89 b90 b91 b92 b93 b94 b95 b96 b97 b98 b99 b100 b101 b102 b103 b104 b105 b106 b107 b108 b109 b110 b111 b112 b113 b114 b115 b116 b117 b118 b119 b120 b121 b122 b123 b124 b125 b126 b127 b128)
Time taken = 0.011872
Removing b79
Verifying main
Houdini assignment axiom: (And true b1 (! b2) b3 b4 (! b5) (! b6) (! b7) (! b8) (! b9) (! b10) (! b11) (! b12) (! b13) (! b14) (! b15) (! b16) (! b17) (! b18) b19 b20 b21 (! b22) b23 b24 b25 (! b26) b27 b28 b29 (! b30) b31 b32 (! b33) (! b34) b35 b36 b37 (! b38) b39 b40 b41 (! b42) b43 b44 b45 (! b46) b47 b48 (! b49) (! b50) b51 b52 b53 (! b54) b55 b56 b57 (! b58) b59 b60 b61 (! b62) b63 b64 (! b65) (! b66) (! b67) (! b68) (! b69) (! b70) (! b71) (! b72) (! b73) (! b74) (! b75) (! b76) (! b77) (! b78) (! b79) b80 b81 b82 b83 b84 b85 b86 b87 b88 b89 b90 b91 b92 b93 b94 b95 b96 b97 b98 b99 b100 b101 b102 b103 b104 b105 b106 b107 b108 b109 b110 b111 b112 b113 b114 b115 b116 b117 b118 b119 b120 b121 b122 b123 b124 b125 b126 b127 b128)
Time taken = 0.007244
Removing b80
Verifying main
Houdini assignment axiom: (And true b1 (! b2) b3 b4 (! b5) (! b6) (! b7) (! b8) (! b9) (! b10) (! b11) (! b12) (! b13) (! b14) (! b15) (! b16) (! b17) (! b18) b19 b20 b21 (! b22) b23 b24 b25 (! b26) b27 b28 b29 (! b30) b31 b32 (! b33) (! b34) b35 b36 b37 (! b38) b39 b40 b41 (! b42) b43 b44 b45 (! b46) b47 b48 (! b49) (! b50) b51 b52 b53 (! b54) b55 b56 b57 (! b58) b59 b60 b61 (! b62) b63 b64 (! b65) (! b66) (! b67) (! b68) (! b69) (! b70) (! b71) (! b72) (! b73) (! b74) (! b75) (! b76) (! b77) (! b78) (! b79) (! b80) b81 b82 b83 b84 b85 b86 b87 b88 b89 b90 b91 b92 b93 b94 b95 b96 b97 b98 b99 b100 b101 b102 b103 b104 b105 b106 b107 b108 b109 b110 b111 b112 b113 b114 b115 b116 b117 b118 b119 b120 b121 b122 b123 b124 b125 b126 b127 b128)
Time taken = 0.044223
Removing b82
Removing b85
Removing b25
Removing b29
Verifying main
Houdini assignment axiom: (And true b1 (! b2) b3 b4 (! b5) (! b6) (! b7) (! b8) (! b9) (! b10) (! b11) (! b12) (! b13) (! b14) (! b15) (! b16) (! b17) (! b18) b19 b20 b21 (! b22) b23 b24 (! b25) (! b26) b27 b28 (! b29) (! b30) b31 b32 (! b33) (! b34) b35 b36 b37 (! b38) b39 b40 b41 (! b42) b43 b44 b45 (! b46) b47 b48 (! b49) (! b50) b51 b52 b53 (! b54) b55 b56 b57 (! b58) b59 b60 b61 (! b62) b63 b64 (! b65) (! b66) (! b67) (! b68) (! b69) (! b70) (! b71) (! b72) (! b73) (! b74) (! b75) (! b76) (! b77) (! b78) (! b79) (! b80) b81 (! b82) b83 b84 (! b85) b86 b87 b88 b89 b90 b91 b92 b93 b94 b95 b96 b97 b98 b99 b100 b101 b102 b103 b104 b105 b106 b107 b108 b109 b110 b111 b112 b113 b114 b115 b116 b117 b118 b119 b120 b121 b122 b123 b124 b125 b126 b127 b128)
Time taken = 0.047289
Removing b83
Removing b89
Removing b31
Removing b27
Verifying main
Houdini assignment axiom: (And true b1 (! b2) b3 b4 (! b5) (! b6) (! b7) (! b8) (! b9) (! b10) (! b11) (! b12) (! b13) (! b14) (! b15) (! b16) (! b17) (! b18) b19 b20 b21 (! b22) b23 b24 (! b25) (! b26) (! b27) b28 (! b29) (! b30) (! b31) b32 (! b33) (! b34) b35 b36 b37 (! b38) b39 b40 b41 (! b42) b43 b44 b45 (! b46) b47 b48 (! b49) (! b50) b51 b52 b53 (! b54) b55 b56 b57 (! b58) b59 b60 b61 (! b62) b63 b64 (! b65) (! b66) (! b67) (! b68) (! b69) (! b70) (! b71) (! b72) (! b73) (! b74) (! b75) (! b76) (! b77) (! b78) (! b79) (! b80) b81 (! b82) (! b83) b84 (! b85) b86 b87 b88 (! b89) b90 b91 b92 b93 b94 b95 b96 b97 b98 b99 b100 b101 b102 b103 b104 b105 b106 b107 b108 b109 b110 b111 b112 b113 b114 b115 b116 b117 b118 b119 b120 b121 b122 b123 b124 b125 b126 b127 b128)
Time taken = 0.100394
Removing b84
Removing b93
Removing b35
Removing b37
Removing b45
Removing b28
Verifying main
Houdini assignment axiom: (And true b1 (! b2) b3 b4 (! b5) (! b6) (! b7) (! b8) (! b9) (! b10) (! b11) (! b12) (! b13) (! b14) (! b15) (! b16) (! b17) (! b18) b19 b20 b21 (! b22) b23 b24 (! b25) (! b26) (! b27) (! b28) (! b29) (! b30) (! b31) b32 (! b33) (! b34) (! b35) b36 (! b37) (! b38) b39 b40 b41 (! b42) b43 b44 (! b45) (! b46) b47 b48 (! b49) (! b50) b51 b52 b53 (! b54) b55 b56 b57 (! b58) b59 b60 b61 (! b62) b63 b64 (! b65) (! b66) (! b67) (! b68) (! b69) (! b70) (! b71) (! b72) (! b73) (! b74) (! b75) (! b76) (! b77) (! b78) (! b79) (! b80) b81 (! b82) (! b83) (! b84) (! b85) b86 b87 b88 (! b89) b90 b91 b92 (! b93) b94 b95 b96 b97 b98 b99 b100 b101 b102 b103 b104 b105 b106 b107 b108 b109 b110 b111 b112 b113 b114 b115 b116 b117 b118 b119 b120 b121 b122 b123 b124 b125 b126 b127 b128)
Time taken = 0.094005
Removing b98
Removing b101
Removing b36
Removing b39
Removing b53
Removing b47
Verifying main
Houdini assignment axiom: (And true b1 (! b2) b3 b4 (! b5) (! b6) (! b7) (! b8) (! b9) (! b10) (! b11) (! b12) (! b13) (! b14) (! b15) (! b16) (! b17) (! b18) b19 b20 b21 (! b22) b23 b24 (! b25) (! b26) (! b27) (! b28) (! b29) (! b30) (! b31) b32 (! b33) (! b34) (! b35) (! b36) (! b37) (! b38) (! b39) b40 b41 (! b42) b43 b44 (! b45) (! b46) (! b47) b48 (! b49) (! b50) b51 b52 (! b53) (! b54) b55 b56 b57 (! b58) b59 b60 b61 (! b62) b63 b64 (! b65) (! b66) (! b67) (! b68) (! b69) (! b70) (! b71) (! b72) (! b73) (! b74) (! b75) (! b76) (! b77) (! b78) (! b79) (! b80) b81 (! b82) (! b83) (! b84) (! b85) b86 b87 b88 (! b89) b90 b91 b92 (! b93) b94 b95 b96 b97 (! b98) b99 b100 (! b101) b102 b103 b104 b105 b106 b107 b108 b109 b110 b111 b112 b113 b114 b115 b116 b117 b118 b119 b120 b121 b122 b123 b124 b125 b126 b127 b128)
Time taken = 0.081765
Removing b99
Removing b105
Removing b40
Removing b48
Removing b81
Removing b57
Verifying main
Houdini assignment axiom: (And true b1 (! b2) b3 b4 (! b5) (! b6) (! b7) (! b8) (! b9) (! b10) (! b11) (! b12) (! b13) (! b14) (! b15) (! b16) (! b17) (! b18) b19 b20 b21 (! b22) b23 b24 (! b25) (! b26) (! b27) (! b28) (! b29) (! b30) (! b31) b32 (! b33) (! b34) (! b35) (! b36) (! b37) (! b38) (! b39) (! b40) b41 (! b42) b43 b44 (! b45) (! b46) (! b47) (! b48) (! b49) (! b50) b51 b52 (! b53) (! b54) b55 b56 (! b57) (! b58) b59 b60 b61 (! b62) b63 b64 (! b65) (! b66) (! b67) (! b68) (! b69) (! b70) (! b71) (! b72) (! b73) (! b74) (! b75) (! b76) (! b77) (! b78) (! b79) (! b80) (! b81) (! b82) (! b83) (! b84) (! b85) b86 b87 b88 (! b89) b90 b91 b92 (! b93) b94 b95 b96 b97 (! b98) (! b99) b100 (! b101) b102 b103 b104 (! b105) b106 b107 b108 b109 b110 b111 b112 b113 b114 b115 b116 b117 b118 b119 b120 b121 b122 b123 b124 b125 b126 b127 b128)
Time taken = 0.052634
Removing b100
Removing b109
Removing b86
Removing b59
Verifying main
Houdini assignment axiom: (And true b1 (! b2) b3 b4 (! b5) (! b6) (! b7) (! b8) (! b9) (! b10) (! b11) (! b12) (! b13) (! b14) (! b15) (! b16) (! b17) (! b18) b19 b20 b21 (! b22) b23 b24 (! b25) (! b26) (! b27) (! b28) (! b29) (! b30) (! b31) b32 (! b33) (! b34) (! b35) (! b36) (! b37) (! b38) (! b39) (! b40) b41 (! b42) b43 b44 (! b45) (! b46) (! b47) (! b48) (! b49) (! b50) b51 b52 (! b53) (! b54) b55 b56 (! b57) (! b58) (! b59) b60 b61 (! b62) b63 b64 (! b65) (! b66) (! b67) (! b68) (! b69) (! b70) (! b71) (! b72) (! b73) (! b74) (! b75) (! b76) (! b77) (! b78) (! b79) (! b80) (! b81) (! b82) (! b83) (! b84) (! b85) (! b86) b87 b88 (! b89) b90 b91 b92 (! b93) b94 b95 b96 b97 (! b98) (! b99) (! b100) (! b101) b102 b103 b104 (! b105) b106 b107 b108 (! b109) b110 b111 b112 b113 b114 b115 b116 b117 b118 b119 b120 b121 b122 b123 b124 b125 b126 b127 b128)
Time taken = 0.12082
Removing b114
Removing b117
Removing b87
Removing b88
Removing b90
Removing b91
Removing b92
Removing b94
Removing b60
Verifying main
Houdini assignment axiom: (And true b1 (! b2) b3 b4 (! b5) (! b6) (! b7) (! b8) (! b9) (! b10) (! b11) (! b12) (! b13) (! b14) (! b15) (! b16) (! b17) (! b18) b19 b20 b21 (! b22) b23 b24 (! b25) (! b26) (! b27) (! b28) (! b29) (! b30) (! b31) b32 (! b33) (! b34) (! b35) (! b36) (! b37) (! b38) (! b39) (! b40) b41 (! b42) b43 b44 (! b45) (! b46) (! b47) (! b48) (! b49) (! b50) b51 b52 (! b53) (! b54) b55 b56 (! b57) (! b58) (! b59) (! b60) b61 (! b62) b63 b64 (! b65) (! b66) (! b67) (! b68) (! b69) (! b70) (! b71) (! b72) (! b73) (! b74) (! b75) (! b76) (! b77) (! b78) (! b79) (! b80) (! b81) (! b82) (! b83) (! b84) (! b85) (! b86) (! b87) (! b88) (! b89) (! b90) (! b91) (! b92) (! b93) (! b94) b95 b96 b97 (! b98) (! b99) (! b100) (! b101) b102 b103 b104 (! b105) b106 b107 b108 (! b109) b110 b111 b112 b113 (! b114) b115 b116 (! b117) b118 b119 b120 b121 b122 b123 b124 b125 b126 b127 b128)
Time taken = 0.060641
Removing b115
Removing b121
Removing b95
Removing b96
Verifying main
Houdini assignment axiom: (And true b1 (! b2) b3 b4 (! b5) (! b6) (! b7) (! b8) (! b9) (! b10) (! b11) (! b12) (! b13) (! b14) (! b15) (! b16) (! b17) (! b18) b19 b20 b21 (! b22) b23 b24 (! b25) (! b26) (! b27) (! b28) (! b29) (! b30) (! b31) b32 (! b33) (! b34) (! b35) (! b36) (! b37) (! b38) (! b39) (! b40) b41 (! b42) b43 b44 (! b45) (! b46) (! b47) (! b48) (! b49) (! b50) b51 b52 (! b53) (! b54) b55 b56 (! b57) (! b58) (! b59) (! b60) b61 (! b62) b63 b64 (! b65) (! b66) (! b67) (! b68) (! b69) (! b70) (! b71) (! b72) (! b73) (! b74) (! b75) (! b76) (! b77) (! b78) (! b79) (! b80) (! b81) (! b82) (! b83) (! b84) (! b85) (! b86) (! b87) (! b88) (! b89) (! b90) (! b91) (! b92) (! b93) (! b94) (! b95) (! b96) b97 (! b98) (! b99) (! b100) (! b101) b102 b103 b104 (! b105) b106 b107 b108 (! b109) b110 b111 b112 b113 (! b114) (! b115) b116 (! b117) b118 b119 b120 (! b121) b122 b123 b124 b125 b126 b127 b128)
Time taken = 0.068275
Removing b116
Removing b125
Removing b97
Removing b103
Removing b32
Verifying main
Houdini assignment axiom: (And true b1 (! b2) b3 b4 (! b5) (! b6) (! b7) (! b8) (! b9) (! b10) (! b11) (! b12) (! b13) (! b14) (! b15) (! b16) (! b17) (! b18) b19 b20 b21 (! b22) b23 b24 (! b25) (! b26) (! b27) (! b28) (! b29) (! b30) (! b31) (! b32) (! b33) (! b34) (! b35) (! b36) (! b37) (! b38) (! b39) (! b40) b41 (! b42) b43 b44 (! b45) (! b46) (! b47) (! b48) (! b49) (! b50) b51 b52 (! b53) (! b54) b55 b56 (! b57) (! b58) (! b59) (! b60) b61 (! b62) b63 b64 (! b65) (! b66) (! b67) (! b68) (! b69) (! b70) (! b71) (! b72) (! b73) (! b74) (! b75) (! b76) (! b77) (! b78) (! b79) (! b80) (! b81) (! b82) (! b83) (! b84) (! b85) (! b86) (! b87) (! b88) (! b89) (! b90) (! b91) (! b92) (! b93) (! b94) (! b95) (! b96) (! b97) (! b98) (! b99) (! b100) (! b101) b102 (! b103) b104 (! b105) b106 b107 b108 (! b109) b110 b111 b112 b113 (! b114) (! b115) (! b116) (! b117) b118 b119 b120 (! b121) b122 b123 b124 (! b125) b126 b127 b128)
Time taken = 0.040928
Removing b102
Removing b104
Verifying main
Houdini assignment axiom: (And true b1 (! b2) b3 b4 (! b5) (! b6) (! b7) (! b8) (! b9) (! b10) (! b11) (! b12) (! b13) (! b14) (! b15) (! b16) (! b17) (! b18) b19 b20 b21 (! b22) b23 b24 (! b25) (! b26) (! b27) (! b28) (! b29) (! b30) (! b31) (! b32) (! b33) (! b34) (! b35) (! b36) (! b37) (! b38) (! b39) (! b40) b41 (! b42) b43 b44 (! b45) (! b46) (! b47) (! b48) (! b49) (! b50) b51 b52 (! b53) (! b54) b55 b56 (! b57) (! b58) (! b59) (! b60) b61 (! b62) b63 b64 (! b65) (! b66) (! b67) (! b68) (! b69) (! b70) (! b71) (! b72) (! b73) (! b74) (! b75) (! b76) (! b77) (! b78) (! b79) (! b80) (! b81) (! b82) (! b83) (! b84) (! b85) (! b86) (! b87) (! b88) (! b89) (! b90) (! b91) (! b92) (! b93) (! b94) (! b95) (! b96) (! b97) (! b98) (! b99) (! b100) (! b101) (! b102) (! b103) (! b104) (! b105) b106 b107 b108 (! b109) b110 b111 b112 b113 (! b114) (! b115) (! b116) (! b117) b118 b119 b120 (! b121) b122 b123 b124 (! b125) b126 b127 b128)
Time taken = 0.229313
Removing b106
Removing b107
Removing b108
Removing b111
Removing b112
Removing b119
Verifying main
Houdini assignment axiom: (And true b1 (! b2) b3 b4 (! b5) (! b6) (! b7) (! b8) (! b9) (! b10) (! b11) (! b12) (! b13) (! b14) (! b15) (! b16) (! b17) (! b18) b19 b20 b21 (! b22) b23 b24 (! b25) (! b26) (! b27) (! b28) (! b29) (! b30) (! b31) (! b32) (! b33) (! b34) (! b35) (! b36) (! b37) (! b38) (! b39) (! b40) b41 (! b42) b43 b44 (! b45) (! b46) (! b47) (! b48) (! b49) (! b50) b51 b52 (! b53) (! b54) b55 b56 (! b57) (! b58) (! b59) (! b60) b61 (! b62) b63 b64 (! b65) (! b66) (! b67) (! b68) (! b69) (! b70) (! b71) (! b72) (! b73) (! b74) (! b75) (! b76) (! b77) (! b78) (! b79) (! b80) (! b81) (! b82) (! b83) (! b84) (! b85) (! b86) (! b87) (! b88) (! b89) (! b90) (! b91) (! b92) (! b93) (! b94) (! b95) (! b96) (! b97) (! b98) (! b99) (! b100) (! b101) (! b102) (! b103) (! b104) (! b105) (! b106) (! b107) (! b108) (! b109) b110 (! b111) (! b112) b113 (! b114) (! b115) (! b116) (! b117) b118 (! b119) b120 (! b121) b122 b123 b124 (! b125) b126 b127 b128)
Time taken = 0.087367
Removing b120
Removing b122
Removing b123
Removing b124
Removing b126
Verifying main
Houdini assignment axiom: (And true b1 (! b2) b3 b4 (! b5) (! b6) (! b7) (! b8) (! b9) (! b10) (! b11) (! b12) (! b13) (! b14) (! b15) (! b16) (! b17) (! b18) b19 b20 b21 (! b22) b23 b24 (! b25) (! b26) (! b27) (! b28) (! b29) (! b30) (! b31) (! b32) (! b33) (! b34) (! b35) (! b36) (! b37) (! b38) (! b39) (! b40) b41 (! b42) b43 b44 (! b45) (! b46) (! b47) (! b48) (! b49) (! b50) b51 b52 (! b53) (! b54) b55 b56 (! b57) (! b58) (! b59) (! b60) b61 (! b62) b63 b64 (! b65) (! b66) (! b67) (! b68) (! b69) (! b70) (! b71) (! b72) (! b73) (! b74) (! b75) (! b76) (! b77) (! b78) (! b79) (! b80) (! b81) (! b82) (! b83) (! b84) (! b85) (! b86) (! b87) (! b88) (! b89) (! b90) (! b91) (! b92) (! b93) (! b94) (! b95) (! b96) (! b97) (! b98) (! b99) (! b100) (! b101) (! b102) (! b103) (! b104) (! b105) (! b106) (! b107) (! b108) (! b109) b110 (! b111) (! b112) b113 (! b114) (! b115) (! b116) (! b117) b118 (! b119) (! b120) (! b121) (! b122) (! b123) (! b124) (! b125) (! b126) b127 b128)
Time taken = 0.052462
Removing b127
Verifying main
Houdini assignment axiom: (And true b1 (! b2) b3 b4 (! b5) (! b6) (! b7) (! b8) (! b9) (! b10) (! b11) (! b12) (! b13) (! b14) (! b15) (! b16) (! b17) (! b18) b19 b20 b21 (! b22) b23 b24 (! b25) (! b26) (! b27) (! b28) (! b29) (! b30) (! b31) (! b32) (! b33) (! b34) (! b35) (! b36) (! b37) (! b38) (! b39) (! b40) b41 (! b42) b43 b44 (! b45) (! b46) (! b47) (! b48) (! b49) (! b50) b51 b52 (! b53) (! b54) b55 b56 (! b57) (! b58) (! b59) (! b60) b61 (! b62) b63 b64 (! b65) (! b66) (! b67) (! b68) (! b69) (! b70) (! b71) (! b72) (! b73) (! b74) (! b75) (! b76) (! b77) (! b78) (! b79) (! b80) (! b81) (! b82) (! b83) (! b84) (! b85) (! b86) (! b87) (! b88) (! b89) (! b90) (! b91) (! b92) (! b93) (! b94) (! b95) (! b96) (! b97) (! b98) (! b99) (! b100) (! b101) (! b102) (! b103) (! b104) (! b105) (! b106) (! b107) (! b108) (! b109) b110 (! b111) (! b112) b113 (! b114) (! b115) (! b116) (! b117) b118 (! b119) (! b120) (! b121) (! b122) (! b123) (! b124) (! b125) (! b126) (! b127) b128)
Time taken = 0.009161
Number of true assignments = 22
Number of false assignments = 106
Prover time = 1.51
Unsat core prover time = 0.00
Number of prover queries = 40
Number of unsat core prover queries = 0
Number of unsat core prunings = 0
verified

Boogie program verifier finished with 1 verified, 0 errors
+ rm -f houdiniCexTrace.bpl
