+++ dirname ../houdini.sh
++ cd ..
++ pwd
+ dir=/home/daejunpark/pldi17
+ prelude=summax.bpl.bpl
+ bpl=
+ opt='/typeEncoding:m /prover:SMTLib /useArrayTheory /noinfer /contractInfer'
+ opt+=' /trace'
+ opt+=' /errorLimit:100 /z3multipleErrors'
+ opt+=' /proverMemoryLimit:1024'
+ rm -f houdiniCexTrace.bpl
+ mono /home/daejunpark/pldi17/popl16ae/Boogie/Binaries/Boogie.exe /typeEncoding:m /prover:SMTLib /useArrayTheory /noinfer /contractInfer /trace /errorLimit:100 /z3multipleErrors /proverMemoryLimit:1024 summax.bpl.bpl
[TRACE] Using prover: /home/daejunpark/pldi17/popl16ae/Boogie/Binaries/z3.exe
Boogie program verifier version 2.2.30705.1126, Copyright (c) 2003-2013, Microsoft.
Parsing summax.bpl.bpl
Coalescing blocks...
Collecting existential constants...
Building call graph...
Number of implementations = 1
Beginning VC generation for Houdini...
Generating VC for main
Verifying main
Houdini assignment axiom: (And true b1 b2 b3 b4 b5 b6 b7 b8 b9 b10 b11 b12 b13 b14 b15 b16 b17 b18 b19 b20 b21 b22 b23 b24 b25 b26 b27 b28 b29 b30 b31 b32 b33 b34 b35 b36 b37 b38 b39 b40 b41 b42 b43 b44 b45 b46 b47 b48 b49 b50 b51 b52 b53 b54 b55 b56 b57 b58 b59 b60 b61 b62 b63 b64 b65 b66 b67 b68 b69 b70 b71 b72 b73 b74 b75 b76 b77 b78 b79 b80 b81 b82 b83 b84 b85 b86 b87 b88 b89 b90 b91 b92 b93 b94 b95 b96 b97 b98 b99 b100 b101 b102 b103 b104 b105 b106 b107 b108 b109 b110 b111 b112 b113 b114 b115 b116 b117 b118 b119 b120 b121 b122 b123 b124 b125 b126 b127 b128 b129 b130 b131 b132 b133 b134 b135 b136 b137 b138 b139 b140 b141 b142 b143 b144 b145 b146 b147 b148 b149 b150 b151 b152 b153 b154 b155 b156 b157 b158 b159 b160 b161 b162 b163 b164 b165 b166 b167 b168 b169 b170 b171 b172 b173 b174 b175 b176 b177 b178 b179 b180 b181 b182 b183 b184 b185 b186 b187 b188 b189 b190 b191 b192)
Time taken = 0.036119
Removing b2
Verifying main
Houdini assignment axiom: (And true b1 (! b2) b3 b4 b5 b6 b7 b8 b9 b10 b11 b12 b13 b14 b15 b16 b17 b18 b19 b20 b21 b22 b23 b24 b25 b26 b27 b28 b29 b30 b31 b32 b33 b34 b35 b36 b37 b38 b39 b40 b41 b42 b43 b44 b45 b46 b47 b48 b49 b50 b51 b52 b53 b54 b55 b56 b57 b58 b59 b60 b61 b62 b63 b64 b65 b66 b67 b68 b69 b70 b71 b72 b73 b74 b75 b76 b77 b78 b79 b80 b81 b82 b83 b84 b85 b86 b87 b88 b89 b90 b91 b92 b93 b94 b95 b96 b97 b98 b99 b100 b101 b102 b103 b104 b105 b106 b107 b108 b109 b110 b111 b112 b113 b114 b115 b116 b117 b118 b119 b120 b121 b122 b123 b124 b125 b126 b127 b128 b129 b130 b131 b132 b133 b134 b135 b136 b137 b138 b139 b140 b141 b142 b143 b144 b145 b146 b147 b148 b149 b150 b151 b152 b153 b154 b155 b156 b157 b158 b159 b160 b161 b162 b163 b164 b165 b166 b167 b168 b169 b170 b171 b172 b173 b174 b175 b176 b177 b178 b179 b180 b181 b182 b183 b184 b185 b186 b187 b188 b189 b190 b191 b192)
Time taken = 0.021999
Removing b5
Removing b6
Verifying main
Houdini assignment axiom: (And true b1 (! b2) b3 b4 (! b5) (! b6) b7 b8 b9 b10 b11 b12 b13 b14 b15 b16 b17 b18 b19 b20 b21 b22 b23 b24 b25 b26 b27 b28 b29 b30 b31 b32 b33 b34 b35 b36 b37 b38 b39 b40 b41 b42 b43 b44 b45 b46 b47 b48 b49 b50 b51 b52 b53 b54 b55 b56 b57 b58 b59 b60 b61 b62 b63 b64 b65 b66 b67 b68 b69 b70 b71 b72 b73 b74 b75 b76 b77 b78 b79 b80 b81 b82 b83 b84 b85 b86 b87 b88 b89 b90 b91 b92 b93 b94 b95 b96 b97 b98 b99 b100 b101 b102 b103 b104 b105 b106 b107 b108 b109 b110 b111 b112 b113 b114 b115 b116 b117 b118 b119 b120 b121 b122 b123 b124 b125 b126 b127 b128 b129 b130 b131 b132 b133 b134 b135 b136 b137 b138 b139 b140 b141 b142 b143 b144 b145 b146 b147 b148 b149 b150 b151 b152 b153 b154 b155 b156 b157 b158 b159 b160 b161 b162 b163 b164 b165 b166 b167 b168 b169 b170 b171 b172 b173 b174 b175 b176 b177 b178 b179 b180 b181 b182 b183 b184 b185 b186 b187 b188 b189 b190 b191 b192)
Time taken = 0.024806
Removing b7
Removing b9
Removing b10
Verifying main
Houdini assignment axiom: (And true b1 (! b2) b3 b4 (! b5) (! b6) (! b7) b8 (! b9) (! b10) b11 b12 b13 b14 b15 b16 b17 b18 b19 b20 b21 b22 b23 b24 b25 b26 b27 b28 b29 b30 b31 b32 b33 b34 b35 b36 b37 b38 b39 b40 b41 b42 b43 b44 b45 b46 b47 b48 b49 b50 b51 b52 b53 b54 b55 b56 b57 b58 b59 b60 b61 b62 b63 b64 b65 b66 b67 b68 b69 b70 b71 b72 b73 b74 b75 b76 b77 b78 b79 b80 b81 b82 b83 b84 b85 b86 b87 b88 b89 b90 b91 b92 b93 b94 b95 b96 b97 b98 b99 b100 b101 b102 b103 b104 b105 b106 b107 b108 b109 b110 b111 b112 b113 b114 b115 b116 b117 b118 b119 b120 b121 b122 b123 b124 b125 b126 b127 b128 b129 b130 b131 b132 b133 b134 b135 b136 b137 b138 b139 b140 b141 b142 b143 b144 b145 b146 b147 b148 b149 b150 b151 b152 b153 b154 b155 b156 b157 b158 b159 b160 b161 b162 b163 b164 b165 b166 b167 b168 b169 b170 b171 b172 b173 b174 b175 b176 b177 b178 b179 b180 b181 b182 b183 b184 b185 b186 b187 b188 b189 b190 b191 b192)
Time taken = 0.02382
Removing b8
Removing b13
Removing b11
Removing b14
Verifying main
Houdini assignment axiom: (And true b1 (! b2) b3 b4 (! b5) (! b6) (! b7) (! b8) (! b9) (! b10) (! b11) b12 (! b13) (! b14) b15 b16 b17 b18 b19 b20 b21 b22 b23 b24 b25 b26 b27 b28 b29 b30 b31 b32 b33 b34 b35 b36 b37 b38 b39 b40 b41 b42 b43 b44 b45 b46 b47 b48 b49 b50 b51 b52 b53 b54 b55 b56 b57 b58 b59 b60 b61 b62 b63 b64 b65 b66 b67 b68 b69 b70 b71 b72 b73 b74 b75 b76 b77 b78 b79 b80 b81 b82 b83 b84 b85 b86 b87 b88 b89 b90 b91 b92 b93 b94 b95 b96 b97 b98 b99 b100 b101 b102 b103 b104 b105 b106 b107 b108 b109 b110 b111 b112 b113 b114 b115 b116 b117 b118 b119 b120 b121 b122 b123 b124 b125 b126 b127 b128 b129 b130 b131 b132 b133 b134 b135 b136 b137 b138 b139 b140 b141 b142 b143 b144 b145 b146 b147 b148 b149 b150 b151 b152 b153 b154 b155 b156 b157 b158 b159 b160 b161 b162 b163 b164 b165 b166 b167 b168 b169 b170 b171 b172 b173 b174 b175 b176 b177 b178 b179 b180 b181 b182 b183 b184 b185 b186 b187 b188 b189 b190 b191 b192)
Time taken = 0.020212
Removing b12
Removing b17
Removing b15
Verifying main
Houdini assignment axiom: (And true b1 (! b2) b3 b4 (! b5) (! b6) (! b7) (! b8) (! b9) (! b10) (! b11) (! b12) (! b13) (! b14) (! b15) b16 (! b17) b18 b19 b20 b21 b22 b23 b24 b25 b26 b27 b28 b29 b30 b31 b32 b33 b34 b35 b36 b37 b38 b39 b40 b41 b42 b43 b44 b45 b46 b47 b48 b49 b50 b51 b52 b53 b54 b55 b56 b57 b58 b59 b60 b61 b62 b63 b64 b65 b66 b67 b68 b69 b70 b71 b72 b73 b74 b75 b76 b77 b78 b79 b80 b81 b82 b83 b84 b85 b86 b87 b88 b89 b90 b91 b92 b93 b94 b95 b96 b97 b98 b99 b100 b101 b102 b103 b104 b105 b106 b107 b108 b109 b110 b111 b112 b113 b114 b115 b116 b117 b118 b119 b120 b121 b122 b123 b124 b125 b126 b127 b128 b129 b130 b131 b132 b133 b134 b135 b136 b137 b138 b139 b140 b141 b142 b143 b144 b145 b146 b147 b148 b149 b150 b151 b152 b153 b154 b155 b156 b157 b158 b159 b160 b161 b162 b163 b164 b165 b166 b167 b168 b169 b170 b171 b172 b173 b174 b175 b176 b177 b178 b179 b180 b181 b182 b183 b184 b185 b186 b187 b188 b189 b190 b191 b192)
Time taken = 0.020172
Removing b16
Removing b18
Removing b19
Verifying main
Houdini assignment axiom: (And true b1 (! b2) b3 b4 (! b5) (! b6) (! b7) (! b8) (! b9) (! b10) (! b11) (! b12) (! b13) (! b14) (! b15) (! b16) (! b17) (! b18) (! b19) b20 b21 b22 b23 b24 b25 b26 b27 b28 b29 b30 b31 b32 b33 b34 b35 b36 b37 b38 b39 b40 b41 b42 b43 b44 b45 b46 b47 b48 b49 b50 b51 b52 b53 b54 b55 b56 b57 b58 b59 b60 b61 b62 b63 b64 b65 b66 b67 b68 b69 b70 b71 b72 b73 b74 b75 b76 b77 b78 b79 b80 b81 b82 b83 b84 b85 b86 b87 b88 b89 b90 b91 b92 b93 b94 b95 b96 b97 b98 b99 b100 b101 b102 b103 b104 b105 b106 b107 b108 b109 b110 b111 b112 b113 b114 b115 b116 b117 b118 b119 b120 b121 b122 b123 b124 b125 b126 b127 b128 b129 b130 b131 b132 b133 b134 b135 b136 b137 b138 b139 b140 b141 b142 b143 b144 b145 b146 b147 b148 b149 b150 b151 b152 b153 b154 b155 b156 b157 b158 b159 b160 b161 b162 b163 b164 b165 b166 b167 b168 b169 b170 b171 b172 b173 b174 b175 b176 b177 b178 b179 b180 b181 b182 b183 b184 b185 b186 b187 b188 b189 b190 b191 b192)
Time taken = 0.032031
Removing b20
Removing b22
Verifying main
Houdini assignment axiom: (And true b1 (! b2) b3 b4 (! b5) (! b6) (! b7) (! b8) (! b9) (! b10) (! b11) (! b12) (! b13) (! b14) (! b15) (! b16) (! b17) (! b18) (! b19) (! b20) b21 (! b22) b23 b24 b25 b26 b27 b28 b29 b30 b31 b32 b33 b34 b35 b36 b37 b38 b39 b40 b41 b42 b43 b44 b45 b46 b47 b48 b49 b50 b51 b52 b53 b54 b55 b56 b57 b58 b59 b60 b61 b62 b63 b64 b65 b66 b67 b68 b69 b70 b71 b72 b73 b74 b75 b76 b77 b78 b79 b80 b81 b82 b83 b84 b85 b86 b87 b88 b89 b90 b91 b92 b93 b94 b95 b96 b97 b98 b99 b100 b101 b102 b103 b104 b105 b106 b107 b108 b109 b110 b111 b112 b113 b114 b115 b116 b117 b118 b119 b120 b121 b122 b123 b124 b125 b126 b127 b128 b129 b130 b131 b132 b133 b134 b135 b136 b137 b138 b139 b140 b141 b142 b143 b144 b145 b146 b147 b148 b149 b150 b151 b152 b153 b154 b155 b156 b157 b158 b159 b160 b161 b162 b163 b164 b165 b166 b167 b168 b169 b170 b171 b172 b173 b174 b175 b176 b177 b178 b179 b180 b181 b182 b183 b184 b185 b186 b187 b188 b189 b190 b191 b192)
Time taken = 0.021235
Removing b21
Removing b26
Verifying main
Houdini assignment axiom: (And true b1 (! b2) b3 b4 (! b5) (! b6) (! b7) (! b8) (! b9) (! b10) (! b11) (! b12) (! b13) (! b14) (! b15) (! b16) (! b17) (! b18) (! b19) (! b20) (! b21) (! b22) b23 b24 b25 (! b26) b27 b28 b29 b30 b31 b32 b33 b34 b35 b36 b37 b38 b39 b40 b41 b42 b43 b44 b45 b46 b47 b48 b49 b50 b51 b52 b53 b54 b55 b56 b57 b58 b59 b60 b61 b62 b63 b64 b65 b66 b67 b68 b69 b70 b71 b72 b73 b74 b75 b76 b77 b78 b79 b80 b81 b82 b83 b84 b85 b86 b87 b88 b89 b90 b91 b92 b93 b94 b95 b96 b97 b98 b99 b100 b101 b102 b103 b104 b105 b106 b107 b108 b109 b110 b111 b112 b113 b114 b115 b116 b117 b118 b119 b120 b121 b122 b123 b124 b125 b126 b127 b128 b129 b130 b131 b132 b133 b134 b135 b136 b137 b138 b139 b140 b141 b142 b143 b144 b145 b146 b147 b148 b149 b150 b151 b152 b153 b154 b155 b156 b157 b158 b159 b160 b161 b162 b163 b164 b165 b166 b167 b168 b169 b170 b171 b172 b173 b174 b175 b176 b177 b178 b179 b180 b181 b182 b183 b184 b185 b186 b187 b188 b189 b190 b191 b192)
Time taken = 0.017157
Removing b23
Removing b30
Verifying main
Houdini assignment axiom: (And true b1 (! b2) b3 b4 (! b5) (! b6) (! b7) (! b8) (! b9) (! b10) (! b11) (! b12) (! b13) (! b14) (! b15) (! b16) (! b17) (! b18) (! b19) (! b20) (! b21) (! b22) (! b23) b24 b25 (! b26) b27 b28 b29 (! b30) b31 b32 b33 b34 b35 b36 b37 b38 b39 b40 b41 b42 b43 b44 b45 b46 b47 b48 b49 b50 b51 b52 b53 b54 b55 b56 b57 b58 b59 b60 b61 b62 b63 b64 b65 b66 b67 b68 b69 b70 b71 b72 b73 b74 b75 b76 b77 b78 b79 b80 b81 b82 b83 b84 b85 b86 b87 b88 b89 b90 b91 b92 b93 b94 b95 b96 b97 b98 b99 b100 b101 b102 b103 b104 b105 b106 b107 b108 b109 b110 b111 b112 b113 b114 b115 b116 b117 b118 b119 b120 b121 b122 b123 b124 b125 b126 b127 b128 b129 b130 b131 b132 b133 b134 b135 b136 b137 b138 b139 b140 b141 b142 b143 b144 b145 b146 b147 b148 b149 b150 b151 b152 b153 b154 b155 b156 b157 b158 b159 b160 b161 b162 b163 b164 b165 b166 b167 b168 b169 b170 b171 b172 b173 b174 b175 b176 b177 b178 b179 b180 b181 b182 b183 b184 b185 b186 b187 b188 b189 b190 b191 b192)
Time taken = 0.025112
Removing b24
Removing b25
Removing b33
Removing b34
Verifying main
Houdini assignment axiom: (And true b1 (! b2) b3 b4 (! b5) (! b6) (! b7) (! b8) (! b9) (! b10) (! b11) (! b12) (! b13) (! b14) (! b15) (! b16) (! b17) (! b18) (! b19) (! b20) (! b21) (! b22) (! b23) (! b24) (! b25) (! b26) b27 b28 b29 (! b30) b31 b32 (! b33) (! b34) b35 b36 b37 b38 b39 b40 b41 b42 b43 b44 b45 b46 b47 b48 b49 b50 b51 b52 b53 b54 b55 b56 b57 b58 b59 b60 b61 b62 b63 b64 b65 b66 b67 b68 b69 b70 b71 b72 b73 b74 b75 b76 b77 b78 b79 b80 b81 b82 b83 b84 b85 b86 b87 b88 b89 b90 b91 b92 b93 b94 b95 b96 b97 b98 b99 b100 b101 b102 b103 b104 b105 b106 b107 b108 b109 b110 b111 b112 b113 b114 b115 b116 b117 b118 b119 b120 b121 b122 b123 b124 b125 b126 b127 b128 b129 b130 b131 b132 b133 b134 b135 b136 b137 b138 b139 b140 b141 b142 b143 b144 b145 b146 b147 b148 b149 b150 b151 b152 b153 b154 b155 b156 b157 b158 b159 b160 b161 b162 b163 b164 b165 b166 b167 b168 b169 b170 b171 b172 b173 b174 b175 b176 b177 b178 b179 b180 b181 b182 b183 b184 b185 b186 b187 b188 b189 b190 b191 b192)
Time taken = 0.022017
Removing b35
Removing b37
Removing b38
Verifying main
Houdini assignment axiom: (And true b1 (! b2) b3 b4 (! b5) (! b6) (! b7) (! b8) (! b9) (! b10) (! b11) (! b12) (! b13) (! b14) (! b15) (! b16) (! b17) (! b18) (! b19) (! b20) (! b21) (! b22) (! b23) (! b24) (! b25) (! b26) b27 b28 b29 (! b30) b31 b32 (! b33) (! b34) (! b35) b36 (! b37) (! b38) b39 b40 b41 b42 b43 b44 b45 b46 b47 b48 b49 b50 b51 b52 b53 b54 b55 b56 b57 b58 b59 b60 b61 b62 b63 b64 b65 b66 b67 b68 b69 b70 b71 b72 b73 b74 b75 b76 b77 b78 b79 b80 b81 b82 b83 b84 b85 b86 b87 b88 b89 b90 b91 b92 b93 b94 b95 b96 b97 b98 b99 b100 b101 b102 b103 b104 b105 b106 b107 b108 b109 b110 b111 b112 b113 b114 b115 b116 b117 b118 b119 b120 b121 b122 b123 b124 b125 b126 b127 b128 b129 b130 b131 b132 b133 b134 b135 b136 b137 b138 b139 b140 b141 b142 b143 b144 b145 b146 b147 b148 b149 b150 b151 b152 b153 b154 b155 b156 b157 b158 b159 b160 b161 b162 b163 b164 b165 b166 b167 b168 b169 b170 b171 b172 b173 b174 b175 b176 b177 b178 b179 b180 b181 b182 b183 b184 b185 b186 b187 b188 b189 b190 b191 b192)
Time taken = 0.018183
Removing b39
Removing b41
Verifying main
Houdini assignment axiom: (And true b1 (! b2) b3 b4 (! b5) (! b6) (! b7) (! b8) (! b9) (! b10) (! b11) (! b12) (! b13) (! b14) (! b15) (! b16) (! b17) (! b18) (! b19) (! b20) (! b21) (! b22) (! b23) (! b24) (! b25) (! b26) b27 b28 b29 (! b30) b31 b32 (! b33) (! b34) (! b35) b36 (! b37) (! b38) (! b39) b40 (! b41) b42 b43 b44 b45 b46 b47 b48 b49 b50 b51 b52 b53 b54 b55 b56 b57 b58 b59 b60 b61 b62 b63 b64 b65 b66 b67 b68 b69 b70 b71 b72 b73 b74 b75 b76 b77 b78 b79 b80 b81 b82 b83 b84 b85 b86 b87 b88 b89 b90 b91 b92 b93 b94 b95 b96 b97 b98 b99 b100 b101 b102 b103 b104 b105 b106 b107 b108 b109 b110 b111 b112 b113 b114 b115 b116 b117 b118 b119 b120 b121 b122 b123 b124 b125 b126 b127 b128 b129 b130 b131 b132 b133 b134 b135 b136 b137 b138 b139 b140 b141 b142 b143 b144 b145 b146 b147 b148 b149 b150 b151 b152 b153 b154 b155 b156 b157 b158 b159 b160 b161 b162 b163 b164 b165 b166 b167 b168 b169 b170 b171 b172 b173 b174 b175 b176 b177 b178 b179 b180 b181 b182 b183 b184 b185 b186 b187 b188 b189 b190 b191 b192)
Time taken = 0.018169
Removing b43
Verifying main
Houdini assignment axiom: (And true b1 (! b2) b3 b4 (! b5) (! b6) (! b7) (! b8) (! b9) (! b10) (! b11) (! b12) (! b13) (! b14) (! b15) (! b16) (! b17) (! b18) (! b19) (! b20) (! b21) (! b22) (! b23) (! b24) (! b25) (! b26) b27 b28 b29 (! b30) b31 b32 (! b33) (! b34) (! b35) b36 (! b37) (! b38) (! b39) b40 (! b41) b42 (! b43) b44 b45 b46 b47 b48 b49 b50 b51 b52 b53 b54 b55 b56 b57 b58 b59 b60 b61 b62 b63 b64 b65 b66 b67 b68 b69 b70 b71 b72 b73 b74 b75 b76 b77 b78 b79 b80 b81 b82 b83 b84 b85 b86 b87 b88 b89 b90 b91 b92 b93 b94 b95 b96 b97 b98 b99 b100 b101 b102 b103 b104 b105 b106 b107 b108 b109 b110 b111 b112 b113 b114 b115 b116 b117 b118 b119 b120 b121 b122 b123 b124 b125 b126 b127 b128 b129 b130 b131 b132 b133 b134 b135 b136 b137 b138 b139 b140 b141 b142 b143 b144 b145 b146 b147 b148 b149 b150 b151 b152 b153 b154 b155 b156 b157 b158 b159 b160 b161 b162 b163 b164 b165 b166 b167 b168 b169 b170 b171 b172 b173 b174 b175 b176 b177 b178 b179 b180 b181 b182 b183 b184 b185 b186 b187 b188 b189 b190 b191 b192)
Time taken = 0.015402
Removing b46
Verifying main
Houdini assignment axiom: (And true b1 (! b2) b3 b4 (! b5) (! b6) (! b7) (! b8) (! b9) (! b10) (! b11) (! b12) (! b13) (! b14) (! b15) (! b16) (! b17) (! b18) (! b19) (! b20) (! b21) (! b22) (! b23) (! b24) (! b25) (! b26) b27 b28 b29 (! b30) b31 b32 (! b33) (! b34) (! b35) b36 (! b37) (! b38) (! b39) b40 (! b41) b42 (! b43) b44 b45 (! b46) b47 b48 b49 b50 b51 b52 b53 b54 b55 b56 b57 b58 b59 b60 b61 b62 b63 b64 b65 b66 b67 b68 b69 b70 b71 b72 b73 b74 b75 b76 b77 b78 b79 b80 b81 b82 b83 b84 b85 b86 b87 b88 b89 b90 b91 b92 b93 b94 b95 b96 b97 b98 b99 b100 b101 b102 b103 b104 b105 b106 b107 b108 b109 b110 b111 b112 b113 b114 b115 b116 b117 b118 b119 b120 b121 b122 b123 b124 b125 b126 b127 b128 b129 b130 b131 b132 b133 b134 b135 b136 b137 b138 b139 b140 b141 b142 b143 b144 b145 b146 b147 b148 b149 b150 b151 b152 b153 b154 b155 b156 b157 b158 b159 b160 b161 b162 b163 b164 b165 b166 b167 b168 b169 b170 b171 b172 b173 b174 b175 b176 b177 b178 b179 b180 b181 b182 b183 b184 b185 b186 b187 b188 b189 b190 b191 b192)
Time taken = 0.023354
Removing b49
Removing b50
Verifying main
Houdini assignment axiom: (And true b1 (! b2) b3 b4 (! b5) (! b6) (! b7) (! b8) (! b9) (! b10) (! b11) (! b12) (! b13) (! b14) (! b15) (! b16) (! b17) (! b18) (! b19) (! b20) (! b21) (! b22) (! b23) (! b24) (! b25) (! b26) b27 b28 b29 (! b30) b31 b32 (! b33) (! b34) (! b35) b36 (! b37) (! b38) (! b39) b40 (! b41) b42 (! b43) b44 b45 (! b46) b47 b48 (! b49) (! b50) b51 b52 b53 b54 b55 b56 b57 b58 b59 b60 b61 b62 b63 b64 b65 b66 b67 b68 b69 b70 b71 b72 b73 b74 b75 b76 b77 b78 b79 b80 b81 b82 b83 b84 b85 b86 b87 b88 b89 b90 b91 b92 b93 b94 b95 b96 b97 b98 b99 b100 b101 b102 b103 b104 b105 b106 b107 b108 b109 b110 b111 b112 b113 b114 b115 b116 b117 b118 b119 b120 b121 b122 b123 b124 b125 b126 b127 b128 b129 b130 b131 b132 b133 b134 b135 b136 b137 b138 b139 b140 b141 b142 b143 b144 b145 b146 b147 b148 b149 b150 b151 b152 b153 b154 b155 b156 b157 b158 b159 b160 b161 b162 b163 b164 b165 b166 b167 b168 b169 b170 b171 b172 b173 b174 b175 b176 b177 b178 b179 b180 b181 b182 b183 b184 b185 b186 b187 b188 b189 b190 b191 b192)
Time taken = 0.020106
Removing b51
Removing b53
Removing b54
Verifying main
Houdini assignment axiom: (And true b1 (! b2) b3 b4 (! b5) (! b6) (! b7) (! b8) (! b9) (! b10) (! b11) (! b12) (! b13) (! b14) (! b15) (! b16) (! b17) (! b18) (! b19) (! b20) (! b21) (! b22) (! b23) (! b24) (! b25) (! b26) b27 b28 b29 (! b30) b31 b32 (! b33) (! b34) (! b35) b36 (! b37) (! b38) (! b39) b40 (! b41) b42 (! b43) b44 b45 (! b46) b47 b48 (! b49) (! b50) (! b51) b52 (! b53) (! b54) b55 b56 b57 b58 b59 b60 b61 b62 b63 b64 b65 b66 b67 b68 b69 b70 b71 b72 b73 b74 b75 b76 b77 b78 b79 b80 b81 b82 b83 b84 b85 b86 b87 b88 b89 b90 b91 b92 b93 b94 b95 b96 b97 b98 b99 b100 b101 b102 b103 b104 b105 b106 b107 b108 b109 b110 b111 b112 b113 b114 b115 b116 b117 b118 b119 b120 b121 b122 b123 b124 b125 b126 b127 b128 b129 b130 b131 b132 b133 b134 b135 b136 b137 b138 b139 b140 b141 b142 b143 b144 b145 b146 b147 b148 b149 b150 b151 b152 b153 b154 b155 b156 b157 b158 b159 b160 b161 b162 b163 b164 b165 b166 b167 b168 b169 b170 b171 b172 b173 b174 b175 b176 b177 b178 b179 b180 b181 b182 b183 b184 b185 b186 b187 b188 b189 b190 b191 b192)
Time taken = 0.023672
Removing b52
Removing b55
Removing b58
Verifying main
Houdini assignment axiom: (And true b1 (! b2) b3 b4 (! b5) (! b6) (! b7) (! b8) (! b9) (! b10) (! b11) (! b12) (! b13) (! b14) (! b15) (! b16) (! b17) (! b18) (! b19) (! b20) (! b21) (! b22) (! b23) (! b24) (! b25) (! b26) b27 b28 b29 (! b30) b31 b32 (! b33) (! b34) (! b35) b36 (! b37) (! b38) (! b39) b40 (! b41) b42 (! b43) b44 b45 (! b46) b47 b48 (! b49) (! b50) (! b51) (! b52) (! b53) (! b54) (! b55) b56 b57 (! b58) b59 b60 b61 b62 b63 b64 b65 b66 b67 b68 b69 b70 b71 b72 b73 b74 b75 b76 b77 b78 b79 b80 b81 b82 b83 b84 b85 b86 b87 b88 b89 b90 b91 b92 b93 b94 b95 b96 b97 b98 b99 b100 b101 b102 b103 b104 b105 b106 b107 b108 b109 b110 b111 b112 b113 b114 b115 b116 b117 b118 b119 b120 b121 b122 b123 b124 b125 b126 b127 b128 b129 b130 b131 b132 b133 b134 b135 b136 b137 b138 b139 b140 b141 b142 b143 b144 b145 b146 b147 b148 b149 b150 b151 b152 b153 b154 b155 b156 b157 b158 b159 b160 b161 b162 b163 b164 b165 b166 b167 b168 b169 b170 b171 b172 b173 b174 b175 b176 b177 b178 b179 b180 b181 b182 b183 b184 b185 b186 b187 b188 b189 b190 b191 b192)
Time taken = 0.028055
Removing b56
Removing b62
Verifying main
Houdini assignment axiom: (And true b1 (! b2) b3 b4 (! b5) (! b6) (! b7) (! b8) (! b9) (! b10) (! b11) (! b12) (! b13) (! b14) (! b15) (! b16) (! b17) (! b18) (! b19) (! b20) (! b21) (! b22) (! b23) (! b24) (! b25) (! b26) b27 b28 b29 (! b30) b31 b32 (! b33) (! b34) (! b35) b36 (! b37) (! b38) (! b39) b40 (! b41) b42 (! b43) b44 b45 (! b46) b47 b48 (! b49) (! b50) (! b51) (! b52) (! b53) (! b54) (! b55) (! b56) b57 (! b58) b59 b60 b61 (! b62) b63 b64 b65 b66 b67 b68 b69 b70 b71 b72 b73 b74 b75 b76 b77 b78 b79 b80 b81 b82 b83 b84 b85 b86 b87 b88 b89 b90 b91 b92 b93 b94 b95 b96 b97 b98 b99 b100 b101 b102 b103 b104 b105 b106 b107 b108 b109 b110 b111 b112 b113 b114 b115 b116 b117 b118 b119 b120 b121 b122 b123 b124 b125 b126 b127 b128 b129 b130 b131 b132 b133 b134 b135 b136 b137 b138 b139 b140 b141 b142 b143 b144 b145 b146 b147 b148 b149 b150 b151 b152 b153 b154 b155 b156 b157 b158 b159 b160 b161 b162 b163 b164 b165 b166 b167 b168 b169 b170 b171 b172 b173 b174 b175 b176 b177 b178 b179 b180 b181 b182 b183 b184 b185 b186 b187 b188 b189 b190 b191 b192)
Time taken = 0.021683
Removing b65
Removing b66
Verifying main
Houdini assignment axiom: (And true b1 (! b2) b3 b4 (! b5) (! b6) (! b7) (! b8) (! b9) (! b10) (! b11) (! b12) (! b13) (! b14) (! b15) (! b16) (! b17) (! b18) (! b19) (! b20) (! b21) (! b22) (! b23) (! b24) (! b25) (! b26) b27 b28 b29 (! b30) b31 b32 (! b33) (! b34) (! b35) b36 (! b37) (! b38) (! b39) b40 (! b41) b42 (! b43) b44 b45 (! b46) b47 b48 (! b49) (! b50) (! b51) (! b52) (! b53) (! b54) (! b55) (! b56) b57 (! b58) b59 b60 b61 (! b62) b63 b64 (! b65) (! b66) b67 b68 b69 b70 b71 b72 b73 b74 b75 b76 b77 b78 b79 b80 b81 b82 b83 b84 b85 b86 b87 b88 b89 b90 b91 b92 b93 b94 b95 b96 b97 b98 b99 b100 b101 b102 b103 b104 b105 b106 b107 b108 b109 b110 b111 b112 b113 b114 b115 b116 b117 b118 b119 b120 b121 b122 b123 b124 b125 b126 b127 b128 b129 b130 b131 b132 b133 b134 b135 b136 b137 b138 b139 b140 b141 b142 b143 b144 b145 b146 b147 b148 b149 b150 b151 b152 b153 b154 b155 b156 b157 b158 b159 b160 b161 b162 b163 b164 b165 b166 b167 b168 b169 b170 b171 b172 b173 b174 b175 b176 b177 b178 b179 b180 b181 b182 b183 b184 b185 b186 b187 b188 b189 b190 b191 b192)
Time taken = 0.016986
Removing b67
Removing b69
Verifying main
Houdini assignment axiom: (And true b1 (! b2) b3 b4 (! b5) (! b6) (! b7) (! b8) (! b9) (! b10) (! b11) (! b12) (! b13) (! b14) (! b15) (! b16) (! b17) (! b18) (! b19) (! b20) (! b21) (! b22) (! b23) (! b24) (! b25) (! b26) b27 b28 b29 (! b30) b31 b32 (! b33) (! b34) (! b35) b36 (! b37) (! b38) (! b39) b40 (! b41) b42 (! b43) b44 b45 (! b46) b47 b48 (! b49) (! b50) (! b51) (! b52) (! b53) (! b54) (! b55) (! b56) b57 (! b58) b59 b60 b61 (! b62) b63 b64 (! b65) (! b66) (! b67) b68 (! b69) b70 b71 b72 b73 b74 b75 b76 b77 b78 b79 b80 b81 b82 b83 b84 b85 b86 b87 b88 b89 b90 b91 b92 b93 b94 b95 b96 b97 b98 b99 b100 b101 b102 b103 b104 b105 b106 b107 b108 b109 b110 b111 b112 b113 b114 b115 b116 b117 b118 b119 b120 b121 b122 b123 b124 b125 b126 b127 b128 b129 b130 b131 b132 b133 b134 b135 b136 b137 b138 b139 b140 b141 b142 b143 b144 b145 b146 b147 b148 b149 b150 b151 b152 b153 b154 b155 b156 b157 b158 b159 b160 b161 b162 b163 b164 b165 b166 b167 b168 b169 b170 b171 b172 b173 b174 b175 b176 b177 b178 b179 b180 b181 b182 b183 b184 b185 b186 b187 b188 b189 b190 b191 b192)
Time taken = 0.026677
Removing b68
Removing b70
Verifying main
Houdini assignment axiom: (And true b1 (! b2) b3 b4 (! b5) (! b6) (! b7) (! b8) (! b9) (! b10) (! b11) (! b12) (! b13) (! b14) (! b15) (! b16) (! b17) (! b18) (! b19) (! b20) (! b21) (! b22) (! b23) (! b24) (! b25) (! b26) b27 b28 b29 (! b30) b31 b32 (! b33) (! b34) (! b35) b36 (! b37) (! b38) (! b39) b40 (! b41) b42 (! b43) b44 b45 (! b46) b47 b48 (! b49) (! b50) (! b51) (! b52) (! b53) (! b54) (! b55) (! b56) b57 (! b58) b59 b60 b61 (! b62) b63 b64 (! b65) (! b66) (! b67) (! b68) (! b69) (! b70) b71 b72 b73 b74 b75 b76 b77 b78 b79 b80 b81 b82 b83 b84 b85 b86 b87 b88 b89 b90 b91 b92 b93 b94 b95 b96 b97 b98 b99 b100 b101 b102 b103 b104 b105 b106 b107 b108 b109 b110 b111 b112 b113 b114 b115 b116 b117 b118 b119 b120 b121 b122 b123 b124 b125 b126 b127 b128 b129 b130 b131 b132 b133 b134 b135 b136 b137 b138 b139 b140 b141 b142 b143 b144 b145 b146 b147 b148 b149 b150 b151 b152 b153 b154 b155 b156 b157 b158 b159 b160 b161 b162 b163 b164 b165 b166 b167 b168 b169 b170 b171 b172 b173 b174 b175 b176 b177 b178 b179 b180 b181 b182 b183 b184 b185 b186 b187 b188 b189 b190 b191 b192)
Time taken = 0.018717
Removing b71
Removing b73
Removing b74
Verifying main
Houdini assignment axiom: (And true b1 (! b2) b3 b4 (! b5) (! b6) (! b7) (! b8) (! b9) (! b10) (! b11) (! b12) (! b13) (! b14) (! b15) (! b16) (! b17) (! b18) (! b19) (! b20) (! b21) (! b22) (! b23) (! b24) (! b25) (! b26) b27 b28 b29 (! b30) b31 b32 (! b33) (! b34) (! b35) b36 (! b37) (! b38) (! b39) b40 (! b41) b42 (! b43) b44 b45 (! b46) b47 b48 (! b49) (! b50) (! b51) (! b52) (! b53) (! b54) (! b55) (! b56) b57 (! b58) b59 b60 b61 (! b62) b63 b64 (! b65) (! b66) (! b67) (! b68) (! b69) (! b70) (! b71) b72 (! b73) (! b74) b75 b76 b77 b78 b79 b80 b81 b82 b83 b84 b85 b86 b87 b88 b89 b90 b91 b92 b93 b94 b95 b96 b97 b98 b99 b100 b101 b102 b103 b104 b105 b106 b107 b108 b109 b110 b111 b112 b113 b114 b115 b116 b117 b118 b119 b120 b121 b122 b123 b124 b125 b126 b127 b128 b129 b130 b131 b132 b133 b134 b135 b136 b137 b138 b139 b140 b141 b142 b143 b144 b145 b146 b147 b148 b149 b150 b151 b152 b153 b154 b155 b156 b157 b158 b159 b160 b161 b162 b163 b164 b165 b166 b167 b168 b169 b170 b171 b172 b173 b174 b175 b176 b177 b178 b179 b180 b181 b182 b183 b184 b185 b186 b187 b188 b189 b190 b191 b192)
Time taken = 0.020125
Removing b72
Removing b77
Removing b78
Removing b75
Verifying main
Houdini assignment axiom: (And true b1 (! b2) b3 b4 (! b5) (! b6) (! b7) (! b8) (! b9) (! b10) (! b11) (! b12) (! b13) (! b14) (! b15) (! b16) (! b17) (! b18) (! b19) (! b20) (! b21) (! b22) (! b23) (! b24) (! b25) (! b26) b27 b28 b29 (! b30) b31 b32 (! b33) (! b34) (! b35) b36 (! b37) (! b38) (! b39) b40 (! b41) b42 (! b43) b44 b45 (! b46) b47 b48 (! b49) (! b50) (! b51) (! b52) (! b53) (! b54) (! b55) (! b56) b57 (! b58) b59 b60 b61 (! b62) b63 b64 (! b65) (! b66) (! b67) (! b68) (! b69) (! b70) (! b71) (! b72) (! b73) (! b74) (! b75) b76 (! b77) (! b78) b79 b80 b81 b82 b83 b84 b85 b86 b87 b88 b89 b90 b91 b92 b93 b94 b95 b96 b97 b98 b99 b100 b101 b102 b103 b104 b105 b106 b107 b108 b109 b110 b111 b112 b113 b114 b115 b116 b117 b118 b119 b120 b121 b122 b123 b124 b125 b126 b127 b128 b129 b130 b131 b132 b133 b134 b135 b136 b137 b138 b139 b140 b141 b142 b143 b144 b145 b146 b147 b148 b149 b150 b151 b152 b153 b154 b155 b156 b157 b158 b159 b160 b161 b162 b163 b164 b165 b166 b167 b168 b169 b170 b171 b172 b173 b174 b175 b176 b177 b178 b179 b180 b181 b182 b183 b184 b185 b186 b187 b188 b189 b190 b191 b192)
Time taken = 0.02237
Removing b76
Removing b79
Removing b82
Verifying main
Houdini assignment axiom: (And true b1 (! b2) b3 b4 (! b5) (! b6) (! b7) (! b8) (! b9) (! b10) (! b11) (! b12) (! b13) (! b14) (! b15) (! b16) (! b17) (! b18) (! b19) (! b20) (! b21) (! b22) (! b23) (! b24) (! b25) (! b26) b27 b28 b29 (! b30) b31 b32 (! b33) (! b34) (! b35) b36 (! b37) (! b38) (! b39) b40 (! b41) b42 (! b43) b44 b45 (! b46) b47 b48 (! b49) (! b50) (! b51) (! b52) (! b53) (! b54) (! b55) (! b56) b57 (! b58) b59 b60 b61 (! b62) b63 b64 (! b65) (! b66) (! b67) (! b68) (! b69) (! b70) (! b71) (! b72) (! b73) (! b74) (! b75) (! b76) (! b77) (! b78) (! b79) b80 b81 (! b82) b83 b84 b85 b86 b87 b88 b89 b90 b91 b92 b93 b94 b95 b96 b97 b98 b99 b100 b101 b102 b103 b104 b105 b106 b107 b108 b109 b110 b111 b112 b113 b114 b115 b116 b117 b118 b119 b120 b121 b122 b123 b124 b125 b126 b127 b128 b129 b130 b131 b132 b133 b134 b135 b136 b137 b138 b139 b140 b141 b142 b143 b144 b145 b146 b147 b148 b149 b150 b151 b152 b153 b154 b155 b156 b157 b158 b159 b160 b161 b162 b163 b164 b165 b166 b167 b168 b169 b170 b171 b172 b173 b174 b175 b176 b177 b178 b179 b180 b181 b182 b183 b184 b185 b186 b187 b188 b189 b190 b191 b192)
Time taken = 0.027663
Removing b80
Removing b86
Verifying main
Houdini assignment axiom: (And true b1 (! b2) b3 b4 (! b5) (! b6) (! b7) (! b8) (! b9) (! b10) (! b11) (! b12) (! b13) (! b14) (! b15) (! b16) (! b17) (! b18) (! b19) (! b20) (! b21) (! b22) (! b23) (! b24) (! b25) (! b26) b27 b28 b29 (! b30) b31 b32 (! b33) (! b34) (! b35) b36 (! b37) (! b38) (! b39) b40 (! b41) b42 (! b43) b44 b45 (! b46) b47 b48 (! b49) (! b50) (! b51) (! b52) (! b53) (! b54) (! b55) (! b56) b57 (! b58) b59 b60 b61 (! b62) b63 b64 (! b65) (! b66) (! b67) (! b68) (! b69) (! b70) (! b71) (! b72) (! b73) (! b74) (! b75) (! b76) (! b77) (! b78) (! b79) (! b80) b81 (! b82) b83 b84 b85 (! b86) b87 b88 b89 b90 b91 b92 b93 b94 b95 b96 b97 b98 b99 b100 b101 b102 b103 b104 b105 b106 b107 b108 b109 b110 b111 b112 b113 b114 b115 b116 b117 b118 b119 b120 b121 b122 b123 b124 b125 b126 b127 b128 b129 b130 b131 b132 b133 b134 b135 b136 b137 b138 b139 b140 b141 b142 b143 b144 b145 b146 b147 b148 b149 b150 b151 b152 b153 b154 b155 b156 b157 b158 b159 b160 b161 b162 b163 b164 b165 b166 b167 b168 b169 b170 b171 b172 b173 b174 b175 b176 b177 b178 b179 b180 b181 b182 b183 b184 b185 b186 b187 b188 b189 b190 b191 b192)
Time taken = 0.019674
Removing b89
Removing b90
Verifying main
Houdini assignment axiom: (And true b1 (! b2) b3 b4 (! b5) (! b6) (! b7) (! b8) (! b9) (! b10) (! b11) (! b12) (! b13) (! b14) (! b15) (! b16) (! b17) (! b18) (! b19) (! b20) (! b21) (! b22) (! b23) (! b24) (! b25) (! b26) b27 b28 b29 (! b30) b31 b32 (! b33) (! b34) (! b35) b36 (! b37) (! b38) (! b39) b40 (! b41) b42 (! b43) b44 b45 (! b46) b47 b48 (! b49) (! b50) (! b51) (! b52) (! b53) (! b54) (! b55) (! b56) b57 (! b58) b59 b60 b61 (! b62) b63 b64 (! b65) (! b66) (! b67) (! b68) (! b69) (! b70) (! b71) (! b72) (! b73) (! b74) (! b75) (! b76) (! b77) (! b78) (! b79) (! b80) b81 (! b82) b83 b84 b85 (! b86) b87 b88 (! b89) (! b90) b91 b92 b93 b94 b95 b96 b97 b98 b99 b100 b101 b102 b103 b104 b105 b106 b107 b108 b109 b110 b111 b112 b113 b114 b115 b116 b117 b118 b119 b120 b121 b122 b123 b124 b125 b126 b127 b128 b129 b130 b131 b132 b133 b134 b135 b136 b137 b138 b139 b140 b141 b142 b143 b144 b145 b146 b147 b148 b149 b150 b151 b152 b153 b154 b155 b156 b157 b158 b159 b160 b161 b162 b163 b164 b165 b166 b167 b168 b169 b170 b171 b172 b173 b174 b175 b176 b177 b178 b179 b180 b181 b182 b183 b184 b185 b186 b187 b188 b189 b190 b191 b192)
Time taken = 0.01724
Removing b91
Removing b93
Verifying main
Houdini assignment axiom: (And true b1 (! b2) b3 b4 (! b5) (! b6) (! b7) (! b8) (! b9) (! b10) (! b11) (! b12) (! b13) (! b14) (! b15) (! b16) (! b17) (! b18) (! b19) (! b20) (! b21) (! b22) (! b23) (! b24) (! b25) (! b26) b27 b28 b29 (! b30) b31 b32 (! b33) (! b34) (! b35) b36 (! b37) (! b38) (! b39) b40 (! b41) b42 (! b43) b44 b45 (! b46) b47 b48 (! b49) (! b50) (! b51) (! b52) (! b53) (! b54) (! b55) (! b56) b57 (! b58) b59 b60 b61 (! b62) b63 b64 (! b65) (! b66) (! b67) (! b68) (! b69) (! b70) (! b71) (! b72) (! b73) (! b74) (! b75) (! b76) (! b77) (! b78) (! b79) (! b80) b81 (! b82) b83 b84 b85 (! b86) b87 b88 (! b89) (! b90) (! b91) b92 (! b93) b94 b95 b96 b97 b98 b99 b100 b101 b102 b103 b104 b105 b106 b107 b108 b109 b110 b111 b112 b113 b114 b115 b116 b117 b118 b119 b120 b121 b122 b123 b124 b125 b126 b127 b128 b129 b130 b131 b132 b133 b134 b135 b136 b137 b138 b139 b140 b141 b142 b143 b144 b145 b146 b147 b148 b149 b150 b151 b152 b153 b154 b155 b156 b157 b158 b159 b160 b161 b162 b163 b164 b165 b166 b167 b168 b169 b170 b171 b172 b173 b174 b175 b176 b177 b178 b179 b180 b181 b182 b183 b184 b185 b186 b187 b188 b189 b190 b191 b192)
Time taken = 0.024511
Removing b92
Removing b94
Verifying main
Houdini assignment axiom: (And true b1 (! b2) b3 b4 (! b5) (! b6) (! b7) (! b8) (! b9) (! b10) (! b11) (! b12) (! b13) (! b14) (! b15) (! b16) (! b17) (! b18) (! b19) (! b20) (! b21) (! b22) (! b23) (! b24) (! b25) (! b26) b27 b28 b29 (! b30) b31 b32 (! b33) (! b34) (! b35) b36 (! b37) (! b38) (! b39) b40 (! b41) b42 (! b43) b44 b45 (! b46) b47 b48 (! b49) (! b50) (! b51) (! b52) (! b53) (! b54) (! b55) (! b56) b57 (! b58) b59 b60 b61 (! b62) b63 b64 (! b65) (! b66) (! b67) (! b68) (! b69) (! b70) (! b71) (! b72) (! b73) (! b74) (! b75) (! b76) (! b77) (! b78) (! b79) (! b80) b81 (! b82) b83 b84 b85 (! b86) b87 b88 (! b89) (! b90) (! b91) (! b92) (! b93) (! b94) b95 b96 b97 b98 b99 b100 b101 b102 b103 b104 b105 b106 b107 b108 b109 b110 b111 b112 b113 b114 b115 b116 b117 b118 b119 b120 b121 b122 b123 b124 b125 b126 b127 b128 b129 b130 b131 b132 b133 b134 b135 b136 b137 b138 b139 b140 b141 b142 b143 b144 b145 b146 b147 b148 b149 b150 b151 b152 b153 b154 b155 b156 b157 b158 b159 b160 b161 b162 b163 b164 b165 b166 b167 b168 b169 b170 b171 b172 b173 b174 b175 b176 b177 b178 b179 b180 b181 b182 b183 b184 b185 b186 b187 b188 b189 b190 b191 b192)
Time taken = 0.017849
Removing b95
Removing b97
Verifying main
Houdini assignment axiom: (And true b1 (! b2) b3 b4 (! b5) (! b6) (! b7) (! b8) (! b9) (! b10) (! b11) (! b12) (! b13) (! b14) (! b15) (! b16) (! b17) (! b18) (! b19) (! b20) (! b21) (! b22) (! b23) (! b24) (! b25) (! b26) b27 b28 b29 (! b30) b31 b32 (! b33) (! b34) (! b35) b36 (! b37) (! b38) (! b39) b40 (! b41) b42 (! b43) b44 b45 (! b46) b47 b48 (! b49) (! b50) (! b51) (! b52) (! b53) (! b54) (! b55) (! b56) b57 (! b58) b59 b60 b61 (! b62) b63 b64 (! b65) (! b66) (! b67) (! b68) (! b69) (! b70) (! b71) (! b72) (! b73) (! b74) (! b75) (! b76) (! b77) (! b78) (! b79) (! b80) b81 (! b82) b83 b84 b85 (! b86) b87 b88 (! b89) (! b90) (! b91) (! b92) (! b93) (! b94) (! b95) b96 (! b97) b98 b99 b100 b101 b102 b103 b104 b105 b106 b107 b108 b109 b110 b111 b112 b113 b114 b115 b116 b117 b118 b119 b120 b121 b122 b123 b124 b125 b126 b127 b128 b129 b130 b131 b132 b133 b134 b135 b136 b137 b138 b139 b140 b141 b142 b143 b144 b145 b146 b147 b148 b149 b150 b151 b152 b153 b154 b155 b156 b157 b158 b159 b160 b161 b162 b163 b164 b165 b166 b167 b168 b169 b170 b171 b172 b173 b174 b175 b176 b177 b178 b179 b180 b181 b182 b183 b184 b185 b186 b187 b188 b189 b190 b191 b192)
Time taken = 0.026751
Removing b96
Removing b98
Verifying main
Houdini assignment axiom: (And true b1 (! b2) b3 b4 (! b5) (! b6) (! b7) (! b8) (! b9) (! b10) (! b11) (! b12) (! b13) (! b14) (! b15) (! b16) (! b17) (! b18) (! b19) (! b20) (! b21) (! b22) (! b23) (! b24) (! b25) (! b26) b27 b28 b29 (! b30) b31 b32 (! b33) (! b34) (! b35) b36 (! b37) (! b38) (! b39) b40 (! b41) b42 (! b43) b44 b45 (! b46) b47 b48 (! b49) (! b50) (! b51) (! b52) (! b53) (! b54) (! b55) (! b56) b57 (! b58) b59 b60 b61 (! b62) b63 b64 (! b65) (! b66) (! b67) (! b68) (! b69) (! b70) (! b71) (! b72) (! b73) (! b74) (! b75) (! b76) (! b77) (! b78) (! b79) (! b80) b81 (! b82) b83 b84 b85 (! b86) b87 b88 (! b89) (! b90) (! b91) (! b92) (! b93) (! b94) (! b95) (! b96) (! b97) (! b98) b99 b100 b101 b102 b103 b104 b105 b106 b107 b108 b109 b110 b111 b112 b113 b114 b115 b116 b117 b118 b119 b120 b121 b122 b123 b124 b125 b126 b127 b128 b129 b130 b131 b132 b133 b134 b135 b136 b137 b138 b139 b140 b141 b142 b143 b144 b145 b146 b147 b148 b149 b150 b151 b152 b153 b154 b155 b156 b157 b158 b159 b160 b161 b162 b163 b164 b165 b166 b167 b168 b169 b170 b171 b172 b173 b174 b175 b176 b177 b178 b179 b180 b181 b182 b183 b184 b185 b186 b187 b188 b189 b190 b191 b192)
Time taken = 0.01886
Removing b101
Verifying main
Houdini assignment axiom: (And true b1 (! b2) b3 b4 (! b5) (! b6) (! b7) (! b8) (! b9) (! b10) (! b11) (! b12) (! b13) (! b14) (! b15) (! b16) (! b17) (! b18) (! b19) (! b20) (! b21) (! b22) (! b23) (! b24) (! b25) (! b26) b27 b28 b29 (! b30) b31 b32 (! b33) (! b34) (! b35) b36 (! b37) (! b38) (! b39) b40 (! b41) b42 (! b43) b44 b45 (! b46) b47 b48 (! b49) (! b50) (! b51) (! b52) (! b53) (! b54) (! b55) (! b56) b57 (! b58) b59 b60 b61 (! b62) b63 b64 (! b65) (! b66) (! b67) (! b68) (! b69) (! b70) (! b71) (! b72) (! b73) (! b74) (! b75) (! b76) (! b77) (! b78) (! b79) (! b80) b81 (! b82) b83 b84 b85 (! b86) b87 b88 (! b89) (! b90) (! b91) (! b92) (! b93) (! b94) (! b95) (! b96) (! b97) (! b98) b99 b100 (! b101) b102 b103 b104 b105 b106 b107 b108 b109 b110 b111 b112 b113 b114 b115 b116 b117 b118 b119 b120 b121 b122 b123 b124 b125 b126 b127 b128 b129 b130 b131 b132 b133 b134 b135 b136 b137 b138 b139 b140 b141 b142 b143 b144 b145 b146 b147 b148 b149 b150 b151 b152 b153 b154 b155 b156 b157 b158 b159 b160 b161 b162 b163 b164 b165 b166 b167 b168 b169 b170 b171 b172 b173 b174 b175 b176 b177 b178 b179 b180 b181 b182 b183 b184 b185 b186 b187 b188 b189 b190 b191 b192)
Time taken = 0.015682
Removing b102
Verifying main
Houdini assignment axiom: (And true b1 (! b2) b3 b4 (! b5) (! b6) (! b7) (! b8) (! b9) (! b10) (! b11) (! b12) (! b13) (! b14) (! b15) (! b16) (! b17) (! b18) (! b19) (! b20) (! b21) (! b22) (! b23) (! b24) (! b25) (! b26) b27 b28 b29 (! b30) b31 b32 (! b33) (! b34) (! b35) b36 (! b37) (! b38) (! b39) b40 (! b41) b42 (! b43) b44 b45 (! b46) b47 b48 (! b49) (! b50) (! b51) (! b52) (! b53) (! b54) (! b55) (! b56) b57 (! b58) b59 b60 b61 (! b62) b63 b64 (! b65) (! b66) (! b67) (! b68) (! b69) (! b70) (! b71) (! b72) (! b73) (! b74) (! b75) (! b76) (! b77) (! b78) (! b79) (! b80) b81 (! b82) b83 b84 b85 (! b86) b87 b88 (! b89) (! b90) (! b91) (! b92) (! b93) (! b94) (! b95) (! b96) (! b97) (! b98) b99 b100 (! b101) (! b102) b103 b104 b105 b106 b107 b108 b109 b110 b111 b112 b113 b114 b115 b116 b117 b118 b119 b120 b121 b122 b123 b124 b125 b126 b127 b128 b129 b130 b131 b132 b133 b134 b135 b136 b137 b138 b139 b140 b141 b142 b143 b144 b145 b146 b147 b148 b149 b150 b151 b152 b153 b154 b155 b156 b157 b158 b159 b160 b161 b162 b163 b164 b165 b166 b167 b168 b169 b170 b171 b172 b173 b174 b175 b176 b177 b178 b179 b180 b181 b182 b183 b184 b185 b186 b187 b188 b189 b190 b191 b192)
Time taken = 0.016098
Removing b105
Removing b106
Verifying main
Houdini assignment axiom: (And true b1 (! b2) b3 b4 (! b5) (! b6) (! b7) (! b8) (! b9) (! b10) (! b11) (! b12) (! b13) (! b14) (! b15) (! b16) (! b17) (! b18) (! b19) (! b20) (! b21) (! b22) (! b23) (! b24) (! b25) (! b26) b27 b28 b29 (! b30) b31 b32 (! b33) (! b34) (! b35) b36 (! b37) (! b38) (! b39) b40 (! b41) b42 (! b43) b44 b45 (! b46) b47 b48 (! b49) (! b50) (! b51) (! b52) (! b53) (! b54) (! b55) (! b56) b57 (! b58) b59 b60 b61 (! b62) b63 b64 (! b65) (! b66) (! b67) (! b68) (! b69) (! b70) (! b71) (! b72) (! b73) (! b74) (! b75) (! b76) (! b77) (! b78) (! b79) (! b80) b81 (! b82) b83 b84 b85 (! b86) b87 b88 (! b89) (! b90) (! b91) (! b92) (! b93) (! b94) (! b95) (! b96) (! b97) (! b98) b99 b100 (! b101) (! b102) b103 b104 (! b105) (! b106) b107 b108 b109 b110 b111 b112 b113 b114 b115 b116 b117 b118 b119 b120 b121 b122 b123 b124 b125 b126 b127 b128 b129 b130 b131 b132 b133 b134 b135 b136 b137 b138 b139 b140 b141 b142 b143 b144 b145 b146 b147 b148 b149 b150 b151 b152 b153 b154 b155 b156 b157 b158 b159 b160 b161 b162 b163 b164 b165 b166 b167 b168 b169 b170 b171 b172 b173 b174 b175 b176 b177 b178 b179 b180 b181 b182 b183 b184 b185 b186 b187 b188 b189 b190 b191 b192)
Time taken = 0.022235
Removing b109
Removing b110
Verifying main
Houdini assignment axiom: (And true b1 (! b2) b3 b4 (! b5) (! b6) (! b7) (! b8) (! b9) (! b10) (! b11) (! b12) (! b13) (! b14) (! b15) (! b16) (! b17) (! b18) (! b19) (! b20) (! b21) (! b22) (! b23) (! b24) (! b25) (! b26) b27 b28 b29 (! b30) b31 b32 (! b33) (! b34) (! b35) b36 (! b37) (! b38) (! b39) b40 (! b41) b42 (! b43) b44 b45 (! b46) b47 b48 (! b49) (! b50) (! b51) (! b52) (! b53) (! b54) (! b55) (! b56) b57 (! b58) b59 b60 b61 (! b62) b63 b64 (! b65) (! b66) (! b67) (! b68) (! b69) (! b70) (! b71) (! b72) (! b73) (! b74) (! b75) (! b76) (! b77) (! b78) (! b79) (! b80) b81 (! b82) b83 b84 b85 (! b86) b87 b88 (! b89) (! b90) (! b91) (! b92) (! b93) (! b94) (! b95) (! b96) (! b97) (! b98) b99 b100 (! b101) (! b102) b103 b104 (! b105) (! b106) b107 b108 (! b109) (! b110) b111 b112 b113 b114 b115 b116 b117 b118 b119 b120 b121 b122 b123 b124 b125 b126 b127 b128 b129 b130 b131 b132 b133 b134 b135 b136 b137 b138 b139 b140 b141 b142 b143 b144 b145 b146 b147 b148 b149 b150 b151 b152 b153 b154 b155 b156 b157 b158 b159 b160 b161 b162 b163 b164 b165 b166 b167 b168 b169 b170 b171 b172 b173 b174 b175 b176 b177 b178 b179 b180 b181 b182 b183 b184 b185 b186 b187 b188 b189 b190 b191 b192)
Time taken = 0.020483
Removing b114
Verifying main
Houdini assignment axiom: (And true b1 (! b2) b3 b4 (! b5) (! b6) (! b7) (! b8) (! b9) (! b10) (! b11) (! b12) (! b13) (! b14) (! b15) (! b16) (! b17) (! b18) (! b19) (! b20) (! b21) (! b22) (! b23) (! b24) (! b25) (! b26) b27 b28 b29 (! b30) b31 b32 (! b33) (! b34) (! b35) b36 (! b37) (! b38) (! b39) b40 (! b41) b42 (! b43) b44 b45 (! b46) b47 b48 (! b49) (! b50) (! b51) (! b52) (! b53) (! b54) (! b55) (! b56) b57 (! b58) b59 b60 b61 (! b62) b63 b64 (! b65) (! b66) (! b67) (! b68) (! b69) (! b70) (! b71) (! b72) (! b73) (! b74) (! b75) (! b76) (! b77) (! b78) (! b79) (! b80) b81 (! b82) b83 b84 b85 (! b86) b87 b88 (! b89) (! b90) (! b91) (! b92) (! b93) (! b94) (! b95) (! b96) (! b97) (! b98) b99 b100 (! b101) (! b102) b103 b104 (! b105) (! b106) b107 b108 (! b109) (! b110) b111 b112 b113 (! b114) b115 b116 b117 b118 b119 b120 b121 b122 b123 b124 b125 b126 b127 b128 b129 b130 b131 b132 b133 b134 b135 b136 b137 b138 b139 b140 b141 b142 b143 b144 b145 b146 b147 b148 b149 b150 b151 b152 b153 b154 b155 b156 b157 b158 b159 b160 b161 b162 b163 b164 b165 b166 b167 b168 b169 b170 b171 b172 b173 b174 b175 b176 b177 b178 b179 b180 b181 b182 b183 b184 b185 b186 b187 b188 b189 b190 b191 b192)
Time taken = 0.016523
Removing b117
Verifying main
Houdini assignment axiom: (And true b1 (! b2) b3 b4 (! b5) (! b6) (! b7) (! b8) (! b9) (! b10) (! b11) (! b12) (! b13) (! b14) (! b15) (! b16) (! b17) (! b18) (! b19) (! b20) (! b21) (! b22) (! b23) (! b24) (! b25) (! b26) b27 b28 b29 (! b30) b31 b32 (! b33) (! b34) (! b35) b36 (! b37) (! b38) (! b39) b40 (! b41) b42 (! b43) b44 b45 (! b46) b47 b48 (! b49) (! b50) (! b51) (! b52) (! b53) (! b54) (! b55) (! b56) b57 (! b58) b59 b60 b61 (! b62) b63 b64 (! b65) (! b66) (! b67) (! b68) (! b69) (! b70) (! b71) (! b72) (! b73) (! b74) (! b75) (! b76) (! b77) (! b78) (! b79) (! b80) b81 (! b82) b83 b84 b85 (! b86) b87 b88 (! b89) (! b90) (! b91) (! b92) (! b93) (! b94) (! b95) (! b96) (! b97) (! b98) b99 b100 (! b101) (! b102) b103 b104 (! b105) (! b106) b107 b108 (! b109) (! b110) b111 b112 b113 (! b114) b115 b116 (! b117) b118 b119 b120 b121 b122 b123 b124 b125 b126 b127 b128 b129 b130 b131 b132 b133 b134 b135 b136 b137 b138 b139 b140 b141 b142 b143 b144 b145 b146 b147 b148 b149 b150 b151 b152 b153 b154 b155 b156 b157 b158 b159 b160 b161 b162 b163 b164 b165 b166 b167 b168 b169 b170 b171 b172 b173 b174 b175 b176 b177 b178 b179 b180 b181 b182 b183 b184 b185 b186 b187 b188 b189 b190 b191 b192)
Time taken = 0.019757
Removing b118
Verifying main
Houdini assignment axiom: (And true b1 (! b2) b3 b4 (! b5) (! b6) (! b7) (! b8) (! b9) (! b10) (! b11) (! b12) (! b13) (! b14) (! b15) (! b16) (! b17) (! b18) (! b19) (! b20) (! b21) (! b22) (! b23) (! b24) (! b25) (! b26) b27 b28 b29 (! b30) b31 b32 (! b33) (! b34) (! b35) b36 (! b37) (! b38) (! b39) b40 (! b41) b42 (! b43) b44 b45 (! b46) b47 b48 (! b49) (! b50) (! b51) (! b52) (! b53) (! b54) (! b55) (! b56) b57 (! b58) b59 b60 b61 (! b62) b63 b64 (! b65) (! b66) (! b67) (! b68) (! b69) (! b70) (! b71) (! b72) (! b73) (! b74) (! b75) (! b76) (! b77) (! b78) (! b79) (! b80) b81 (! b82) b83 b84 b85 (! b86) b87 b88 (! b89) (! b90) (! b91) (! b92) (! b93) (! b94) (! b95) (! b96) (! b97) (! b98) b99 b100 (! b101) (! b102) b103 b104 (! b105) (! b106) b107 b108 (! b109) (! b110) b111 b112 b113 (! b114) b115 b116 (! b117) (! b118) b119 b120 b121 b122 b123 b124 b125 b126 b127 b128 b129 b130 b131 b132 b133 b134 b135 b136 b137 b138 b139 b140 b141 b142 b143 b144 b145 b146 b147 b148 b149 b150 b151 b152 b153 b154 b155 b156 b157 b158 b159 b160 b161 b162 b163 b164 b165 b166 b167 b168 b169 b170 b171 b172 b173 b174 b175 b176 b177 b178 b179 b180 b181 b182 b183 b184 b185 b186 b187 b188 b189 b190 b191 b192)
Time taken = 0.022497
Removing b121
Removing b122
Verifying main
Houdini assignment axiom: (And true b1 (! b2) b3 b4 (! b5) (! b6) (! b7) (! b8) (! b9) (! b10) (! b11) (! b12) (! b13) (! b14) (! b15) (! b16) (! b17) (! b18) (! b19) (! b20) (! b21) (! b22) (! b23) (! b24) (! b25) (! b26) b27 b28 b29 (! b30) b31 b32 (! b33) (! b34) (! b35) b36 (! b37) (! b38) (! b39) b40 (! b41) b42 (! b43) b44 b45 (! b46) b47 b48 (! b49) (! b50) (! b51) (! b52) (! b53) (! b54) (! b55) (! b56) b57 (! b58) b59 b60 b61 (! b62) b63 b64 (! b65) (! b66) (! b67) (! b68) (! b69) (! b70) (! b71) (! b72) (! b73) (! b74) (! b75) (! b76) (! b77) (! b78) (! b79) (! b80) b81 (! b82) b83 b84 b85 (! b86) b87 b88 (! b89) (! b90) (! b91) (! b92) (! b93) (! b94) (! b95) (! b96) (! b97) (! b98) b99 b100 (! b101) (! b102) b103 b104 (! b105) (! b106) b107 b108 (! b109) (! b110) b111 b112 b113 (! b114) b115 b116 (! b117) (! b118) b119 b120 (! b121) (! b122) b123 b124 b125 b126 b127 b128 b129 b130 b131 b132 b133 b134 b135 b136 b137 b138 b139 b140 b141 b142 b143 b144 b145 b146 b147 b148 b149 b150 b151 b152 b153 b154 b155 b156 b157 b158 b159 b160 b161 b162 b163 b164 b165 b166 b167 b168 b169 b170 b171 b172 b173 b174 b175 b176 b177 b178 b179 b180 b181 b182 b183 b184 b185 b186 b187 b188 b189 b190 b191 b192)
Time taken = 0.018661
Removing b126
Verifying main
Houdini assignment axiom: (And true b1 (! b2) b3 b4 (! b5) (! b6) (! b7) (! b8) (! b9) (! b10) (! b11) (! b12) (! b13) (! b14) (! b15) (! b16) (! b17) (! b18) (! b19) (! b20) (! b21) (! b22) (! b23) (! b24) (! b25) (! b26) b27 b28 b29 (! b30) b31 b32 (! b33) (! b34) (! b35) b36 (! b37) (! b38) (! b39) b40 (! b41) b42 (! b43) b44 b45 (! b46) b47 b48 (! b49) (! b50) (! b51) (! b52) (! b53) (! b54) (! b55) (! b56) b57 (! b58) b59 b60 b61 (! b62) b63 b64 (! b65) (! b66) (! b67) (! b68) (! b69) (! b70) (! b71) (! b72) (! b73) (! b74) (! b75) (! b76) (! b77) (! b78) (! b79) (! b80) b81 (! b82) b83 b84 b85 (! b86) b87 b88 (! b89) (! b90) (! b91) (! b92) (! b93) (! b94) (! b95) (! b96) (! b97) (! b98) b99 b100 (! b101) (! b102) b103 b104 (! b105) (! b106) b107 b108 (! b109) (! b110) b111 b112 b113 (! b114) b115 b116 (! b117) (! b118) b119 b120 (! b121) (! b122) b123 b124 b125 (! b126) b127 b128 b129 b130 b131 b132 b133 b134 b135 b136 b137 b138 b139 b140 b141 b142 b143 b144 b145 b146 b147 b148 b149 b150 b151 b152 b153 b154 b155 b156 b157 b158 b159 b160 b161 b162 b163 b164 b165 b166 b167 b168 b169 b170 b171 b172 b173 b174 b175 b176 b177 b178 b179 b180 b181 b182 b183 b184 b185 b186 b187 b188 b189 b190 b191 b192)
Time taken = 0.020842
Removing b129
Removing b130
Verifying main
Houdini assignment axiom: (And true b1 (! b2) b3 b4 (! b5) (! b6) (! b7) (! b8) (! b9) (! b10) (! b11) (! b12) (! b13) (! b14) (! b15) (! b16) (! b17) (! b18) (! b19) (! b20) (! b21) (! b22) (! b23) (! b24) (! b25) (! b26) b27 b28 b29 (! b30) b31 b32 (! b33) (! b34) (! b35) b36 (! b37) (! b38) (! b39) b40 (! b41) b42 (! b43) b44 b45 (! b46) b47 b48 (! b49) (! b50) (! b51) (! b52) (! b53) (! b54) (! b55) (! b56) b57 (! b58) b59 b60 b61 (! b62) b63 b64 (! b65) (! b66) (! b67) (! b68) (! b69) (! b70) (! b71) (! b72) (! b73) (! b74) (! b75) (! b76) (! b77) (! b78) (! b79) (! b80) b81 (! b82) b83 b84 b85 (! b86) b87 b88 (! b89) (! b90) (! b91) (! b92) (! b93) (! b94) (! b95) (! b96) (! b97) (! b98) b99 b100 (! b101) (! b102) b103 b104 (! b105) (! b106) b107 b108 (! b109) (! b110) b111 b112 b113 (! b114) b115 b116 (! b117) (! b118) b119 b120 (! b121) (! b122) b123 b124 b125 (! b126) b127 b128 (! b129) (! b130) b131 b132 b133 b134 b135 b136 b137 b138 b139 b140 b141 b142 b143 b144 b145 b146 b147 b148 b149 b150 b151 b152 b153 b154 b155 b156 b157 b158 b159 b160 b161 b162 b163 b164 b165 b166 b167 b168 b169 b170 b171 b172 b173 b174 b175 b176 b177 b178 b179 b180 b181 b182 b183 b184 b185 b186 b187 b188 b189 b190 b191 b192)
Time taken = 0.022469
Removing b131
Removing b133
Removing b134
Verifying main
Houdini assignment axiom: (And true b1 (! b2) b3 b4 (! b5) (! b6) (! b7) (! b8) (! b9) (! b10) (! b11) (! b12) (! b13) (! b14) (! b15) (! b16) (! b17) (! b18) (! b19) (! b20) (! b21) (! b22) (! b23) (! b24) (! b25) (! b26) b27 b28 b29 (! b30) b31 b32 (! b33) (! b34) (! b35) b36 (! b37) (! b38) (! b39) b40 (! b41) b42 (! b43) b44 b45 (! b46) b47 b48 (! b49) (! b50) (! b51) (! b52) (! b53) (! b54) (! b55) (! b56) b57 (! b58) b59 b60 b61 (! b62) b63 b64 (! b65) (! b66) (! b67) (! b68) (! b69) (! b70) (! b71) (! b72) (! b73) (! b74) (! b75) (! b76) (! b77) (! b78) (! b79) (! b80) b81 (! b82) b83 b84 b85 (! b86) b87 b88 (! b89) (! b90) (! b91) (! b92) (! b93) (! b94) (! b95) (! b96) (! b97) (! b98) b99 b100 (! b101) (! b102) b103 b104 (! b105) (! b106) b107 b108 (! b109) (! b110) b111 b112 b113 (! b114) b115 b116 (! b117) (! b118) b119 b120 (! b121) (! b122) b123 b124 b125 (! b126) b127 b128 (! b129) (! b130) (! b131) b132 (! b133) (! b134) b135 b136 b137 b138 b139 b140 b141 b142 b143 b144 b145 b146 b147 b148 b149 b150 b151 b152 b153 b154 b155 b156 b157 b158 b159 b160 b161 b162 b163 b164 b165 b166 b167 b168 b169 b170 b171 b172 b173 b174 b175 b176 b177 b178 b179 b180 b181 b182 b183 b184 b185 b186 b187 b188 b189 b190 b191 b192)
Time taken = 0.023481
Removing b135
Removing b137
Verifying main
Houdini assignment axiom: (And true b1 (! b2) b3 b4 (! b5) (! b6) (! b7) (! b8) (! b9) (! b10) (! b11) (! b12) (! b13) (! b14) (! b15) (! b16) (! b17) (! b18) (! b19) (! b20) (! b21) (! b22) (! b23) (! b24) (! b25) (! b26) b27 b28 b29 (! b30) b31 b32 (! b33) (! b34) (! b35) b36 (! b37) (! b38) (! b39) b40 (! b41) b42 (! b43) b44 b45 (! b46) b47 b48 (! b49) (! b50) (! b51) (! b52) (! b53) (! b54) (! b55) (! b56) b57 (! b58) b59 b60 b61 (! b62) b63 b64 (! b65) (! b66) (! b67) (! b68) (! b69) (! b70) (! b71) (! b72) (! b73) (! b74) (! b75) (! b76) (! b77) (! b78) (! b79) (! b80) b81 (! b82) b83 b84 b85 (! b86) b87 b88 (! b89) (! b90) (! b91) (! b92) (! b93) (! b94) (! b95) (! b96) (! b97) (! b98) b99 b100 (! b101) (! b102) b103 b104 (! b105) (! b106) b107 b108 (! b109) (! b110) b111 b112 b113 (! b114) b115 b116 (! b117) (! b118) b119 b120 (! b121) (! b122) b123 b124 b125 (! b126) b127 b128 (! b129) (! b130) (! b131) b132 (! b133) (! b134) (! b135) b136 (! b137) b138 b139 b140 b141 b142 b143 b144 b145 b146 b147 b148 b149 b150 b151 b152 b153 b154 b155 b156 b157 b158 b159 b160 b161 b162 b163 b164 b165 b166 b167 b168 b169 b170 b171 b172 b173 b174 b175 b176 b177 b178 b179 b180 b181 b182 b183 b184 b185 b186 b187 b188 b189 b190 b191 b192)
Time taken = 0.023666
Removing b139
Verifying main
Houdini assignment axiom: (And true b1 (! b2) b3 b4 (! b5) (! b6) (! b7) (! b8) (! b9) (! b10) (! b11) (! b12) (! b13) (! b14) (! b15) (! b16) (! b17) (! b18) (! b19) (! b20) (! b21) (! b22) (! b23) (! b24) (! b25) (! b26) b27 b28 b29 (! b30) b31 b32 (! b33) (! b34) (! b35) b36 (! b37) (! b38) (! b39) b40 (! b41) b42 (! b43) b44 b45 (! b46) b47 b48 (! b49) (! b50) (! b51) (! b52) (! b53) (! b54) (! b55) (! b56) b57 (! b58) b59 b60 b61 (! b62) b63 b64 (! b65) (! b66) (! b67) (! b68) (! b69) (! b70) (! b71) (! b72) (! b73) (! b74) (! b75) (! b76) (! b77) (! b78) (! b79) (! b80) b81 (! b82) b83 b84 b85 (! b86) b87 b88 (! b89) (! b90) (! b91) (! b92) (! b93) (! b94) (! b95) (! b96) (! b97) (! b98) b99 b100 (! b101) (! b102) b103 b104 (! b105) (! b106) b107 b108 (! b109) (! b110) b111 b112 b113 (! b114) b115 b116 (! b117) (! b118) b119 b120 (! b121) (! b122) b123 b124 b125 (! b126) b127 b128 (! b129) (! b130) (! b131) b132 (! b133) (! b134) (! b135) b136 (! b137) b138 (! b139) b140 b141 b142 b143 b144 b145 b146 b147 b148 b149 b150 b151 b152 b153 b154 b155 b156 b157 b158 b159 b160 b161 b162 b163 b164 b165 b166 b167 b168 b169 b170 b171 b172 b173 b174 b175 b176 b177 b178 b179 b180 b181 b182 b183 b184 b185 b186 b187 b188 b189 b190 b191 b192)
Time taken = 0.020221
Removing b142
Verifying main
Houdini assignment axiom: (And true b1 (! b2) b3 b4 (! b5) (! b6) (! b7) (! b8) (! b9) (! b10) (! b11) (! b12) (! b13) (! b14) (! b15) (! b16) (! b17) (! b18) (! b19) (! b20) (! b21) (! b22) (! b23) (! b24) (! b25) (! b26) b27 b28 b29 (! b30) b31 b32 (! b33) (! b34) (! b35) b36 (! b37) (! b38) (! b39) b40 (! b41) b42 (! b43) b44 b45 (! b46) b47 b48 (! b49) (! b50) (! b51) (! b52) (! b53) (! b54) (! b55) (! b56) b57 (! b58) b59 b60 b61 (! b62) b63 b64 (! b65) (! b66) (! b67) (! b68) (! b69) (! b70) (! b71) (! b72) (! b73) (! b74) (! b75) (! b76) (! b77) (! b78) (! b79) (! b80) b81 (! b82) b83 b84 b85 (! b86) b87 b88 (! b89) (! b90) (! b91) (! b92) (! b93) (! b94) (! b95) (! b96) (! b97) (! b98) b99 b100 (! b101) (! b102) b103 b104 (! b105) (! b106) b107 b108 (! b109) (! b110) b111 b112 b113 (! b114) b115 b116 (! b117) (! b118) b119 b120 (! b121) (! b122) b123 b124 b125 (! b126) b127 b128 (! b129) (! b130) (! b131) b132 (! b133) (! b134) (! b135) b136 (! b137) b138 (! b139) b140 b141 (! b142) b143 b144 b145 b146 b147 b148 b149 b150 b151 b152 b153 b154 b155 b156 b157 b158 b159 b160 b161 b162 b163 b164 b165 b166 b167 b168 b169 b170 b171 b172 b173 b174 b175 b176 b177 b178 b179 b180 b181 b182 b183 b184 b185 b186 b187 b188 b189 b190 b191 b192)
Time taken = 0.09147
Removing b145
Removing b146
Removing b149
Verifying main
Houdini assignment axiom: (And true b1 (! b2) b3 b4 (! b5) (! b6) (! b7) (! b8) (! b9) (! b10) (! b11) (! b12) (! b13) (! b14) (! b15) (! b16) (! b17) (! b18) (! b19) (! b20) (! b21) (! b22) (! b23) (! b24) (! b25) (! b26) b27 b28 b29 (! b30) b31 b32 (! b33) (! b34) (! b35) b36 (! b37) (! b38) (! b39) b40 (! b41) b42 (! b43) b44 b45 (! b46) b47 b48 (! b49) (! b50) (! b51) (! b52) (! b53) (! b54) (! b55) (! b56) b57 (! b58) b59 b60 b61 (! b62) b63 b64 (! b65) (! b66) (! b67) (! b68) (! b69) (! b70) (! b71) (! b72) (! b73) (! b74) (! b75) (! b76) (! b77) (! b78) (! b79) (! b80) b81 (! b82) b83 b84 b85 (! b86) b87 b88 (! b89) (! b90) (! b91) (! b92) (! b93) (! b94) (! b95) (! b96) (! b97) (! b98) b99 b100 (! b101) (! b102) b103 b104 (! b105) (! b106) b107 b108 (! b109) (! b110) b111 b112 b113 (! b114) b115 b116 (! b117) (! b118) b119 b120 (! b121) (! b122) b123 b124 b125 (! b126) b127 b128 (! b129) (! b130) (! b131) b132 (! b133) (! b134) (! b135) b136 (! b137) b138 (! b139) b140 b141 (! b142) b143 b144 (! b145) (! b146) b147 b148 (! b149) b150 b151 b152 b153 b154 b155 b156 b157 b158 b159 b160 b161 b162 b163 b164 b165 b166 b167 b168 b169 b170 b171 b172 b173 b174 b175 b176 b177 b178 b179 b180 b181 b182 b183 b184 b185 b186 b187 b188 b189 b190 b191 b192)
Time taken = 0.06407
Removing b147
Removing b150
Verifying main
Houdini assignment axiom: (And true b1 (! b2) b3 b4 (! b5) (! b6) (! b7) (! b8) (! b9) (! b10) (! b11) (! b12) (! b13) (! b14) (! b15) (! b16) (! b17) (! b18) (! b19) (! b20) (! b21) (! b22) (! b23) (! b24) (! b25) (! b26) b27 b28 b29 (! b30) b31 b32 (! b33) (! b34) (! b35) b36 (! b37) (! b38) (! b39) b40 (! b41) b42 (! b43) b44 b45 (! b46) b47 b48 (! b49) (! b50) (! b51) (! b52) (! b53) (! b54) (! b55) (! b56) b57 (! b58) b59 b60 b61 (! b62) b63 b64 (! b65) (! b66) (! b67) (! b68) (! b69) (! b70) (! b71) (! b72) (! b73) (! b74) (! b75) (! b76) (! b77) (! b78) (! b79) (! b80) b81 (! b82) b83 b84 b85 (! b86) b87 b88 (! b89) (! b90) (! b91) (! b92) (! b93) (! b94) (! b95) (! b96) (! b97) (! b98) b99 b100 (! b101) (! b102) b103 b104 (! b105) (! b106) b107 b108 (! b109) (! b110) b111 b112 b113 (! b114) b115 b116 (! b117) (! b118) b119 b120 (! b121) (! b122) b123 b124 b125 (! b126) b127 b128 (! b129) (! b130) (! b131) b132 (! b133) (! b134) (! b135) b136 (! b137) b138 (! b139) b140 b141 (! b142) b143 b144 (! b145) (! b146) (! b147) b148 (! b149) (! b150) b151 b152 b153 b154 b155 b156 b157 b158 b159 b160 b161 b162 b163 b164 b165 b166 b167 b168 b169 b170 b171 b172 b173 b174 b175 b176 b177 b178 b179 b180 b181 b182 b183 b184 b185 b186 b187 b188 b189 b190 b191 b192)
Time taken = 0.078944
Removing b148
Removing b151
Removing b155
Verifying main
Houdini assignment axiom: (And true b1 (! b2) b3 b4 (! b5) (! b6) (! b7) (! b8) (! b9) (! b10) (! b11) (! b12) (! b13) (! b14) (! b15) (! b16) (! b17) (! b18) (! b19) (! b20) (! b21) (! b22) (! b23) (! b24) (! b25) (! b26) b27 b28 b29 (! b30) b31 b32 (! b33) (! b34) (! b35) b36 (! b37) (! b38) (! b39) b40 (! b41) b42 (! b43) b44 b45 (! b46) b47 b48 (! b49) (! b50) (! b51) (! b52) (! b53) (! b54) (! b55) (! b56) b57 (! b58) b59 b60 b61 (! b62) b63 b64 (! b65) (! b66) (! b67) (! b68) (! b69) (! b70) (! b71) (! b72) (! b73) (! b74) (! b75) (! b76) (! b77) (! b78) (! b79) (! b80) b81 (! b82) b83 b84 b85 (! b86) b87 b88 (! b89) (! b90) (! b91) (! b92) (! b93) (! b94) (! b95) (! b96) (! b97) (! b98) b99 b100 (! b101) (! b102) b103 b104 (! b105) (! b106) b107 b108 (! b109) (! b110) b111 b112 b113 (! b114) b115 b116 (! b117) (! b118) b119 b120 (! b121) (! b122) b123 b124 b125 (! b126) b127 b128 (! b129) (! b130) (! b131) b132 (! b133) (! b134) (! b135) b136 (! b137) b138 (! b139) b140 b141 (! b142) b143 b144 (! b145) (! b146) (! b147) (! b148) (! b149) (! b150) (! b151) b152 b153 b154 (! b155) b156 b157 b158 b159 b160 b161 b162 b163 b164 b165 b166 b167 b168 b169 b170 b171 b172 b173 b174 b175 b176 b177 b178 b179 b180 b181 b182 b183 b184 b185 b186 b187 b188 b189 b190 b191 b192)
Time taken = 0.179963
Removing b152
Removing b153
Removing b156
Removing b161
Removing b162
Removing b177
Verifying main
Houdini assignment axiom: (And true b1 (! b2) b3 b4 (! b5) (! b6) (! b7) (! b8) (! b9) (! b10) (! b11) (! b12) (! b13) (! b14) (! b15) (! b16) (! b17) (! b18) (! b19) (! b20) (! b21) (! b22) (! b23) (! b24) (! b25) (! b26) b27 b28 b29 (! b30) b31 b32 (! b33) (! b34) (! b35) b36 (! b37) (! b38) (! b39) b40 (! b41) b42 (! b43) b44 b45 (! b46) b47 b48 (! b49) (! b50) (! b51) (! b52) (! b53) (! b54) (! b55) (! b56) b57 (! b58) b59 b60 b61 (! b62) b63 b64 (! b65) (! b66) (! b67) (! b68) (! b69) (! b70) (! b71) (! b72) (! b73) (! b74) (! b75) (! b76) (! b77) (! b78) (! b79) (! b80) b81 (! b82) b83 b84 b85 (! b86) b87 b88 (! b89) (! b90) (! b91) (! b92) (! b93) (! b94) (! b95) (! b96) (! b97) (! b98) b99 b100 (! b101) (! b102) b103 b104 (! b105) (! b106) b107 b108 (! b109) (! b110) b111 b112 b113 (! b114) b115 b116 (! b117) (! b118) b119 b120 (! b121) (! b122) b123 b124 b125 (! b126) b127 b128 (! b129) (! b130) (! b131) b132 (! b133) (! b134) (! b135) b136 (! b137) b138 (! b139) b140 b141 (! b142) b143 b144 (! b145) (! b146) (! b147) (! b148) (! b149) (! b150) (! b151) (! b152) (! b153) b154 (! b155) (! b156) b157 b158 b159 b160 (! b161) (! b162) b163 b164 b165 b166 b167 b168 b169 b170 b171 b172 b173 b174 b175 b176 (! b177) b178 b179 b180 b181 b182 b183 b184 b185 b186 b187 b188 b189 b190 b191 b192)
Time taken = 1.132404
Removing b157
Removing b159
Removing b163
Removing b165
Removing b166
Removing b178
Removing b181
Verifying main
Houdini assignment axiom: (And true b1 (! b2) b3 b4 (! b5) (! b6) (! b7) (! b8) (! b9) (! b10) (! b11) (! b12) (! b13) (! b14) (! b15) (! b16) (! b17) (! b18) (! b19) (! b20) (! b21) (! b22) (! b23) (! b24) (! b25) (! b26) b27 b28 b29 (! b30) b31 b32 (! b33) (! b34) (! b35) b36 (! b37) (! b38) (! b39) b40 (! b41) b42 (! b43) b44 b45 (! b46) b47 b48 (! b49) (! b50) (! b51) (! b52) (! b53) (! b54) (! b55) (! b56) b57 (! b58) b59 b60 b61 (! b62) b63 b64 (! b65) (! b66) (! b67) (! b68) (! b69) (! b70) (! b71) (! b72) (! b73) (! b74) (! b75) (! b76) (! b77) (! b78) (! b79) (! b80) b81 (! b82) b83 b84 b85 (! b86) b87 b88 (! b89) (! b90) (! b91) (! b92) (! b93) (! b94) (! b95) (! b96) (! b97) (! b98) b99 b100 (! b101) (! b102) b103 b104 (! b105) (! b106) b107 b108 (! b109) (! b110) b111 b112 b113 (! b114) b115 b116 (! b117) (! b118) b119 b120 (! b121) (! b122) b123 b124 b125 (! b126) b127 b128 (! b129) (! b130) (! b131) b132 (! b133) (! b134) (! b135) b136 (! b137) b138 (! b139) b140 b141 (! b142) b143 b144 (! b145) (! b146) (! b147) (! b148) (! b149) (! b150) (! b151) (! b152) (! b153) b154 (! b155) (! b156) (! b157) b158 (! b159) b160 (! b161) (! b162) (! b163) b164 (! b165) (! b166) b167 b168 b169 b170 b171 b172 b173 b174 b175 b176 (! b177) (! b178) b179 b180 (! b181) b182 b183 b184 b185 b186 b187 b188 b189 b190 b191 b192)
Time taken = 0.132603
Removing b160
Removing b164
Removing b169
Removing b170
Removing b182
Removing b185
Verifying main
Houdini assignment axiom: (And true b1 (! b2) b3 b4 (! b5) (! b6) (! b7) (! b8) (! b9) (! b10) (! b11) (! b12) (! b13) (! b14) (! b15) (! b16) (! b17) (! b18) (! b19) (! b20) (! b21) (! b22) (! b23) (! b24) (! b25) (! b26) b27 b28 b29 (! b30) b31 b32 (! b33) (! b34) (! b35) b36 (! b37) (! b38) (! b39) b40 (! b41) b42 (! b43) b44 b45 (! b46) b47 b48 (! b49) (! b50) (! b51) (! b52) (! b53) (! b54) (! b55) (! b56) b57 (! b58) b59 b60 b61 (! b62) b63 b64 (! b65) (! b66) (! b67) (! b68) (! b69) (! b70) (! b71) (! b72) (! b73) (! b74) (! b75) (! b76) (! b77) (! b78) (! b79) (! b80) b81 (! b82) b83 b84 b85 (! b86) b87 b88 (! b89) (! b90) (! b91) (! b92) (! b93) (! b94) (! b95) (! b96) (! b97) (! b98) b99 b100 (! b101) (! b102) b103 b104 (! b105) (! b106) b107 b108 (! b109) (! b110) b111 b112 b113 (! b114) b115 b116 (! b117) (! b118) b119 b120 (! b121) (! b122) b123 b124 b125 (! b126) b127 b128 (! b129) (! b130) (! b131) b132 (! b133) (! b134) (! b135) b136 (! b137) b138 (! b139) b140 b141 (! b142) b143 b144 (! b145) (! b146) (! b147) (! b148) (! b149) (! b150) (! b151) (! b152) (! b153) b154 (! b155) (! b156) (! b157) b158 (! b159) (! b160) (! b161) (! b162) (! b163) (! b164) (! b165) (! b166) b167 b168 (! b169) (! b170) b171 b172 b173 b174 b175 b176 (! b177) (! b178) b179 b180 (! b181) (! b182) b183 b184 (! b185) b186 b187 b188 b189 b190 b191 b192)
Time taken = 0.04214
Removing b171
Removing b186
Removing b173
Removing b174
Removing b189
Verifying main
Houdini assignment axiom: (And true b1 (! b2) b3 b4 (! b5) (! b6) (! b7) (! b8) (! b9) (! b10) (! b11) (! b12) (! b13) (! b14) (! b15) (! b16) (! b17) (! b18) (! b19) (! b20) (! b21) (! b22) (! b23) (! b24) (! b25) (! b26) b27 b28 b29 (! b30) b31 b32 (! b33) (! b34) (! b35) b36 (! b37) (! b38) (! b39) b40 (! b41) b42 (! b43) b44 b45 (! b46) b47 b48 (! b49) (! b50) (! b51) (! b52) (! b53) (! b54) (! b55) (! b56) b57 (! b58) b59 b60 b61 (! b62) b63 b64 (! b65) (! b66) (! b67) (! b68) (! b69) (! b70) (! b71) (! b72) (! b73) (! b74) (! b75) (! b76) (! b77) (! b78) (! b79) (! b80) b81 (! b82) b83 b84 b85 (! b86) b87 b88 (! b89) (! b90) (! b91) (! b92) (! b93) (! b94) (! b95) (! b96) (! b97) (! b98) b99 b100 (! b101) (! b102) b103 b104 (! b105) (! b106) b107 b108 (! b109) (! b110) b111 b112 b113 (! b114) b115 b116 (! b117) (! b118) b119 b120 (! b121) (! b122) b123 b124 b125 (! b126) b127 b128 (! b129) (! b130) (! b131) b132 (! b133) (! b134) (! b135) b136 (! b137) b138 (! b139) b140 b141 (! b142) b143 b144 (! b145) (! b146) (! b147) (! b148) (! b149) (! b150) (! b151) (! b152) (! b153) b154 (! b155) (! b156) (! b157) b158 (! b159) (! b160) (! b161) (! b162) (! b163) (! b164) (! b165) (! b166) b167 b168 (! b169) (! b170) (! b171) b172 (! b173) (! b174) b175 b176 (! b177) (! b178) b179 b180 (! b181) (! b182) b183 b184 (! b185) (! b186) b187 b188 (! b189) b190 b191 b192)
Time taken = 0.040446
Removing b172
Removing b187
Removing b190
Removing b42
Removing b42
Verifying main
Houdini assignment axiom: (And true b1 (! b2) b3 b4 (! b5) (! b6) (! b7) (! b8) (! b9) (! b10) (! b11) (! b12) (! b13) (! b14) (! b15) (! b16) (! b17) (! b18) (! b19) (! b20) (! b21) (! b22) (! b23) (! b24) (! b25) (! b26) b27 b28 b29 (! b30) b31 b32 (! b33) (! b34) (! b35) b36 (! b37) (! b38) (! b39) b40 (! b41) (! b42) (! b43) b44 b45 (! b46) b47 b48 (! b49) (! b50) (! b51) (! b52) (! b53) (! b54) (! b55) (! b56) b57 (! b58) b59 b60 b61 (! b62) b63 b64 (! b65) (! b66) (! b67) (! b68) (! b69) (! b70) (! b71) (! b72) (! b73) (! b74) (! b75) (! b76) (! b77) (! b78) (! b79) (! b80) b81 (! b82) b83 b84 b85 (! b86) b87 b88 (! b89) (! b90) (! b91) (! b92) (! b93) (! b94) (! b95) (! b96) (! b97) (! b98) b99 b100 (! b101) (! b102) b103 b104 (! b105) (! b106) b107 b108 (! b109) (! b110) b111 b112 b113 (! b114) b115 b116 (! b117) (! b118) b119 b120 (! b121) (! b122) b123 b124 b125 (! b126) b127 b128 (! b129) (! b130) (! b131) b132 (! b133) (! b134) (! b135) b136 (! b137) b138 (! b139) b140 b141 (! b142) b143 b144 (! b145) (! b146) (! b147) (! b148) (! b149) (! b150) (! b151) (! b152) (! b153) b154 (! b155) (! b156) (! b157) b158 (! b159) (! b160) (! b161) (! b162) (! b163) (! b164) (! b165) (! b166) b167 b168 (! b169) (! b170) (! b171) (! b172) (! b173) (! b174) b175 b176 (! b177) (! b178) b179 b180 (! b181) (! b182) b183 b184 (! b185) (! b186) (! b187) b188 (! b189) (! b190) b191 b192)
Time taken = 0.044658
Removing b175
Removing b188
Removing b44
Removing b44
Verifying main
Houdini assignment axiom: (And true b1 (! b2) b3 b4 (! b5) (! b6) (! b7) (! b8) (! b9) (! b10) (! b11) (! b12) (! b13) (! b14) (! b15) (! b16) (! b17) (! b18) (! b19) (! b20) (! b21) (! b22) (! b23) (! b24) (! b25) (! b26) b27 b28 b29 (! b30) b31 b32 (! b33) (! b34) (! b35) b36 (! b37) (! b38) (! b39) b40 (! b41) (! b42) (! b43) (! b44) b45 (! b46) b47 b48 (! b49) (! b50) (! b51) (! b52) (! b53) (! b54) (! b55) (! b56) b57 (! b58) b59 b60 b61 (! b62) b63 b64 (! b65) (! b66) (! b67) (! b68) (! b69) (! b70) (! b71) (! b72) (! b73) (! b74) (! b75) (! b76) (! b77) (! b78) (! b79) (! b80) b81 (! b82) b83 b84 b85 (! b86) b87 b88 (! b89) (! b90) (! b91) (! b92) (! b93) (! b94) (! b95) (! b96) (! b97) (! b98) b99 b100 (! b101) (! b102) b103 b104 (! b105) (! b106) b107 b108 (! b109) (! b110) b111 b112 b113 (! b114) b115 b116 (! b117) (! b118) b119 b120 (! b121) (! b122) b123 b124 b125 (! b126) b127 b128 (! b129) (! b130) (! b131) b132 (! b133) (! b134) (! b135) b136 (! b137) b138 (! b139) b140 b141 (! b142) b143 b144 (! b145) (! b146) (! b147) (! b148) (! b149) (! b150) (! b151) (! b152) (! b153) b154 (! b155) (! b156) (! b157) b158 (! b159) (! b160) (! b161) (! b162) (! b163) (! b164) (! b165) (! b166) b167 b168 (! b169) (! b170) (! b171) (! b172) (! b173) (! b174) (! b175) b176 (! b177) (! b178) b179 b180 (! b181) (! b182) b183 b184 (! b185) (! b186) (! b187) (! b188) (! b189) (! b190) b191 b192)
Time taken = 0.048196
Removing b176
Removing b191
Removing b45
Removing b45
Verifying main
Houdini assignment axiom: (And true b1 (! b2) b3 b4 (! b5) (! b6) (! b7) (! b8) (! b9) (! b10) (! b11) (! b12) (! b13) (! b14) (! b15) (! b16) (! b17) (! b18) (! b19) (! b20) (! b21) (! b22) (! b23) (! b24) (! b25) (! b26) b27 b28 b29 (! b30) b31 b32 (! b33) (! b34) (! b35) b36 (! b37) (! b38) (! b39) b40 (! b41) (! b42) (! b43) (! b44) (! b45) (! b46) b47 b48 (! b49) (! b50) (! b51) (! b52) (! b53) (! b54) (! b55) (! b56) b57 (! b58) b59 b60 b61 (! b62) b63 b64 (! b65) (! b66) (! b67) (! b68) (! b69) (! b70) (! b71) (! b72) (! b73) (! b74) (! b75) (! b76) (! b77) (! b78) (! b79) (! b80) b81 (! b82) b83 b84 b85 (! b86) b87 b88 (! b89) (! b90) (! b91) (! b92) (! b93) (! b94) (! b95) (! b96) (! b97) (! b98) b99 b100 (! b101) (! b102) b103 b104 (! b105) (! b106) b107 b108 (! b109) (! b110) b111 b112 b113 (! b114) b115 b116 (! b117) (! b118) b119 b120 (! b121) (! b122) b123 b124 b125 (! b126) b127 b128 (! b129) (! b130) (! b131) b132 (! b133) (! b134) (! b135) b136 (! b137) b138 (! b139) b140 b141 (! b142) b143 b144 (! b145) (! b146) (! b147) (! b148) (! b149) (! b150) (! b151) (! b152) (! b153) b154 (! b155) (! b156) (! b157) b158 (! b159) (! b160) (! b161) (! b162) (! b163) (! b164) (! b165) (! b166) b167 b168 (! b169) (! b170) (! b171) (! b172) (! b173) (! b174) (! b175) (! b176) (! b177) (! b178) b179 b180 (! b181) (! b182) b183 b184 (! b185) (! b186) (! b187) (! b188) (! b189) (! b190) (! b191) b192)
Time taken = 0.032934
Removing b192
Removing b47
Removing b47
Verifying main
Houdini assignment axiom: (And true b1 (! b2) b3 b4 (! b5) (! b6) (! b7) (! b8) (! b9) (! b10) (! b11) (! b12) (! b13) (! b14) (! b15) (! b16) (! b17) (! b18) (! b19) (! b20) (! b21) (! b22) (! b23) (! b24) (! b25) (! b26) b27 b28 b29 (! b30) b31 b32 (! b33) (! b34) (! b35) b36 (! b37) (! b38) (! b39) b40 (! b41) (! b42) (! b43) (! b44) (! b45) (! b46) (! b47) b48 (! b49) (! b50) (! b51) (! b52) (! b53) (! b54) (! b55) (! b56) b57 (! b58) b59 b60 b61 (! b62) b63 b64 (! b65) (! b66) (! b67) (! b68) (! b69) (! b70) (! b71) (! b72) (! b73) (! b74) (! b75) (! b76) (! b77) (! b78) (! b79) (! b80) b81 (! b82) b83 b84 b85 (! b86) b87 b88 (! b89) (! b90) (! b91) (! b92) (! b93) (! b94) (! b95) (! b96) (! b97) (! b98) b99 b100 (! b101) (! b102) b103 b104 (! b105) (! b106) b107 b108 (! b109) (! b110) b111 b112 b113 (! b114) b115 b116 (! b117) (! b118) b119 b120 (! b121) (! b122) b123 b124 b125 (! b126) b127 b128 (! b129) (! b130) (! b131) b132 (! b133) (! b134) (! b135) b136 (! b137) b138 (! b139) b140 b141 (! b142) b143 b144 (! b145) (! b146) (! b147) (! b148) (! b149) (! b150) (! b151) (! b152) (! b153) b154 (! b155) (! b156) (! b157) b158 (! b159) (! b160) (! b161) (! b162) (! b163) (! b164) (! b165) (! b166) b167 b168 (! b169) (! b170) (! b171) (! b172) (! b173) (! b174) (! b175) (! b176) (! b177) (! b178) b179 b180 (! b181) (! b182) b183 b184 (! b185) (! b186) (! b187) (! b188) (! b189) (! b190) (! b191) (! b192))
Time taken = 0.040912
Removing b61
Removing b61
Removing b125
Removing b125
Removing b36
Verifying main
Houdini assignment axiom: (And true b1 (! b2) b3 b4 (! b5) (! b6) (! b7) (! b8) (! b9) (! b10) (! b11) (! b12) (! b13) (! b14) (! b15) (! b16) (! b17) (! b18) (! b19) (! b20) (! b21) (! b22) (! b23) (! b24) (! b25) (! b26) b27 b28 b29 (! b30) b31 b32 (! b33) (! b34) (! b35) (! b36) (! b37) (! b38) (! b39) b40 (! b41) (! b42) (! b43) (! b44) (! b45) (! b46) (! b47) b48 (! b49) (! b50) (! b51) (! b52) (! b53) (! b54) (! b55) (! b56) b57 (! b58) b59 b60 (! b61) (! b62) b63 b64 (! b65) (! b66) (! b67) (! b68) (! b69) (! b70) (! b71) (! b72) (! b73) (! b74) (! b75) (! b76) (! b77) (! b78) (! b79) (! b80) b81 (! b82) b83 b84 b85 (! b86) b87 b88 (! b89) (! b90) (! b91) (! b92) (! b93) (! b94) (! b95) (! b96) (! b97) (! b98) b99 b100 (! b101) (! b102) b103 b104 (! b105) (! b106) b107 b108 (! b109) (! b110) b111 b112 b113 (! b114) b115 b116 (! b117) (! b118) b119 b120 (! b121) (! b122) b123 b124 (! b125) (! b126) b127 b128 (! b129) (! b130) (! b131) b132 (! b133) (! b134) (! b135) b136 (! b137) b138 (! b139) b140 b141 (! b142) b143 b144 (! b145) (! b146) (! b147) (! b148) (! b149) (! b150) (! b151) (! b152) (! b153) b154 (! b155) (! b156) (! b157) b158 (! b159) (! b160) (! b161) (! b162) (! b163) (! b164) (! b165) (! b166) b167 b168 (! b169) (! b170) (! b171) (! b172) (! b173) (! b174) (! b175) (! b176) (! b177) (! b178) b179 b180 (! b181) (! b182) b183 b184 (! b185) (! b186) (! b187) (! b188) (! b189) (! b190) (! b191) (! b192))
Time taken = 0.061257
Removing b63
Removing b63
Removing b48
Removing b48
Removing b40
Verifying main
Houdini assignment axiom: (And true b1 (! b2) b3 b4 (! b5) (! b6) (! b7) (! b8) (! b9) (! b10) (! b11) (! b12) (! b13) (! b14) (! b15) (! b16) (! b17) (! b18) (! b19) (! b20) (! b21) (! b22) (! b23) (! b24) (! b25) (! b26) b27 b28 b29 (! b30) b31 b32 (! b33) (! b34) (! b35) (! b36) (! b37) (! b38) (! b39) (! b40) (! b41) (! b42) (! b43) (! b44) (! b45) (! b46) (! b47) (! b48) (! b49) (! b50) (! b51) (! b52) (! b53) (! b54) (! b55) (! b56) b57 (! b58) b59 b60 (! b61) (! b62) (! b63) b64 (! b65) (! b66) (! b67) (! b68) (! b69) (! b70) (! b71) (! b72) (! b73) (! b74) (! b75) (! b76) (! b77) (! b78) (! b79) (! b80) b81 (! b82) b83 b84 b85 (! b86) b87 b88 (! b89) (! b90) (! b91) (! b92) (! b93) (! b94) (! b95) (! b96) (! b97) (! b98) b99 b100 (! b101) (! b102) b103 b104 (! b105) (! b106) b107 b108 (! b109) (! b110) b111 b112 b113 (! b114) b115 b116 (! b117) (! b118) b119 b120 (! b121) (! b122) b123 b124 (! b125) (! b126) b127 b128 (! b129) (! b130) (! b131) b132 (! b133) (! b134) (! b135) b136 (! b137) b138 (! b139) b140 b141 (! b142) b143 b144 (! b145) (! b146) (! b147) (! b148) (! b149) (! b150) (! b151) (! b152) (! b153) b154 (! b155) (! b156) (! b157) b158 (! b159) (! b160) (! b161) (! b162) (! b163) (! b164) (! b165) (! b166) b167 b168 (! b169) (! b170) (! b171) (! b172) (! b173) (! b174) (! b175) (! b176) (! b177) (! b178) b179 b180 (! b181) (! b182) b183 b184 (! b185) (! b186) (! b187) (! b188) (! b189) (! b190) (! b191) (! b192))
Time taken = 0.258278
Removing b64
Removing b64
Removing b81
Removing b81
Verifying main
Houdini assignment axiom: (And true b1 (! b2) b3 b4 (! b5) (! b6) (! b7) (! b8) (! b9) (! b10) (! b11) (! b12) (! b13) (! b14) (! b15) (! b16) (! b17) (! b18) (! b19) (! b20) (! b21) (! b22) (! b23) (! b24) (! b25) (! b26) b27 b28 b29 (! b30) b31 b32 (! b33) (! b34) (! b35) (! b36) (! b37) (! b38) (! b39) (! b40) (! b41) (! b42) (! b43) (! b44) (! b45) (! b46) (! b47) (! b48) (! b49) (! b50) (! b51) (! b52) (! b53) (! b54) (! b55) (! b56) b57 (! b58) b59 b60 (! b61) (! b62) (! b63) (! b64) (! b65) (! b66) (! b67) (! b68) (! b69) (! b70) (! b71) (! b72) (! b73) (! b74) (! b75) (! b76) (! b77) (! b78) (! b79) (! b80) (! b81) (! b82) b83 b84 b85 (! b86) b87 b88 (! b89) (! b90) (! b91) (! b92) (! b93) (! b94) (! b95) (! b96) (! b97) (! b98) b99 b100 (! b101) (! b102) b103 b104 (! b105) (! b106) b107 b108 (! b109) (! b110) b111 b112 b113 (! b114) b115 b116 (! b117) (! b118) b119 b120 (! b121) (! b122) b123 b124 (! b125) (! b126) b127 b128 (! b129) (! b130) (! b131) b132 (! b133) (! b134) (! b135) b136 (! b137) b138 (! b139) b140 b141 (! b142) b143 b144 (! b145) (! b146) (! b147) (! b148) (! b149) (! b150) (! b151) (! b152) (! b153) b154 (! b155) (! b156) (! b157) b158 (! b159) (! b160) (! b161) (! b162) (! b163) (! b164) (! b165) (! b166) b167 b168 (! b169) (! b170) (! b171) (! b172) (! b173) (! b174) (! b175) (! b176) (! b177) (! b178) b179 b180 (! b181) (! b182) b183 b184 (! b185) (! b186) (! b187) (! b188) (! b189) (! b190) (! b191) (! b192))
Time taken = 1.329245
Removing b158
Removing b158
Verifying main
Houdini assignment axiom: (And true b1 (! b2) b3 b4 (! b5) (! b6) (! b7) (! b8) (! b9) (! b10) (! b11) (! b12) (! b13) (! b14) (! b15) (! b16) (! b17) (! b18) (! b19) (! b20) (! b21) (! b22) (! b23) (! b24) (! b25) (! b26) b27 b28 b29 (! b30) b31 b32 (! b33) (! b34) (! b35) (! b36) (! b37) (! b38) (! b39) (! b40) (! b41) (! b42) (! b43) (! b44) (! b45) (! b46) (! b47) (! b48) (! b49) (! b50) (! b51) (! b52) (! b53) (! b54) (! b55) (! b56) b57 (! b58) b59 b60 (! b61) (! b62) (! b63) (! b64) (! b65) (! b66) (! b67) (! b68) (! b69) (! b70) (! b71) (! b72) (! b73) (! b74) (! b75) (! b76) (! b77) (! b78) (! b79) (! b80) (! b81) (! b82) b83 b84 b85 (! b86) b87 b88 (! b89) (! b90) (! b91) (! b92) (! b93) (! b94) (! b95) (! b96) (! b97) (! b98) b99 b100 (! b101) (! b102) b103 b104 (! b105) (! b106) b107 b108 (! b109) (! b110) b111 b112 b113 (! b114) b115 b116 (! b117) (! b118) b119 b120 (! b121) (! b122) b123 b124 (! b125) (! b126) b127 b128 (! b129) (! b130) (! b131) b132 (! b133) (! b134) (! b135) b136 (! b137) b138 (! b139) b140 b141 (! b142) b143 b144 (! b145) (! b146) (! b147) (! b148) (! b149) (! b150) (! b151) (! b152) (! b153) b154 (! b155) (! b156) (! b157) (! b158) (! b159) (! b160) (! b161) (! b162) (! b163) (! b164) (! b165) (! b166) b167 b168 (! b169) (! b170) (! b171) (! b172) (! b173) (! b174) (! b175) (! b176) (! b177) (! b178) b179 b180 (! b181) (! b182) b183 b184 (! b185) (! b186) (! b187) (! b188) (! b189) (! b190) (! b191) (! b192))
Time taken = 0.399498
Removing b179
Removing b183
Removing b179
Removing b183
Verifying main
Houdini assignment axiom: (And true b1 (! b2) b3 b4 (! b5) (! b6) (! b7) (! b8) (! b9) (! b10) (! b11) (! b12) (! b13) (! b14) (! b15) (! b16) (! b17) (! b18) (! b19) (! b20) (! b21) (! b22) (! b23) (! b24) (! b25) (! b26) b27 b28 b29 (! b30) b31 b32 (! b33) (! b34) (! b35) (! b36) (! b37) (! b38) (! b39) (! b40) (! b41) (! b42) (! b43) (! b44) (! b45) (! b46) (! b47) (! b48) (! b49) (! b50) (! b51) (! b52) (! b53) (! b54) (! b55) (! b56) b57 (! b58) b59 b60 (! b61) (! b62) (! b63) (! b64) (! b65) (! b66) (! b67) (! b68) (! b69) (! b70) (! b71) (! b72) (! b73) (! b74) (! b75) (! b76) (! b77) (! b78) (! b79) (! b80) (! b81) (! b82) b83 b84 b85 (! b86) b87 b88 (! b89) (! b90) (! b91) (! b92) (! b93) (! b94) (! b95) (! b96) (! b97) (! b98) b99 b100 (! b101) (! b102) b103 b104 (! b105) (! b106) b107 b108 (! b109) (! b110) b111 b112 b113 (! b114) b115 b116 (! b117) (! b118) b119 b120 (! b121) (! b122) b123 b124 (! b125) (! b126) b127 b128 (! b129) (! b130) (! b131) b132 (! b133) (! b134) (! b135) b136 (! b137) b138 (! b139) b140 b141 (! b142) b143 b144 (! b145) (! b146) (! b147) (! b148) (! b149) (! b150) (! b151) (! b152) (! b153) b154 (! b155) (! b156) (! b157) (! b158) (! b159) (! b160) (! b161) (! b162) (! b163) (! b164) (! b165) (! b166) b167 b168 (! b169) (! b170) (! b171) (! b172) (! b173) (! b174) (! b175) (! b176) (! b177) (! b178) (! b179) b180 (! b181) (! b182) (! b183) b184 (! b185) (! b186) (! b187) (! b188) (! b189) (! b190) (! b191) (! b192))
Time taken = 0.234236
Number of true assignments = 45
Number of false assignments = 147
Prover time = 5.16
Unsat core prover time = 0.00
Number of prover queries = 61
Number of unsat core prover queries = 0
Number of unsat core prunings = 0
verified

Boogie program verifier finished with 1 verified, 0 errors
+ rm -f houdiniCexTrace.bpl
