+++ dirname ../houdini.sh
++ cd ..
++ pwd
+ dir=/home/daejunpark/pldi17
+ prelude=Vcc3Prelude.array.bpl
+ bpl=./glibc/gslist/g_slist_reverse.bpl.anon.pred.bpl
+ opt='/typeEncoding:m /prover:SMTLib /useArrayTheory /noinfer /contractInfer'
+ opt+=' /trace'
+ opt+=' /errorLimit:100 /z3multipleErrors'
+ opt+=' /proverMemoryLimit:1024'
+ rm -f houdiniCexTrace.bpl
+ mono /home/daejunpark/pldi17/popl16ae/Boogie/Binaries/Boogie.exe /typeEncoding:m /prover:SMTLib /useArrayTheory /noinfer /contractInfer /trace /errorLimit:100 /z3multipleErrors /proverMemoryLimit:1024 Vcc3Prelude.array.bpl ./glibc/gslist/g_slist_reverse.bpl.anon.pred.bpl
[TRACE] Using prover: /home/daejunpark/pldi17/popl16ae/Boogie/Binaries/z3.exe
Boogie program verifier version 2.2.30705.1126, Copyright (c) 2003-2013, Microsoft.
Parsing Vcc3Prelude.array.bpl
Parsing ./glibc/gslist/g_slist_reverse.bpl.anon.pred.bpl
Coalescing blocks...
Collecting existential constants...
Building call graph...
Number of implementations = 1
Beginning VC generation for Houdini...
Generating VC for g_slist_reverse
Verifying g_slist_reverse
Houdini assignment axiom: (And true b0000 b0001 b0002 b0003 b0004 b0005 b0006 b0007 b0008 b0009 b0010 b0011 b0012 b0013 b0014 b0015 b0016 b0017 b0018 b0019 b0020 b0021 b0022 b0023 b0024 b0025 b0026 b0027 b0028 b0029 b0030 b0031 b0032 b0033 b0034 b0035 b0036 b0037 b0038 b0039 b0040 b0041 b0042 b0043 b0044 b0045 b0046 b0047 b0048 b0049 b0050 b0051 b0052 b0053 b0054 b0055 b0056 b0057 b0058 b0059 b0060 b0061 b0062 b0063 b0064 b0065 b0066 b0067 b0068 b0069 b0070 b0071 b0072 b0073 b0074 b0075 b0076 b0077 b0078 b0079 b0080 b0081 b0082 b0083 b0084 b0085 b0086 b0087 b0088 b0089 b0090 b0091 b0092 b0093 b0094 b0095 b0096 b0097 b0098 b0099 b0100 b0101 b0102 b0103 b0104 b0105 b0106 b0107 b0108 b0109 b0110 b0111 b0112 b0113 b0114 b0115 b0116)
Time taken = 0.079699
Removing b0005
Removing b0039
Verifying g_slist_reverse
Houdini assignment axiom: (And true b0000 b0001 b0002 b0003 b0004 (! b0005) b0006 b0007 b0008 b0009 b0010 b0011 b0012 b0013 b0014 b0015 b0016 b0017 b0018 b0019 b0020 b0021 b0022 b0023 b0024 b0025 b0026 b0027 b0028 b0029 b0030 b0031 b0032 b0033 b0034 b0035 b0036 b0037 b0038 (! b0039) b0040 b0041 b0042 b0043 b0044 b0045 b0046 b0047 b0048 b0049 b0050 b0051 b0052 b0053 b0054 b0055 b0056 b0057 b0058 b0059 b0060 b0061 b0062 b0063 b0064 b0065 b0066 b0067 b0068 b0069 b0070 b0071 b0072 b0073 b0074 b0075 b0076 b0077 b0078 b0079 b0080 b0081 b0082 b0083 b0084 b0085 b0086 b0087 b0088 b0089 b0090 b0091 b0092 b0093 b0094 b0095 b0096 b0097 b0098 b0099 b0100 b0101 b0102 b0103 b0104 b0105 b0106 b0107 b0108 b0109 b0110 b0111 b0112 b0113 b0114 b0115 b0116)
Time taken = 0.04346
Removing b0006
Removing b0040
Verifying g_slist_reverse
Houdini assignment axiom: (And true b0000 b0001 b0002 b0003 b0004 (! b0005) (! b0006) b0007 b0008 b0009 b0010 b0011 b0012 b0013 b0014 b0015 b0016 b0017 b0018 b0019 b0020 b0021 b0022 b0023 b0024 b0025 b0026 b0027 b0028 b0029 b0030 b0031 b0032 b0033 b0034 b0035 b0036 b0037 b0038 (! b0039) (! b0040) b0041 b0042 b0043 b0044 b0045 b0046 b0047 b0048 b0049 b0050 b0051 b0052 b0053 b0054 b0055 b0056 b0057 b0058 b0059 b0060 b0061 b0062 b0063 b0064 b0065 b0066 b0067 b0068 b0069 b0070 b0071 b0072 b0073 b0074 b0075 b0076 b0077 b0078 b0079 b0080 b0081 b0082 b0083 b0084 b0085 b0086 b0087 b0088 b0089 b0090 b0091 b0092 b0093 b0094 b0095 b0096 b0097 b0098 b0099 b0100 b0101 b0102 b0103 b0104 b0105 b0106 b0107 b0108 b0109 b0110 b0111 b0112 b0113 b0114 b0115 b0116)
Time taken = 0.039969
Removing b0010
Removing b0041
Verifying g_slist_reverse
Houdini assignment axiom: (And true b0000 b0001 b0002 b0003 b0004 (! b0005) (! b0006) b0007 b0008 b0009 (! b0010) b0011 b0012 b0013 b0014 b0015 b0016 b0017 b0018 b0019 b0020 b0021 b0022 b0023 b0024 b0025 b0026 b0027 b0028 b0029 b0030 b0031 b0032 b0033 b0034 b0035 b0036 b0037 b0038 (! b0039) (! b0040) (! b0041) b0042 b0043 b0044 b0045 b0046 b0047 b0048 b0049 b0050 b0051 b0052 b0053 b0054 b0055 b0056 b0057 b0058 b0059 b0060 b0061 b0062 b0063 b0064 b0065 b0066 b0067 b0068 b0069 b0070 b0071 b0072 b0073 b0074 b0075 b0076 b0077 b0078 b0079 b0080 b0081 b0082 b0083 b0084 b0085 b0086 b0087 b0088 b0089 b0090 b0091 b0092 b0093 b0094 b0095 b0096 b0097 b0098 b0099 b0100 b0101 b0102 b0103 b0104 b0105 b0106 b0107 b0108 b0109 b0110 b0111 b0112 b0113 b0114 b0115 b0116)
Time taken = 0.035345
Removing b0013
Verifying g_slist_reverse
Houdini assignment axiom: (And true b0000 b0001 b0002 b0003 b0004 (! b0005) (! b0006) b0007 b0008 b0009 (! b0010) b0011 b0012 (! b0013) b0014 b0015 b0016 b0017 b0018 b0019 b0020 b0021 b0022 b0023 b0024 b0025 b0026 b0027 b0028 b0029 b0030 b0031 b0032 b0033 b0034 b0035 b0036 b0037 b0038 (! b0039) (! b0040) (! b0041) b0042 b0043 b0044 b0045 b0046 b0047 b0048 b0049 b0050 b0051 b0052 b0053 b0054 b0055 b0056 b0057 b0058 b0059 b0060 b0061 b0062 b0063 b0064 b0065 b0066 b0067 b0068 b0069 b0070 b0071 b0072 b0073 b0074 b0075 b0076 b0077 b0078 b0079 b0080 b0081 b0082 b0083 b0084 b0085 b0086 b0087 b0088 b0089 b0090 b0091 b0092 b0093 b0094 b0095 b0096 b0097 b0098 b0099 b0100 b0101 b0102 b0103 b0104 b0105 b0106 b0107 b0108 b0109 b0110 b0111 b0112 b0113 b0114 b0115 b0116)
Time taken = 0.053476
Removing b0017
Removing b0021
Verifying g_slist_reverse
Houdini assignment axiom: (And true b0000 b0001 b0002 b0003 b0004 (! b0005) (! b0006) b0007 b0008 b0009 (! b0010) b0011 b0012 (! b0013) b0014 b0015 b0016 (! b0017) b0018 b0019 b0020 (! b0021) b0022 b0023 b0024 b0025 b0026 b0027 b0028 b0029 b0030 b0031 b0032 b0033 b0034 b0035 b0036 b0037 b0038 (! b0039) (! b0040) (! b0041) b0042 b0043 b0044 b0045 b0046 b0047 b0048 b0049 b0050 b0051 b0052 b0053 b0054 b0055 b0056 b0057 b0058 b0059 b0060 b0061 b0062 b0063 b0064 b0065 b0066 b0067 b0068 b0069 b0070 b0071 b0072 b0073 b0074 b0075 b0076 b0077 b0078 b0079 b0080 b0081 b0082 b0083 b0084 b0085 b0086 b0087 b0088 b0089 b0090 b0091 b0092 b0093 b0094 b0095 b0096 b0097 b0098 b0099 b0100 b0101 b0102 b0103 b0104 b0105 b0106 b0107 b0108 b0109 b0110 b0111 b0112 b0113 b0114 b0115 b0116)
Time taken = 0.058967
Removing b0018
Removing b0026
Verifying g_slist_reverse
Houdini assignment axiom: (And true b0000 b0001 b0002 b0003 b0004 (! b0005) (! b0006) b0007 b0008 b0009 (! b0010) b0011 b0012 (! b0013) b0014 b0015 b0016 (! b0017) (! b0018) b0019 b0020 (! b0021) b0022 b0023 b0024 b0025 (! b0026) b0027 b0028 b0029 b0030 b0031 b0032 b0033 b0034 b0035 b0036 b0037 b0038 (! b0039) (! b0040) (! b0041) b0042 b0043 b0044 b0045 b0046 b0047 b0048 b0049 b0050 b0051 b0052 b0053 b0054 b0055 b0056 b0057 b0058 b0059 b0060 b0061 b0062 b0063 b0064 b0065 b0066 b0067 b0068 b0069 b0070 b0071 b0072 b0073 b0074 b0075 b0076 b0077 b0078 b0079 b0080 b0081 b0082 b0083 b0084 b0085 b0086 b0087 b0088 b0089 b0090 b0091 b0092 b0093 b0094 b0095 b0096 b0097 b0098 b0099 b0100 b0101 b0102 b0103 b0104 b0105 b0106 b0107 b0108 b0109 b0110 b0111 b0112 b0113 b0114 b0115 b0116)
Time taken = 0.050863
Removing b0023
Removing b0028
Verifying g_slist_reverse
Houdini assignment axiom: (And true b0000 b0001 b0002 b0003 b0004 (! b0005) (! b0006) b0007 b0008 b0009 (! b0010) b0011 b0012 (! b0013) b0014 b0015 b0016 (! b0017) (! b0018) b0019 b0020 (! b0021) b0022 (! b0023) b0024 b0025 (! b0026) b0027 (! b0028) b0029 b0030 b0031 b0032 b0033 b0034 b0035 b0036 b0037 b0038 (! b0039) (! b0040) (! b0041) b0042 b0043 b0044 b0045 b0046 b0047 b0048 b0049 b0050 b0051 b0052 b0053 b0054 b0055 b0056 b0057 b0058 b0059 b0060 b0061 b0062 b0063 b0064 b0065 b0066 b0067 b0068 b0069 b0070 b0071 b0072 b0073 b0074 b0075 b0076 b0077 b0078 b0079 b0080 b0081 b0082 b0083 b0084 b0085 b0086 b0087 b0088 b0089 b0090 b0091 b0092 b0093 b0094 b0095 b0096 b0097 b0098 b0099 b0100 b0101 b0102 b0103 b0104 b0105 b0106 b0107 b0108 b0109 b0110 b0111 b0112 b0113 b0114 b0115 b0116)
Time taken = 0.065221
Removing b0024
Removing b0031
Verifying g_slist_reverse
Houdini assignment axiom: (And true b0000 b0001 b0002 b0003 b0004 (! b0005) (! b0006) b0007 b0008 b0009 (! b0010) b0011 b0012 (! b0013) b0014 b0015 b0016 (! b0017) (! b0018) b0019 b0020 (! b0021) b0022 (! b0023) (! b0024) b0025 (! b0026) b0027 (! b0028) b0029 b0030 (! b0031) b0032 b0033 b0034 b0035 b0036 b0037 b0038 (! b0039) (! b0040) (! b0041) b0042 b0043 b0044 b0045 b0046 b0047 b0048 b0049 b0050 b0051 b0052 b0053 b0054 b0055 b0056 b0057 b0058 b0059 b0060 b0061 b0062 b0063 b0064 b0065 b0066 b0067 b0068 b0069 b0070 b0071 b0072 b0073 b0074 b0075 b0076 b0077 b0078 b0079 b0080 b0081 b0082 b0083 b0084 b0085 b0086 b0087 b0088 b0089 b0090 b0091 b0092 b0093 b0094 b0095 b0096 b0097 b0098 b0099 b0100 b0101 b0102 b0103 b0104 b0105 b0106 b0107 b0108 b0109 b0110 b0111 b0112 b0113 b0114 b0115 b0116)
Time taken = 0.054454
Removing b0033
Removing b0034
Verifying g_slist_reverse
Houdini assignment axiom: (And true b0000 b0001 b0002 b0003 b0004 (! b0005) (! b0006) b0007 b0008 b0009 (! b0010) b0011 b0012 (! b0013) b0014 b0015 b0016 (! b0017) (! b0018) b0019 b0020 (! b0021) b0022 (! b0023) (! b0024) b0025 (! b0026) b0027 (! b0028) b0029 b0030 (! b0031) b0032 (! b0033) (! b0034) b0035 b0036 b0037 b0038 (! b0039) (! b0040) (! b0041) b0042 b0043 b0044 b0045 b0046 b0047 b0048 b0049 b0050 b0051 b0052 b0053 b0054 b0055 b0056 b0057 b0058 b0059 b0060 b0061 b0062 b0063 b0064 b0065 b0066 b0067 b0068 b0069 b0070 b0071 b0072 b0073 b0074 b0075 b0076 b0077 b0078 b0079 b0080 b0081 b0082 b0083 b0084 b0085 b0086 b0087 b0088 b0089 b0090 b0091 b0092 b0093 b0094 b0095 b0096 b0097 b0098 b0099 b0100 b0101 b0102 b0103 b0104 b0105 b0106 b0107 b0108 b0109 b0110 b0111 b0112 b0113 b0114 b0115 b0116)
Time taken = 0.051071
Removing b0037
Verifying g_slist_reverse
Houdini assignment axiom: (And true b0000 b0001 b0002 b0003 b0004 (! b0005) (! b0006) b0007 b0008 b0009 (! b0010) b0011 b0012 (! b0013) b0014 b0015 b0016 (! b0017) (! b0018) b0019 b0020 (! b0021) b0022 (! b0023) (! b0024) b0025 (! b0026) b0027 (! b0028) b0029 b0030 (! b0031) b0032 (! b0033) (! b0034) b0035 b0036 (! b0037) b0038 (! b0039) (! b0040) (! b0041) b0042 b0043 b0044 b0045 b0046 b0047 b0048 b0049 b0050 b0051 b0052 b0053 b0054 b0055 b0056 b0057 b0058 b0059 b0060 b0061 b0062 b0063 b0064 b0065 b0066 b0067 b0068 b0069 b0070 b0071 b0072 b0073 b0074 b0075 b0076 b0077 b0078 b0079 b0080 b0081 b0082 b0083 b0084 b0085 b0086 b0087 b0088 b0089 b0090 b0091 b0092 b0093 b0094 b0095 b0096 b0097 b0098 b0099 b0100 b0101 b0102 b0103 b0104 b0105 b0106 b0107 b0108 b0109 b0110 b0111 b0112 b0113 b0114 b0115 b0116)
Time taken = 0.049521
Removing b0038
Removing b0042
Verifying g_slist_reverse
Houdini assignment axiom: (And true b0000 b0001 b0002 b0003 b0004 (! b0005) (! b0006) b0007 b0008 b0009 (! b0010) b0011 b0012 (! b0013) b0014 b0015 b0016 (! b0017) (! b0018) b0019 b0020 (! b0021) b0022 (! b0023) (! b0024) b0025 (! b0026) b0027 (! b0028) b0029 b0030 (! b0031) b0032 (! b0033) (! b0034) b0035 b0036 (! b0037) (! b0038) (! b0039) (! b0040) (! b0041) (! b0042) b0043 b0044 b0045 b0046 b0047 b0048 b0049 b0050 b0051 b0052 b0053 b0054 b0055 b0056 b0057 b0058 b0059 b0060 b0061 b0062 b0063 b0064 b0065 b0066 b0067 b0068 b0069 b0070 b0071 b0072 b0073 b0074 b0075 b0076 b0077 b0078 b0079 b0080 b0081 b0082 b0083 b0084 b0085 b0086 b0087 b0088 b0089 b0090 b0091 b0092 b0093 b0094 b0095 b0096 b0097 b0098 b0099 b0100 b0101 b0102 b0103 b0104 b0105 b0106 b0107 b0108 b0109 b0110 b0111 b0112 b0113 b0114 b0115 b0116)
Time taken = 0.047869
Removing b0044
Verifying g_slist_reverse
Houdini assignment axiom: (And true b0000 b0001 b0002 b0003 b0004 (! b0005) (! b0006) b0007 b0008 b0009 (! b0010) b0011 b0012 (! b0013) b0014 b0015 b0016 (! b0017) (! b0018) b0019 b0020 (! b0021) b0022 (! b0023) (! b0024) b0025 (! b0026) b0027 (! b0028) b0029 b0030 (! b0031) b0032 (! b0033) (! b0034) b0035 b0036 (! b0037) (! b0038) (! b0039) (! b0040) (! b0041) (! b0042) b0043 (! b0044) b0045 b0046 b0047 b0048 b0049 b0050 b0051 b0052 b0053 b0054 b0055 b0056 b0057 b0058 b0059 b0060 b0061 b0062 b0063 b0064 b0065 b0066 b0067 b0068 b0069 b0070 b0071 b0072 b0073 b0074 b0075 b0076 b0077 b0078 b0079 b0080 b0081 b0082 b0083 b0084 b0085 b0086 b0087 b0088 b0089 b0090 b0091 b0092 b0093 b0094 b0095 b0096 b0097 b0098 b0099 b0100 b0101 b0102 b0103 b0104 b0105 b0106 b0107 b0108 b0109 b0110 b0111 b0112 b0113 b0114 b0115 b0116)
Time taken = 0.043954
Removing b0045
Verifying g_slist_reverse
Houdini assignment axiom: (And true b0000 b0001 b0002 b0003 b0004 (! b0005) (! b0006) b0007 b0008 b0009 (! b0010) b0011 b0012 (! b0013) b0014 b0015 b0016 (! b0017) (! b0018) b0019 b0020 (! b0021) b0022 (! b0023) (! b0024) b0025 (! b0026) b0027 (! b0028) b0029 b0030 (! b0031) b0032 (! b0033) (! b0034) b0035 b0036 (! b0037) (! b0038) (! b0039) (! b0040) (! b0041) (! b0042) b0043 (! b0044) (! b0045) b0046 b0047 b0048 b0049 b0050 b0051 b0052 b0053 b0054 b0055 b0056 b0057 b0058 b0059 b0060 b0061 b0062 b0063 b0064 b0065 b0066 b0067 b0068 b0069 b0070 b0071 b0072 b0073 b0074 b0075 b0076 b0077 b0078 b0079 b0080 b0081 b0082 b0083 b0084 b0085 b0086 b0087 b0088 b0089 b0090 b0091 b0092 b0093 b0094 b0095 b0096 b0097 b0098 b0099 b0100 b0101 b0102 b0103 b0104 b0105 b0106 b0107 b0108 b0109 b0110 b0111 b0112 b0113 b0114 b0115 b0116)
Time taken = 0.046885
Removing b0047
Verifying g_slist_reverse
Houdini assignment axiom: (And true b0000 b0001 b0002 b0003 b0004 (! b0005) (! b0006) b0007 b0008 b0009 (! b0010) b0011 b0012 (! b0013) b0014 b0015 b0016 (! b0017) (! b0018) b0019 b0020 (! b0021) b0022 (! b0023) (! b0024) b0025 (! b0026) b0027 (! b0028) b0029 b0030 (! b0031) b0032 (! b0033) (! b0034) b0035 b0036 (! b0037) (! b0038) (! b0039) (! b0040) (! b0041) (! b0042) b0043 (! b0044) (! b0045) b0046 (! b0047) b0048 b0049 b0050 b0051 b0052 b0053 b0054 b0055 b0056 b0057 b0058 b0059 b0060 b0061 b0062 b0063 b0064 b0065 b0066 b0067 b0068 b0069 b0070 b0071 b0072 b0073 b0074 b0075 b0076 b0077 b0078 b0079 b0080 b0081 b0082 b0083 b0084 b0085 b0086 b0087 b0088 b0089 b0090 b0091 b0092 b0093 b0094 b0095 b0096 b0097 b0098 b0099 b0100 b0101 b0102 b0103 b0104 b0105 b0106 b0107 b0108 b0109 b0110 b0111 b0112 b0113 b0114 b0115 b0116)
Time taken = 0.043951
Removing b0048
Verifying g_slist_reverse
Houdini assignment axiom: (And true b0000 b0001 b0002 b0003 b0004 (! b0005) (! b0006) b0007 b0008 b0009 (! b0010) b0011 b0012 (! b0013) b0014 b0015 b0016 (! b0017) (! b0018) b0019 b0020 (! b0021) b0022 (! b0023) (! b0024) b0025 (! b0026) b0027 (! b0028) b0029 b0030 (! b0031) b0032 (! b0033) (! b0034) b0035 b0036 (! b0037) (! b0038) (! b0039) (! b0040) (! b0041) (! b0042) b0043 (! b0044) (! b0045) b0046 (! b0047) (! b0048) b0049 b0050 b0051 b0052 b0053 b0054 b0055 b0056 b0057 b0058 b0059 b0060 b0061 b0062 b0063 b0064 b0065 b0066 b0067 b0068 b0069 b0070 b0071 b0072 b0073 b0074 b0075 b0076 b0077 b0078 b0079 b0080 b0081 b0082 b0083 b0084 b0085 b0086 b0087 b0088 b0089 b0090 b0091 b0092 b0093 b0094 b0095 b0096 b0097 b0098 b0099 b0100 b0101 b0102 b0103 b0104 b0105 b0106 b0107 b0108 b0109 b0110 b0111 b0112 b0113 b0114 b0115 b0116)
Time taken = 0.047065
Removing b0050
Verifying g_slist_reverse
Houdini assignment axiom: (And true b0000 b0001 b0002 b0003 b0004 (! b0005) (! b0006) b0007 b0008 b0009 (! b0010) b0011 b0012 (! b0013) b0014 b0015 b0016 (! b0017) (! b0018) b0019 b0020 (! b0021) b0022 (! b0023) (! b0024) b0025 (! b0026) b0027 (! b0028) b0029 b0030 (! b0031) b0032 (! b0033) (! b0034) b0035 b0036 (! b0037) (! b0038) (! b0039) (! b0040) (! b0041) (! b0042) b0043 (! b0044) (! b0045) b0046 (! b0047) (! b0048) b0049 (! b0050) b0051 b0052 b0053 b0054 b0055 b0056 b0057 b0058 b0059 b0060 b0061 b0062 b0063 b0064 b0065 b0066 b0067 b0068 b0069 b0070 b0071 b0072 b0073 b0074 b0075 b0076 b0077 b0078 b0079 b0080 b0081 b0082 b0083 b0084 b0085 b0086 b0087 b0088 b0089 b0090 b0091 b0092 b0093 b0094 b0095 b0096 b0097 b0098 b0099 b0100 b0101 b0102 b0103 b0104 b0105 b0106 b0107 b0108 b0109 b0110 b0111 b0112 b0113 b0114 b0115 b0116)
Time taken = 0.04871
Removing b0051
Removing b0054
Verifying g_slist_reverse
Houdini assignment axiom: (And true b0000 b0001 b0002 b0003 b0004 (! b0005) (! b0006) b0007 b0008 b0009 (! b0010) b0011 b0012 (! b0013) b0014 b0015 b0016 (! b0017) (! b0018) b0019 b0020 (! b0021) b0022 (! b0023) (! b0024) b0025 (! b0026) b0027 (! b0028) b0029 b0030 (! b0031) b0032 (! b0033) (! b0034) b0035 b0036 (! b0037) (! b0038) (! b0039) (! b0040) (! b0041) (! b0042) b0043 (! b0044) (! b0045) b0046 (! b0047) (! b0048) b0049 (! b0050) (! b0051) b0052 b0053 (! b0054) b0055 b0056 b0057 b0058 b0059 b0060 b0061 b0062 b0063 b0064 b0065 b0066 b0067 b0068 b0069 b0070 b0071 b0072 b0073 b0074 b0075 b0076 b0077 b0078 b0079 b0080 b0081 b0082 b0083 b0084 b0085 b0086 b0087 b0088 b0089 b0090 b0091 b0092 b0093 b0094 b0095 b0096 b0097 b0098 b0099 b0100 b0101 b0102 b0103 b0104 b0105 b0106 b0107 b0108 b0109 b0110 b0111 b0112 b0113 b0114 b0115 b0116)
Time taken = 0.052608
Removing b0053
Removing b0056
Verifying g_slist_reverse
Houdini assignment axiom: (And true b0000 b0001 b0002 b0003 b0004 (! b0005) (! b0006) b0007 b0008 b0009 (! b0010) b0011 b0012 (! b0013) b0014 b0015 b0016 (! b0017) (! b0018) b0019 b0020 (! b0021) b0022 (! b0023) (! b0024) b0025 (! b0026) b0027 (! b0028) b0029 b0030 (! b0031) b0032 (! b0033) (! b0034) b0035 b0036 (! b0037) (! b0038) (! b0039) (! b0040) (! b0041) (! b0042) b0043 (! b0044) (! b0045) b0046 (! b0047) (! b0048) b0049 (! b0050) (! b0051) b0052 (! b0053) (! b0054) b0055 (! b0056) b0057 b0058 b0059 b0060 b0061 b0062 b0063 b0064 b0065 b0066 b0067 b0068 b0069 b0070 b0071 b0072 b0073 b0074 b0075 b0076 b0077 b0078 b0079 b0080 b0081 b0082 b0083 b0084 b0085 b0086 b0087 b0088 b0089 b0090 b0091 b0092 b0093 b0094 b0095 b0096 b0097 b0098 b0099 b0100 b0101 b0102 b0103 b0104 b0105 b0106 b0107 b0108 b0109 b0110 b0111 b0112 b0113 b0114 b0115 b0116)
Time taken = 0.044117
Removing b0057
Removing b0058
Verifying g_slist_reverse
Houdini assignment axiom: (And true b0000 b0001 b0002 b0003 b0004 (! b0005) (! b0006) b0007 b0008 b0009 (! b0010) b0011 b0012 (! b0013) b0014 b0015 b0016 (! b0017) (! b0018) b0019 b0020 (! b0021) b0022 (! b0023) (! b0024) b0025 (! b0026) b0027 (! b0028) b0029 b0030 (! b0031) b0032 (! b0033) (! b0034) b0035 b0036 (! b0037) (! b0038) (! b0039) (! b0040) (! b0041) (! b0042) b0043 (! b0044) (! b0045) b0046 (! b0047) (! b0048) b0049 (! b0050) (! b0051) b0052 (! b0053) (! b0054) b0055 (! b0056) (! b0057) (! b0058) b0059 b0060 b0061 b0062 b0063 b0064 b0065 b0066 b0067 b0068 b0069 b0070 b0071 b0072 b0073 b0074 b0075 b0076 b0077 b0078 b0079 b0080 b0081 b0082 b0083 b0084 b0085 b0086 b0087 b0088 b0089 b0090 b0091 b0092 b0093 b0094 b0095 b0096 b0097 b0098 b0099 b0100 b0101 b0102 b0103 b0104 b0105 b0106 b0107 b0108 b0109 b0110 b0111 b0112 b0113 b0114 b0115 b0116)
Time taken = 0.048408
Removing b0061
Verifying g_slist_reverse
Houdini assignment axiom: (And true b0000 b0001 b0002 b0003 b0004 (! b0005) (! b0006) b0007 b0008 b0009 (! b0010) b0011 b0012 (! b0013) b0014 b0015 b0016 (! b0017) (! b0018) b0019 b0020 (! b0021) b0022 (! b0023) (! b0024) b0025 (! b0026) b0027 (! b0028) b0029 b0030 (! b0031) b0032 (! b0033) (! b0034) b0035 b0036 (! b0037) (! b0038) (! b0039) (! b0040) (! b0041) (! b0042) b0043 (! b0044) (! b0045) b0046 (! b0047) (! b0048) b0049 (! b0050) (! b0051) b0052 (! b0053) (! b0054) b0055 (! b0056) (! b0057) (! b0058) b0059 b0060 (! b0061) b0062 b0063 b0064 b0065 b0066 b0067 b0068 b0069 b0070 b0071 b0072 b0073 b0074 b0075 b0076 b0077 b0078 b0079 b0080 b0081 b0082 b0083 b0084 b0085 b0086 b0087 b0088 b0089 b0090 b0091 b0092 b0093 b0094 b0095 b0096 b0097 b0098 b0099 b0100 b0101 b0102 b0103 b0104 b0105 b0106 b0107 b0108 b0109 b0110 b0111 b0112 b0113 b0114 b0115 b0116)
Time taken = 0.066003
Removing b0062
Removing b0063
Verifying g_slist_reverse
Houdini assignment axiom: (And true b0000 b0001 b0002 b0003 b0004 (! b0005) (! b0006) b0007 b0008 b0009 (! b0010) b0011 b0012 (! b0013) b0014 b0015 b0016 (! b0017) (! b0018) b0019 b0020 (! b0021) b0022 (! b0023) (! b0024) b0025 (! b0026) b0027 (! b0028) b0029 b0030 (! b0031) b0032 (! b0033) (! b0034) b0035 b0036 (! b0037) (! b0038) (! b0039) (! b0040) (! b0041) (! b0042) b0043 (! b0044) (! b0045) b0046 (! b0047) (! b0048) b0049 (! b0050) (! b0051) b0052 (! b0053) (! b0054) b0055 (! b0056) (! b0057) (! b0058) b0059 b0060 (! b0061) (! b0062) (! b0063) b0064 b0065 b0066 b0067 b0068 b0069 b0070 b0071 b0072 b0073 b0074 b0075 b0076 b0077 b0078 b0079 b0080 b0081 b0082 b0083 b0084 b0085 b0086 b0087 b0088 b0089 b0090 b0091 b0092 b0093 b0094 b0095 b0096 b0097 b0098 b0099 b0100 b0101 b0102 b0103 b0104 b0105 b0106 b0107 b0108 b0109 b0110 b0111 b0112 b0113 b0114 b0115 b0116)
Time taken = 0.03832
Removing b0065
Verifying g_slist_reverse
Houdini assignment axiom: (And true b0000 b0001 b0002 b0003 b0004 (! b0005) (! b0006) b0007 b0008 b0009 (! b0010) b0011 b0012 (! b0013) b0014 b0015 b0016 (! b0017) (! b0018) b0019 b0020 (! b0021) b0022 (! b0023) (! b0024) b0025 (! b0026) b0027 (! b0028) b0029 b0030 (! b0031) b0032 (! b0033) (! b0034) b0035 b0036 (! b0037) (! b0038) (! b0039) (! b0040) (! b0041) (! b0042) b0043 (! b0044) (! b0045) b0046 (! b0047) (! b0048) b0049 (! b0050) (! b0051) b0052 (! b0053) (! b0054) b0055 (! b0056) (! b0057) (! b0058) b0059 b0060 (! b0061) (! b0062) (! b0063) b0064 (! b0065) b0066 b0067 b0068 b0069 b0070 b0071 b0072 b0073 b0074 b0075 b0076 b0077 b0078 b0079 b0080 b0081 b0082 b0083 b0084 b0085 b0086 b0087 b0088 b0089 b0090 b0091 b0092 b0093 b0094 b0095 b0096 b0097 b0098 b0099 b0100 b0101 b0102 b0103 b0104 b0105 b0106 b0107 b0108 b0109 b0110 b0111 b0112 b0113 b0114 b0115 b0116)
Time taken = 0.04563
Removing b0066
Verifying g_slist_reverse
Houdini assignment axiom: (And true b0000 b0001 b0002 b0003 b0004 (! b0005) (! b0006) b0007 b0008 b0009 (! b0010) b0011 b0012 (! b0013) b0014 b0015 b0016 (! b0017) (! b0018) b0019 b0020 (! b0021) b0022 (! b0023) (! b0024) b0025 (! b0026) b0027 (! b0028) b0029 b0030 (! b0031) b0032 (! b0033) (! b0034) b0035 b0036 (! b0037) (! b0038) (! b0039) (! b0040) (! b0041) (! b0042) b0043 (! b0044) (! b0045) b0046 (! b0047) (! b0048) b0049 (! b0050) (! b0051) b0052 (! b0053) (! b0054) b0055 (! b0056) (! b0057) (! b0058) b0059 b0060 (! b0061) (! b0062) (! b0063) b0064 (! b0065) (! b0066) b0067 b0068 b0069 b0070 b0071 b0072 b0073 b0074 b0075 b0076 b0077 b0078 b0079 b0080 b0081 b0082 b0083 b0084 b0085 b0086 b0087 b0088 b0089 b0090 b0091 b0092 b0093 b0094 b0095 b0096 b0097 b0098 b0099 b0100 b0101 b0102 b0103 b0104 b0105 b0106 b0107 b0108 b0109 b0110 b0111 b0112 b0113 b0114 b0115 b0116)
Time taken = 0.04538
Removing b0068
Verifying g_slist_reverse
Houdini assignment axiom: (And true b0000 b0001 b0002 b0003 b0004 (! b0005) (! b0006) b0007 b0008 b0009 (! b0010) b0011 b0012 (! b0013) b0014 b0015 b0016 (! b0017) (! b0018) b0019 b0020 (! b0021) b0022 (! b0023) (! b0024) b0025 (! b0026) b0027 (! b0028) b0029 b0030 (! b0031) b0032 (! b0033) (! b0034) b0035 b0036 (! b0037) (! b0038) (! b0039) (! b0040) (! b0041) (! b0042) b0043 (! b0044) (! b0045) b0046 (! b0047) (! b0048) b0049 (! b0050) (! b0051) b0052 (! b0053) (! b0054) b0055 (! b0056) (! b0057) (! b0058) b0059 b0060 (! b0061) (! b0062) (! b0063) b0064 (! b0065) (! b0066) b0067 (! b0068) b0069 b0070 b0071 b0072 b0073 b0074 b0075 b0076 b0077 b0078 b0079 b0080 b0081 b0082 b0083 b0084 b0085 b0086 b0087 b0088 b0089 b0090 b0091 b0092 b0093 b0094 b0095 b0096 b0097 b0098 b0099 b0100 b0101 b0102 b0103 b0104 b0105 b0106 b0107 b0108 b0109 b0110 b0111 b0112 b0113 b0114 b0115 b0116)
Time taken = 0.060585
Removing b0069
Removing b0077
Verifying g_slist_reverse
Houdini assignment axiom: (And true b0000 b0001 b0002 b0003 b0004 (! b0005) (! b0006) b0007 b0008 b0009 (! b0010) b0011 b0012 (! b0013) b0014 b0015 b0016 (! b0017) (! b0018) b0019 b0020 (! b0021) b0022 (! b0023) (! b0024) b0025 (! b0026) b0027 (! b0028) b0029 b0030 (! b0031) b0032 (! b0033) (! b0034) b0035 b0036 (! b0037) (! b0038) (! b0039) (! b0040) (! b0041) (! b0042) b0043 (! b0044) (! b0045) b0046 (! b0047) (! b0048) b0049 (! b0050) (! b0051) b0052 (! b0053) (! b0054) b0055 (! b0056) (! b0057) (! b0058) b0059 b0060 (! b0061) (! b0062) (! b0063) b0064 (! b0065) (! b0066) b0067 (! b0068) (! b0069) b0070 b0071 b0072 b0073 b0074 b0075 b0076 (! b0077) b0078 b0079 b0080 b0081 b0082 b0083 b0084 b0085 b0086 b0087 b0088 b0089 b0090 b0091 b0092 b0093 b0094 b0095 b0096 b0097 b0098 b0099 b0100 b0101 b0102 b0103 b0104 b0105 b0106 b0107 b0108 b0109 b0110 b0111 b0112 b0113 b0114 b0115 b0116)
Time taken = 0.0683
Removing b0074
Removing b0078
Verifying g_slist_reverse
Houdini assignment axiom: (And true b0000 b0001 b0002 b0003 b0004 (! b0005) (! b0006) b0007 b0008 b0009 (! b0010) b0011 b0012 (! b0013) b0014 b0015 b0016 (! b0017) (! b0018) b0019 b0020 (! b0021) b0022 (! b0023) (! b0024) b0025 (! b0026) b0027 (! b0028) b0029 b0030 (! b0031) b0032 (! b0033) (! b0034) b0035 b0036 (! b0037) (! b0038) (! b0039) (! b0040) (! b0041) (! b0042) b0043 (! b0044) (! b0045) b0046 (! b0047) (! b0048) b0049 (! b0050) (! b0051) b0052 (! b0053) (! b0054) b0055 (! b0056) (! b0057) (! b0058) b0059 b0060 (! b0061) (! b0062) (! b0063) b0064 (! b0065) (! b0066) b0067 (! b0068) (! b0069) b0070 b0071 b0072 b0073 (! b0074) b0075 b0076 (! b0077) (! b0078) b0079 b0080 b0081 b0082 b0083 b0084 b0085 b0086 b0087 b0088 b0089 b0090 b0091 b0092 b0093 b0094 b0095 b0096 b0097 b0098 b0099 b0100 b0101 b0102 b0103 b0104 b0105 b0106 b0107 b0108 b0109 b0110 b0111 b0112 b0113 b0114 b0115 b0116)
Time taken = 0.055562
Removing b0083
Verifying g_slist_reverse
Houdini assignment axiom: (And true b0000 b0001 b0002 b0003 b0004 (! b0005) (! b0006) b0007 b0008 b0009 (! b0010) b0011 b0012 (! b0013) b0014 b0015 b0016 (! b0017) (! b0018) b0019 b0020 (! b0021) b0022 (! b0023) (! b0024) b0025 (! b0026) b0027 (! b0028) b0029 b0030 (! b0031) b0032 (! b0033) (! b0034) b0035 b0036 (! b0037) (! b0038) (! b0039) (! b0040) (! b0041) (! b0042) b0043 (! b0044) (! b0045) b0046 (! b0047) (! b0048) b0049 (! b0050) (! b0051) b0052 (! b0053) (! b0054) b0055 (! b0056) (! b0057) (! b0058) b0059 b0060 (! b0061) (! b0062) (! b0063) b0064 (! b0065) (! b0066) b0067 (! b0068) (! b0069) b0070 b0071 b0072 b0073 (! b0074) b0075 b0076 (! b0077) (! b0078) b0079 b0080 b0081 b0082 (! b0083) b0084 b0085 b0086 b0087 b0088 b0089 b0090 b0091 b0092 b0093 b0094 b0095 b0096 b0097 b0098 b0099 b0100 b0101 b0102 b0103 b0104 b0105 b0106 b0107 b0108 b0109 b0110 b0111 b0112 b0113 b0114 b0115 b0116)
Time taken = 0.05062
Removing b0084
Verifying g_slist_reverse
Houdini assignment axiom: (And true b0000 b0001 b0002 b0003 b0004 (! b0005) (! b0006) b0007 b0008 b0009 (! b0010) b0011 b0012 (! b0013) b0014 b0015 b0016 (! b0017) (! b0018) b0019 b0020 (! b0021) b0022 (! b0023) (! b0024) b0025 (! b0026) b0027 (! b0028) b0029 b0030 (! b0031) b0032 (! b0033) (! b0034) b0035 b0036 (! b0037) (! b0038) (! b0039) (! b0040) (! b0041) (! b0042) b0043 (! b0044) (! b0045) b0046 (! b0047) (! b0048) b0049 (! b0050) (! b0051) b0052 (! b0053) (! b0054) b0055 (! b0056) (! b0057) (! b0058) b0059 b0060 (! b0061) (! b0062) (! b0063) b0064 (! b0065) (! b0066) b0067 (! b0068) (! b0069) b0070 b0071 b0072 b0073 (! b0074) b0075 b0076 (! b0077) (! b0078) b0079 b0080 b0081 b0082 (! b0083) (! b0084) b0085 b0086 b0087 b0088 b0089 b0090 b0091 b0092 b0093 b0094 b0095 b0096 b0097 b0098 b0099 b0100 b0101 b0102 b0103 b0104 b0105 b0106 b0107 b0108 b0109 b0110 b0111 b0112 b0113 b0114 b0115 b0116)
Time taken = 0.059886
Removing b0089
Verifying g_slist_reverse
Houdini assignment axiom: (And true b0000 b0001 b0002 b0003 b0004 (! b0005) (! b0006) b0007 b0008 b0009 (! b0010) b0011 b0012 (! b0013) b0014 b0015 b0016 (! b0017) (! b0018) b0019 b0020 (! b0021) b0022 (! b0023) (! b0024) b0025 (! b0026) b0027 (! b0028) b0029 b0030 (! b0031) b0032 (! b0033) (! b0034) b0035 b0036 (! b0037) (! b0038) (! b0039) (! b0040) (! b0041) (! b0042) b0043 (! b0044) (! b0045) b0046 (! b0047) (! b0048) b0049 (! b0050) (! b0051) b0052 (! b0053) (! b0054) b0055 (! b0056) (! b0057) (! b0058) b0059 b0060 (! b0061) (! b0062) (! b0063) b0064 (! b0065) (! b0066) b0067 (! b0068) (! b0069) b0070 b0071 b0072 b0073 (! b0074) b0075 b0076 (! b0077) (! b0078) b0079 b0080 b0081 b0082 (! b0083) (! b0084) b0085 b0086 b0087 b0088 (! b0089) b0090 b0091 b0092 b0093 b0094 b0095 b0096 b0097 b0098 b0099 b0100 b0101 b0102 b0103 b0104 b0105 b0106 b0107 b0108 b0109 b0110 b0111 b0112 b0113 b0114 b0115 b0116)
Time taken = 0.045613
Removing b0090
Verifying g_slist_reverse
Houdini assignment axiom: (And true b0000 b0001 b0002 b0003 b0004 (! b0005) (! b0006) b0007 b0008 b0009 (! b0010) b0011 b0012 (! b0013) b0014 b0015 b0016 (! b0017) (! b0018) b0019 b0020 (! b0021) b0022 (! b0023) (! b0024) b0025 (! b0026) b0027 (! b0028) b0029 b0030 (! b0031) b0032 (! b0033) (! b0034) b0035 b0036 (! b0037) (! b0038) (! b0039) (! b0040) (! b0041) (! b0042) b0043 (! b0044) (! b0045) b0046 (! b0047) (! b0048) b0049 (! b0050) (! b0051) b0052 (! b0053) (! b0054) b0055 (! b0056) (! b0057) (! b0058) b0059 b0060 (! b0061) (! b0062) (! b0063) b0064 (! b0065) (! b0066) b0067 (! b0068) (! b0069) b0070 b0071 b0072 b0073 (! b0074) b0075 b0076 (! b0077) (! b0078) b0079 b0080 b0081 b0082 (! b0083) (! b0084) b0085 b0086 b0087 b0088 (! b0089) (! b0090) b0091 b0092 b0093 b0094 b0095 b0096 b0097 b0098 b0099 b0100 b0101 b0102 b0103 b0104 b0105 b0106 b0107 b0108 b0109 b0110 b0111 b0112 b0113 b0114 b0115 b0116)
Time taken = 0.04701
Removing b0095
Verifying g_slist_reverse
Houdini assignment axiom: (And true b0000 b0001 b0002 b0003 b0004 (! b0005) (! b0006) b0007 b0008 b0009 (! b0010) b0011 b0012 (! b0013) b0014 b0015 b0016 (! b0017) (! b0018) b0019 b0020 (! b0021) b0022 (! b0023) (! b0024) b0025 (! b0026) b0027 (! b0028) b0029 b0030 (! b0031) b0032 (! b0033) (! b0034) b0035 b0036 (! b0037) (! b0038) (! b0039) (! b0040) (! b0041) (! b0042) b0043 (! b0044) (! b0045) b0046 (! b0047) (! b0048) b0049 (! b0050) (! b0051) b0052 (! b0053) (! b0054) b0055 (! b0056) (! b0057) (! b0058) b0059 b0060 (! b0061) (! b0062) (! b0063) b0064 (! b0065) (! b0066) b0067 (! b0068) (! b0069) b0070 b0071 b0072 b0073 (! b0074) b0075 b0076 (! b0077) (! b0078) b0079 b0080 b0081 b0082 (! b0083) (! b0084) b0085 b0086 b0087 b0088 (! b0089) (! b0090) b0091 b0092 b0093 b0094 (! b0095) b0096 b0097 b0098 b0099 b0100 b0101 b0102 b0103 b0104 b0105 b0106 b0107 b0108 b0109 b0110 b0111 b0112 b0113 b0114 b0115 b0116)
Time taken = 0.045074
Removing b0096
Verifying g_slist_reverse
Houdini assignment axiom: (And true b0000 b0001 b0002 b0003 b0004 (! b0005) (! b0006) b0007 b0008 b0009 (! b0010) b0011 b0012 (! b0013) b0014 b0015 b0016 (! b0017) (! b0018) b0019 b0020 (! b0021) b0022 (! b0023) (! b0024) b0025 (! b0026) b0027 (! b0028) b0029 b0030 (! b0031) b0032 (! b0033) (! b0034) b0035 b0036 (! b0037) (! b0038) (! b0039) (! b0040) (! b0041) (! b0042) b0043 (! b0044) (! b0045) b0046 (! b0047) (! b0048) b0049 (! b0050) (! b0051) b0052 (! b0053) (! b0054) b0055 (! b0056) (! b0057) (! b0058) b0059 b0060 (! b0061) (! b0062) (! b0063) b0064 (! b0065) (! b0066) b0067 (! b0068) (! b0069) b0070 b0071 b0072 b0073 (! b0074) b0075 b0076 (! b0077) (! b0078) b0079 b0080 b0081 b0082 (! b0083) (! b0084) b0085 b0086 b0087 b0088 (! b0089) (! b0090) b0091 b0092 b0093 b0094 (! b0095) (! b0096) b0097 b0098 b0099 b0100 b0101 b0102 b0103 b0104 b0105 b0106 b0107 b0108 b0109 b0110 b0111 b0112 b0113 b0114 b0115 b0116)
Time taken = 0.041236
Removing b0100
Verifying g_slist_reverse
Houdini assignment axiom: (And true b0000 b0001 b0002 b0003 b0004 (! b0005) (! b0006) b0007 b0008 b0009 (! b0010) b0011 b0012 (! b0013) b0014 b0015 b0016 (! b0017) (! b0018) b0019 b0020 (! b0021) b0022 (! b0023) (! b0024) b0025 (! b0026) b0027 (! b0028) b0029 b0030 (! b0031) b0032 (! b0033) (! b0034) b0035 b0036 (! b0037) (! b0038) (! b0039) (! b0040) (! b0041) (! b0042) b0043 (! b0044) (! b0045) b0046 (! b0047) (! b0048) b0049 (! b0050) (! b0051) b0052 (! b0053) (! b0054) b0055 (! b0056) (! b0057) (! b0058) b0059 b0060 (! b0061) (! b0062) (! b0063) b0064 (! b0065) (! b0066) b0067 (! b0068) (! b0069) b0070 b0071 b0072 b0073 (! b0074) b0075 b0076 (! b0077) (! b0078) b0079 b0080 b0081 b0082 (! b0083) (! b0084) b0085 b0086 b0087 b0088 (! b0089) (! b0090) b0091 b0092 b0093 b0094 (! b0095) (! b0096) b0097 b0098 b0099 (! b0100) b0101 b0102 b0103 b0104 b0105 b0106 b0107 b0108 b0109 b0110 b0111 b0112 b0113 b0114 b0115 b0116)
Time taken = 0.039091
Removing b0103
Verifying g_slist_reverse
Houdini assignment axiom: (And true b0000 b0001 b0002 b0003 b0004 (! b0005) (! b0006) b0007 b0008 b0009 (! b0010) b0011 b0012 (! b0013) b0014 b0015 b0016 (! b0017) (! b0018) b0019 b0020 (! b0021) b0022 (! b0023) (! b0024) b0025 (! b0026) b0027 (! b0028) b0029 b0030 (! b0031) b0032 (! b0033) (! b0034) b0035 b0036 (! b0037) (! b0038) (! b0039) (! b0040) (! b0041) (! b0042) b0043 (! b0044) (! b0045) b0046 (! b0047) (! b0048) b0049 (! b0050) (! b0051) b0052 (! b0053) (! b0054) b0055 (! b0056) (! b0057) (! b0058) b0059 b0060 (! b0061) (! b0062) (! b0063) b0064 (! b0065) (! b0066) b0067 (! b0068) (! b0069) b0070 b0071 b0072 b0073 (! b0074) b0075 b0076 (! b0077) (! b0078) b0079 b0080 b0081 b0082 (! b0083) (! b0084) b0085 b0086 b0087 b0088 (! b0089) (! b0090) b0091 b0092 b0093 b0094 (! b0095) (! b0096) b0097 b0098 b0099 (! b0100) b0101 b0102 (! b0103) b0104 b0105 b0106 b0107 b0108 b0109 b0110 b0111 b0112 b0113 b0114 b0115 b0116)
Time taken = 0.112561
Removing b0007
Removing b0004
Verifying g_slist_reverse
Houdini assignment axiom: (And true b0000 b0001 b0002 b0003 (! b0004) (! b0005) (! b0006) (! b0007) b0008 b0009 (! b0010) b0011 b0012 (! b0013) b0014 b0015 b0016 (! b0017) (! b0018) b0019 b0020 (! b0021) b0022 (! b0023) (! b0024) b0025 (! b0026) b0027 (! b0028) b0029 b0030 (! b0031) b0032 (! b0033) (! b0034) b0035 b0036 (! b0037) (! b0038) (! b0039) (! b0040) (! b0041) (! b0042) b0043 (! b0044) (! b0045) b0046 (! b0047) (! b0048) b0049 (! b0050) (! b0051) b0052 (! b0053) (! b0054) b0055 (! b0056) (! b0057) (! b0058) b0059 b0060 (! b0061) (! b0062) (! b0063) b0064 (! b0065) (! b0066) b0067 (! b0068) (! b0069) b0070 b0071 b0072 b0073 (! b0074) b0075 b0076 (! b0077) (! b0078) b0079 b0080 b0081 b0082 (! b0083) (! b0084) b0085 b0086 b0087 b0088 (! b0089) (! b0090) b0091 b0092 b0093 b0094 (! b0095) (! b0096) b0097 b0098 b0099 (! b0100) b0101 b0102 (! b0103) b0104 b0105 b0106 b0107 b0108 b0109 b0110 b0111 b0112 b0113 b0114 b0115 b0116)
Time taken = 0.081317
Removing b0008
Verifying g_slist_reverse
Houdini assignment axiom: (And true b0000 b0001 b0002 b0003 (! b0004) (! b0005) (! b0006) (! b0007) (! b0008) b0009 (! b0010) b0011 b0012 (! b0013) b0014 b0015 b0016 (! b0017) (! b0018) b0019 b0020 (! b0021) b0022 (! b0023) (! b0024) b0025 (! b0026) b0027 (! b0028) b0029 b0030 (! b0031) b0032 (! b0033) (! b0034) b0035 b0036 (! b0037) (! b0038) (! b0039) (! b0040) (! b0041) (! b0042) b0043 (! b0044) (! b0045) b0046 (! b0047) (! b0048) b0049 (! b0050) (! b0051) b0052 (! b0053) (! b0054) b0055 (! b0056) (! b0057) (! b0058) b0059 b0060 (! b0061) (! b0062) (! b0063) b0064 (! b0065) (! b0066) b0067 (! b0068) (! b0069) b0070 b0071 b0072 b0073 (! b0074) b0075 b0076 (! b0077) (! b0078) b0079 b0080 b0081 b0082 (! b0083) (! b0084) b0085 b0086 b0087 b0088 (! b0089) (! b0090) b0091 b0092 b0093 b0094 (! b0095) (! b0096) b0097 b0098 b0099 (! b0100) b0101 b0102 (! b0103) b0104 b0105 b0106 b0107 b0108 b0109 b0110 b0111 b0112 b0113 b0114 b0115 b0116)
Time taken = 0.073396
Removing b0009
Verifying g_slist_reverse
Houdini assignment axiom: (And true b0000 b0001 b0002 b0003 (! b0004) (! b0005) (! b0006) (! b0007) (! b0008) (! b0009) (! b0010) b0011 b0012 (! b0013) b0014 b0015 b0016 (! b0017) (! b0018) b0019 b0020 (! b0021) b0022 (! b0023) (! b0024) b0025 (! b0026) b0027 (! b0028) b0029 b0030 (! b0031) b0032 (! b0033) (! b0034) b0035 b0036 (! b0037) (! b0038) (! b0039) (! b0040) (! b0041) (! b0042) b0043 (! b0044) (! b0045) b0046 (! b0047) (! b0048) b0049 (! b0050) (! b0051) b0052 (! b0053) (! b0054) b0055 (! b0056) (! b0057) (! b0058) b0059 b0060 (! b0061) (! b0062) (! b0063) b0064 (! b0065) (! b0066) b0067 (! b0068) (! b0069) b0070 b0071 b0072 b0073 (! b0074) b0075 b0076 (! b0077) (! b0078) b0079 b0080 b0081 b0082 (! b0083) (! b0084) b0085 b0086 b0087 b0088 (! b0089) (! b0090) b0091 b0092 b0093 b0094 (! b0095) (! b0096) b0097 b0098 b0099 (! b0100) b0101 b0102 (! b0103) b0104 b0105 b0106 b0107 b0108 b0109 b0110 b0111 b0112 b0113 b0114 b0115 b0116)
Time taken = 0.071028
Removing b0011
Verifying g_slist_reverse
Houdini assignment axiom: (And true b0000 b0001 b0002 b0003 (! b0004) (! b0005) (! b0006) (! b0007) (! b0008) (! b0009) (! b0010) (! b0011) b0012 (! b0013) b0014 b0015 b0016 (! b0017) (! b0018) b0019 b0020 (! b0021) b0022 (! b0023) (! b0024) b0025 (! b0026) b0027 (! b0028) b0029 b0030 (! b0031) b0032 (! b0033) (! b0034) b0035 b0036 (! b0037) (! b0038) (! b0039) (! b0040) (! b0041) (! b0042) b0043 (! b0044) (! b0045) b0046 (! b0047) (! b0048) b0049 (! b0050) (! b0051) b0052 (! b0053) (! b0054) b0055 (! b0056) (! b0057) (! b0058) b0059 b0060 (! b0061) (! b0062) (! b0063) b0064 (! b0065) (! b0066) b0067 (! b0068) (! b0069) b0070 b0071 b0072 b0073 (! b0074) b0075 b0076 (! b0077) (! b0078) b0079 b0080 b0081 b0082 (! b0083) (! b0084) b0085 b0086 b0087 b0088 (! b0089) (! b0090) b0091 b0092 b0093 b0094 (! b0095) (! b0096) b0097 b0098 b0099 (! b0100) b0101 b0102 (! b0103) b0104 b0105 b0106 b0107 b0108 b0109 b0110 b0111 b0112 b0113 b0114 b0115 b0116)
Time taken = 0.1377
Removing b0019
Removing b0016
Removing b0022
Verifying g_slist_reverse
Houdini assignment axiom: (And true b0000 b0001 b0002 b0003 (! b0004) (! b0005) (! b0006) (! b0007) (! b0008) (! b0009) (! b0010) (! b0011) b0012 (! b0013) b0014 b0015 (! b0016) (! b0017) (! b0018) (! b0019) b0020 (! b0021) (! b0022) (! b0023) (! b0024) b0025 (! b0026) b0027 (! b0028) b0029 b0030 (! b0031) b0032 (! b0033) (! b0034) b0035 b0036 (! b0037) (! b0038) (! b0039) (! b0040) (! b0041) (! b0042) b0043 (! b0044) (! b0045) b0046 (! b0047) (! b0048) b0049 (! b0050) (! b0051) b0052 (! b0053) (! b0054) b0055 (! b0056) (! b0057) (! b0058) b0059 b0060 (! b0061) (! b0062) (! b0063) b0064 (! b0065) (! b0066) b0067 (! b0068) (! b0069) b0070 b0071 b0072 b0073 (! b0074) b0075 b0076 (! b0077) (! b0078) b0079 b0080 b0081 b0082 (! b0083) (! b0084) b0085 b0086 b0087 b0088 (! b0089) (! b0090) b0091 b0092 b0093 b0094 (! b0095) (! b0096) b0097 b0098 b0099 (! b0100) b0101 b0102 (! b0103) b0104 b0105 b0106 b0107 b0108 b0109 b0110 b0111 b0112 b0113 b0114 b0115 b0116)
Time taken = 0.116496
Removing b0020
Removing b0027
Verifying g_slist_reverse
Houdini assignment axiom: (And true b0000 b0001 b0002 b0003 (! b0004) (! b0005) (! b0006) (! b0007) (! b0008) (! b0009) (! b0010) (! b0011) b0012 (! b0013) b0014 b0015 (! b0016) (! b0017) (! b0018) (! b0019) (! b0020) (! b0021) (! b0022) (! b0023) (! b0024) b0025 (! b0026) (! b0027) (! b0028) b0029 b0030 (! b0031) b0032 (! b0033) (! b0034) b0035 b0036 (! b0037) (! b0038) (! b0039) (! b0040) (! b0041) (! b0042) b0043 (! b0044) (! b0045) b0046 (! b0047) (! b0048) b0049 (! b0050) (! b0051) b0052 (! b0053) (! b0054) b0055 (! b0056) (! b0057) (! b0058) b0059 b0060 (! b0061) (! b0062) (! b0063) b0064 (! b0065) (! b0066) b0067 (! b0068) (! b0069) b0070 b0071 b0072 b0073 (! b0074) b0075 b0076 (! b0077) (! b0078) b0079 b0080 b0081 b0082 (! b0083) (! b0084) b0085 b0086 b0087 b0088 (! b0089) (! b0090) b0091 b0092 b0093 b0094 (! b0095) (! b0096) b0097 b0098 b0099 (! b0100) b0101 b0102 (! b0103) b0104 b0105 b0106 b0107 b0108 b0109 b0110 b0111 b0112 b0113 b0114 b0115 b0116)
Time taken = 0.113891
Removing b0025
Removing b0029
Verifying g_slist_reverse
Houdini assignment axiom: (And true b0000 b0001 b0002 b0003 (! b0004) (! b0005) (! b0006) (! b0007) (! b0008) (! b0009) (! b0010) (! b0011) b0012 (! b0013) b0014 b0015 (! b0016) (! b0017) (! b0018) (! b0019) (! b0020) (! b0021) (! b0022) (! b0023) (! b0024) (! b0025) (! b0026) (! b0027) (! b0028) (! b0029) b0030 (! b0031) b0032 (! b0033) (! b0034) b0035 b0036 (! b0037) (! b0038) (! b0039) (! b0040) (! b0041) (! b0042) b0043 (! b0044) (! b0045) b0046 (! b0047) (! b0048) b0049 (! b0050) (! b0051) b0052 (! b0053) (! b0054) b0055 (! b0056) (! b0057) (! b0058) b0059 b0060 (! b0061) (! b0062) (! b0063) b0064 (! b0065) (! b0066) b0067 (! b0068) (! b0069) b0070 b0071 b0072 b0073 (! b0074) b0075 b0076 (! b0077) (! b0078) b0079 b0080 b0081 b0082 (! b0083) (! b0084) b0085 b0086 b0087 b0088 (! b0089) (! b0090) b0091 b0092 b0093 b0094 (! b0095) (! b0096) b0097 b0098 b0099 (! b0100) b0101 b0102 (! b0103) b0104 b0105 b0106 b0107 b0108 b0109 b0110 b0111 b0112 b0113 b0114 b0115 b0116)
Time taken = 0.088714
Removing b0035
Verifying g_slist_reverse
Houdini assignment axiom: (And true b0000 b0001 b0002 b0003 (! b0004) (! b0005) (! b0006) (! b0007) (! b0008) (! b0009) (! b0010) (! b0011) b0012 (! b0013) b0014 b0015 (! b0016) (! b0017) (! b0018) (! b0019) (! b0020) (! b0021) (! b0022) (! b0023) (! b0024) (! b0025) (! b0026) (! b0027) (! b0028) (! b0029) b0030 (! b0031) b0032 (! b0033) (! b0034) (! b0035) b0036 (! b0037) (! b0038) (! b0039) (! b0040) (! b0041) (! b0042) b0043 (! b0044) (! b0045) b0046 (! b0047) (! b0048) b0049 (! b0050) (! b0051) b0052 (! b0053) (! b0054) b0055 (! b0056) (! b0057) (! b0058) b0059 b0060 (! b0061) (! b0062) (! b0063) b0064 (! b0065) (! b0066) b0067 (! b0068) (! b0069) b0070 b0071 b0072 b0073 (! b0074) b0075 b0076 (! b0077) (! b0078) b0079 b0080 b0081 b0082 (! b0083) (! b0084) b0085 b0086 b0087 b0088 (! b0089) (! b0090) b0091 b0092 b0093 b0094 (! b0095) (! b0096) b0097 b0098 b0099 (! b0100) b0101 b0102 (! b0103) b0104 b0105 b0106 b0107 b0108 b0109 b0110 b0111 b0112 b0113 b0114 b0115 b0116)
Time taken = 0.115626
Removing b0036
Removing b0043
Verifying g_slist_reverse
Houdini assignment axiom: (And true b0000 b0001 b0002 b0003 (! b0004) (! b0005) (! b0006) (! b0007) (! b0008) (! b0009) (! b0010) (! b0011) b0012 (! b0013) b0014 b0015 (! b0016) (! b0017) (! b0018) (! b0019) (! b0020) (! b0021) (! b0022) (! b0023) (! b0024) (! b0025) (! b0026) (! b0027) (! b0028) (! b0029) b0030 (! b0031) b0032 (! b0033) (! b0034) (! b0035) (! b0036) (! b0037) (! b0038) (! b0039) (! b0040) (! b0041) (! b0042) (! b0043) (! b0044) (! b0045) b0046 (! b0047) (! b0048) b0049 (! b0050) (! b0051) b0052 (! b0053) (! b0054) b0055 (! b0056) (! b0057) (! b0058) b0059 b0060 (! b0061) (! b0062) (! b0063) b0064 (! b0065) (! b0066) b0067 (! b0068) (! b0069) b0070 b0071 b0072 b0073 (! b0074) b0075 b0076 (! b0077) (! b0078) b0079 b0080 b0081 b0082 (! b0083) (! b0084) b0085 b0086 b0087 b0088 (! b0089) (! b0090) b0091 b0092 b0093 b0094 (! b0095) (! b0096) b0097 b0098 b0099 (! b0100) b0101 b0102 (! b0103) b0104 b0105 b0106 b0107 b0108 b0109 b0110 b0111 b0112 b0113 b0114 b0115 b0116)
Time taken = 0.073824
Removing b0046
Verifying g_slist_reverse
Houdini assignment axiom: (And true b0000 b0001 b0002 b0003 (! b0004) (! b0005) (! b0006) (! b0007) (! b0008) (! b0009) (! b0010) (! b0011) b0012 (! b0013) b0014 b0015 (! b0016) (! b0017) (! b0018) (! b0019) (! b0020) (! b0021) (! b0022) (! b0023) (! b0024) (! b0025) (! b0026) (! b0027) (! b0028) (! b0029) b0030 (! b0031) b0032 (! b0033) (! b0034) (! b0035) (! b0036) (! b0037) (! b0038) (! b0039) (! b0040) (! b0041) (! b0042) (! b0043) (! b0044) (! b0045) (! b0046) (! b0047) (! b0048) b0049 (! b0050) (! b0051) b0052 (! b0053) (! b0054) b0055 (! b0056) (! b0057) (! b0058) b0059 b0060 (! b0061) (! b0062) (! b0063) b0064 (! b0065) (! b0066) b0067 (! b0068) (! b0069) b0070 b0071 b0072 b0073 (! b0074) b0075 b0076 (! b0077) (! b0078) b0079 b0080 b0081 b0082 (! b0083) (! b0084) b0085 b0086 b0087 b0088 (! b0089) (! b0090) b0091 b0092 b0093 b0094 (! b0095) (! b0096) b0097 b0098 b0099 (! b0100) b0101 b0102 (! b0103) b0104 b0105 b0106 b0107 b0108 b0109 b0110 b0111 b0112 b0113 b0114 b0115 b0116)
Time taken = 0.081172
Removing b0049
Verifying g_slist_reverse
Houdini assignment axiom: (And true b0000 b0001 b0002 b0003 (! b0004) (! b0005) (! b0006) (! b0007) (! b0008) (! b0009) (! b0010) (! b0011) b0012 (! b0013) b0014 b0015 (! b0016) (! b0017) (! b0018) (! b0019) (! b0020) (! b0021) (! b0022) (! b0023) (! b0024) (! b0025) (! b0026) (! b0027) (! b0028) (! b0029) b0030 (! b0031) b0032 (! b0033) (! b0034) (! b0035) (! b0036) (! b0037) (! b0038) (! b0039) (! b0040) (! b0041) (! b0042) (! b0043) (! b0044) (! b0045) (! b0046) (! b0047) (! b0048) (! b0049) (! b0050) (! b0051) b0052 (! b0053) (! b0054) b0055 (! b0056) (! b0057) (! b0058) b0059 b0060 (! b0061) (! b0062) (! b0063) b0064 (! b0065) (! b0066) b0067 (! b0068) (! b0069) b0070 b0071 b0072 b0073 (! b0074) b0075 b0076 (! b0077) (! b0078) b0079 b0080 b0081 b0082 (! b0083) (! b0084) b0085 b0086 b0087 b0088 (! b0089) (! b0090) b0091 b0092 b0093 b0094 (! b0095) (! b0096) b0097 b0098 b0099 (! b0100) b0101 b0102 (! b0103) b0104 b0105 b0106 b0107 b0108 b0109 b0110 b0111 b0112 b0113 b0114 b0115 b0116)
Time taken = 0.09277
Removing b0052
Verifying g_slist_reverse
Houdini assignment axiom: (And true b0000 b0001 b0002 b0003 (! b0004) (! b0005) (! b0006) (! b0007) (! b0008) (! b0009) (! b0010) (! b0011) b0012 (! b0013) b0014 b0015 (! b0016) (! b0017) (! b0018) (! b0019) (! b0020) (! b0021) (! b0022) (! b0023) (! b0024) (! b0025) (! b0026) (! b0027) (! b0028) (! b0029) b0030 (! b0031) b0032 (! b0033) (! b0034) (! b0035) (! b0036) (! b0037) (! b0038) (! b0039) (! b0040) (! b0041) (! b0042) (! b0043) (! b0044) (! b0045) (! b0046) (! b0047) (! b0048) (! b0049) (! b0050) (! b0051) (! b0052) (! b0053) (! b0054) b0055 (! b0056) (! b0057) (! b0058) b0059 b0060 (! b0061) (! b0062) (! b0063) b0064 (! b0065) (! b0066) b0067 (! b0068) (! b0069) b0070 b0071 b0072 b0073 (! b0074) b0075 b0076 (! b0077) (! b0078) b0079 b0080 b0081 b0082 (! b0083) (! b0084) b0085 b0086 b0087 b0088 (! b0089) (! b0090) b0091 b0092 b0093 b0094 (! b0095) (! b0096) b0097 b0098 b0099 (! b0100) b0101 b0102 (! b0103) b0104 b0105 b0106 b0107 b0108 b0109 b0110 b0111 b0112 b0113 b0114 b0115 b0116)
Time taken = 0.089232
Removing b0059
Verifying g_slist_reverse
Houdini assignment axiom: (And true b0000 b0001 b0002 b0003 (! b0004) (! b0005) (! b0006) (! b0007) (! b0008) (! b0009) (! b0010) (! b0011) b0012 (! b0013) b0014 b0015 (! b0016) (! b0017) (! b0018) (! b0019) (! b0020) (! b0021) (! b0022) (! b0023) (! b0024) (! b0025) (! b0026) (! b0027) (! b0028) (! b0029) b0030 (! b0031) b0032 (! b0033) (! b0034) (! b0035) (! b0036) (! b0037) (! b0038) (! b0039) (! b0040) (! b0041) (! b0042) (! b0043) (! b0044) (! b0045) (! b0046) (! b0047) (! b0048) (! b0049) (! b0050) (! b0051) (! b0052) (! b0053) (! b0054) b0055 (! b0056) (! b0057) (! b0058) (! b0059) b0060 (! b0061) (! b0062) (! b0063) b0064 (! b0065) (! b0066) b0067 (! b0068) (! b0069) b0070 b0071 b0072 b0073 (! b0074) b0075 b0076 (! b0077) (! b0078) b0079 b0080 b0081 b0082 (! b0083) (! b0084) b0085 b0086 b0087 b0088 (! b0089) (! b0090) b0091 b0092 b0093 b0094 (! b0095) (! b0096) b0097 b0098 b0099 (! b0100) b0101 b0102 (! b0103) b0104 b0105 b0106 b0107 b0108 b0109 b0110 b0111 b0112 b0113 b0114 b0115 b0116)
Time taken = 0.14732
Removing b0064
Removing b0060
Verifying g_slist_reverse
Houdini assignment axiom: (And true b0000 b0001 b0002 b0003 (! b0004) (! b0005) (! b0006) (! b0007) (! b0008) (! b0009) (! b0010) (! b0011) b0012 (! b0013) b0014 b0015 (! b0016) (! b0017) (! b0018) (! b0019) (! b0020) (! b0021) (! b0022) (! b0023) (! b0024) (! b0025) (! b0026) (! b0027) (! b0028) (! b0029) b0030 (! b0031) b0032 (! b0033) (! b0034) (! b0035) (! b0036) (! b0037) (! b0038) (! b0039) (! b0040) (! b0041) (! b0042) (! b0043) (! b0044) (! b0045) (! b0046) (! b0047) (! b0048) (! b0049) (! b0050) (! b0051) (! b0052) (! b0053) (! b0054) b0055 (! b0056) (! b0057) (! b0058) (! b0059) (! b0060) (! b0061) (! b0062) (! b0063) (! b0064) (! b0065) (! b0066) b0067 (! b0068) (! b0069) b0070 b0071 b0072 b0073 (! b0074) b0075 b0076 (! b0077) (! b0078) b0079 b0080 b0081 b0082 (! b0083) (! b0084) b0085 b0086 b0087 b0088 (! b0089) (! b0090) b0091 b0092 b0093 b0094 (! b0095) (! b0096) b0097 b0098 b0099 (! b0100) b0101 b0102 (! b0103) b0104 b0105 b0106 b0107 b0108 b0109 b0110 b0111 b0112 b0113 b0114 b0115 b0116)
Time taken = 0.329046
Removing b0067
Removing b0070
Removing b0071
Removing b0073
Removing b0000
Removing b0003
Removing b0015
Removing b0055
Verifying g_slist_reverse
Houdini assignment axiom: (And true (! b0000) b0001 b0002 (! b0003) (! b0004) (! b0005) (! b0006) (! b0007) (! b0008) (! b0009) (! b0010) (! b0011) b0012 (! b0013) b0014 (! b0015) (! b0016) (! b0017) (! b0018) (! b0019) (! b0020) (! b0021) (! b0022) (! b0023) (! b0024) (! b0025) (! b0026) (! b0027) (! b0028) (! b0029) b0030 (! b0031) b0032 (! b0033) (! b0034) (! b0035) (! b0036) (! b0037) (! b0038) (! b0039) (! b0040) (! b0041) (! b0042) (! b0043) (! b0044) (! b0045) (! b0046) (! b0047) (! b0048) (! b0049) (! b0050) (! b0051) (! b0052) (! b0053) (! b0054) (! b0055) (! b0056) (! b0057) (! b0058) (! b0059) (! b0060) (! b0061) (! b0062) (! b0063) (! b0064) (! b0065) (! b0066) (! b0067) (! b0068) (! b0069) (! b0070) (! b0071) b0072 (! b0073) (! b0074) b0075 b0076 (! b0077) (! b0078) b0079 b0080 b0081 b0082 (! b0083) (! b0084) b0085 b0086 b0087 b0088 (! b0089) (! b0090) b0091 b0092 b0093 b0094 (! b0095) (! b0096) b0097 b0098 b0099 (! b0100) b0101 b0102 (! b0103) b0104 b0105 b0106 b0107 b0108 b0109 b0110 b0111 b0112 b0113 b0114 b0115 b0116)
Time taken = 0.399788
Removing b0030
Removing b0072
Removing b0075
Removing b0079
Removing b0032
Removing b0085
Removing b0106
Removing b0109
Verifying g_slist_reverse
Houdini assignment axiom: (And true (! b0000) b0001 b0002 (! b0003) (! b0004) (! b0005) (! b0006) (! b0007) (! b0008) (! b0009) (! b0010) (! b0011) b0012 (! b0013) b0014 (! b0015) (! b0016) (! b0017) (! b0018) (! b0019) (! b0020) (! b0021) (! b0022) (! b0023) (! b0024) (! b0025) (! b0026) (! b0027) (! b0028) (! b0029) (! b0030) (! b0031) (! b0032) (! b0033) (! b0034) (! b0035) (! b0036) (! b0037) (! b0038) (! b0039) (! b0040) (! b0041) (! b0042) (! b0043) (! b0044) (! b0045) (! b0046) (! b0047) (! b0048) (! b0049) (! b0050) (! b0051) (! b0052) (! b0053) (! b0054) (! b0055) (! b0056) (! b0057) (! b0058) (! b0059) (! b0060) (! b0061) (! b0062) (! b0063) (! b0064) (! b0065) (! b0066) (! b0067) (! b0068) (! b0069) (! b0070) (! b0071) (! b0072) (! b0073) (! b0074) (! b0075) b0076 (! b0077) (! b0078) (! b0079) b0080 b0081 b0082 (! b0083) (! b0084) (! b0085) b0086 b0087 b0088 (! b0089) (! b0090) b0091 b0092 b0093 b0094 (! b0095) (! b0096) b0097 b0098 b0099 (! b0100) b0101 b0102 (! b0103) b0104 b0105 (! b0106) b0107 b0108 (! b0109) b0110 b0111 b0112 b0113 b0114 b0115 b0116)
Time taken = 0.237492
Removing b0076
Removing b0080
Removing b0086
Removing b0108
Removing b0110
Verifying g_slist_reverse
Houdini assignment axiom: (And true (! b0000) b0001 b0002 (! b0003) (! b0004) (! b0005) (! b0006) (! b0007) (! b0008) (! b0009) (! b0010) (! b0011) b0012 (! b0013) b0014 (! b0015) (! b0016) (! b0017) (! b0018) (! b0019) (! b0020) (! b0021) (! b0022) (! b0023) (! b0024) (! b0025) (! b0026) (! b0027) (! b0028) (! b0029) (! b0030) (! b0031) (! b0032) (! b0033) (! b0034) (! b0035) (! b0036) (! b0037) (! b0038) (! b0039) (! b0040) (! b0041) (! b0042) (! b0043) (! b0044) (! b0045) (! b0046) (! b0047) (! b0048) (! b0049) (! b0050) (! b0051) (! b0052) (! b0053) (! b0054) (! b0055) (! b0056) (! b0057) (! b0058) (! b0059) (! b0060) (! b0061) (! b0062) (! b0063) (! b0064) (! b0065) (! b0066) (! b0067) (! b0068) (! b0069) (! b0070) (! b0071) (! b0072) (! b0073) (! b0074) (! b0075) (! b0076) (! b0077) (! b0078) (! b0079) (! b0080) b0081 b0082 (! b0083) (! b0084) (! b0085) (! b0086) b0087 b0088 (! b0089) (! b0090) b0091 b0092 b0093 b0094 (! b0095) (! b0096) b0097 b0098 b0099 (! b0100) b0101 b0102 (! b0103) b0104 b0105 (! b0106) b0107 (! b0108) (! b0109) (! b0110) b0111 b0112 b0113 b0114 b0115 b0116)
Time taken = 0.306123
Removing b0081
Removing b0091
Removing b0097
Removing b0112
Removing b0093
Verifying g_slist_reverse
Houdini assignment axiom: (And true (! b0000) b0001 b0002 (! b0003) (! b0004) (! b0005) (! b0006) (! b0007) (! b0008) (! b0009) (! b0010) (! b0011) b0012 (! b0013) b0014 (! b0015) (! b0016) (! b0017) (! b0018) (! b0019) (! b0020) (! b0021) (! b0022) (! b0023) (! b0024) (! b0025) (! b0026) (! b0027) (! b0028) (! b0029) (! b0030) (! b0031) (! b0032) (! b0033) (! b0034) (! b0035) (! b0036) (! b0037) (! b0038) (! b0039) (! b0040) (! b0041) (! b0042) (! b0043) (! b0044) (! b0045) (! b0046) (! b0047) (! b0048) (! b0049) (! b0050) (! b0051) (! b0052) (! b0053) (! b0054) (! b0055) (! b0056) (! b0057) (! b0058) (! b0059) (! b0060) (! b0061) (! b0062) (! b0063) (! b0064) (! b0065) (! b0066) (! b0067) (! b0068) (! b0069) (! b0070) (! b0071) (! b0072) (! b0073) (! b0074) (! b0075) (! b0076) (! b0077) (! b0078) (! b0079) (! b0080) (! b0081) b0082 (! b0083) (! b0084) (! b0085) (! b0086) b0087 b0088 (! b0089) (! b0090) (! b0091) b0092 (! b0093) b0094 (! b0095) (! b0096) (! b0097) b0098 b0099 (! b0100) b0101 b0102 (! b0103) b0104 b0105 (! b0106) b0107 (! b0108) (! b0109) (! b0110) b0111 (! b0112) b0113 b0114 b0115 b0116)
Time taken = 0.243324
Removing b0082
Removing b0092
Removing b0094
Removing b0098
Removing b0114
Verifying g_slist_reverse
Houdini assignment axiom: (And true (! b0000) b0001 b0002 (! b0003) (! b0004) (! b0005) (! b0006) (! b0007) (! b0008) (! b0009) (! b0010) (! b0011) b0012 (! b0013) b0014 (! b0015) (! b0016) (! b0017) (! b0018) (! b0019) (! b0020) (! b0021) (! b0022) (! b0023) (! b0024) (! b0025) (! b0026) (! b0027) (! b0028) (! b0029) (! b0030) (! b0031) (! b0032) (! b0033) (! b0034) (! b0035) (! b0036) (! b0037) (! b0038) (! b0039) (! b0040) (! b0041) (! b0042) (! b0043) (! b0044) (! b0045) (! b0046) (! b0047) (! b0048) (! b0049) (! b0050) (! b0051) (! b0052) (! b0053) (! b0054) (! b0055) (! b0056) (! b0057) (! b0058) (! b0059) (! b0060) (! b0061) (! b0062) (! b0063) (! b0064) (! b0065) (! b0066) (! b0067) (! b0068) (! b0069) (! b0070) (! b0071) (! b0072) (! b0073) (! b0074) (! b0075) (! b0076) (! b0077) (! b0078) (! b0079) (! b0080) (! b0081) (! b0082) (! b0083) (! b0084) (! b0085) (! b0086) b0087 b0088 (! b0089) (! b0090) (! b0091) (! b0092) (! b0093) (! b0094) (! b0095) (! b0096) (! b0097) (! b0098) b0099 (! b0100) b0101 b0102 (! b0103) b0104 b0105 (! b0106) b0107 (! b0108) (! b0109) (! b0110) b0111 (! b0112) b0113 (! b0114) b0115 b0116)
Time taken = 0.28912
Removing b0099
Removing b0101
Removing b0102
Removing b0104
Removing b0115
Verifying g_slist_reverse
Houdini assignment axiom: (And true (! b0000) b0001 b0002 (! b0003) (! b0004) (! b0005) (! b0006) (! b0007) (! b0008) (! b0009) (! b0010) (! b0011) b0012 (! b0013) b0014 (! b0015) (! b0016) (! b0017) (! b0018) (! b0019) (! b0020) (! b0021) (! b0022) (! b0023) (! b0024) (! b0025) (! b0026) (! b0027) (! b0028) (! b0029) (! b0030) (! b0031) (! b0032) (! b0033) (! b0034) (! b0035) (! b0036) (! b0037) (! b0038) (! b0039) (! b0040) (! b0041) (! b0042) (! b0043) (! b0044) (! b0045) (! b0046) (! b0047) (! b0048) (! b0049) (! b0050) (! b0051) (! b0052) (! b0053) (! b0054) (! b0055) (! b0056) (! b0057) (! b0058) (! b0059) (! b0060) (! b0061) (! b0062) (! b0063) (! b0064) (! b0065) (! b0066) (! b0067) (! b0068) (! b0069) (! b0070) (! b0071) (! b0072) (! b0073) (! b0074) (! b0075) (! b0076) (! b0077) (! b0078) (! b0079) (! b0080) (! b0081) (! b0082) (! b0083) (! b0084) (! b0085) (! b0086) b0087 b0088 (! b0089) (! b0090) (! b0091) (! b0092) (! b0093) (! b0094) (! b0095) (! b0096) (! b0097) (! b0098) (! b0099) (! b0100) (! b0101) (! b0102) (! b0103) (! b0104) b0105 (! b0106) b0107 (! b0108) (! b0109) (! b0110) b0111 (! b0112) b0113 (! b0114) (! b0115) b0116)
Time taken = 0.20093
Removing b0107
Removing b0105
Removing b0116
Verifying g_slist_reverse
Houdini assignment axiom: (And true (! b0000) b0001 b0002 (! b0003) (! b0004) (! b0005) (! b0006) (! b0007) (! b0008) (! b0009) (! b0010) (! b0011) b0012 (! b0013) b0014 (! b0015) (! b0016) (! b0017) (! b0018) (! b0019) (! b0020) (! b0021) (! b0022) (! b0023) (! b0024) (! b0025) (! b0026) (! b0027) (! b0028) (! b0029) (! b0030) (! b0031) (! b0032) (! b0033) (! b0034) (! b0035) (! b0036) (! b0037) (! b0038) (! b0039) (! b0040) (! b0041) (! b0042) (! b0043) (! b0044) (! b0045) (! b0046) (! b0047) (! b0048) (! b0049) (! b0050) (! b0051) (! b0052) (! b0053) (! b0054) (! b0055) (! b0056) (! b0057) (! b0058) (! b0059) (! b0060) (! b0061) (! b0062) (! b0063) (! b0064) (! b0065) (! b0066) (! b0067) (! b0068) (! b0069) (! b0070) (! b0071) (! b0072) (! b0073) (! b0074) (! b0075) (! b0076) (! b0077) (! b0078) (! b0079) (! b0080) (! b0081) (! b0082) (! b0083) (! b0084) (! b0085) (! b0086) b0087 b0088 (! b0089) (! b0090) (! b0091) (! b0092) (! b0093) (! b0094) (! b0095) (! b0096) (! b0097) (! b0098) (! b0099) (! b0100) (! b0101) (! b0102) (! b0103) (! b0104) (! b0105) (! b0106) (! b0107) (! b0108) (! b0109) (! b0110) b0111 (! b0112) b0113 (! b0114) (! b0115) (! b0116))
Time taken = 0.145637
Removing b0111
Verifying g_slist_reverse
Houdini assignment axiom: (And true (! b0000) b0001 b0002 (! b0003) (! b0004) (! b0005) (! b0006) (! b0007) (! b0008) (! b0009) (! b0010) (! b0011) b0012 (! b0013) b0014 (! b0015) (! b0016) (! b0017) (! b0018) (! b0019) (! b0020) (! b0021) (! b0022) (! b0023) (! b0024) (! b0025) (! b0026) (! b0027) (! b0028) (! b0029) (! b0030) (! b0031) (! b0032) (! b0033) (! b0034) (! b0035) (! b0036) (! b0037) (! b0038) (! b0039) (! b0040) (! b0041) (! b0042) (! b0043) (! b0044) (! b0045) (! b0046) (! b0047) (! b0048) (! b0049) (! b0050) (! b0051) (! b0052) (! b0053) (! b0054) (! b0055) (! b0056) (! b0057) (! b0058) (! b0059) (! b0060) (! b0061) (! b0062) (! b0063) (! b0064) (! b0065) (! b0066) (! b0067) (! b0068) (! b0069) (! b0070) (! b0071) (! b0072) (! b0073) (! b0074) (! b0075) (! b0076) (! b0077) (! b0078) (! b0079) (! b0080) (! b0081) (! b0082) (! b0083) (! b0084) (! b0085) (! b0086) b0087 b0088 (! b0089) (! b0090) (! b0091) (! b0092) (! b0093) (! b0094) (! b0095) (! b0096) (! b0097) (! b0098) (! b0099) (! b0100) (! b0101) (! b0102) (! b0103) (! b0104) (! b0105) (! b0106) (! b0107) (! b0108) (! b0109) (! b0110) (! b0111) (! b0112) b0113 (! b0114) (! b0115) (! b0116))
Time taken = 0.15969
Removing b0113
Verifying g_slist_reverse
Houdini assignment axiom: (And true (! b0000) b0001 b0002 (! b0003) (! b0004) (! b0005) (! b0006) (! b0007) (! b0008) (! b0009) (! b0010) (! b0011) b0012 (! b0013) b0014 (! b0015) (! b0016) (! b0017) (! b0018) (! b0019) (! b0020) (! b0021) (! b0022) (! b0023) (! b0024) (! b0025) (! b0026) (! b0027) (! b0028) (! b0029) (! b0030) (! b0031) (! b0032) (! b0033) (! b0034) (! b0035) (! b0036) (! b0037) (! b0038) (! b0039) (! b0040) (! b0041) (! b0042) (! b0043) (! b0044) (! b0045) (! b0046) (! b0047) (! b0048) (! b0049) (! b0050) (! b0051) (! b0052) (! b0053) (! b0054) (! b0055) (! b0056) (! b0057) (! b0058) (! b0059) (! b0060) (! b0061) (! b0062) (! b0063) (! b0064) (! b0065) (! b0066) (! b0067) (! b0068) (! b0069) (! b0070) (! b0071) (! b0072) (! b0073) (! b0074) (! b0075) (! b0076) (! b0077) (! b0078) (! b0079) (! b0080) (! b0081) (! b0082) (! b0083) (! b0084) (! b0085) (! b0086) b0087 b0088 (! b0089) (! b0090) (! b0091) (! b0092) (! b0093) (! b0094) (! b0095) (! b0096) (! b0097) (! b0098) (! b0099) (! b0100) (! b0101) (! b0102) (! b0103) (! b0104) (! b0105) (! b0106) (! b0107) (! b0108) (! b0109) (! b0110) (! b0111) (! b0112) (! b0113) (! b0114) (! b0115) (! b0116))
Time taken = 0.104581
Number of true assignments = 6
Number of false assignments = 111
Prover time = 5.52
Unsat core prover time = 0.00
Number of prover queries = 58
Number of unsat core prover queries = 0
Number of unsat core prunings = 0
verified

Boogie program verifier finished with 1 verified, 0 errors
+ rm -f houdiniCexTrace.bpl
