+++ dirname ../houdini.sh
++ cd ..
++ pwd
+ dir=/home/daejunpark/pldi17
+ prelude=Vcc3Prelude.array.bpl
+ bpl=./glibc/gslist/g_slist_remove.bpl.anon.pred.bpl
+ opt='/typeEncoding:m /prover:SMTLib /useArrayTheory /noinfer /contractInfer'
+ opt+=' /trace'
+ opt+=' /errorLimit:100 /z3multipleErrors'
+ opt+=' /proverMemoryLimit:1024'
+ rm -f houdiniCexTrace.bpl
+ mono /home/daejunpark/pldi17/popl16ae/Boogie/Binaries/Boogie.exe /typeEncoding:m /prover:SMTLib /useArrayTheory /noinfer /contractInfer /trace /errorLimit:100 /z3multipleErrors /proverMemoryLimit:1024 Vcc3Prelude.array.bpl ./glibc/gslist/g_slist_remove.bpl.anon.pred.bpl
[TRACE] Using prover: /home/daejunpark/pldi17/popl16ae/Boogie/Binaries/z3.exe
Boogie program verifier version 2.2.30705.1126, Copyright (c) 2003-2013, Microsoft.
Parsing Vcc3Prelude.array.bpl
Parsing ./glibc/gslist/g_slist_remove.bpl.anon.pred.bpl
Coalescing blocks...
Collecting existential constants...
Building call graph...
Number of implementations = 1
Beginning VC generation for Houdini...
Generating VC for g_slist_remove
Verifying g_slist_remove
Houdini assignment axiom: (And true b0000 b0001 b0002 b0003 b0004 b0005 b0006 b0007 b0008 b0009 b0010 b0011 b0012 b0013 b0014 b0015 b0016 b0017 b0018 b0019 b0020 b0021 b0022 b0023 b0024 b0025 b0026 b0027 b0028 b0029 b0030 b0031 b0032 b0033 b0034 b0035 b0036 b0037 b0038 b0039 b0040 b0041 b0042 b0043 b0044 b0045 b0046 b0047 b0048 b0049 b0050 b0051 b0052 b0053 b0054 b0055 b0056 b0057 b0058 b0059 b0060 b0061 b0062 b0063 b0064 b0065 b0066 b0067 b0068 b0069 b0070 b0071 b0072 b0073 b0074 b0075 b0076 b0077 b0078 b0079 b0080 b0081 b0082 b0083 b0084 b0085 b0086 b0087 b0088 b0089 b0090 b0091 b0092 b0093 b0094 b0095 b0096 b0097 b0098 b0099 b0100 b0101 b0102 b0103 b0104 b0105 b0106 b0107 b0108 b0109 b0110 b0111 b0112 b0113 b0114 b0115 b0116 b0117 b0118 b0119 b0120 b0121 b0122 b0123 b0124 b0125 b0126 b0127 b0128 b0129 b0130 b0131 b0132 b0133 b0134 b0135 b0136 b0137 b0138 b0139)
Time taken = 0.09617
Removing b0100
Removing b0010
Verifying g_slist_remove
Houdini assignment axiom: (And true b0000 b0001 b0002 b0003 b0004 b0005 b0006 b0007 b0008 b0009 (! b0010) b0011 b0012 b0013 b0014 b0015 b0016 b0017 b0018 b0019 b0020 b0021 b0022 b0023 b0024 b0025 b0026 b0027 b0028 b0029 b0030 b0031 b0032 b0033 b0034 b0035 b0036 b0037 b0038 b0039 b0040 b0041 b0042 b0043 b0044 b0045 b0046 b0047 b0048 b0049 b0050 b0051 b0052 b0053 b0054 b0055 b0056 b0057 b0058 b0059 b0060 b0061 b0062 b0063 b0064 b0065 b0066 b0067 b0068 b0069 b0070 b0071 b0072 b0073 b0074 b0075 b0076 b0077 b0078 b0079 b0080 b0081 b0082 b0083 b0084 b0085 b0086 b0087 b0088 b0089 b0090 b0091 b0092 b0093 b0094 b0095 b0096 b0097 b0098 b0099 (! b0100) b0101 b0102 b0103 b0104 b0105 b0106 b0107 b0108 b0109 b0110 b0111 b0112 b0113 b0114 b0115 b0116 b0117 b0118 b0119 b0120 b0121 b0122 b0123 b0124 b0125 b0126 b0127 b0128 b0129 b0130 b0131 b0132 b0133 b0134 b0135 b0136 b0137 b0138 b0139)
Time taken = 0.067815
Removing b0101
Removing b0011
Verifying g_slist_remove
Houdini assignment axiom: (And true b0000 b0001 b0002 b0003 b0004 b0005 b0006 b0007 b0008 b0009 (! b0010) (! b0011) b0012 b0013 b0014 b0015 b0016 b0017 b0018 b0019 b0020 b0021 b0022 b0023 b0024 b0025 b0026 b0027 b0028 b0029 b0030 b0031 b0032 b0033 b0034 b0035 b0036 b0037 b0038 b0039 b0040 b0041 b0042 b0043 b0044 b0045 b0046 b0047 b0048 b0049 b0050 b0051 b0052 b0053 b0054 b0055 b0056 b0057 b0058 b0059 b0060 b0061 b0062 b0063 b0064 b0065 b0066 b0067 b0068 b0069 b0070 b0071 b0072 b0073 b0074 b0075 b0076 b0077 b0078 b0079 b0080 b0081 b0082 b0083 b0084 b0085 b0086 b0087 b0088 b0089 b0090 b0091 b0092 b0093 b0094 b0095 b0096 b0097 b0098 b0099 (! b0100) (! b0101) b0102 b0103 b0104 b0105 b0106 b0107 b0108 b0109 b0110 b0111 b0112 b0113 b0114 b0115 b0116 b0117 b0118 b0119 b0120 b0121 b0122 b0123 b0124 b0125 b0126 b0127 b0128 b0129 b0130 b0131 b0132 b0133 b0134 b0135 b0136 b0137 b0138 b0139)
Time taken = 0.068195
Removing b0102
Removing b0012
Verifying g_slist_remove
Houdini assignment axiom: (And true b0000 b0001 b0002 b0003 b0004 b0005 b0006 b0007 b0008 b0009 (! b0010) (! b0011) (! b0012) b0013 b0014 b0015 b0016 b0017 b0018 b0019 b0020 b0021 b0022 b0023 b0024 b0025 b0026 b0027 b0028 b0029 b0030 b0031 b0032 b0033 b0034 b0035 b0036 b0037 b0038 b0039 b0040 b0041 b0042 b0043 b0044 b0045 b0046 b0047 b0048 b0049 b0050 b0051 b0052 b0053 b0054 b0055 b0056 b0057 b0058 b0059 b0060 b0061 b0062 b0063 b0064 b0065 b0066 b0067 b0068 b0069 b0070 b0071 b0072 b0073 b0074 b0075 b0076 b0077 b0078 b0079 b0080 b0081 b0082 b0083 b0084 b0085 b0086 b0087 b0088 b0089 b0090 b0091 b0092 b0093 b0094 b0095 b0096 b0097 b0098 b0099 (! b0100) (! b0101) (! b0102) b0103 b0104 b0105 b0106 b0107 b0108 b0109 b0110 b0111 b0112 b0113 b0114 b0115 b0116 b0117 b0118 b0119 b0120 b0121 b0122 b0123 b0124 b0125 b0126 b0127 b0128 b0129 b0130 b0131 b0132 b0133 b0134 b0135 b0136 b0137 b0138 b0139)
Time taken = 0.05876
Removing b0103
Removing b0016
Verifying g_slist_remove
Houdini assignment axiom: (And true b0000 b0001 b0002 b0003 b0004 b0005 b0006 b0007 b0008 b0009 (! b0010) (! b0011) (! b0012) b0013 b0014 b0015 (! b0016) b0017 b0018 b0019 b0020 b0021 b0022 b0023 b0024 b0025 b0026 b0027 b0028 b0029 b0030 b0031 b0032 b0033 b0034 b0035 b0036 b0037 b0038 b0039 b0040 b0041 b0042 b0043 b0044 b0045 b0046 b0047 b0048 b0049 b0050 b0051 b0052 b0053 b0054 b0055 b0056 b0057 b0058 b0059 b0060 b0061 b0062 b0063 b0064 b0065 b0066 b0067 b0068 b0069 b0070 b0071 b0072 b0073 b0074 b0075 b0076 b0077 b0078 b0079 b0080 b0081 b0082 b0083 b0084 b0085 b0086 b0087 b0088 b0089 b0090 b0091 b0092 b0093 b0094 b0095 b0096 b0097 b0098 b0099 (! b0100) (! b0101) (! b0102) (! b0103) b0104 b0105 b0106 b0107 b0108 b0109 b0110 b0111 b0112 b0113 b0114 b0115 b0116 b0117 b0118 b0119 b0120 b0121 b0122 b0123 b0124 b0125 b0126 b0127 b0128 b0129 b0130 b0131 b0132 b0133 b0134 b0135 b0136 b0137 b0138 b0139)
Time taken = 0.064526
Removing b0018
Verifying g_slist_remove
Houdini assignment axiom: (And true b0000 b0001 b0002 b0003 b0004 b0005 b0006 b0007 b0008 b0009 (! b0010) (! b0011) (! b0012) b0013 b0014 b0015 (! b0016) b0017 (! b0018) b0019 b0020 b0021 b0022 b0023 b0024 b0025 b0026 b0027 b0028 b0029 b0030 b0031 b0032 b0033 b0034 b0035 b0036 b0037 b0038 b0039 b0040 b0041 b0042 b0043 b0044 b0045 b0046 b0047 b0048 b0049 b0050 b0051 b0052 b0053 b0054 b0055 b0056 b0057 b0058 b0059 b0060 b0061 b0062 b0063 b0064 b0065 b0066 b0067 b0068 b0069 b0070 b0071 b0072 b0073 b0074 b0075 b0076 b0077 b0078 b0079 b0080 b0081 b0082 b0083 b0084 b0085 b0086 b0087 b0088 b0089 b0090 b0091 b0092 b0093 b0094 b0095 b0096 b0097 b0098 b0099 (! b0100) (! b0101) (! b0102) (! b0103) b0104 b0105 b0106 b0107 b0108 b0109 b0110 b0111 b0112 b0113 b0114 b0115 b0116 b0117 b0118 b0119 b0120 b0121 b0122 b0123 b0124 b0125 b0126 b0127 b0128 b0129 b0130 b0131 b0132 b0133 b0134 b0135 b0136 b0137 b0138 b0139)
Time taken = 0.063827
Removing b0019
Verifying g_slist_remove
Houdini assignment axiom: (And true b0000 b0001 b0002 b0003 b0004 b0005 b0006 b0007 b0008 b0009 (! b0010) (! b0011) (! b0012) b0013 b0014 b0015 (! b0016) b0017 (! b0018) (! b0019) b0020 b0021 b0022 b0023 b0024 b0025 b0026 b0027 b0028 b0029 b0030 b0031 b0032 b0033 b0034 b0035 b0036 b0037 b0038 b0039 b0040 b0041 b0042 b0043 b0044 b0045 b0046 b0047 b0048 b0049 b0050 b0051 b0052 b0053 b0054 b0055 b0056 b0057 b0058 b0059 b0060 b0061 b0062 b0063 b0064 b0065 b0066 b0067 b0068 b0069 b0070 b0071 b0072 b0073 b0074 b0075 b0076 b0077 b0078 b0079 b0080 b0081 b0082 b0083 b0084 b0085 b0086 b0087 b0088 b0089 b0090 b0091 b0092 b0093 b0094 b0095 b0096 b0097 b0098 b0099 (! b0100) (! b0101) (! b0102) (! b0103) b0104 b0105 b0106 b0107 b0108 b0109 b0110 b0111 b0112 b0113 b0114 b0115 b0116 b0117 b0118 b0119 b0120 b0121 b0122 b0123 b0124 b0125 b0126 b0127 b0128 b0129 b0130 b0131 b0132 b0133 b0134 b0135 b0136 b0137 b0138 b0139)
Time taken = 0.063986
Removing b0021
Verifying g_slist_remove
Houdini assignment axiom: (And true b0000 b0001 b0002 b0003 b0004 b0005 b0006 b0007 b0008 b0009 (! b0010) (! b0011) (! b0012) b0013 b0014 b0015 (! b0016) b0017 (! b0018) (! b0019) b0020 (! b0021) b0022 b0023 b0024 b0025 b0026 b0027 b0028 b0029 b0030 b0031 b0032 b0033 b0034 b0035 b0036 b0037 b0038 b0039 b0040 b0041 b0042 b0043 b0044 b0045 b0046 b0047 b0048 b0049 b0050 b0051 b0052 b0053 b0054 b0055 b0056 b0057 b0058 b0059 b0060 b0061 b0062 b0063 b0064 b0065 b0066 b0067 b0068 b0069 b0070 b0071 b0072 b0073 b0074 b0075 b0076 b0077 b0078 b0079 b0080 b0081 b0082 b0083 b0084 b0085 b0086 b0087 b0088 b0089 b0090 b0091 b0092 b0093 b0094 b0095 b0096 b0097 b0098 b0099 (! b0100) (! b0101) (! b0102) (! b0103) b0104 b0105 b0106 b0107 b0108 b0109 b0110 b0111 b0112 b0113 b0114 b0115 b0116 b0117 b0118 b0119 b0120 b0121 b0122 b0123 b0124 b0125 b0126 b0127 b0128 b0129 b0130 b0131 b0132 b0133 b0134 b0135 b0136 b0137 b0138 b0139)
Time taken = 0.056314
Removing b0025
Verifying g_slist_remove
Houdini assignment axiom: (And true b0000 b0001 b0002 b0003 b0004 b0005 b0006 b0007 b0008 b0009 (! b0010) (! b0011) (! b0012) b0013 b0014 b0015 (! b0016) b0017 (! b0018) (! b0019) b0020 (! b0021) b0022 b0023 b0024 (! b0025) b0026 b0027 b0028 b0029 b0030 b0031 b0032 b0033 b0034 b0035 b0036 b0037 b0038 b0039 b0040 b0041 b0042 b0043 b0044 b0045 b0046 b0047 b0048 b0049 b0050 b0051 b0052 b0053 b0054 b0055 b0056 b0057 b0058 b0059 b0060 b0061 b0062 b0063 b0064 b0065 b0066 b0067 b0068 b0069 b0070 b0071 b0072 b0073 b0074 b0075 b0076 b0077 b0078 b0079 b0080 b0081 b0082 b0083 b0084 b0085 b0086 b0087 b0088 b0089 b0090 b0091 b0092 b0093 b0094 b0095 b0096 b0097 b0098 b0099 (! b0100) (! b0101) (! b0102) (! b0103) b0104 b0105 b0106 b0107 b0108 b0109 b0110 b0111 b0112 b0113 b0114 b0115 b0116 b0117 b0118 b0119 b0120 b0121 b0122 b0123 b0124 b0125 b0126 b0127 b0128 b0129 b0130 b0131 b0132 b0133 b0134 b0135 b0136 b0137 b0138 b0139)
Time taken = 0.065566
Removing b0026
Verifying g_slist_remove
Houdini assignment axiom: (And true b0000 b0001 b0002 b0003 b0004 b0005 b0006 b0007 b0008 b0009 (! b0010) (! b0011) (! b0012) b0013 b0014 b0015 (! b0016) b0017 (! b0018) (! b0019) b0020 (! b0021) b0022 b0023 b0024 (! b0025) (! b0026) b0027 b0028 b0029 b0030 b0031 b0032 b0033 b0034 b0035 b0036 b0037 b0038 b0039 b0040 b0041 b0042 b0043 b0044 b0045 b0046 b0047 b0048 b0049 b0050 b0051 b0052 b0053 b0054 b0055 b0056 b0057 b0058 b0059 b0060 b0061 b0062 b0063 b0064 b0065 b0066 b0067 b0068 b0069 b0070 b0071 b0072 b0073 b0074 b0075 b0076 b0077 b0078 b0079 b0080 b0081 b0082 b0083 b0084 b0085 b0086 b0087 b0088 b0089 b0090 b0091 b0092 b0093 b0094 b0095 b0096 b0097 b0098 b0099 (! b0100) (! b0101) (! b0102) (! b0103) b0104 b0105 b0106 b0107 b0108 b0109 b0110 b0111 b0112 b0113 b0114 b0115 b0116 b0117 b0118 b0119 b0120 b0121 b0122 b0123 b0124 b0125 b0126 b0127 b0128 b0129 b0130 b0131 b0132 b0133 b0134 b0135 b0136 b0137 b0138 b0139)
Time taken = 0.06929
Removing b0034
Removing b0042
Verifying g_slist_remove
Houdini assignment axiom: (And true b0000 b0001 b0002 b0003 b0004 b0005 b0006 b0007 b0008 b0009 (! b0010) (! b0011) (! b0012) b0013 b0014 b0015 (! b0016) b0017 (! b0018) (! b0019) b0020 (! b0021) b0022 b0023 b0024 (! b0025) (! b0026) b0027 b0028 b0029 b0030 b0031 b0032 b0033 (! b0034) b0035 b0036 b0037 b0038 b0039 b0040 b0041 (! b0042) b0043 b0044 b0045 b0046 b0047 b0048 b0049 b0050 b0051 b0052 b0053 b0054 b0055 b0056 b0057 b0058 b0059 b0060 b0061 b0062 b0063 b0064 b0065 b0066 b0067 b0068 b0069 b0070 b0071 b0072 b0073 b0074 b0075 b0076 b0077 b0078 b0079 b0080 b0081 b0082 b0083 b0084 b0085 b0086 b0087 b0088 b0089 b0090 b0091 b0092 b0093 b0094 b0095 b0096 b0097 b0098 b0099 (! b0100) (! b0101) (! b0102) (! b0103) b0104 b0105 b0106 b0107 b0108 b0109 b0110 b0111 b0112 b0113 b0114 b0115 b0116 b0117 b0118 b0119 b0120 b0121 b0122 b0123 b0124 b0125 b0126 b0127 b0128 b0129 b0130 b0131 b0132 b0133 b0134 b0135 b0136 b0137 b0138 b0139)
Time taken = 0.063803
Removing b0035
Removing b0043
Verifying g_slist_remove
Houdini assignment axiom: (And true b0000 b0001 b0002 b0003 b0004 b0005 b0006 b0007 b0008 b0009 (! b0010) (! b0011) (! b0012) b0013 b0014 b0015 (! b0016) b0017 (! b0018) (! b0019) b0020 (! b0021) b0022 b0023 b0024 (! b0025) (! b0026) b0027 b0028 b0029 b0030 b0031 b0032 b0033 (! b0034) (! b0035) b0036 b0037 b0038 b0039 b0040 b0041 (! b0042) (! b0043) b0044 b0045 b0046 b0047 b0048 b0049 b0050 b0051 b0052 b0053 b0054 b0055 b0056 b0057 b0058 b0059 b0060 b0061 b0062 b0063 b0064 b0065 b0066 b0067 b0068 b0069 b0070 b0071 b0072 b0073 b0074 b0075 b0076 b0077 b0078 b0079 b0080 b0081 b0082 b0083 b0084 b0085 b0086 b0087 b0088 b0089 b0090 b0091 b0092 b0093 b0094 b0095 b0096 b0097 b0098 b0099 (! b0100) (! b0101) (! b0102) (! b0103) b0104 b0105 b0106 b0107 b0108 b0109 b0110 b0111 b0112 b0113 b0114 b0115 b0116 b0117 b0118 b0119 b0120 b0121 b0122 b0123 b0124 b0125 b0126 b0127 b0128 b0129 b0130 b0131 b0132 b0133 b0134 b0135 b0136 b0137 b0138 b0139)
Time taken = 0.068561
Removing b0036
Removing b0048
Verifying g_slist_remove
Houdini assignment axiom: (And true b0000 b0001 b0002 b0003 b0004 b0005 b0006 b0007 b0008 b0009 (! b0010) (! b0011) (! b0012) b0013 b0014 b0015 (! b0016) b0017 (! b0018) (! b0019) b0020 (! b0021) b0022 b0023 b0024 (! b0025) (! b0026) b0027 b0028 b0029 b0030 b0031 b0032 b0033 (! b0034) (! b0035) (! b0036) b0037 b0038 b0039 b0040 b0041 (! b0042) (! b0043) b0044 b0045 b0046 b0047 (! b0048) b0049 b0050 b0051 b0052 b0053 b0054 b0055 b0056 b0057 b0058 b0059 b0060 b0061 b0062 b0063 b0064 b0065 b0066 b0067 b0068 b0069 b0070 b0071 b0072 b0073 b0074 b0075 b0076 b0077 b0078 b0079 b0080 b0081 b0082 b0083 b0084 b0085 b0086 b0087 b0088 b0089 b0090 b0091 b0092 b0093 b0094 b0095 b0096 b0097 b0098 b0099 (! b0100) (! b0101) (! b0102) (! b0103) b0104 b0105 b0106 b0107 b0108 b0109 b0110 b0111 b0112 b0113 b0114 b0115 b0116 b0117 b0118 b0119 b0120 b0121 b0122 b0123 b0124 b0125 b0126 b0127 b0128 b0129 b0130 b0131 b0132 b0133 b0134 b0135 b0136 b0137 b0138 b0139)
Time taken = 0.061553
Removing b0049
Verifying g_slist_remove
Houdini assignment axiom: (And true b0000 b0001 b0002 b0003 b0004 b0005 b0006 b0007 b0008 b0009 (! b0010) (! b0011) (! b0012) b0013 b0014 b0015 (! b0016) b0017 (! b0018) (! b0019) b0020 (! b0021) b0022 b0023 b0024 (! b0025) (! b0026) b0027 b0028 b0029 b0030 b0031 b0032 b0033 (! b0034) (! b0035) (! b0036) b0037 b0038 b0039 b0040 b0041 (! b0042) (! b0043) b0044 b0045 b0046 b0047 (! b0048) (! b0049) b0050 b0051 b0052 b0053 b0054 b0055 b0056 b0057 b0058 b0059 b0060 b0061 b0062 b0063 b0064 b0065 b0066 b0067 b0068 b0069 b0070 b0071 b0072 b0073 b0074 b0075 b0076 b0077 b0078 b0079 b0080 b0081 b0082 b0083 b0084 b0085 b0086 b0087 b0088 b0089 b0090 b0091 b0092 b0093 b0094 b0095 b0096 b0097 b0098 b0099 (! b0100) (! b0101) (! b0102) (! b0103) b0104 b0105 b0106 b0107 b0108 b0109 b0110 b0111 b0112 b0113 b0114 b0115 b0116 b0117 b0118 b0119 b0120 b0121 b0122 b0123 b0124 b0125 b0126 b0127 b0128 b0129 b0130 b0131 b0132 b0133 b0134 b0135 b0136 b0137 b0138 b0139)
Time taken = 0.073501
Removing b0052
Removing b0062
Verifying g_slist_remove
Houdini assignment axiom: (And true b0000 b0001 b0002 b0003 b0004 b0005 b0006 b0007 b0008 b0009 (! b0010) (! b0011) (! b0012) b0013 b0014 b0015 (! b0016) b0017 (! b0018) (! b0019) b0020 (! b0021) b0022 b0023 b0024 (! b0025) (! b0026) b0027 b0028 b0029 b0030 b0031 b0032 b0033 (! b0034) (! b0035) (! b0036) b0037 b0038 b0039 b0040 b0041 (! b0042) (! b0043) b0044 b0045 b0046 b0047 (! b0048) (! b0049) b0050 b0051 (! b0052) b0053 b0054 b0055 b0056 b0057 b0058 b0059 b0060 b0061 (! b0062) b0063 b0064 b0065 b0066 b0067 b0068 b0069 b0070 b0071 b0072 b0073 b0074 b0075 b0076 b0077 b0078 b0079 b0080 b0081 b0082 b0083 b0084 b0085 b0086 b0087 b0088 b0089 b0090 b0091 b0092 b0093 b0094 b0095 b0096 b0097 b0098 b0099 (! b0100) (! b0101) (! b0102) (! b0103) b0104 b0105 b0106 b0107 b0108 b0109 b0110 b0111 b0112 b0113 b0114 b0115 b0116 b0117 b0118 b0119 b0120 b0121 b0122 b0123 b0124 b0125 b0126 b0127 b0128 b0129 b0130 b0131 b0132 b0133 b0134 b0135 b0136 b0137 b0138 b0139)
Time taken = 0.073153
Removing b0053
Removing b0063
Verifying g_slist_remove
Houdini assignment axiom: (And true b0000 b0001 b0002 b0003 b0004 b0005 b0006 b0007 b0008 b0009 (! b0010) (! b0011) (! b0012) b0013 b0014 b0015 (! b0016) b0017 (! b0018) (! b0019) b0020 (! b0021) b0022 b0023 b0024 (! b0025) (! b0026) b0027 b0028 b0029 b0030 b0031 b0032 b0033 (! b0034) (! b0035) (! b0036) b0037 b0038 b0039 b0040 b0041 (! b0042) (! b0043) b0044 b0045 b0046 b0047 (! b0048) (! b0049) b0050 b0051 (! b0052) (! b0053) b0054 b0055 b0056 b0057 b0058 b0059 b0060 b0061 (! b0062) (! b0063) b0064 b0065 b0066 b0067 b0068 b0069 b0070 b0071 b0072 b0073 b0074 b0075 b0076 b0077 b0078 b0079 b0080 b0081 b0082 b0083 b0084 b0085 b0086 b0087 b0088 b0089 b0090 b0091 b0092 b0093 b0094 b0095 b0096 b0097 b0098 b0099 (! b0100) (! b0101) (! b0102) (! b0103) b0104 b0105 b0106 b0107 b0108 b0109 b0110 b0111 b0112 b0113 b0114 b0115 b0116 b0117 b0118 b0119 b0120 b0121 b0122 b0123 b0124 b0125 b0126 b0127 b0128 b0129 b0130 b0131 b0132 b0133 b0134 b0135 b0136 b0137 b0138 b0139)
Time taken = 0.073614
Removing b0054
Removing b0064
Verifying g_slist_remove
Houdini assignment axiom: (And true b0000 b0001 b0002 b0003 b0004 b0005 b0006 b0007 b0008 b0009 (! b0010) (! b0011) (! b0012) b0013 b0014 b0015 (! b0016) b0017 (! b0018) (! b0019) b0020 (! b0021) b0022 b0023 b0024 (! b0025) (! b0026) b0027 b0028 b0029 b0030 b0031 b0032 b0033 (! b0034) (! b0035) (! b0036) b0037 b0038 b0039 b0040 b0041 (! b0042) (! b0043) b0044 b0045 b0046 b0047 (! b0048) (! b0049) b0050 b0051 (! b0052) (! b0053) (! b0054) b0055 b0056 b0057 b0058 b0059 b0060 b0061 (! b0062) (! b0063) (! b0064) b0065 b0066 b0067 b0068 b0069 b0070 b0071 b0072 b0073 b0074 b0075 b0076 b0077 b0078 b0079 b0080 b0081 b0082 b0083 b0084 b0085 b0086 b0087 b0088 b0089 b0090 b0091 b0092 b0093 b0094 b0095 b0096 b0097 b0098 b0099 (! b0100) (! b0101) (! b0102) (! b0103) b0104 b0105 b0106 b0107 b0108 b0109 b0110 b0111 b0112 b0113 b0114 b0115 b0116 b0117 b0118 b0119 b0120 b0121 b0122 b0123 b0124 b0125 b0126 b0127 b0128 b0129 b0130 b0131 b0132 b0133 b0134 b0135 b0136 b0137 b0138 b0139)
Time taken = 0.064987
Removing b0055
Removing b0066
Verifying g_slist_remove
Houdini assignment axiom: (And true b0000 b0001 b0002 b0003 b0004 b0005 b0006 b0007 b0008 b0009 (! b0010) (! b0011) (! b0012) b0013 b0014 b0015 (! b0016) b0017 (! b0018) (! b0019) b0020 (! b0021) b0022 b0023 b0024 (! b0025) (! b0026) b0027 b0028 b0029 b0030 b0031 b0032 b0033 (! b0034) (! b0035) (! b0036) b0037 b0038 b0039 b0040 b0041 (! b0042) (! b0043) b0044 b0045 b0046 b0047 (! b0048) (! b0049) b0050 b0051 (! b0052) (! b0053) (! b0054) (! b0055) b0056 b0057 b0058 b0059 b0060 b0061 (! b0062) (! b0063) (! b0064) b0065 (! b0066) b0067 b0068 b0069 b0070 b0071 b0072 b0073 b0074 b0075 b0076 b0077 b0078 b0079 b0080 b0081 b0082 b0083 b0084 b0085 b0086 b0087 b0088 b0089 b0090 b0091 b0092 b0093 b0094 b0095 b0096 b0097 b0098 b0099 (! b0100) (! b0101) (! b0102) (! b0103) b0104 b0105 b0106 b0107 b0108 b0109 b0110 b0111 b0112 b0113 b0114 b0115 b0116 b0117 b0118 b0119 b0120 b0121 b0122 b0123 b0124 b0125 b0126 b0127 b0128 b0129 b0130 b0131 b0132 b0133 b0134 b0135 b0136 b0137 b0138 b0139)
Time taken = 0.074347
Removing b0056
Removing b0067
Verifying g_slist_remove
Houdini assignment axiom: (And true b0000 b0001 b0002 b0003 b0004 b0005 b0006 b0007 b0008 b0009 (! b0010) (! b0011) (! b0012) b0013 b0014 b0015 (! b0016) b0017 (! b0018) (! b0019) b0020 (! b0021) b0022 b0023 b0024 (! b0025) (! b0026) b0027 b0028 b0029 b0030 b0031 b0032 b0033 (! b0034) (! b0035) (! b0036) b0037 b0038 b0039 b0040 b0041 (! b0042) (! b0043) b0044 b0045 b0046 b0047 (! b0048) (! b0049) b0050 b0051 (! b0052) (! b0053) (! b0054) (! b0055) (! b0056) b0057 b0058 b0059 b0060 b0061 (! b0062) (! b0063) (! b0064) b0065 (! b0066) (! b0067) b0068 b0069 b0070 b0071 b0072 b0073 b0074 b0075 b0076 b0077 b0078 b0079 b0080 b0081 b0082 b0083 b0084 b0085 b0086 b0087 b0088 b0089 b0090 b0091 b0092 b0093 b0094 b0095 b0096 b0097 b0098 b0099 (! b0100) (! b0101) (! b0102) (! b0103) b0104 b0105 b0106 b0107 b0108 b0109 b0110 b0111 b0112 b0113 b0114 b0115 b0116 b0117 b0118 b0119 b0120 b0121 b0122 b0123 b0124 b0125 b0126 b0127 b0128 b0129 b0130 b0131 b0132 b0133 b0134 b0135 b0136 b0137 b0138 b0139)
Time taken = 0.069992
Removing b0057
Removing b0069
Verifying g_slist_remove
Houdini assignment axiom: (And true b0000 b0001 b0002 b0003 b0004 b0005 b0006 b0007 b0008 b0009 (! b0010) (! b0011) (! b0012) b0013 b0014 b0015 (! b0016) b0017 (! b0018) (! b0019) b0020 (! b0021) b0022 b0023 b0024 (! b0025) (! b0026) b0027 b0028 b0029 b0030 b0031 b0032 b0033 (! b0034) (! b0035) (! b0036) b0037 b0038 b0039 b0040 b0041 (! b0042) (! b0043) b0044 b0045 b0046 b0047 (! b0048) (! b0049) b0050 b0051 (! b0052) (! b0053) (! b0054) (! b0055) (! b0056) (! b0057) b0058 b0059 b0060 b0061 (! b0062) (! b0063) (! b0064) b0065 (! b0066) (! b0067) b0068 (! b0069) b0070 b0071 b0072 b0073 b0074 b0075 b0076 b0077 b0078 b0079 b0080 b0081 b0082 b0083 b0084 b0085 b0086 b0087 b0088 b0089 b0090 b0091 b0092 b0093 b0094 b0095 b0096 b0097 b0098 b0099 (! b0100) (! b0101) (! b0102) (! b0103) b0104 b0105 b0106 b0107 b0108 b0109 b0110 b0111 b0112 b0113 b0114 b0115 b0116 b0117 b0118 b0119 b0120 b0121 b0122 b0123 b0124 b0125 b0126 b0127 b0128 b0129 b0130 b0131 b0132 b0133 b0134 b0135 b0136 b0137 b0138 b0139)
Time taken = 0.065887
Removing b0073
Verifying g_slist_remove
Houdini assignment axiom: (And true b0000 b0001 b0002 b0003 b0004 b0005 b0006 b0007 b0008 b0009 (! b0010) (! b0011) (! b0012) b0013 b0014 b0015 (! b0016) b0017 (! b0018) (! b0019) b0020 (! b0021) b0022 b0023 b0024 (! b0025) (! b0026) b0027 b0028 b0029 b0030 b0031 b0032 b0033 (! b0034) (! b0035) (! b0036) b0037 b0038 b0039 b0040 b0041 (! b0042) (! b0043) b0044 b0045 b0046 b0047 (! b0048) (! b0049) b0050 b0051 (! b0052) (! b0053) (! b0054) (! b0055) (! b0056) (! b0057) b0058 b0059 b0060 b0061 (! b0062) (! b0063) (! b0064) b0065 (! b0066) (! b0067) b0068 (! b0069) b0070 b0071 b0072 (! b0073) b0074 b0075 b0076 b0077 b0078 b0079 b0080 b0081 b0082 b0083 b0084 b0085 b0086 b0087 b0088 b0089 b0090 b0091 b0092 b0093 b0094 b0095 b0096 b0097 b0098 b0099 (! b0100) (! b0101) (! b0102) (! b0103) b0104 b0105 b0106 b0107 b0108 b0109 b0110 b0111 b0112 b0113 b0114 b0115 b0116 b0117 b0118 b0119 b0120 b0121 b0122 b0123 b0124 b0125 b0126 b0127 b0128 b0129 b0130 b0131 b0132 b0133 b0134 b0135 b0136 b0137 b0138 b0139)
Time taken = 0.067948
Removing b0074
Verifying g_slist_remove
Houdini assignment axiom: (And true b0000 b0001 b0002 b0003 b0004 b0005 b0006 b0007 b0008 b0009 (! b0010) (! b0011) (! b0012) b0013 b0014 b0015 (! b0016) b0017 (! b0018) (! b0019) b0020 (! b0021) b0022 b0023 b0024 (! b0025) (! b0026) b0027 b0028 b0029 b0030 b0031 b0032 b0033 (! b0034) (! b0035) (! b0036) b0037 b0038 b0039 b0040 b0041 (! b0042) (! b0043) b0044 b0045 b0046 b0047 (! b0048) (! b0049) b0050 b0051 (! b0052) (! b0053) (! b0054) (! b0055) (! b0056) (! b0057) b0058 b0059 b0060 b0061 (! b0062) (! b0063) (! b0064) b0065 (! b0066) (! b0067) b0068 (! b0069) b0070 b0071 b0072 (! b0073) (! b0074) b0075 b0076 b0077 b0078 b0079 b0080 b0081 b0082 b0083 b0084 b0085 b0086 b0087 b0088 b0089 b0090 b0091 b0092 b0093 b0094 b0095 b0096 b0097 b0098 b0099 (! b0100) (! b0101) (! b0102) (! b0103) b0104 b0105 b0106 b0107 b0108 b0109 b0110 b0111 b0112 b0113 b0114 b0115 b0116 b0117 b0118 b0119 b0120 b0121 b0122 b0123 b0124 b0125 b0126 b0127 b0128 b0129 b0130 b0131 b0132 b0133 b0134 b0135 b0136 b0137 b0138 b0139)
Time taken = 0.058584
Removing b0076
Verifying g_slist_remove
Houdini assignment axiom: (And true b0000 b0001 b0002 b0003 b0004 b0005 b0006 b0007 b0008 b0009 (! b0010) (! b0011) (! b0012) b0013 b0014 b0015 (! b0016) b0017 (! b0018) (! b0019) b0020 (! b0021) b0022 b0023 b0024 (! b0025) (! b0026) b0027 b0028 b0029 b0030 b0031 b0032 b0033 (! b0034) (! b0035) (! b0036) b0037 b0038 b0039 b0040 b0041 (! b0042) (! b0043) b0044 b0045 b0046 b0047 (! b0048) (! b0049) b0050 b0051 (! b0052) (! b0053) (! b0054) (! b0055) (! b0056) (! b0057) b0058 b0059 b0060 b0061 (! b0062) (! b0063) (! b0064) b0065 (! b0066) (! b0067) b0068 (! b0069) b0070 b0071 b0072 (! b0073) (! b0074) b0075 (! b0076) b0077 b0078 b0079 b0080 b0081 b0082 b0083 b0084 b0085 b0086 b0087 b0088 b0089 b0090 b0091 b0092 b0093 b0094 b0095 b0096 b0097 b0098 b0099 (! b0100) (! b0101) (! b0102) (! b0103) b0104 b0105 b0106 b0107 b0108 b0109 b0110 b0111 b0112 b0113 b0114 b0115 b0116 b0117 b0118 b0119 b0120 b0121 b0122 b0123 b0124 b0125 b0126 b0127 b0128 b0129 b0130 b0131 b0132 b0133 b0134 b0135 b0136 b0137 b0138 b0139)
Time taken = 0.071854
Removing b0078
Removing b0081
Verifying g_slist_remove
Houdini assignment axiom: (And true b0000 b0001 b0002 b0003 b0004 b0005 b0006 b0007 b0008 b0009 (! b0010) (! b0011) (! b0012) b0013 b0014 b0015 (! b0016) b0017 (! b0018) (! b0019) b0020 (! b0021) b0022 b0023 b0024 (! b0025) (! b0026) b0027 b0028 b0029 b0030 b0031 b0032 b0033 (! b0034) (! b0035) (! b0036) b0037 b0038 b0039 b0040 b0041 (! b0042) (! b0043) b0044 b0045 b0046 b0047 (! b0048) (! b0049) b0050 b0051 (! b0052) (! b0053) (! b0054) (! b0055) (! b0056) (! b0057) b0058 b0059 b0060 b0061 (! b0062) (! b0063) (! b0064) b0065 (! b0066) (! b0067) b0068 (! b0069) b0070 b0071 b0072 (! b0073) (! b0074) b0075 (! b0076) b0077 (! b0078) b0079 b0080 (! b0081) b0082 b0083 b0084 b0085 b0086 b0087 b0088 b0089 b0090 b0091 b0092 b0093 b0094 b0095 b0096 b0097 b0098 b0099 (! b0100) (! b0101) (! b0102) (! b0103) b0104 b0105 b0106 b0107 b0108 b0109 b0110 b0111 b0112 b0113 b0114 b0115 b0116 b0117 b0118 b0119 b0120 b0121 b0122 b0123 b0124 b0125 b0126 b0127 b0128 b0129 b0130 b0131 b0132 b0133 b0134 b0135 b0136 b0137 b0138 b0139)
Time taken = 0.07496
Removing b0079
Removing b0082
Verifying g_slist_remove
Houdini assignment axiom: (And true b0000 b0001 b0002 b0003 b0004 b0005 b0006 b0007 b0008 b0009 (! b0010) (! b0011) (! b0012) b0013 b0014 b0015 (! b0016) b0017 (! b0018) (! b0019) b0020 (! b0021) b0022 b0023 b0024 (! b0025) (! b0026) b0027 b0028 b0029 b0030 b0031 b0032 b0033 (! b0034) (! b0035) (! b0036) b0037 b0038 b0039 b0040 b0041 (! b0042) (! b0043) b0044 b0045 b0046 b0047 (! b0048) (! b0049) b0050 b0051 (! b0052) (! b0053) (! b0054) (! b0055) (! b0056) (! b0057) b0058 b0059 b0060 b0061 (! b0062) (! b0063) (! b0064) b0065 (! b0066) (! b0067) b0068 (! b0069) b0070 b0071 b0072 (! b0073) (! b0074) b0075 (! b0076) b0077 (! b0078) (! b0079) b0080 (! b0081) (! b0082) b0083 b0084 b0085 b0086 b0087 b0088 b0089 b0090 b0091 b0092 b0093 b0094 b0095 b0096 b0097 b0098 b0099 (! b0100) (! b0101) (! b0102) (! b0103) b0104 b0105 b0106 b0107 b0108 b0109 b0110 b0111 b0112 b0113 b0114 b0115 b0116 b0117 b0118 b0119 b0120 b0121 b0122 b0123 b0124 b0125 b0126 b0127 b0128 b0129 b0130 b0131 b0132 b0133 b0134 b0135 b0136 b0137 b0138 b0139)
Time taken = 0.077407
Removing b0084
Removing b0087
Verifying g_slist_remove
Houdini assignment axiom: (And true b0000 b0001 b0002 b0003 b0004 b0005 b0006 b0007 b0008 b0009 (! b0010) (! b0011) (! b0012) b0013 b0014 b0015 (! b0016) b0017 (! b0018) (! b0019) b0020 (! b0021) b0022 b0023 b0024 (! b0025) (! b0026) b0027 b0028 b0029 b0030 b0031 b0032 b0033 (! b0034) (! b0035) (! b0036) b0037 b0038 b0039 b0040 b0041 (! b0042) (! b0043) b0044 b0045 b0046 b0047 (! b0048) (! b0049) b0050 b0051 (! b0052) (! b0053) (! b0054) (! b0055) (! b0056) (! b0057) b0058 b0059 b0060 b0061 (! b0062) (! b0063) (! b0064) b0065 (! b0066) (! b0067) b0068 (! b0069) b0070 b0071 b0072 (! b0073) (! b0074) b0075 (! b0076) b0077 (! b0078) (! b0079) b0080 (! b0081) (! b0082) b0083 (! b0084) b0085 b0086 (! b0087) b0088 b0089 b0090 b0091 b0092 b0093 b0094 b0095 b0096 b0097 b0098 b0099 (! b0100) (! b0101) (! b0102) (! b0103) b0104 b0105 b0106 b0107 b0108 b0109 b0110 b0111 b0112 b0113 b0114 b0115 b0116 b0117 b0118 b0119 b0120 b0121 b0122 b0123 b0124 b0125 b0126 b0127 b0128 b0129 b0130 b0131 b0132 b0133 b0134 b0135 b0136 b0137 b0138 b0139)
Time taken = 0.077725
Removing b0085
Removing b0095
Verifying g_slist_remove
Houdini assignment axiom: (And true b0000 b0001 b0002 b0003 b0004 b0005 b0006 b0007 b0008 b0009 (! b0010) (! b0011) (! b0012) b0013 b0014 b0015 (! b0016) b0017 (! b0018) (! b0019) b0020 (! b0021) b0022 b0023 b0024 (! b0025) (! b0026) b0027 b0028 b0029 b0030 b0031 b0032 b0033 (! b0034) (! b0035) (! b0036) b0037 b0038 b0039 b0040 b0041 (! b0042) (! b0043) b0044 b0045 b0046 b0047 (! b0048) (! b0049) b0050 b0051 (! b0052) (! b0053) (! b0054) (! b0055) (! b0056) (! b0057) b0058 b0059 b0060 b0061 (! b0062) (! b0063) (! b0064) b0065 (! b0066) (! b0067) b0068 (! b0069) b0070 b0071 b0072 (! b0073) (! b0074) b0075 (! b0076) b0077 (! b0078) (! b0079) b0080 (! b0081) (! b0082) b0083 (! b0084) (! b0085) b0086 (! b0087) b0088 b0089 b0090 b0091 b0092 b0093 b0094 (! b0095) b0096 b0097 b0098 b0099 (! b0100) (! b0101) (! b0102) (! b0103) b0104 b0105 b0106 b0107 b0108 b0109 b0110 b0111 b0112 b0113 b0114 b0115 b0116 b0117 b0118 b0119 b0120 b0121 b0122 b0123 b0124 b0125 b0126 b0127 b0128 b0129 b0130 b0131 b0132 b0133 b0134 b0135 b0136 b0137 b0138 b0139)
Time taken = 0.062502
Removing b0097
Verifying g_slist_remove
Houdini assignment axiom: (And true b0000 b0001 b0002 b0003 b0004 b0005 b0006 b0007 b0008 b0009 (! b0010) (! b0011) (! b0012) b0013 b0014 b0015 (! b0016) b0017 (! b0018) (! b0019) b0020 (! b0021) b0022 b0023 b0024 (! b0025) (! b0026) b0027 b0028 b0029 b0030 b0031 b0032 b0033 (! b0034) (! b0035) (! b0036) b0037 b0038 b0039 b0040 b0041 (! b0042) (! b0043) b0044 b0045 b0046 b0047 (! b0048) (! b0049) b0050 b0051 (! b0052) (! b0053) (! b0054) (! b0055) (! b0056) (! b0057) b0058 b0059 b0060 b0061 (! b0062) (! b0063) (! b0064) b0065 (! b0066) (! b0067) b0068 (! b0069) b0070 b0071 b0072 (! b0073) (! b0074) b0075 (! b0076) b0077 (! b0078) (! b0079) b0080 (! b0081) (! b0082) b0083 (! b0084) (! b0085) b0086 (! b0087) b0088 b0089 b0090 b0091 b0092 b0093 b0094 (! b0095) b0096 (! b0097) b0098 b0099 (! b0100) (! b0101) (! b0102) (! b0103) b0104 b0105 b0106 b0107 b0108 b0109 b0110 b0111 b0112 b0113 b0114 b0115 b0116 b0117 b0118 b0119 b0120 b0121 b0122 b0123 b0124 b0125 b0126 b0127 b0128 b0129 b0130 b0131 b0132 b0133 b0134 b0135 b0136 b0137 b0138 b0139)
Time taken = 0.075229
Removing b0098
Removing b0104
Verifying g_slist_remove
Houdini assignment axiom: (And true b0000 b0001 b0002 b0003 b0004 b0005 b0006 b0007 b0008 b0009 (! b0010) (! b0011) (! b0012) b0013 b0014 b0015 (! b0016) b0017 (! b0018) (! b0019) b0020 (! b0021) b0022 b0023 b0024 (! b0025) (! b0026) b0027 b0028 b0029 b0030 b0031 b0032 b0033 (! b0034) (! b0035) (! b0036) b0037 b0038 b0039 b0040 b0041 (! b0042) (! b0043) b0044 b0045 b0046 b0047 (! b0048) (! b0049) b0050 b0051 (! b0052) (! b0053) (! b0054) (! b0055) (! b0056) (! b0057) b0058 b0059 b0060 b0061 (! b0062) (! b0063) (! b0064) b0065 (! b0066) (! b0067) b0068 (! b0069) b0070 b0071 b0072 (! b0073) (! b0074) b0075 (! b0076) b0077 (! b0078) (! b0079) b0080 (! b0081) (! b0082) b0083 (! b0084) (! b0085) b0086 (! b0087) b0088 b0089 b0090 b0091 b0092 b0093 b0094 (! b0095) b0096 (! b0097) (! b0098) b0099 (! b0100) (! b0101) (! b0102) (! b0103) (! b0104) b0105 b0106 b0107 b0108 b0109 b0110 b0111 b0112 b0113 b0114 b0115 b0116 b0117 b0118 b0119 b0120 b0121 b0122 b0123 b0124 b0125 b0126 b0127 b0128 b0129 b0130 b0131 b0132 b0133 b0134 b0135 b0136 b0137 b0138 b0139)
Time taken = 0.074379
Removing b0099
Removing b0105
Verifying g_slist_remove
Houdini assignment axiom: (And true b0000 b0001 b0002 b0003 b0004 b0005 b0006 b0007 b0008 b0009 (! b0010) (! b0011) (! b0012) b0013 b0014 b0015 (! b0016) b0017 (! b0018) (! b0019) b0020 (! b0021) b0022 b0023 b0024 (! b0025) (! b0026) b0027 b0028 b0029 b0030 b0031 b0032 b0033 (! b0034) (! b0035) (! b0036) b0037 b0038 b0039 b0040 b0041 (! b0042) (! b0043) b0044 b0045 b0046 b0047 (! b0048) (! b0049) b0050 b0051 (! b0052) (! b0053) (! b0054) (! b0055) (! b0056) (! b0057) b0058 b0059 b0060 b0061 (! b0062) (! b0063) (! b0064) b0065 (! b0066) (! b0067) b0068 (! b0069) b0070 b0071 b0072 (! b0073) (! b0074) b0075 (! b0076) b0077 (! b0078) (! b0079) b0080 (! b0081) (! b0082) b0083 (! b0084) (! b0085) b0086 (! b0087) b0088 b0089 b0090 b0091 b0092 b0093 b0094 (! b0095) b0096 (! b0097) (! b0098) (! b0099) (! b0100) (! b0101) (! b0102) (! b0103) (! b0104) (! b0105) b0106 b0107 b0108 b0109 b0110 b0111 b0112 b0113 b0114 b0115 b0116 b0117 b0118 b0119 b0120 b0121 b0122 b0123 b0124 b0125 b0126 b0127 b0128 b0129 b0130 b0131 b0132 b0133 b0134 b0135 b0136 b0137 b0138 b0139)
Time taken = 0.060896
Removing b0107
Verifying g_slist_remove
Houdini assignment axiom: (And true b0000 b0001 b0002 b0003 b0004 b0005 b0006 b0007 b0008 b0009 (! b0010) (! b0011) (! b0012) b0013 b0014 b0015 (! b0016) b0017 (! b0018) (! b0019) b0020 (! b0021) b0022 b0023 b0024 (! b0025) (! b0026) b0027 b0028 b0029 b0030 b0031 b0032 b0033 (! b0034) (! b0035) (! b0036) b0037 b0038 b0039 b0040 b0041 (! b0042) (! b0043) b0044 b0045 b0046 b0047 (! b0048) (! b0049) b0050 b0051 (! b0052) (! b0053) (! b0054) (! b0055) (! b0056) (! b0057) b0058 b0059 b0060 b0061 (! b0062) (! b0063) (! b0064) b0065 (! b0066) (! b0067) b0068 (! b0069) b0070 b0071 b0072 (! b0073) (! b0074) b0075 (! b0076) b0077 (! b0078) (! b0079) b0080 (! b0081) (! b0082) b0083 (! b0084) (! b0085) b0086 (! b0087) b0088 b0089 b0090 b0091 b0092 b0093 b0094 (! b0095) b0096 (! b0097) (! b0098) (! b0099) (! b0100) (! b0101) (! b0102) (! b0103) (! b0104) (! b0105) b0106 (! b0107) b0108 b0109 b0110 b0111 b0112 b0113 b0114 b0115 b0116 b0117 b0118 b0119 b0120 b0121 b0122 b0123 b0124 b0125 b0126 b0127 b0128 b0129 b0130 b0131 b0132 b0133 b0134 b0135 b0136 b0137 b0138 b0139)
Time taken = 0.055135
Removing b0109
Verifying g_slist_remove
Houdini assignment axiom: (And true b0000 b0001 b0002 b0003 b0004 b0005 b0006 b0007 b0008 b0009 (! b0010) (! b0011) (! b0012) b0013 b0014 b0015 (! b0016) b0017 (! b0018) (! b0019) b0020 (! b0021) b0022 b0023 b0024 (! b0025) (! b0026) b0027 b0028 b0029 b0030 b0031 b0032 b0033 (! b0034) (! b0035) (! b0036) b0037 b0038 b0039 b0040 b0041 (! b0042) (! b0043) b0044 b0045 b0046 b0047 (! b0048) (! b0049) b0050 b0051 (! b0052) (! b0053) (! b0054) (! b0055) (! b0056) (! b0057) b0058 b0059 b0060 b0061 (! b0062) (! b0063) (! b0064) b0065 (! b0066) (! b0067) b0068 (! b0069) b0070 b0071 b0072 (! b0073) (! b0074) b0075 (! b0076) b0077 (! b0078) (! b0079) b0080 (! b0081) (! b0082) b0083 (! b0084) (! b0085) b0086 (! b0087) b0088 b0089 b0090 b0091 b0092 b0093 b0094 (! b0095) b0096 (! b0097) (! b0098) (! b0099) (! b0100) (! b0101) (! b0102) (! b0103) (! b0104) (! b0105) b0106 (! b0107) b0108 (! b0109) b0110 b0111 b0112 b0113 b0114 b0115 b0116 b0117 b0118 b0119 b0120 b0121 b0122 b0123 b0124 b0125 b0126 b0127 b0128 b0129 b0130 b0131 b0132 b0133 b0134 b0135 b0136 b0137 b0138 b0139)
Time taken = 0.057088
Removing b0112
Verifying g_slist_remove
Houdini assignment axiom: (And true b0000 b0001 b0002 b0003 b0004 b0005 b0006 b0007 b0008 b0009 (! b0010) (! b0011) (! b0012) b0013 b0014 b0015 (! b0016) b0017 (! b0018) (! b0019) b0020 (! b0021) b0022 b0023 b0024 (! b0025) (! b0026) b0027 b0028 b0029 b0030 b0031 b0032 b0033 (! b0034) (! b0035) (! b0036) b0037 b0038 b0039 b0040 b0041 (! b0042) (! b0043) b0044 b0045 b0046 b0047 (! b0048) (! b0049) b0050 b0051 (! b0052) (! b0053) (! b0054) (! b0055) (! b0056) (! b0057) b0058 b0059 b0060 b0061 (! b0062) (! b0063) (! b0064) b0065 (! b0066) (! b0067) b0068 (! b0069) b0070 b0071 b0072 (! b0073) (! b0074) b0075 (! b0076) b0077 (! b0078) (! b0079) b0080 (! b0081) (! b0082) b0083 (! b0084) (! b0085) b0086 (! b0087) b0088 b0089 b0090 b0091 b0092 b0093 b0094 (! b0095) b0096 (! b0097) (! b0098) (! b0099) (! b0100) (! b0101) (! b0102) (! b0103) (! b0104) (! b0105) b0106 (! b0107) b0108 (! b0109) b0110 b0111 (! b0112) b0113 b0114 b0115 b0116 b0117 b0118 b0119 b0120 b0121 b0122 b0123 b0124 b0125 b0126 b0127 b0128 b0129 b0130 b0131 b0132 b0133 b0134 b0135 b0136 b0137 b0138 b0139)
Time taken = 0.054559
Removing b0114
Verifying g_slist_remove
Houdini assignment axiom: (And true b0000 b0001 b0002 b0003 b0004 b0005 b0006 b0007 b0008 b0009 (! b0010) (! b0011) (! b0012) b0013 b0014 b0015 (! b0016) b0017 (! b0018) (! b0019) b0020 (! b0021) b0022 b0023 b0024 (! b0025) (! b0026) b0027 b0028 b0029 b0030 b0031 b0032 b0033 (! b0034) (! b0035) (! b0036) b0037 b0038 b0039 b0040 b0041 (! b0042) (! b0043) b0044 b0045 b0046 b0047 (! b0048) (! b0049) b0050 b0051 (! b0052) (! b0053) (! b0054) (! b0055) (! b0056) (! b0057) b0058 b0059 b0060 b0061 (! b0062) (! b0063) (! b0064) b0065 (! b0066) (! b0067) b0068 (! b0069) b0070 b0071 b0072 (! b0073) (! b0074) b0075 (! b0076) b0077 (! b0078) (! b0079) b0080 (! b0081) (! b0082) b0083 (! b0084) (! b0085) b0086 (! b0087) b0088 b0089 b0090 b0091 b0092 b0093 b0094 (! b0095) b0096 (! b0097) (! b0098) (! b0099) (! b0100) (! b0101) (! b0102) (! b0103) (! b0104) (! b0105) b0106 (! b0107) b0108 (! b0109) b0110 b0111 (! b0112) b0113 (! b0114) b0115 b0116 b0117 b0118 b0119 b0120 b0121 b0122 b0123 b0124 b0125 b0126 b0127 b0128 b0129 b0130 b0131 b0132 b0133 b0134 b0135 b0136 b0137 b0138 b0139)
Time taken = 0.057218
Removing b0115
Verifying g_slist_remove
Houdini assignment axiom: (And true b0000 b0001 b0002 b0003 b0004 b0005 b0006 b0007 b0008 b0009 (! b0010) (! b0011) (! b0012) b0013 b0014 b0015 (! b0016) b0017 (! b0018) (! b0019) b0020 (! b0021) b0022 b0023 b0024 (! b0025) (! b0026) b0027 b0028 b0029 b0030 b0031 b0032 b0033 (! b0034) (! b0035) (! b0036) b0037 b0038 b0039 b0040 b0041 (! b0042) (! b0043) b0044 b0045 b0046 b0047 (! b0048) (! b0049) b0050 b0051 (! b0052) (! b0053) (! b0054) (! b0055) (! b0056) (! b0057) b0058 b0059 b0060 b0061 (! b0062) (! b0063) (! b0064) b0065 (! b0066) (! b0067) b0068 (! b0069) b0070 b0071 b0072 (! b0073) (! b0074) b0075 (! b0076) b0077 (! b0078) (! b0079) b0080 (! b0081) (! b0082) b0083 (! b0084) (! b0085) b0086 (! b0087) b0088 b0089 b0090 b0091 b0092 b0093 b0094 (! b0095) b0096 (! b0097) (! b0098) (! b0099) (! b0100) (! b0101) (! b0102) (! b0103) (! b0104) (! b0105) b0106 (! b0107) b0108 (! b0109) b0110 b0111 (! b0112) b0113 (! b0114) (! b0115) b0116 b0117 b0118 b0119 b0120 b0121 b0122 b0123 b0124 b0125 b0126 b0127 b0128 b0129 b0130 b0131 b0132 b0133 b0134 b0135 b0136 b0137 b0138 b0139)
Time taken = 0.057425
Removing b0116
Verifying g_slist_remove
Houdini assignment axiom: (And true b0000 b0001 b0002 b0003 b0004 b0005 b0006 b0007 b0008 b0009 (! b0010) (! b0011) (! b0012) b0013 b0014 b0015 (! b0016) b0017 (! b0018) (! b0019) b0020 (! b0021) b0022 b0023 b0024 (! b0025) (! b0026) b0027 b0028 b0029 b0030 b0031 b0032 b0033 (! b0034) (! b0035) (! b0036) b0037 b0038 b0039 b0040 b0041 (! b0042) (! b0043) b0044 b0045 b0046 b0047 (! b0048) (! b0049) b0050 b0051 (! b0052) (! b0053) (! b0054) (! b0055) (! b0056) (! b0057) b0058 b0059 b0060 b0061 (! b0062) (! b0063) (! b0064) b0065 (! b0066) (! b0067) b0068 (! b0069) b0070 b0071 b0072 (! b0073) (! b0074) b0075 (! b0076) b0077 (! b0078) (! b0079) b0080 (! b0081) (! b0082) b0083 (! b0084) (! b0085) b0086 (! b0087) b0088 b0089 b0090 b0091 b0092 b0093 b0094 (! b0095) b0096 (! b0097) (! b0098) (! b0099) (! b0100) (! b0101) (! b0102) (! b0103) (! b0104) (! b0105) b0106 (! b0107) b0108 (! b0109) b0110 b0111 (! b0112) b0113 (! b0114) (! b0115) (! b0116) b0117 b0118 b0119 b0120 b0121 b0122 b0123 b0124 b0125 b0126 b0127 b0128 b0129 b0130 b0131 b0132 b0133 b0134 b0135 b0136 b0137 b0138 b0139)
Time taken = 0.059559
Removing b0119
Verifying g_slist_remove
Houdini assignment axiom: (And true b0000 b0001 b0002 b0003 b0004 b0005 b0006 b0007 b0008 b0009 (! b0010) (! b0011) (! b0012) b0013 b0014 b0015 (! b0016) b0017 (! b0018) (! b0019) b0020 (! b0021) b0022 b0023 b0024 (! b0025) (! b0026) b0027 b0028 b0029 b0030 b0031 b0032 b0033 (! b0034) (! b0035) (! b0036) b0037 b0038 b0039 b0040 b0041 (! b0042) (! b0043) b0044 b0045 b0046 b0047 (! b0048) (! b0049) b0050 b0051 (! b0052) (! b0053) (! b0054) (! b0055) (! b0056) (! b0057) b0058 b0059 b0060 b0061 (! b0062) (! b0063) (! b0064) b0065 (! b0066) (! b0067) b0068 (! b0069) b0070 b0071 b0072 (! b0073) (! b0074) b0075 (! b0076) b0077 (! b0078) (! b0079) b0080 (! b0081) (! b0082) b0083 (! b0084) (! b0085) b0086 (! b0087) b0088 b0089 b0090 b0091 b0092 b0093 b0094 (! b0095) b0096 (! b0097) (! b0098) (! b0099) (! b0100) (! b0101) (! b0102) (! b0103) (! b0104) (! b0105) b0106 (! b0107) b0108 (! b0109) b0110 b0111 (! b0112) b0113 (! b0114) (! b0115) (! b0116) b0117 b0118 (! b0119) b0120 b0121 b0122 b0123 b0124 b0125 b0126 b0127 b0128 b0129 b0130 b0131 b0132 b0133 b0134 b0135 b0136 b0137 b0138 b0139)
Time taken = 0.062289
Removing b0120
Removing b0124
Verifying g_slist_remove
Houdini assignment axiom: (And true b0000 b0001 b0002 b0003 b0004 b0005 b0006 b0007 b0008 b0009 (! b0010) (! b0011) (! b0012) b0013 b0014 b0015 (! b0016) b0017 (! b0018) (! b0019) b0020 (! b0021) b0022 b0023 b0024 (! b0025) (! b0026) b0027 b0028 b0029 b0030 b0031 b0032 b0033 (! b0034) (! b0035) (! b0036) b0037 b0038 b0039 b0040 b0041 (! b0042) (! b0043) b0044 b0045 b0046 b0047 (! b0048) (! b0049) b0050 b0051 (! b0052) (! b0053) (! b0054) (! b0055) (! b0056) (! b0057) b0058 b0059 b0060 b0061 (! b0062) (! b0063) (! b0064) b0065 (! b0066) (! b0067) b0068 (! b0069) b0070 b0071 b0072 (! b0073) (! b0074) b0075 (! b0076) b0077 (! b0078) (! b0079) b0080 (! b0081) (! b0082) b0083 (! b0084) (! b0085) b0086 (! b0087) b0088 b0089 b0090 b0091 b0092 b0093 b0094 (! b0095) b0096 (! b0097) (! b0098) (! b0099) (! b0100) (! b0101) (! b0102) (! b0103) (! b0104) (! b0105) b0106 (! b0107) b0108 (! b0109) b0110 b0111 (! b0112) b0113 (! b0114) (! b0115) (! b0116) b0117 b0118 (! b0119) (! b0120) b0121 b0122 b0123 (! b0124) b0125 b0126 b0127 b0128 b0129 b0130 b0131 b0132 b0133 b0134 b0135 b0136 b0137 b0138 b0139)
Time taken = 0.061397
Removing b0121
Removing b0125
Verifying g_slist_remove
Houdini assignment axiom: (And true b0000 b0001 b0002 b0003 b0004 b0005 b0006 b0007 b0008 b0009 (! b0010) (! b0011) (! b0012) b0013 b0014 b0015 (! b0016) b0017 (! b0018) (! b0019) b0020 (! b0021) b0022 b0023 b0024 (! b0025) (! b0026) b0027 b0028 b0029 b0030 b0031 b0032 b0033 (! b0034) (! b0035) (! b0036) b0037 b0038 b0039 b0040 b0041 (! b0042) (! b0043) b0044 b0045 b0046 b0047 (! b0048) (! b0049) b0050 b0051 (! b0052) (! b0053) (! b0054) (! b0055) (! b0056) (! b0057) b0058 b0059 b0060 b0061 (! b0062) (! b0063) (! b0064) b0065 (! b0066) (! b0067) b0068 (! b0069) b0070 b0071 b0072 (! b0073) (! b0074) b0075 (! b0076) b0077 (! b0078) (! b0079) b0080 (! b0081) (! b0082) b0083 (! b0084) (! b0085) b0086 (! b0087) b0088 b0089 b0090 b0091 b0092 b0093 b0094 (! b0095) b0096 (! b0097) (! b0098) (! b0099) (! b0100) (! b0101) (! b0102) (! b0103) (! b0104) (! b0105) b0106 (! b0107) b0108 (! b0109) b0110 b0111 (! b0112) b0113 (! b0114) (! b0115) (! b0116) b0117 b0118 (! b0119) (! b0120) (! b0121) b0122 b0123 (! b0124) (! b0125) b0126 b0127 b0128 b0129 b0130 b0131 b0132 b0133 b0134 b0135 b0136 b0137 b0138 b0139)
Time taken = 0.066504
Removing b0123
Removing b0127
Verifying g_slist_remove
Houdini assignment axiom: (And true b0000 b0001 b0002 b0003 b0004 b0005 b0006 b0007 b0008 b0009 (! b0010) (! b0011) (! b0012) b0013 b0014 b0015 (! b0016) b0017 (! b0018) (! b0019) b0020 (! b0021) b0022 b0023 b0024 (! b0025) (! b0026) b0027 b0028 b0029 b0030 b0031 b0032 b0033 (! b0034) (! b0035) (! b0036) b0037 b0038 b0039 b0040 b0041 (! b0042) (! b0043) b0044 b0045 b0046 b0047 (! b0048) (! b0049) b0050 b0051 (! b0052) (! b0053) (! b0054) (! b0055) (! b0056) (! b0057) b0058 b0059 b0060 b0061 (! b0062) (! b0063) (! b0064) b0065 (! b0066) (! b0067) b0068 (! b0069) b0070 b0071 b0072 (! b0073) (! b0074) b0075 (! b0076) b0077 (! b0078) (! b0079) b0080 (! b0081) (! b0082) b0083 (! b0084) (! b0085) b0086 (! b0087) b0088 b0089 b0090 b0091 b0092 b0093 b0094 (! b0095) b0096 (! b0097) (! b0098) (! b0099) (! b0100) (! b0101) (! b0102) (! b0103) (! b0104) (! b0105) b0106 (! b0107) b0108 (! b0109) b0110 b0111 (! b0112) b0113 (! b0114) (! b0115) (! b0116) b0117 b0118 (! b0119) (! b0120) (! b0121) b0122 (! b0123) (! b0124) (! b0125) b0126 (! b0127) b0128 b0129 b0130 b0131 b0132 b0133 b0134 b0135 b0136 b0137 b0138 b0139)
Time taken = 0.06803
Removing b0128
Verifying g_slist_remove
Houdini assignment axiom: (And true b0000 b0001 b0002 b0003 b0004 b0005 b0006 b0007 b0008 b0009 (! b0010) (! b0011) (! b0012) b0013 b0014 b0015 (! b0016) b0017 (! b0018) (! b0019) b0020 (! b0021) b0022 b0023 b0024 (! b0025) (! b0026) b0027 b0028 b0029 b0030 b0031 b0032 b0033 (! b0034) (! b0035) (! b0036) b0037 b0038 b0039 b0040 b0041 (! b0042) (! b0043) b0044 b0045 b0046 b0047 (! b0048) (! b0049) b0050 b0051 (! b0052) (! b0053) (! b0054) (! b0055) (! b0056) (! b0057) b0058 b0059 b0060 b0061 (! b0062) (! b0063) (! b0064) b0065 (! b0066) (! b0067) b0068 (! b0069) b0070 b0071 b0072 (! b0073) (! b0074) b0075 (! b0076) b0077 (! b0078) (! b0079) b0080 (! b0081) (! b0082) b0083 (! b0084) (! b0085) b0086 (! b0087) b0088 b0089 b0090 b0091 b0092 b0093 b0094 (! b0095) b0096 (! b0097) (! b0098) (! b0099) (! b0100) (! b0101) (! b0102) (! b0103) (! b0104) (! b0105) b0106 (! b0107) b0108 (! b0109) b0110 b0111 (! b0112) b0113 (! b0114) (! b0115) (! b0116) b0117 b0118 (! b0119) (! b0120) (! b0121) b0122 (! b0123) (! b0124) (! b0125) b0126 (! b0127) (! b0128) b0129 b0130 b0131 b0132 b0133 b0134 b0135 b0136 b0137 b0138 b0139)
Time taken = 0.071466
Removing b0129
Removing b0130
Verifying g_slist_remove
Houdini assignment axiom: (And true b0000 b0001 b0002 b0003 b0004 b0005 b0006 b0007 b0008 b0009 (! b0010) (! b0011) (! b0012) b0013 b0014 b0015 (! b0016) b0017 (! b0018) (! b0019) b0020 (! b0021) b0022 b0023 b0024 (! b0025) (! b0026) b0027 b0028 b0029 b0030 b0031 b0032 b0033 (! b0034) (! b0035) (! b0036) b0037 b0038 b0039 b0040 b0041 (! b0042) (! b0043) b0044 b0045 b0046 b0047 (! b0048) (! b0049) b0050 b0051 (! b0052) (! b0053) (! b0054) (! b0055) (! b0056) (! b0057) b0058 b0059 b0060 b0061 (! b0062) (! b0063) (! b0064) b0065 (! b0066) (! b0067) b0068 (! b0069) b0070 b0071 b0072 (! b0073) (! b0074) b0075 (! b0076) b0077 (! b0078) (! b0079) b0080 (! b0081) (! b0082) b0083 (! b0084) (! b0085) b0086 (! b0087) b0088 b0089 b0090 b0091 b0092 b0093 b0094 (! b0095) b0096 (! b0097) (! b0098) (! b0099) (! b0100) (! b0101) (! b0102) (! b0103) (! b0104) (! b0105) b0106 (! b0107) b0108 (! b0109) b0110 b0111 (! b0112) b0113 (! b0114) (! b0115) (! b0116) b0117 b0118 (! b0119) (! b0120) (! b0121) b0122 (! b0123) (! b0124) (! b0125) b0126 (! b0127) (! b0128) (! b0129) (! b0130) b0131 b0132 b0133 b0134 b0135 b0136 b0137 b0138 b0139)
Time taken = 0.060906
Removing b0131
Verifying g_slist_remove
Houdini assignment axiom: (And true b0000 b0001 b0002 b0003 b0004 b0005 b0006 b0007 b0008 b0009 (! b0010) (! b0011) (! b0012) b0013 b0014 b0015 (! b0016) b0017 (! b0018) (! b0019) b0020 (! b0021) b0022 b0023 b0024 (! b0025) (! b0026) b0027 b0028 b0029 b0030 b0031 b0032 b0033 (! b0034) (! b0035) (! b0036) b0037 b0038 b0039 b0040 b0041 (! b0042) (! b0043) b0044 b0045 b0046 b0047 (! b0048) (! b0049) b0050 b0051 (! b0052) (! b0053) (! b0054) (! b0055) (! b0056) (! b0057) b0058 b0059 b0060 b0061 (! b0062) (! b0063) (! b0064) b0065 (! b0066) (! b0067) b0068 (! b0069) b0070 b0071 b0072 (! b0073) (! b0074) b0075 (! b0076) b0077 (! b0078) (! b0079) b0080 (! b0081) (! b0082) b0083 (! b0084) (! b0085) b0086 (! b0087) b0088 b0089 b0090 b0091 b0092 b0093 b0094 (! b0095) b0096 (! b0097) (! b0098) (! b0099) (! b0100) (! b0101) (! b0102) (! b0103) (! b0104) (! b0105) b0106 (! b0107) b0108 (! b0109) b0110 b0111 (! b0112) b0113 (! b0114) (! b0115) (! b0116) b0117 b0118 (! b0119) (! b0120) (! b0121) b0122 (! b0123) (! b0124) (! b0125) b0126 (! b0127) (! b0128) (! b0129) (! b0130) (! b0131) b0132 b0133 b0134 b0135 b0136 b0137 b0138 b0139)
Time taken = 0.067456
Removing b0132
Removing b0133
Verifying g_slist_remove
Houdini assignment axiom: (And true b0000 b0001 b0002 b0003 b0004 b0005 b0006 b0007 b0008 b0009 (! b0010) (! b0011) (! b0012) b0013 b0014 b0015 (! b0016) b0017 (! b0018) (! b0019) b0020 (! b0021) b0022 b0023 b0024 (! b0025) (! b0026) b0027 b0028 b0029 b0030 b0031 b0032 b0033 (! b0034) (! b0035) (! b0036) b0037 b0038 b0039 b0040 b0041 (! b0042) (! b0043) b0044 b0045 b0046 b0047 (! b0048) (! b0049) b0050 b0051 (! b0052) (! b0053) (! b0054) (! b0055) (! b0056) (! b0057) b0058 b0059 b0060 b0061 (! b0062) (! b0063) (! b0064) b0065 (! b0066) (! b0067) b0068 (! b0069) b0070 b0071 b0072 (! b0073) (! b0074) b0075 (! b0076) b0077 (! b0078) (! b0079) b0080 (! b0081) (! b0082) b0083 (! b0084) (! b0085) b0086 (! b0087) b0088 b0089 b0090 b0091 b0092 b0093 b0094 (! b0095) b0096 (! b0097) (! b0098) (! b0099) (! b0100) (! b0101) (! b0102) (! b0103) (! b0104) (! b0105) b0106 (! b0107) b0108 (! b0109) b0110 b0111 (! b0112) b0113 (! b0114) (! b0115) (! b0116) b0117 b0118 (! b0119) (! b0120) (! b0121) b0122 (! b0123) (! b0124) (! b0125) b0126 (! b0127) (! b0128) (! b0129) (! b0130) (! b0131) (! b0132) (! b0133) b0134 b0135 b0136 b0137 b0138 b0139)
Time taken = 0.067716
Removing b0137
Verifying g_slist_remove
Houdini assignment axiom: (And true b0000 b0001 b0002 b0003 b0004 b0005 b0006 b0007 b0008 b0009 (! b0010) (! b0011) (! b0012) b0013 b0014 b0015 (! b0016) b0017 (! b0018) (! b0019) b0020 (! b0021) b0022 b0023 b0024 (! b0025) (! b0026) b0027 b0028 b0029 b0030 b0031 b0032 b0033 (! b0034) (! b0035) (! b0036) b0037 b0038 b0039 b0040 b0041 (! b0042) (! b0043) b0044 b0045 b0046 b0047 (! b0048) (! b0049) b0050 b0051 (! b0052) (! b0053) (! b0054) (! b0055) (! b0056) (! b0057) b0058 b0059 b0060 b0061 (! b0062) (! b0063) (! b0064) b0065 (! b0066) (! b0067) b0068 (! b0069) b0070 b0071 b0072 (! b0073) (! b0074) b0075 (! b0076) b0077 (! b0078) (! b0079) b0080 (! b0081) (! b0082) b0083 (! b0084) (! b0085) b0086 (! b0087) b0088 b0089 b0090 b0091 b0092 b0093 b0094 (! b0095) b0096 (! b0097) (! b0098) (! b0099) (! b0100) (! b0101) (! b0102) (! b0103) (! b0104) (! b0105) b0106 (! b0107) b0108 (! b0109) b0110 b0111 (! b0112) b0113 (! b0114) (! b0115) (! b0116) b0117 b0118 (! b0119) (! b0120) (! b0121) b0122 (! b0123) (! b0124) (! b0125) b0126 (! b0127) (! b0128) (! b0129) (! b0130) (! b0131) (! b0132) (! b0133) b0134 b0135 b0136 (! b0137) b0138 b0139)
Time taken = 0.067473
Removing b0138
Verifying g_slist_remove
Houdini assignment axiom: (And true b0000 b0001 b0002 b0003 b0004 b0005 b0006 b0007 b0008 b0009 (! b0010) (! b0011) (! b0012) b0013 b0014 b0015 (! b0016) b0017 (! b0018) (! b0019) b0020 (! b0021) b0022 b0023 b0024 (! b0025) (! b0026) b0027 b0028 b0029 b0030 b0031 b0032 b0033 (! b0034) (! b0035) (! b0036) b0037 b0038 b0039 b0040 b0041 (! b0042) (! b0043) b0044 b0045 b0046 b0047 (! b0048) (! b0049) b0050 b0051 (! b0052) (! b0053) (! b0054) (! b0055) (! b0056) (! b0057) b0058 b0059 b0060 b0061 (! b0062) (! b0063) (! b0064) b0065 (! b0066) (! b0067) b0068 (! b0069) b0070 b0071 b0072 (! b0073) (! b0074) b0075 (! b0076) b0077 (! b0078) (! b0079) b0080 (! b0081) (! b0082) b0083 (! b0084) (! b0085) b0086 (! b0087) b0088 b0089 b0090 b0091 b0092 b0093 b0094 (! b0095) b0096 (! b0097) (! b0098) (! b0099) (! b0100) (! b0101) (! b0102) (! b0103) (! b0104) (! b0105) b0106 (! b0107) b0108 (! b0109) b0110 b0111 (! b0112) b0113 (! b0114) (! b0115) (! b0116) b0117 b0118 (! b0119) (! b0120) (! b0121) b0122 (! b0123) (! b0124) (! b0125) b0126 (! b0127) (! b0128) (! b0129) (! b0130) (! b0131) (! b0132) (! b0133) b0134 b0135 b0136 (! b0137) (! b0138) b0139)
Time taken = 0.068948
Removing b0139
Removing b0007
Verifying g_slist_remove
Houdini assignment axiom: (And true b0000 b0001 b0002 b0003 b0004 b0005 b0006 (! b0007) b0008 b0009 (! b0010) (! b0011) (! b0012) b0013 b0014 b0015 (! b0016) b0017 (! b0018) (! b0019) b0020 (! b0021) b0022 b0023 b0024 (! b0025) (! b0026) b0027 b0028 b0029 b0030 b0031 b0032 b0033 (! b0034) (! b0035) (! b0036) b0037 b0038 b0039 b0040 b0041 (! b0042) (! b0043) b0044 b0045 b0046 b0047 (! b0048) (! b0049) b0050 b0051 (! b0052) (! b0053) (! b0054) (! b0055) (! b0056) (! b0057) b0058 b0059 b0060 b0061 (! b0062) (! b0063) (! b0064) b0065 (! b0066) (! b0067) b0068 (! b0069) b0070 b0071 b0072 (! b0073) (! b0074) b0075 (! b0076) b0077 (! b0078) (! b0079) b0080 (! b0081) (! b0082) b0083 (! b0084) (! b0085) b0086 (! b0087) b0088 b0089 b0090 b0091 b0092 b0093 b0094 (! b0095) b0096 (! b0097) (! b0098) (! b0099) (! b0100) (! b0101) (! b0102) (! b0103) (! b0104) (! b0105) b0106 (! b0107) b0108 (! b0109) b0110 b0111 (! b0112) b0113 (! b0114) (! b0115) (! b0116) b0117 b0118 (! b0119) (! b0120) (! b0121) b0122 (! b0123) (! b0124) (! b0125) b0126 (! b0127) (! b0128) (! b0129) (! b0130) (! b0131) (! b0132) (! b0133) b0134 b0135 b0136 (! b0137) (! b0138) (! b0139))
Time taken = 0.067931
Removing b0008
Verifying g_slist_remove
Houdini assignment axiom: (And true b0000 b0001 b0002 b0003 b0004 b0005 b0006 (! b0007) (! b0008) b0009 (! b0010) (! b0011) (! b0012) b0013 b0014 b0015 (! b0016) b0017 (! b0018) (! b0019) b0020 (! b0021) b0022 b0023 b0024 (! b0025) (! b0026) b0027 b0028 b0029 b0030 b0031 b0032 b0033 (! b0034) (! b0035) (! b0036) b0037 b0038 b0039 b0040 b0041 (! b0042) (! b0043) b0044 b0045 b0046 b0047 (! b0048) (! b0049) b0050 b0051 (! b0052) (! b0053) (! b0054) (! b0055) (! b0056) (! b0057) b0058 b0059 b0060 b0061 (! b0062) (! b0063) (! b0064) b0065 (! b0066) (! b0067) b0068 (! b0069) b0070 b0071 b0072 (! b0073) (! b0074) b0075 (! b0076) b0077 (! b0078) (! b0079) b0080 (! b0081) (! b0082) b0083 (! b0084) (! b0085) b0086 (! b0087) b0088 b0089 b0090 b0091 b0092 b0093 b0094 (! b0095) b0096 (! b0097) (! b0098) (! b0099) (! b0100) (! b0101) (! b0102) (! b0103) (! b0104) (! b0105) b0106 (! b0107) b0108 (! b0109) b0110 b0111 (! b0112) b0113 (! b0114) (! b0115) (! b0116) b0117 b0118 (! b0119) (! b0120) (! b0121) b0122 (! b0123) (! b0124) (! b0125) b0126 (! b0127) (! b0128) (! b0129) (! b0130) (! b0131) (! b0132) (! b0133) b0134 b0135 b0136 (! b0137) (! b0138) (! b0139))
Time taken = 0.072783
Removing b0009
Verifying g_slist_remove
Houdini assignment axiom: (And true b0000 b0001 b0002 b0003 b0004 b0005 b0006 (! b0007) (! b0008) (! b0009) (! b0010) (! b0011) (! b0012) b0013 b0014 b0015 (! b0016) b0017 (! b0018) (! b0019) b0020 (! b0021) b0022 b0023 b0024 (! b0025) (! b0026) b0027 b0028 b0029 b0030 b0031 b0032 b0033 (! b0034) (! b0035) (! b0036) b0037 b0038 b0039 b0040 b0041 (! b0042) (! b0043) b0044 b0045 b0046 b0047 (! b0048) (! b0049) b0050 b0051 (! b0052) (! b0053) (! b0054) (! b0055) (! b0056) (! b0057) b0058 b0059 b0060 b0061 (! b0062) (! b0063) (! b0064) b0065 (! b0066) (! b0067) b0068 (! b0069) b0070 b0071 b0072 (! b0073) (! b0074) b0075 (! b0076) b0077 (! b0078) (! b0079) b0080 (! b0081) (! b0082) b0083 (! b0084) (! b0085) b0086 (! b0087) b0088 b0089 b0090 b0091 b0092 b0093 b0094 (! b0095) b0096 (! b0097) (! b0098) (! b0099) (! b0100) (! b0101) (! b0102) (! b0103) (! b0104) (! b0105) b0106 (! b0107) b0108 (! b0109) b0110 b0111 (! b0112) b0113 (! b0114) (! b0115) (! b0116) b0117 b0118 (! b0119) (! b0120) (! b0121) b0122 (! b0123) (! b0124) (! b0125) b0126 (! b0127) (! b0128) (! b0129) (! b0130) (! b0131) (! b0132) (! b0133) b0134 b0135 b0136 (! b0137) (! b0138) (! b0139))
Time taken = 0.069763
Removing b0017
Verifying g_slist_remove
Houdini assignment axiom: (And true b0000 b0001 b0002 b0003 b0004 b0005 b0006 (! b0007) (! b0008) (! b0009) (! b0010) (! b0011) (! b0012) b0013 b0014 b0015 (! b0016) (! b0017) (! b0018) (! b0019) b0020 (! b0021) b0022 b0023 b0024 (! b0025) (! b0026) b0027 b0028 b0029 b0030 b0031 b0032 b0033 (! b0034) (! b0035) (! b0036) b0037 b0038 b0039 b0040 b0041 (! b0042) (! b0043) b0044 b0045 b0046 b0047 (! b0048) (! b0049) b0050 b0051 (! b0052) (! b0053) (! b0054) (! b0055) (! b0056) (! b0057) b0058 b0059 b0060 b0061 (! b0062) (! b0063) (! b0064) b0065 (! b0066) (! b0067) b0068 (! b0069) b0070 b0071 b0072 (! b0073) (! b0074) b0075 (! b0076) b0077 (! b0078) (! b0079) b0080 (! b0081) (! b0082) b0083 (! b0084) (! b0085) b0086 (! b0087) b0088 b0089 b0090 b0091 b0092 b0093 b0094 (! b0095) b0096 (! b0097) (! b0098) (! b0099) (! b0100) (! b0101) (! b0102) (! b0103) (! b0104) (! b0105) b0106 (! b0107) b0108 (! b0109) b0110 b0111 (! b0112) b0113 (! b0114) (! b0115) (! b0116) b0117 b0118 (! b0119) (! b0120) (! b0121) b0122 (! b0123) (! b0124) (! b0125) b0126 (! b0127) (! b0128) (! b0129) (! b0130) (! b0131) (! b0132) (! b0133) b0134 b0135 b0136 (! b0137) (! b0138) (! b0139))
Time taken = 0.086807
Removing b0022
Removing b0020
Verifying g_slist_remove
Houdini assignment axiom: (And true b0000 b0001 b0002 b0003 b0004 b0005 b0006 (! b0007) (! b0008) (! b0009) (! b0010) (! b0011) (! b0012) b0013 b0014 b0015 (! b0016) (! b0017) (! b0018) (! b0019) (! b0020) (! b0021) (! b0022) b0023 b0024 (! b0025) (! b0026) b0027 b0028 b0029 b0030 b0031 b0032 b0033 (! b0034) (! b0035) (! b0036) b0037 b0038 b0039 b0040 b0041 (! b0042) (! b0043) b0044 b0045 b0046 b0047 (! b0048) (! b0049) b0050 b0051 (! b0052) (! b0053) (! b0054) (! b0055) (! b0056) (! b0057) b0058 b0059 b0060 b0061 (! b0062) (! b0063) (! b0064) b0065 (! b0066) (! b0067) b0068 (! b0069) b0070 b0071 b0072 (! b0073) (! b0074) b0075 (! b0076) b0077 (! b0078) (! b0079) b0080 (! b0081) (! b0082) b0083 (! b0084) (! b0085) b0086 (! b0087) b0088 b0089 b0090 b0091 b0092 b0093 b0094 (! b0095) b0096 (! b0097) (! b0098) (! b0099) (! b0100) (! b0101) (! b0102) (! b0103) (! b0104) (! b0105) b0106 (! b0107) b0108 (! b0109) b0110 b0111 (! b0112) b0113 (! b0114) (! b0115) (! b0116) b0117 b0118 (! b0119) (! b0120) (! b0121) b0122 (! b0123) (! b0124) (! b0125) b0126 (! b0127) (! b0128) (! b0129) (! b0130) (! b0131) (! b0132) (! b0133) b0134 b0135 b0136 (! b0137) (! b0138) (! b0139))
Time taken = 0.09165
Removing b0024
Removing b0023
Verifying g_slist_remove
Houdini assignment axiom: (And true b0000 b0001 b0002 b0003 b0004 b0005 b0006 (! b0007) (! b0008) (! b0009) (! b0010) (! b0011) (! b0012) b0013 b0014 b0015 (! b0016) (! b0017) (! b0018) (! b0019) (! b0020) (! b0021) (! b0022) (! b0023) (! b0024) (! b0025) (! b0026) b0027 b0028 b0029 b0030 b0031 b0032 b0033 (! b0034) (! b0035) (! b0036) b0037 b0038 b0039 b0040 b0041 (! b0042) (! b0043) b0044 b0045 b0046 b0047 (! b0048) (! b0049) b0050 b0051 (! b0052) (! b0053) (! b0054) (! b0055) (! b0056) (! b0057) b0058 b0059 b0060 b0061 (! b0062) (! b0063) (! b0064) b0065 (! b0066) (! b0067) b0068 (! b0069) b0070 b0071 b0072 (! b0073) (! b0074) b0075 (! b0076) b0077 (! b0078) (! b0079) b0080 (! b0081) (! b0082) b0083 (! b0084) (! b0085) b0086 (! b0087) b0088 b0089 b0090 b0091 b0092 b0093 b0094 (! b0095) b0096 (! b0097) (! b0098) (! b0099) (! b0100) (! b0101) (! b0102) (! b0103) (! b0104) (! b0105) b0106 (! b0107) b0108 (! b0109) b0110 b0111 (! b0112) b0113 (! b0114) (! b0115) (! b0116) b0117 b0118 (! b0119) (! b0120) (! b0121) b0122 (! b0123) (! b0124) (! b0125) b0126 (! b0127) (! b0128) (! b0129) (! b0130) (! b0131) (! b0132) (! b0133) b0134 b0135 b0136 (! b0137) (! b0138) (! b0139))
Time taken = 0.075954
Removing b0027
Verifying g_slist_remove
Houdini assignment axiom: (And true b0000 b0001 b0002 b0003 b0004 b0005 b0006 (! b0007) (! b0008) (! b0009) (! b0010) (! b0011) (! b0012) b0013 b0014 b0015 (! b0016) (! b0017) (! b0018) (! b0019) (! b0020) (! b0021) (! b0022) (! b0023) (! b0024) (! b0025) (! b0026) (! b0027) b0028 b0029 b0030 b0031 b0032 b0033 (! b0034) (! b0035) (! b0036) b0037 b0038 b0039 b0040 b0041 (! b0042) (! b0043) b0044 b0045 b0046 b0047 (! b0048) (! b0049) b0050 b0051 (! b0052) (! b0053) (! b0054) (! b0055) (! b0056) (! b0057) b0058 b0059 b0060 b0061 (! b0062) (! b0063) (! b0064) b0065 (! b0066) (! b0067) b0068 (! b0069) b0070 b0071 b0072 (! b0073) (! b0074) b0075 (! b0076) b0077 (! b0078) (! b0079) b0080 (! b0081) (! b0082) b0083 (! b0084) (! b0085) b0086 (! b0087) b0088 b0089 b0090 b0091 b0092 b0093 b0094 (! b0095) b0096 (! b0097) (! b0098) (! b0099) (! b0100) (! b0101) (! b0102) (! b0103) (! b0104) (! b0105) b0106 (! b0107) b0108 (! b0109) b0110 b0111 (! b0112) b0113 (! b0114) (! b0115) (! b0116) b0117 b0118 (! b0119) (! b0120) (! b0121) b0122 (! b0123) (! b0124) (! b0125) b0126 (! b0127) (! b0128) (! b0129) (! b0130) (! b0131) (! b0132) (! b0133) b0134 b0135 b0136 (! b0137) (! b0138) (! b0139))
Time taken = 0.07579
Removing b0031
Removing b0040
Verifying g_slist_remove
Houdini assignment axiom: (And true b0000 b0001 b0002 b0003 b0004 b0005 b0006 (! b0007) (! b0008) (! b0009) (! b0010) (! b0011) (! b0012) b0013 b0014 b0015 (! b0016) (! b0017) (! b0018) (! b0019) (! b0020) (! b0021) (! b0022) (! b0023) (! b0024) (! b0025) (! b0026) (! b0027) b0028 b0029 b0030 (! b0031) b0032 b0033 (! b0034) (! b0035) (! b0036) b0037 b0038 b0039 (! b0040) b0041 (! b0042) (! b0043) b0044 b0045 b0046 b0047 (! b0048) (! b0049) b0050 b0051 (! b0052) (! b0053) (! b0054) (! b0055) (! b0056) (! b0057) b0058 b0059 b0060 b0061 (! b0062) (! b0063) (! b0064) b0065 (! b0066) (! b0067) b0068 (! b0069) b0070 b0071 b0072 (! b0073) (! b0074) b0075 (! b0076) b0077 (! b0078) (! b0079) b0080 (! b0081) (! b0082) b0083 (! b0084) (! b0085) b0086 (! b0087) b0088 b0089 b0090 b0091 b0092 b0093 b0094 (! b0095) b0096 (! b0097) (! b0098) (! b0099) (! b0100) (! b0101) (! b0102) (! b0103) (! b0104) (! b0105) b0106 (! b0107) b0108 (! b0109) b0110 b0111 (! b0112) b0113 (! b0114) (! b0115) (! b0116) b0117 b0118 (! b0119) (! b0120) (! b0121) b0122 (! b0123) (! b0124) (! b0125) b0126 (! b0127) (! b0128) (! b0129) (! b0130) (! b0131) (! b0132) (! b0133) b0134 b0135 b0136 (! b0137) (! b0138) (! b0139))
Time taken = 0.085336
Removing b0032
Removing b0041
Verifying g_slist_remove
Houdini assignment axiom: (And true b0000 b0001 b0002 b0003 b0004 b0005 b0006 (! b0007) (! b0008) (! b0009) (! b0010) (! b0011) (! b0012) b0013 b0014 b0015 (! b0016) (! b0017) (! b0018) (! b0019) (! b0020) (! b0021) (! b0022) (! b0023) (! b0024) (! b0025) (! b0026) (! b0027) b0028 b0029 b0030 (! b0031) (! b0032) b0033 (! b0034) (! b0035) (! b0036) b0037 b0038 b0039 (! b0040) (! b0041) (! b0042) (! b0043) b0044 b0045 b0046 b0047 (! b0048) (! b0049) b0050 b0051 (! b0052) (! b0053) (! b0054) (! b0055) (! b0056) (! b0057) b0058 b0059 b0060 b0061 (! b0062) (! b0063) (! b0064) b0065 (! b0066) (! b0067) b0068 (! b0069) b0070 b0071 b0072 (! b0073) (! b0074) b0075 (! b0076) b0077 (! b0078) (! b0079) b0080 (! b0081) (! b0082) b0083 (! b0084) (! b0085) b0086 (! b0087) b0088 b0089 b0090 b0091 b0092 b0093 b0094 (! b0095) b0096 (! b0097) (! b0098) (! b0099) (! b0100) (! b0101) (! b0102) (! b0103) (! b0104) (! b0105) b0106 (! b0107) b0108 (! b0109) b0110 b0111 (! b0112) b0113 (! b0114) (! b0115) (! b0116) b0117 b0118 (! b0119) (! b0120) (! b0121) b0122 (! b0123) (! b0124) (! b0125) b0126 (! b0127) (! b0128) (! b0129) (! b0130) (! b0131) (! b0132) (! b0133) b0134 b0135 b0136 (! b0137) (! b0138) (! b0139))
Time taken = 0.077872
Removing b0033
Removing b0060
Verifying g_slist_remove
Houdini assignment axiom: (And true b0000 b0001 b0002 b0003 b0004 b0005 b0006 (! b0007) (! b0008) (! b0009) (! b0010) (! b0011) (! b0012) b0013 b0014 b0015 (! b0016) (! b0017) (! b0018) (! b0019) (! b0020) (! b0021) (! b0022) (! b0023) (! b0024) (! b0025) (! b0026) (! b0027) b0028 b0029 b0030 (! b0031) (! b0032) (! b0033) (! b0034) (! b0035) (! b0036) b0037 b0038 b0039 (! b0040) (! b0041) (! b0042) (! b0043) b0044 b0045 b0046 b0047 (! b0048) (! b0049) b0050 b0051 (! b0052) (! b0053) (! b0054) (! b0055) (! b0056) (! b0057) b0058 b0059 (! b0060) b0061 (! b0062) (! b0063) (! b0064) b0065 (! b0066) (! b0067) b0068 (! b0069) b0070 b0071 b0072 (! b0073) (! b0074) b0075 (! b0076) b0077 (! b0078) (! b0079) b0080 (! b0081) (! b0082) b0083 (! b0084) (! b0085) b0086 (! b0087) b0088 b0089 b0090 b0091 b0092 b0093 b0094 (! b0095) b0096 (! b0097) (! b0098) (! b0099) (! b0100) (! b0101) (! b0102) (! b0103) (! b0104) (! b0105) b0106 (! b0107) b0108 (! b0109) b0110 b0111 (! b0112) b0113 (! b0114) (! b0115) (! b0116) b0117 b0118 (! b0119) (! b0120) (! b0121) b0122 (! b0123) (! b0124) (! b0125) b0126 (! b0127) (! b0128) (! b0129) (! b0130) (! b0131) (! b0132) (! b0133) b0134 b0135 b0136 (! b0137) (! b0138) (! b0139))
Time taken = 0.084861
Removing b0046
Removing b0061
Verifying g_slist_remove
Houdini assignment axiom: (And true b0000 b0001 b0002 b0003 b0004 b0005 b0006 (! b0007) (! b0008) (! b0009) (! b0010) (! b0011) (! b0012) b0013 b0014 b0015 (! b0016) (! b0017) (! b0018) (! b0019) (! b0020) (! b0021) (! b0022) (! b0023) (! b0024) (! b0025) (! b0026) (! b0027) b0028 b0029 b0030 (! b0031) (! b0032) (! b0033) (! b0034) (! b0035) (! b0036) b0037 b0038 b0039 (! b0040) (! b0041) (! b0042) (! b0043) b0044 b0045 (! b0046) b0047 (! b0048) (! b0049) b0050 b0051 (! b0052) (! b0053) (! b0054) (! b0055) (! b0056) (! b0057) b0058 b0059 (! b0060) (! b0061) (! b0062) (! b0063) (! b0064) b0065 (! b0066) (! b0067) b0068 (! b0069) b0070 b0071 b0072 (! b0073) (! b0074) b0075 (! b0076) b0077 (! b0078) (! b0079) b0080 (! b0081) (! b0082) b0083 (! b0084) (! b0085) b0086 (! b0087) b0088 b0089 b0090 b0091 b0092 b0093 b0094 (! b0095) b0096 (! b0097) (! b0098) (! b0099) (! b0100) (! b0101) (! b0102) (! b0103) (! b0104) (! b0105) b0106 (! b0107) b0108 (! b0109) b0110 b0111 (! b0112) b0113 (! b0114) (! b0115) (! b0116) b0117 b0118 (! b0119) (! b0120) (! b0121) b0122 (! b0123) (! b0124) (! b0125) b0126 (! b0127) (! b0128) (! b0129) (! b0130) (! b0131) (! b0132) (! b0133) b0134 b0135 b0136 (! b0137) (! b0138) (! b0139))
Time taken = 0.078446
Removing b0047
Removing b0065
Verifying g_slist_remove
Houdini assignment axiom: (And true b0000 b0001 b0002 b0003 b0004 b0005 b0006 (! b0007) (! b0008) (! b0009) (! b0010) (! b0011) (! b0012) b0013 b0014 b0015 (! b0016) (! b0017) (! b0018) (! b0019) (! b0020) (! b0021) (! b0022) (! b0023) (! b0024) (! b0025) (! b0026) (! b0027) b0028 b0029 b0030 (! b0031) (! b0032) (! b0033) (! b0034) (! b0035) (! b0036) b0037 b0038 b0039 (! b0040) (! b0041) (! b0042) (! b0043) b0044 b0045 (! b0046) (! b0047) (! b0048) (! b0049) b0050 b0051 (! b0052) (! b0053) (! b0054) (! b0055) (! b0056) (! b0057) b0058 b0059 (! b0060) (! b0061) (! b0062) (! b0063) (! b0064) (! b0065) (! b0066) (! b0067) b0068 (! b0069) b0070 b0071 b0072 (! b0073) (! b0074) b0075 (! b0076) b0077 (! b0078) (! b0079) b0080 (! b0081) (! b0082) b0083 (! b0084) (! b0085) b0086 (! b0087) b0088 b0089 b0090 b0091 b0092 b0093 b0094 (! b0095) b0096 (! b0097) (! b0098) (! b0099) (! b0100) (! b0101) (! b0102) (! b0103) (! b0104) (! b0105) b0106 (! b0107) b0108 (! b0109) b0110 b0111 (! b0112) b0113 (! b0114) (! b0115) (! b0116) b0117 b0118 (! b0119) (! b0120) (! b0121) b0122 (! b0123) (! b0124) (! b0125) b0126 (! b0127) (! b0128) (! b0129) (! b0130) (! b0131) (! b0132) (! b0133) b0134 b0135 b0136 (! b0137) (! b0138) (! b0139))
Time taken = 0.0797
Removing b0050
Removing b0070
Verifying g_slist_remove
Houdini assignment axiom: (And true b0000 b0001 b0002 b0003 b0004 b0005 b0006 (! b0007) (! b0008) (! b0009) (! b0010) (! b0011) (! b0012) b0013 b0014 b0015 (! b0016) (! b0017) (! b0018) (! b0019) (! b0020) (! b0021) (! b0022) (! b0023) (! b0024) (! b0025) (! b0026) (! b0027) b0028 b0029 b0030 (! b0031) (! b0032) (! b0033) (! b0034) (! b0035) (! b0036) b0037 b0038 b0039 (! b0040) (! b0041) (! b0042) (! b0043) b0044 b0045 (! b0046) (! b0047) (! b0048) (! b0049) (! b0050) b0051 (! b0052) (! b0053) (! b0054) (! b0055) (! b0056) (! b0057) b0058 b0059 (! b0060) (! b0061) (! b0062) (! b0063) (! b0064) (! b0065) (! b0066) (! b0067) b0068 (! b0069) (! b0070) b0071 b0072 (! b0073) (! b0074) b0075 (! b0076) b0077 (! b0078) (! b0079) b0080 (! b0081) (! b0082) b0083 (! b0084) (! b0085) b0086 (! b0087) b0088 b0089 b0090 b0091 b0092 b0093 b0094 (! b0095) b0096 (! b0097) (! b0098) (! b0099) (! b0100) (! b0101) (! b0102) (! b0103) (! b0104) (! b0105) b0106 (! b0107) b0108 (! b0109) b0110 b0111 (! b0112) b0113 (! b0114) (! b0115) (! b0116) b0117 b0118 (! b0119) (! b0120) (! b0121) b0122 (! b0123) (! b0124) (! b0125) b0126 (! b0127) (! b0128) (! b0129) (! b0130) (! b0131) (! b0132) (! b0133) b0134 b0135 b0136 (! b0137) (! b0138) (! b0139))
Time taken = 0.07158
Removing b0051
Removing b0072
Verifying g_slist_remove
Houdini assignment axiom: (And true b0000 b0001 b0002 b0003 b0004 b0005 b0006 (! b0007) (! b0008) (! b0009) (! b0010) (! b0011) (! b0012) b0013 b0014 b0015 (! b0016) (! b0017) (! b0018) (! b0019) (! b0020) (! b0021) (! b0022) (! b0023) (! b0024) (! b0025) (! b0026) (! b0027) b0028 b0029 b0030 (! b0031) (! b0032) (! b0033) (! b0034) (! b0035) (! b0036) b0037 b0038 b0039 (! b0040) (! b0041) (! b0042) (! b0043) b0044 b0045 (! b0046) (! b0047) (! b0048) (! b0049) (! b0050) (! b0051) (! b0052) (! b0053) (! b0054) (! b0055) (! b0056) (! b0057) b0058 b0059 (! b0060) (! b0061) (! b0062) (! b0063) (! b0064) (! b0065) (! b0066) (! b0067) b0068 (! b0069) (! b0070) b0071 (! b0072) (! b0073) (! b0074) b0075 (! b0076) b0077 (! b0078) (! b0079) b0080 (! b0081) (! b0082) b0083 (! b0084) (! b0085) b0086 (! b0087) b0088 b0089 b0090 b0091 b0092 b0093 b0094 (! b0095) b0096 (! b0097) (! b0098) (! b0099) (! b0100) (! b0101) (! b0102) (! b0103) (! b0104) (! b0105) b0106 (! b0107) b0108 (! b0109) b0110 b0111 (! b0112) b0113 (! b0114) (! b0115) (! b0116) b0117 b0118 (! b0119) (! b0120) (! b0121) b0122 (! b0123) (! b0124) (! b0125) b0126 (! b0127) (! b0128) (! b0129) (! b0130) (! b0131) (! b0132) (! b0133) b0134 b0135 b0136 (! b0137) (! b0138) (! b0139))
Time taken = 0.089219
Removing b0075
Removing b0068
Verifying g_slist_remove
Houdini assignment axiom: (And true b0000 b0001 b0002 b0003 b0004 b0005 b0006 (! b0007) (! b0008) (! b0009) (! b0010) (! b0011) (! b0012) b0013 b0014 b0015 (! b0016) (! b0017) (! b0018) (! b0019) (! b0020) (! b0021) (! b0022) (! b0023) (! b0024) (! b0025) (! b0026) (! b0027) b0028 b0029 b0030 (! b0031) (! b0032) (! b0033) (! b0034) (! b0035) (! b0036) b0037 b0038 b0039 (! b0040) (! b0041) (! b0042) (! b0043) b0044 b0045 (! b0046) (! b0047) (! b0048) (! b0049) (! b0050) (! b0051) (! b0052) (! b0053) (! b0054) (! b0055) (! b0056) (! b0057) b0058 b0059 (! b0060) (! b0061) (! b0062) (! b0063) (! b0064) (! b0065) (! b0066) (! b0067) (! b0068) (! b0069) (! b0070) b0071 (! b0072) (! b0073) (! b0074) (! b0075) (! b0076) b0077 (! b0078) (! b0079) b0080 (! b0081) (! b0082) b0083 (! b0084) (! b0085) b0086 (! b0087) b0088 b0089 b0090 b0091 b0092 b0093 b0094 (! b0095) b0096 (! b0097) (! b0098) (! b0099) (! b0100) (! b0101) (! b0102) (! b0103) (! b0104) (! b0105) b0106 (! b0107) b0108 (! b0109) b0110 b0111 (! b0112) b0113 (! b0114) (! b0115) (! b0116) b0117 b0118 (! b0119) (! b0120) (! b0121) b0122 (! b0123) (! b0124) (! b0125) b0126 (! b0127) (! b0128) (! b0129) (! b0130) (! b0131) (! b0132) (! b0133) b0134 b0135 b0136 (! b0137) (! b0138) (! b0139))
Time taken = 0.080682
Removing b0077
Removing b0080
Verifying g_slist_remove
Houdini assignment axiom: (And true b0000 b0001 b0002 b0003 b0004 b0005 b0006 (! b0007) (! b0008) (! b0009) (! b0010) (! b0011) (! b0012) b0013 b0014 b0015 (! b0016) (! b0017) (! b0018) (! b0019) (! b0020) (! b0021) (! b0022) (! b0023) (! b0024) (! b0025) (! b0026) (! b0027) b0028 b0029 b0030 (! b0031) (! b0032) (! b0033) (! b0034) (! b0035) (! b0036) b0037 b0038 b0039 (! b0040) (! b0041) (! b0042) (! b0043) b0044 b0045 (! b0046) (! b0047) (! b0048) (! b0049) (! b0050) (! b0051) (! b0052) (! b0053) (! b0054) (! b0055) (! b0056) (! b0057) b0058 b0059 (! b0060) (! b0061) (! b0062) (! b0063) (! b0064) (! b0065) (! b0066) (! b0067) (! b0068) (! b0069) (! b0070) b0071 (! b0072) (! b0073) (! b0074) (! b0075) (! b0076) (! b0077) (! b0078) (! b0079) (! b0080) (! b0081) (! b0082) b0083 (! b0084) (! b0085) b0086 (! b0087) b0088 b0089 b0090 b0091 b0092 b0093 b0094 (! b0095) b0096 (! b0097) (! b0098) (! b0099) (! b0100) (! b0101) (! b0102) (! b0103) (! b0104) (! b0105) b0106 (! b0107) b0108 (! b0109) b0110 b0111 (! b0112) b0113 (! b0114) (! b0115) (! b0116) b0117 b0118 (! b0119) (! b0120) (! b0121) b0122 (! b0123) (! b0124) (! b0125) b0126 (! b0127) (! b0128) (! b0129) (! b0130) (! b0131) (! b0132) (! b0133) b0134 b0135 b0136 (! b0137) (! b0138) (! b0139))
Time taken = 0.065333
Removing b0088
Verifying g_slist_remove
Houdini assignment axiom: (And true b0000 b0001 b0002 b0003 b0004 b0005 b0006 (! b0007) (! b0008) (! b0009) (! b0010) (! b0011) (! b0012) b0013 b0014 b0015 (! b0016) (! b0017) (! b0018) (! b0019) (! b0020) (! b0021) (! b0022) (! b0023) (! b0024) (! b0025) (! b0026) (! b0027) b0028 b0029 b0030 (! b0031) (! b0032) (! b0033) (! b0034) (! b0035) (! b0036) b0037 b0038 b0039 (! b0040) (! b0041) (! b0042) (! b0043) b0044 b0045 (! b0046) (! b0047) (! b0048) (! b0049) (! b0050) (! b0051) (! b0052) (! b0053) (! b0054) (! b0055) (! b0056) (! b0057) b0058 b0059 (! b0060) (! b0061) (! b0062) (! b0063) (! b0064) (! b0065) (! b0066) (! b0067) (! b0068) (! b0069) (! b0070) b0071 (! b0072) (! b0073) (! b0074) (! b0075) (! b0076) (! b0077) (! b0078) (! b0079) (! b0080) (! b0081) (! b0082) b0083 (! b0084) (! b0085) b0086 (! b0087) (! b0088) b0089 b0090 b0091 b0092 b0093 b0094 (! b0095) b0096 (! b0097) (! b0098) (! b0099) (! b0100) (! b0101) (! b0102) (! b0103) (! b0104) (! b0105) b0106 (! b0107) b0108 (! b0109) b0110 b0111 (! b0112) b0113 (! b0114) (! b0115) (! b0116) b0117 b0118 (! b0119) (! b0120) (! b0121) b0122 (! b0123) (! b0124) (! b0125) b0126 (! b0127) (! b0128) (! b0129) (! b0130) (! b0131) (! b0132) (! b0133) b0134 b0135 b0136 (! b0137) (! b0138) (! b0139))
Time taken = 0.088462
Removing b0090
Removing b0093
Verifying g_slist_remove
Houdini assignment axiom: (And true b0000 b0001 b0002 b0003 b0004 b0005 b0006 (! b0007) (! b0008) (! b0009) (! b0010) (! b0011) (! b0012) b0013 b0014 b0015 (! b0016) (! b0017) (! b0018) (! b0019) (! b0020) (! b0021) (! b0022) (! b0023) (! b0024) (! b0025) (! b0026) (! b0027) b0028 b0029 b0030 (! b0031) (! b0032) (! b0033) (! b0034) (! b0035) (! b0036) b0037 b0038 b0039 (! b0040) (! b0041) (! b0042) (! b0043) b0044 b0045 (! b0046) (! b0047) (! b0048) (! b0049) (! b0050) (! b0051) (! b0052) (! b0053) (! b0054) (! b0055) (! b0056) (! b0057) b0058 b0059 (! b0060) (! b0061) (! b0062) (! b0063) (! b0064) (! b0065) (! b0066) (! b0067) (! b0068) (! b0069) (! b0070) b0071 (! b0072) (! b0073) (! b0074) (! b0075) (! b0076) (! b0077) (! b0078) (! b0079) (! b0080) (! b0081) (! b0082) b0083 (! b0084) (! b0085) b0086 (! b0087) (! b0088) b0089 (! b0090) b0091 b0092 (! b0093) b0094 (! b0095) b0096 (! b0097) (! b0098) (! b0099) (! b0100) (! b0101) (! b0102) (! b0103) (! b0104) (! b0105) b0106 (! b0107) b0108 (! b0109) b0110 b0111 (! b0112) b0113 (! b0114) (! b0115) (! b0116) b0117 b0118 (! b0119) (! b0120) (! b0121) b0122 (! b0123) (! b0124) (! b0125) b0126 (! b0127) (! b0128) (! b0129) (! b0130) (! b0131) (! b0132) (! b0133) b0134 b0135 b0136 (! b0137) (! b0138) (! b0139))
Time taken = 0.093275
Removing b0091
Removing b0094
Verifying g_slist_remove
Houdini assignment axiom: (And true b0000 b0001 b0002 b0003 b0004 b0005 b0006 (! b0007) (! b0008) (! b0009) (! b0010) (! b0011) (! b0012) b0013 b0014 b0015 (! b0016) (! b0017) (! b0018) (! b0019) (! b0020) (! b0021) (! b0022) (! b0023) (! b0024) (! b0025) (! b0026) (! b0027) b0028 b0029 b0030 (! b0031) (! b0032) (! b0033) (! b0034) (! b0035) (! b0036) b0037 b0038 b0039 (! b0040) (! b0041) (! b0042) (! b0043) b0044 b0045 (! b0046) (! b0047) (! b0048) (! b0049) (! b0050) (! b0051) (! b0052) (! b0053) (! b0054) (! b0055) (! b0056) (! b0057) b0058 b0059 (! b0060) (! b0061) (! b0062) (! b0063) (! b0064) (! b0065) (! b0066) (! b0067) (! b0068) (! b0069) (! b0070) b0071 (! b0072) (! b0073) (! b0074) (! b0075) (! b0076) (! b0077) (! b0078) (! b0079) (! b0080) (! b0081) (! b0082) b0083 (! b0084) (! b0085) b0086 (! b0087) (! b0088) b0089 (! b0090) (! b0091) b0092 (! b0093) (! b0094) (! b0095) b0096 (! b0097) (! b0098) (! b0099) (! b0100) (! b0101) (! b0102) (! b0103) (! b0104) (! b0105) b0106 (! b0107) b0108 (! b0109) b0110 b0111 (! b0112) b0113 (! b0114) (! b0115) (! b0116) b0117 b0118 (! b0119) (! b0120) (! b0121) b0122 (! b0123) (! b0124) (! b0125) b0126 (! b0127) (! b0128) (! b0129) (! b0130) (! b0131) (! b0132) (! b0133) b0134 b0135 b0136 (! b0137) (! b0138) (! b0139))
Time taken = 0.096859
Removing b0096
Removing b0106
Verifying g_slist_remove
Houdini assignment axiom: (And true b0000 b0001 b0002 b0003 b0004 b0005 b0006 (! b0007) (! b0008) (! b0009) (! b0010) (! b0011) (! b0012) b0013 b0014 b0015 (! b0016) (! b0017) (! b0018) (! b0019) (! b0020) (! b0021) (! b0022) (! b0023) (! b0024) (! b0025) (! b0026) (! b0027) b0028 b0029 b0030 (! b0031) (! b0032) (! b0033) (! b0034) (! b0035) (! b0036) b0037 b0038 b0039 (! b0040) (! b0041) (! b0042) (! b0043) b0044 b0045 (! b0046) (! b0047) (! b0048) (! b0049) (! b0050) (! b0051) (! b0052) (! b0053) (! b0054) (! b0055) (! b0056) (! b0057) b0058 b0059 (! b0060) (! b0061) (! b0062) (! b0063) (! b0064) (! b0065) (! b0066) (! b0067) (! b0068) (! b0069) (! b0070) b0071 (! b0072) (! b0073) (! b0074) (! b0075) (! b0076) (! b0077) (! b0078) (! b0079) (! b0080) (! b0081) (! b0082) b0083 (! b0084) (! b0085) b0086 (! b0087) (! b0088) b0089 (! b0090) (! b0091) b0092 (! b0093) (! b0094) (! b0095) (! b0096) (! b0097) (! b0098) (! b0099) (! b0100) (! b0101) (! b0102) (! b0103) (! b0104) (! b0105) (! b0106) (! b0107) b0108 (! b0109) b0110 b0111 (! b0112) b0113 (! b0114) (! b0115) (! b0116) b0117 b0118 (! b0119) (! b0120) (! b0121) b0122 (! b0123) (! b0124) (! b0125) b0126 (! b0127) (! b0128) (! b0129) (! b0130) (! b0131) (! b0132) (! b0133) b0134 b0135 b0136 (! b0137) (! b0138) (! b0139))
Time taken = 0.066381
Removing b0108
Verifying g_slist_remove
Houdini assignment axiom: (And true b0000 b0001 b0002 b0003 b0004 b0005 b0006 (! b0007) (! b0008) (! b0009) (! b0010) (! b0011) (! b0012) b0013 b0014 b0015 (! b0016) (! b0017) (! b0018) (! b0019) (! b0020) (! b0021) (! b0022) (! b0023) (! b0024) (! b0025) (! b0026) (! b0027) b0028 b0029 b0030 (! b0031) (! b0032) (! b0033) (! b0034) (! b0035) (! b0036) b0037 b0038 b0039 (! b0040) (! b0041) (! b0042) (! b0043) b0044 b0045 (! b0046) (! b0047) (! b0048) (! b0049) (! b0050) (! b0051) (! b0052) (! b0053) (! b0054) (! b0055) (! b0056) (! b0057) b0058 b0059 (! b0060) (! b0061) (! b0062) (! b0063) (! b0064) (! b0065) (! b0066) (! b0067) (! b0068) (! b0069) (! b0070) b0071 (! b0072) (! b0073) (! b0074) (! b0075) (! b0076) (! b0077) (! b0078) (! b0079) (! b0080) (! b0081) (! b0082) b0083 (! b0084) (! b0085) b0086 (! b0087) (! b0088) b0089 (! b0090) (! b0091) b0092 (! b0093) (! b0094) (! b0095) (! b0096) (! b0097) (! b0098) (! b0099) (! b0100) (! b0101) (! b0102) (! b0103) (! b0104) (! b0105) (! b0106) (! b0107) (! b0108) (! b0109) b0110 b0111 (! b0112) b0113 (! b0114) (! b0115) (! b0116) b0117 b0118 (! b0119) (! b0120) (! b0121) b0122 (! b0123) (! b0124) (! b0125) b0126 (! b0127) (! b0128) (! b0129) (! b0130) (! b0131) (! b0132) (! b0133) b0134 b0135 b0136 (! b0137) (! b0138) (! b0139))
Time taken = 0.071962
Removing b0111
Verifying g_slist_remove
Houdini assignment axiom: (And true b0000 b0001 b0002 b0003 b0004 b0005 b0006 (! b0007) (! b0008) (! b0009) (! b0010) (! b0011) (! b0012) b0013 b0014 b0015 (! b0016) (! b0017) (! b0018) (! b0019) (! b0020) (! b0021) (! b0022) (! b0023) (! b0024) (! b0025) (! b0026) (! b0027) b0028 b0029 b0030 (! b0031) (! b0032) (! b0033) (! b0034) (! b0035) (! b0036) b0037 b0038 b0039 (! b0040) (! b0041) (! b0042) (! b0043) b0044 b0045 (! b0046) (! b0047) (! b0048) (! b0049) (! b0050) (! b0051) (! b0052) (! b0053) (! b0054) (! b0055) (! b0056) (! b0057) b0058 b0059 (! b0060) (! b0061) (! b0062) (! b0063) (! b0064) (! b0065) (! b0066) (! b0067) (! b0068) (! b0069) (! b0070) b0071 (! b0072) (! b0073) (! b0074) (! b0075) (! b0076) (! b0077) (! b0078) (! b0079) (! b0080) (! b0081) (! b0082) b0083 (! b0084) (! b0085) b0086 (! b0087) (! b0088) b0089 (! b0090) (! b0091) b0092 (! b0093) (! b0094) (! b0095) (! b0096) (! b0097) (! b0098) (! b0099) (! b0100) (! b0101) (! b0102) (! b0103) (! b0104) (! b0105) (! b0106) (! b0107) (! b0108) (! b0109) b0110 (! b0111) (! b0112) b0113 (! b0114) (! b0115) (! b0116) b0117 b0118 (! b0119) (! b0120) (! b0121) b0122 (! b0123) (! b0124) (! b0125) b0126 (! b0127) (! b0128) (! b0129) (! b0130) (! b0131) (! b0132) (! b0133) b0134 b0135 b0136 (! b0137) (! b0138) (! b0139))
Time taken = 0.068175
Removing b0113
Verifying g_slist_remove
Houdini assignment axiom: (And true b0000 b0001 b0002 b0003 b0004 b0005 b0006 (! b0007) (! b0008) (! b0009) (! b0010) (! b0011) (! b0012) b0013 b0014 b0015 (! b0016) (! b0017) (! b0018) (! b0019) (! b0020) (! b0021) (! b0022) (! b0023) (! b0024) (! b0025) (! b0026) (! b0027) b0028 b0029 b0030 (! b0031) (! b0032) (! b0033) (! b0034) (! b0035) (! b0036) b0037 b0038 b0039 (! b0040) (! b0041) (! b0042) (! b0043) b0044 b0045 (! b0046) (! b0047) (! b0048) (! b0049) (! b0050) (! b0051) (! b0052) (! b0053) (! b0054) (! b0055) (! b0056) (! b0057) b0058 b0059 (! b0060) (! b0061) (! b0062) (! b0063) (! b0064) (! b0065) (! b0066) (! b0067) (! b0068) (! b0069) (! b0070) b0071 (! b0072) (! b0073) (! b0074) (! b0075) (! b0076) (! b0077) (! b0078) (! b0079) (! b0080) (! b0081) (! b0082) b0083 (! b0084) (! b0085) b0086 (! b0087) (! b0088) b0089 (! b0090) (! b0091) b0092 (! b0093) (! b0094) (! b0095) (! b0096) (! b0097) (! b0098) (! b0099) (! b0100) (! b0101) (! b0102) (! b0103) (! b0104) (! b0105) (! b0106) (! b0107) (! b0108) (! b0109) b0110 (! b0111) (! b0112) (! b0113) (! b0114) (! b0115) (! b0116) b0117 b0118 (! b0119) (! b0120) (! b0121) b0122 (! b0123) (! b0124) (! b0125) b0126 (! b0127) (! b0128) (! b0129) (! b0130) (! b0131) (! b0132) (! b0133) b0134 b0135 b0136 (! b0137) (! b0138) (! b0139))
Time taken = 0.076297
Removing b0118
Verifying g_slist_remove
Houdini assignment axiom: (And true b0000 b0001 b0002 b0003 b0004 b0005 b0006 (! b0007) (! b0008) (! b0009) (! b0010) (! b0011) (! b0012) b0013 b0014 b0015 (! b0016) (! b0017) (! b0018) (! b0019) (! b0020) (! b0021) (! b0022) (! b0023) (! b0024) (! b0025) (! b0026) (! b0027) b0028 b0029 b0030 (! b0031) (! b0032) (! b0033) (! b0034) (! b0035) (! b0036) b0037 b0038 b0039 (! b0040) (! b0041) (! b0042) (! b0043) b0044 b0045 (! b0046) (! b0047) (! b0048) (! b0049) (! b0050) (! b0051) (! b0052) (! b0053) (! b0054) (! b0055) (! b0056) (! b0057) b0058 b0059 (! b0060) (! b0061) (! b0062) (! b0063) (! b0064) (! b0065) (! b0066) (! b0067) (! b0068) (! b0069) (! b0070) b0071 (! b0072) (! b0073) (! b0074) (! b0075) (! b0076) (! b0077) (! b0078) (! b0079) (! b0080) (! b0081) (! b0082) b0083 (! b0084) (! b0085) b0086 (! b0087) (! b0088) b0089 (! b0090) (! b0091) b0092 (! b0093) (! b0094) (! b0095) (! b0096) (! b0097) (! b0098) (! b0099) (! b0100) (! b0101) (! b0102) (! b0103) (! b0104) (! b0105) (! b0106) (! b0107) (! b0108) (! b0109) b0110 (! b0111) (! b0112) (! b0113) (! b0114) (! b0115) (! b0116) b0117 (! b0118) (! b0119) (! b0120) (! b0121) b0122 (! b0123) (! b0124) (! b0125) b0126 (! b0127) (! b0128) (! b0129) (! b0130) (! b0131) (! b0132) (! b0133) b0134 b0135 b0136 (! b0137) (! b0138) (! b0139))
Time taken = 0.189532
Removing b0122
Removing b0126
Verifying g_slist_remove
Houdini assignment axiom: (And true b0000 b0001 b0002 b0003 b0004 b0005 b0006 (! b0007) (! b0008) (! b0009) (! b0010) (! b0011) (! b0012) b0013 b0014 b0015 (! b0016) (! b0017) (! b0018) (! b0019) (! b0020) (! b0021) (! b0022) (! b0023) (! b0024) (! b0025) (! b0026) (! b0027) b0028 b0029 b0030 (! b0031) (! b0032) (! b0033) (! b0034) (! b0035) (! b0036) b0037 b0038 b0039 (! b0040) (! b0041) (! b0042) (! b0043) b0044 b0045 (! b0046) (! b0047) (! b0048) (! b0049) (! b0050) (! b0051) (! b0052) (! b0053) (! b0054) (! b0055) (! b0056) (! b0057) b0058 b0059 (! b0060) (! b0061) (! b0062) (! b0063) (! b0064) (! b0065) (! b0066) (! b0067) (! b0068) (! b0069) (! b0070) b0071 (! b0072) (! b0073) (! b0074) (! b0075) (! b0076) (! b0077) (! b0078) (! b0079) (! b0080) (! b0081) (! b0082) b0083 (! b0084) (! b0085) b0086 (! b0087) (! b0088) b0089 (! b0090) (! b0091) b0092 (! b0093) (! b0094) (! b0095) (! b0096) (! b0097) (! b0098) (! b0099) (! b0100) (! b0101) (! b0102) (! b0103) (! b0104) (! b0105) (! b0106) (! b0107) (! b0108) (! b0109) b0110 (! b0111) (! b0112) (! b0113) (! b0114) (! b0115) (! b0116) b0117 (! b0118) (! b0119) (! b0120) (! b0121) (! b0122) (! b0123) (! b0124) (! b0125) (! b0126) (! b0127) (! b0128) (! b0129) (! b0130) (! b0131) (! b0132) (! b0133) b0134 b0135 b0136 (! b0137) (! b0138) (! b0139))
Time taken = 0.142422
Removing b0134
Verifying g_slist_remove
Houdini assignment axiom: (And true b0000 b0001 b0002 b0003 b0004 b0005 b0006 (! b0007) (! b0008) (! b0009) (! b0010) (! b0011) (! b0012) b0013 b0014 b0015 (! b0016) (! b0017) (! b0018) (! b0019) (! b0020) (! b0021) (! b0022) (! b0023) (! b0024) (! b0025) (! b0026) (! b0027) b0028 b0029 b0030 (! b0031) (! b0032) (! b0033) (! b0034) (! b0035) (! b0036) b0037 b0038 b0039 (! b0040) (! b0041) (! b0042) (! b0043) b0044 b0045 (! b0046) (! b0047) (! b0048) (! b0049) (! b0050) (! b0051) (! b0052) (! b0053) (! b0054) (! b0055) (! b0056) (! b0057) b0058 b0059 (! b0060) (! b0061) (! b0062) (! b0063) (! b0064) (! b0065) (! b0066) (! b0067) (! b0068) (! b0069) (! b0070) b0071 (! b0072) (! b0073) (! b0074) (! b0075) (! b0076) (! b0077) (! b0078) (! b0079) (! b0080) (! b0081) (! b0082) b0083 (! b0084) (! b0085) b0086 (! b0087) (! b0088) b0089 (! b0090) (! b0091) b0092 (! b0093) (! b0094) (! b0095) (! b0096) (! b0097) (! b0098) (! b0099) (! b0100) (! b0101) (! b0102) (! b0103) (! b0104) (! b0105) (! b0106) (! b0107) (! b0108) (! b0109) b0110 (! b0111) (! b0112) (! b0113) (! b0114) (! b0115) (! b0116) b0117 (! b0118) (! b0119) (! b0120) (! b0121) (! b0122) (! b0123) (! b0124) (! b0125) (! b0126) (! b0127) (! b0128) (! b0129) (! b0130) (! b0131) (! b0132) (! b0133) (! b0134) b0135 b0136 (! b0137) (! b0138) (! b0139))
Time taken = 0.120514
Removing b0136
Verifying g_slist_remove
Houdini assignment axiom: (And true b0000 b0001 b0002 b0003 b0004 b0005 b0006 (! b0007) (! b0008) (! b0009) (! b0010) (! b0011) (! b0012) b0013 b0014 b0015 (! b0016) (! b0017) (! b0018) (! b0019) (! b0020) (! b0021) (! b0022) (! b0023) (! b0024) (! b0025) (! b0026) (! b0027) b0028 b0029 b0030 (! b0031) (! b0032) (! b0033) (! b0034) (! b0035) (! b0036) b0037 b0038 b0039 (! b0040) (! b0041) (! b0042) (! b0043) b0044 b0045 (! b0046) (! b0047) (! b0048) (! b0049) (! b0050) (! b0051) (! b0052) (! b0053) (! b0054) (! b0055) (! b0056) (! b0057) b0058 b0059 (! b0060) (! b0061) (! b0062) (! b0063) (! b0064) (! b0065) (! b0066) (! b0067) (! b0068) (! b0069) (! b0070) b0071 (! b0072) (! b0073) (! b0074) (! b0075) (! b0076) (! b0077) (! b0078) (! b0079) (! b0080) (! b0081) (! b0082) b0083 (! b0084) (! b0085) b0086 (! b0087) (! b0088) b0089 (! b0090) (! b0091) b0092 (! b0093) (! b0094) (! b0095) (! b0096) (! b0097) (! b0098) (! b0099) (! b0100) (! b0101) (! b0102) (! b0103) (! b0104) (! b0105) (! b0106) (! b0107) (! b0108) (! b0109) b0110 (! b0111) (! b0112) (! b0113) (! b0114) (! b0115) (! b0116) b0117 (! b0118) (! b0119) (! b0120) (! b0121) (! b0122) (! b0123) (! b0124) (! b0125) (! b0126) (! b0127) (! b0128) (! b0129) (! b0130) (! b0131) (! b0132) (! b0133) (! b0134) b0135 (! b0136) (! b0137) (! b0138) (! b0139))
Time taken = 0.143967
Number of true assignments = 28
Number of false assignments = 112
Prover time = 5.48
Unsat core prover time = 0.00
Number of prover queries = 73
Number of unsat core prover queries = 0
Number of unsat core prunings = 0
verified

Boogie program verifier finished with 1 verified, 0 errors
+ rm -f houdiniCexTrace.bpl
