+++ dirname ../houdini.sh
++ cd ..
++ pwd
+ dir=/home/daejunpark/pldi17
+ prelude=Vcc3Prelude.array.bpl
+ bpl=./grass/sls/sls_reverse.bpl.anon.pred.bpl
+ opt='/typeEncoding:m /prover:SMTLib /useArrayTheory /noinfer /contractInfer'
+ opt+=' /trace'
+ opt+=' /errorLimit:100 /z3multipleErrors'
+ opt+=' /proverMemoryLimit:1024'
+ rm -f houdiniCexTrace.bpl
+ mono /home/daejunpark/pldi17/popl16ae/Boogie/Binaries/Boogie.exe /typeEncoding:m /prover:SMTLib /useArrayTheory /noinfer /contractInfer /trace /errorLimit:100 /z3multipleErrors /proverMemoryLimit:1024 Vcc3Prelude.array.bpl ./grass/sls/sls_reverse.bpl.anon.pred.bpl
[TRACE] Using prover: /home/daejunpark/pldi17/popl16ae/Boogie/Binaries/z3.exe
Boogie program verifier version 2.2.30705.1126, Copyright (c) 2003-2013, Microsoft.
Parsing Vcc3Prelude.array.bpl
Parsing ./grass/sls/sls_reverse.bpl.anon.pred.bpl
Coalescing blocks...
Collecting existential constants...
Building call graph...
Number of implementations = 1
Beginning VC generation for Houdini...
Generating VC for sls_reverse
Verifying sls_reverse
Houdini assignment axiom: (And true b0000 b0001 b0002 b0003 b0004 b0005 b0006 b0007 b0008 b0009 b0010 b0011 b0012 b0013 b0014 b0015 b0016 b0017 b0018 b0019 b0020 b0021 b0022 b0023 b0024 b0025 b0026 b0027 b0028 b0029 b0030 b0031 b0032 b0033 b0034 b0035 b0036 b0037 b0038 b0039 b0040 b0041 b0042 b0043 b0044 b0045 b0046 b0047 b0048 b0049 b0050 b0051 b0052 b0053 b0054 b0055 b0056 b0057 b0058 b0059 b0060 b0061 b0062 b0063 b0064 b0065 b0066 b0067 b0068 b0069 b0070 b0071 b0072 b0073 b0074 b0075 b0076 b0077 b0078 b0079 b0080 b0081 b0082 b0083 b0084 b0085 b0086 b0087 b0088 b0089 b0090 b0091 b0092 b0093 b0094 b0095 b0096 b0097 b0098 b0099 b0100 b0101)
Time taken = 0.11292
Removing b0003
Removing b0006
Verifying sls_reverse
Houdini assignment axiom: (And true b0000 b0001 b0002 (! b0003) b0004 b0005 (! b0006) b0007 b0008 b0009 b0010 b0011 b0012 b0013 b0014 b0015 b0016 b0017 b0018 b0019 b0020 b0021 b0022 b0023 b0024 b0025 b0026 b0027 b0028 b0029 b0030 b0031 b0032 b0033 b0034 b0035 b0036 b0037 b0038 b0039 b0040 b0041 b0042 b0043 b0044 b0045 b0046 b0047 b0048 b0049 b0050 b0051 b0052 b0053 b0054 b0055 b0056 b0057 b0058 b0059 b0060 b0061 b0062 b0063 b0064 b0065 b0066 b0067 b0068 b0069 b0070 b0071 b0072 b0073 b0074 b0075 b0076 b0077 b0078 b0079 b0080 b0081 b0082 b0083 b0084 b0085 b0086 b0087 b0088 b0089 b0090 b0091 b0092 b0093 b0094 b0095 b0096 b0097 b0098 b0099 b0100 b0101)
Time taken = 0.083743
Removing b0004
Removing b0008
Verifying sls_reverse
Houdini assignment axiom: (And true b0000 b0001 b0002 (! b0003) (! b0004) b0005 (! b0006) b0007 (! b0008) b0009 b0010 b0011 b0012 b0013 b0014 b0015 b0016 b0017 b0018 b0019 b0020 b0021 b0022 b0023 b0024 b0025 b0026 b0027 b0028 b0029 b0030 b0031 b0032 b0033 b0034 b0035 b0036 b0037 b0038 b0039 b0040 b0041 b0042 b0043 b0044 b0045 b0046 b0047 b0048 b0049 b0050 b0051 b0052 b0053 b0054 b0055 b0056 b0057 b0058 b0059 b0060 b0061 b0062 b0063 b0064 b0065 b0066 b0067 b0068 b0069 b0070 b0071 b0072 b0073 b0074 b0075 b0076 b0077 b0078 b0079 b0080 b0081 b0082 b0083 b0084 b0085 b0086 b0087 b0088 b0089 b0090 b0091 b0092 b0093 b0094 b0095 b0096 b0097 b0098 b0099 b0100 b0101)
Time taken = 0.068523
Removing b0013
Verifying sls_reverse
Houdini assignment axiom: (And true b0000 b0001 b0002 (! b0003) (! b0004) b0005 (! b0006) b0007 (! b0008) b0009 b0010 b0011 b0012 (! b0013) b0014 b0015 b0016 b0017 b0018 b0019 b0020 b0021 b0022 b0023 b0024 b0025 b0026 b0027 b0028 b0029 b0030 b0031 b0032 b0033 b0034 b0035 b0036 b0037 b0038 b0039 b0040 b0041 b0042 b0043 b0044 b0045 b0046 b0047 b0048 b0049 b0050 b0051 b0052 b0053 b0054 b0055 b0056 b0057 b0058 b0059 b0060 b0061 b0062 b0063 b0064 b0065 b0066 b0067 b0068 b0069 b0070 b0071 b0072 b0073 b0074 b0075 b0076 b0077 b0078 b0079 b0080 b0081 b0082 b0083 b0084 b0085 b0086 b0087 b0088 b0089 b0090 b0091 b0092 b0093 b0094 b0095 b0096 b0097 b0098 b0099 b0100 b0101)
Time taken = 0.056392
Removing b0015
Verifying sls_reverse
Houdini assignment axiom: (And true b0000 b0001 b0002 (! b0003) (! b0004) b0005 (! b0006) b0007 (! b0008) b0009 b0010 b0011 b0012 (! b0013) b0014 (! b0015) b0016 b0017 b0018 b0019 b0020 b0021 b0022 b0023 b0024 b0025 b0026 b0027 b0028 b0029 b0030 b0031 b0032 b0033 b0034 b0035 b0036 b0037 b0038 b0039 b0040 b0041 b0042 b0043 b0044 b0045 b0046 b0047 b0048 b0049 b0050 b0051 b0052 b0053 b0054 b0055 b0056 b0057 b0058 b0059 b0060 b0061 b0062 b0063 b0064 b0065 b0066 b0067 b0068 b0069 b0070 b0071 b0072 b0073 b0074 b0075 b0076 b0077 b0078 b0079 b0080 b0081 b0082 b0083 b0084 b0085 b0086 b0087 b0088 b0089 b0090 b0091 b0092 b0093 b0094 b0095 b0096 b0097 b0098 b0099 b0100 b0101)
Time taken = 0.072018
Removing b0016
Verifying sls_reverse
Houdini assignment axiom: (And true b0000 b0001 b0002 (! b0003) (! b0004) b0005 (! b0006) b0007 (! b0008) b0009 b0010 b0011 b0012 (! b0013) b0014 (! b0015) (! b0016) b0017 b0018 b0019 b0020 b0021 b0022 b0023 b0024 b0025 b0026 b0027 b0028 b0029 b0030 b0031 b0032 b0033 b0034 b0035 b0036 b0037 b0038 b0039 b0040 b0041 b0042 b0043 b0044 b0045 b0046 b0047 b0048 b0049 b0050 b0051 b0052 b0053 b0054 b0055 b0056 b0057 b0058 b0059 b0060 b0061 b0062 b0063 b0064 b0065 b0066 b0067 b0068 b0069 b0070 b0071 b0072 b0073 b0074 b0075 b0076 b0077 b0078 b0079 b0080 b0081 b0082 b0083 b0084 b0085 b0086 b0087 b0088 b0089 b0090 b0091 b0092 b0093 b0094 b0095 b0096 b0097 b0098 b0099 b0100 b0101)
Time taken = 0.064443
Removing b0017
Verifying sls_reverse
Houdini assignment axiom: (And true b0000 b0001 b0002 (! b0003) (! b0004) b0005 (! b0006) b0007 (! b0008) b0009 b0010 b0011 b0012 (! b0013) b0014 (! b0015) (! b0016) (! b0017) b0018 b0019 b0020 b0021 b0022 b0023 b0024 b0025 b0026 b0027 b0028 b0029 b0030 b0031 b0032 b0033 b0034 b0035 b0036 b0037 b0038 b0039 b0040 b0041 b0042 b0043 b0044 b0045 b0046 b0047 b0048 b0049 b0050 b0051 b0052 b0053 b0054 b0055 b0056 b0057 b0058 b0059 b0060 b0061 b0062 b0063 b0064 b0065 b0066 b0067 b0068 b0069 b0070 b0071 b0072 b0073 b0074 b0075 b0076 b0077 b0078 b0079 b0080 b0081 b0082 b0083 b0084 b0085 b0086 b0087 b0088 b0089 b0090 b0091 b0092 b0093 b0094 b0095 b0096 b0097 b0098 b0099 b0100 b0101)
Time taken = 0.096278
Removing b0019
Removing b0028
Verifying sls_reverse
Houdini assignment axiom: (And true b0000 b0001 b0002 (! b0003) (! b0004) b0005 (! b0006) b0007 (! b0008) b0009 b0010 b0011 b0012 (! b0013) b0014 (! b0015) (! b0016) (! b0017) b0018 (! b0019) b0020 b0021 b0022 b0023 b0024 b0025 b0026 b0027 (! b0028) b0029 b0030 b0031 b0032 b0033 b0034 b0035 b0036 b0037 b0038 b0039 b0040 b0041 b0042 b0043 b0044 b0045 b0046 b0047 b0048 b0049 b0050 b0051 b0052 b0053 b0054 b0055 b0056 b0057 b0058 b0059 b0060 b0061 b0062 b0063 b0064 b0065 b0066 b0067 b0068 b0069 b0070 b0071 b0072 b0073 b0074 b0075 b0076 b0077 b0078 b0079 b0080 b0081 b0082 b0083 b0084 b0085 b0086 b0087 b0088 b0089 b0090 b0091 b0092 b0093 b0094 b0095 b0096 b0097 b0098 b0099 b0100 b0101)
Time taken = 0.090207
Removing b0021
Removing b0029
Verifying sls_reverse
Houdini assignment axiom: (And true b0000 b0001 b0002 (! b0003) (! b0004) b0005 (! b0006) b0007 (! b0008) b0009 b0010 b0011 b0012 (! b0013) b0014 (! b0015) (! b0016) (! b0017) b0018 (! b0019) b0020 (! b0021) b0022 b0023 b0024 b0025 b0026 b0027 (! b0028) (! b0029) b0030 b0031 b0032 b0033 b0034 b0035 b0036 b0037 b0038 b0039 b0040 b0041 b0042 b0043 b0044 b0045 b0046 b0047 b0048 b0049 b0050 b0051 b0052 b0053 b0054 b0055 b0056 b0057 b0058 b0059 b0060 b0061 b0062 b0063 b0064 b0065 b0066 b0067 b0068 b0069 b0070 b0071 b0072 b0073 b0074 b0075 b0076 b0077 b0078 b0079 b0080 b0081 b0082 b0083 b0084 b0085 b0086 b0087 b0088 b0089 b0090 b0091 b0092 b0093 b0094 b0095 b0096 b0097 b0098 b0099 b0100 b0101)
Time taken = 0.061483
Removing b0034
Verifying sls_reverse
Houdini assignment axiom: (And true b0000 b0001 b0002 (! b0003) (! b0004) b0005 (! b0006) b0007 (! b0008) b0009 b0010 b0011 b0012 (! b0013) b0014 (! b0015) (! b0016) (! b0017) b0018 (! b0019) b0020 (! b0021) b0022 b0023 b0024 b0025 b0026 b0027 (! b0028) (! b0029) b0030 b0031 b0032 b0033 (! b0034) b0035 b0036 b0037 b0038 b0039 b0040 b0041 b0042 b0043 b0044 b0045 b0046 b0047 b0048 b0049 b0050 b0051 b0052 b0053 b0054 b0055 b0056 b0057 b0058 b0059 b0060 b0061 b0062 b0063 b0064 b0065 b0066 b0067 b0068 b0069 b0070 b0071 b0072 b0073 b0074 b0075 b0076 b0077 b0078 b0079 b0080 b0081 b0082 b0083 b0084 b0085 b0086 b0087 b0088 b0089 b0090 b0091 b0092 b0093 b0094 b0095 b0096 b0097 b0098 b0099 b0100 b0101)
Time taken = 0.073184
Removing b0035
Verifying sls_reverse
Houdini assignment axiom: (And true b0000 b0001 b0002 (! b0003) (! b0004) b0005 (! b0006) b0007 (! b0008) b0009 b0010 b0011 b0012 (! b0013) b0014 (! b0015) (! b0016) (! b0017) b0018 (! b0019) b0020 (! b0021) b0022 b0023 b0024 b0025 b0026 b0027 (! b0028) (! b0029) b0030 b0031 b0032 b0033 (! b0034) (! b0035) b0036 b0037 b0038 b0039 b0040 b0041 b0042 b0043 b0044 b0045 b0046 b0047 b0048 b0049 b0050 b0051 b0052 b0053 b0054 b0055 b0056 b0057 b0058 b0059 b0060 b0061 b0062 b0063 b0064 b0065 b0066 b0067 b0068 b0069 b0070 b0071 b0072 b0073 b0074 b0075 b0076 b0077 b0078 b0079 b0080 b0081 b0082 b0083 b0084 b0085 b0086 b0087 b0088 b0089 b0090 b0091 b0092 b0093 b0094 b0095 b0096 b0097 b0098 b0099 b0100 b0101)
Time taken = 0.063514
Removing b0040
Verifying sls_reverse
Houdini assignment axiom: (And true b0000 b0001 b0002 (! b0003) (! b0004) b0005 (! b0006) b0007 (! b0008) b0009 b0010 b0011 b0012 (! b0013) b0014 (! b0015) (! b0016) (! b0017) b0018 (! b0019) b0020 (! b0021) b0022 b0023 b0024 b0025 b0026 b0027 (! b0028) (! b0029) b0030 b0031 b0032 b0033 (! b0034) (! b0035) b0036 b0037 b0038 b0039 (! b0040) b0041 b0042 b0043 b0044 b0045 b0046 b0047 b0048 b0049 b0050 b0051 b0052 b0053 b0054 b0055 b0056 b0057 b0058 b0059 b0060 b0061 b0062 b0063 b0064 b0065 b0066 b0067 b0068 b0069 b0070 b0071 b0072 b0073 b0074 b0075 b0076 b0077 b0078 b0079 b0080 b0081 b0082 b0083 b0084 b0085 b0086 b0087 b0088 b0089 b0090 b0091 b0092 b0093 b0094 b0095 b0096 b0097 b0098 b0099 b0100 b0101)
Time taken = 0.064895
Removing b0041
Verifying sls_reverse
Houdini assignment axiom: (And true b0000 b0001 b0002 (! b0003) (! b0004) b0005 (! b0006) b0007 (! b0008) b0009 b0010 b0011 b0012 (! b0013) b0014 (! b0015) (! b0016) (! b0017) b0018 (! b0019) b0020 (! b0021) b0022 b0023 b0024 b0025 b0026 b0027 (! b0028) (! b0029) b0030 b0031 b0032 b0033 (! b0034) (! b0035) b0036 b0037 b0038 b0039 (! b0040) (! b0041) b0042 b0043 b0044 b0045 b0046 b0047 b0048 b0049 b0050 b0051 b0052 b0053 b0054 b0055 b0056 b0057 b0058 b0059 b0060 b0061 b0062 b0063 b0064 b0065 b0066 b0067 b0068 b0069 b0070 b0071 b0072 b0073 b0074 b0075 b0076 b0077 b0078 b0079 b0080 b0081 b0082 b0083 b0084 b0085 b0086 b0087 b0088 b0089 b0090 b0091 b0092 b0093 b0094 b0095 b0096 b0097 b0098 b0099 b0100 b0101)
Time taken = 0.060832
Removing b0046
Verifying sls_reverse
Houdini assignment axiom: (And true b0000 b0001 b0002 (! b0003) (! b0004) b0005 (! b0006) b0007 (! b0008) b0009 b0010 b0011 b0012 (! b0013) b0014 (! b0015) (! b0016) (! b0017) b0018 (! b0019) b0020 (! b0021) b0022 b0023 b0024 b0025 b0026 b0027 (! b0028) (! b0029) b0030 b0031 b0032 b0033 (! b0034) (! b0035) b0036 b0037 b0038 b0039 (! b0040) (! b0041) b0042 b0043 b0044 b0045 (! b0046) b0047 b0048 b0049 b0050 b0051 b0052 b0053 b0054 b0055 b0056 b0057 b0058 b0059 b0060 b0061 b0062 b0063 b0064 b0065 b0066 b0067 b0068 b0069 b0070 b0071 b0072 b0073 b0074 b0075 b0076 b0077 b0078 b0079 b0080 b0081 b0082 b0083 b0084 b0085 b0086 b0087 b0088 b0089 b0090 b0091 b0092 b0093 b0094 b0095 b0096 b0097 b0098 b0099 b0100 b0101)
Time taken = 0.064063
Removing b0047
Verifying sls_reverse
Houdini assignment axiom: (And true b0000 b0001 b0002 (! b0003) (! b0004) b0005 (! b0006) b0007 (! b0008) b0009 b0010 b0011 b0012 (! b0013) b0014 (! b0015) (! b0016) (! b0017) b0018 (! b0019) b0020 (! b0021) b0022 b0023 b0024 b0025 b0026 b0027 (! b0028) (! b0029) b0030 b0031 b0032 b0033 (! b0034) (! b0035) b0036 b0037 b0038 b0039 (! b0040) (! b0041) b0042 b0043 b0044 b0045 (! b0046) (! b0047) b0048 b0049 b0050 b0051 b0052 b0053 b0054 b0055 b0056 b0057 b0058 b0059 b0060 b0061 b0062 b0063 b0064 b0065 b0066 b0067 b0068 b0069 b0070 b0071 b0072 b0073 b0074 b0075 b0076 b0077 b0078 b0079 b0080 b0081 b0082 b0083 b0084 b0085 b0086 b0087 b0088 b0089 b0090 b0091 b0092 b0093 b0094 b0095 b0096 b0097 b0098 b0099 b0100 b0101)
Time taken = 0.073026
Removing b0048
Verifying sls_reverse
Houdini assignment axiom: (And true b0000 b0001 b0002 (! b0003) (! b0004) b0005 (! b0006) b0007 (! b0008) b0009 b0010 b0011 b0012 (! b0013) b0014 (! b0015) (! b0016) (! b0017) b0018 (! b0019) b0020 (! b0021) b0022 b0023 b0024 b0025 b0026 b0027 (! b0028) (! b0029) b0030 b0031 b0032 b0033 (! b0034) (! b0035) b0036 b0037 b0038 b0039 (! b0040) (! b0041) b0042 b0043 b0044 b0045 (! b0046) (! b0047) (! b0048) b0049 b0050 b0051 b0052 b0053 b0054 b0055 b0056 b0057 b0058 b0059 b0060 b0061 b0062 b0063 b0064 b0065 b0066 b0067 b0068 b0069 b0070 b0071 b0072 b0073 b0074 b0075 b0076 b0077 b0078 b0079 b0080 b0081 b0082 b0083 b0084 b0085 b0086 b0087 b0088 b0089 b0090 b0091 b0092 b0093 b0094 b0095 b0096 b0097 b0098 b0099 b0100 b0101)
Time taken = 0.072432
Removing b0050
Verifying sls_reverse
Houdini assignment axiom: (And true b0000 b0001 b0002 (! b0003) (! b0004) b0005 (! b0006) b0007 (! b0008) b0009 b0010 b0011 b0012 (! b0013) b0014 (! b0015) (! b0016) (! b0017) b0018 (! b0019) b0020 (! b0021) b0022 b0023 b0024 b0025 b0026 b0027 (! b0028) (! b0029) b0030 b0031 b0032 b0033 (! b0034) (! b0035) b0036 b0037 b0038 b0039 (! b0040) (! b0041) b0042 b0043 b0044 b0045 (! b0046) (! b0047) (! b0048) b0049 (! b0050) b0051 b0052 b0053 b0054 b0055 b0056 b0057 b0058 b0059 b0060 b0061 b0062 b0063 b0064 b0065 b0066 b0067 b0068 b0069 b0070 b0071 b0072 b0073 b0074 b0075 b0076 b0077 b0078 b0079 b0080 b0081 b0082 b0083 b0084 b0085 b0086 b0087 b0088 b0089 b0090 b0091 b0092 b0093 b0094 b0095 b0096 b0097 b0098 b0099 b0100 b0101)
Time taken = 4.533615
Removing b0066
Removing b0076
Removing b0007
Removing b0000
Removing b0012
Removing b0018
Removing b0020
Removing b0022
Removing b0023
Removing b0032
Removing b0066
Removing b0072
Removing b0073
Removing b0074
Removing b0075
Removing b0076
Removing b0077
Verifying sls_reverse
Houdini assignment axiom: (And true (! b0000) b0001 b0002 (! b0003) (! b0004) b0005 (! b0006) (! b0007) (! b0008) b0009 b0010 b0011 (! b0012) (! b0013) b0014 (! b0015) (! b0016) (! b0017) (! b0018) (! b0019) (! b0020) (! b0021) (! b0022) (! b0023) b0024 b0025 b0026 b0027 (! b0028) (! b0029) b0030 b0031 (! b0032) b0033 (! b0034) (! b0035) b0036 b0037 b0038 b0039 (! b0040) (! b0041) b0042 b0043 b0044 b0045 (! b0046) (! b0047) (! b0048) b0049 (! b0050) b0051 b0052 b0053 b0054 b0055 b0056 b0057 b0058 b0059 b0060 b0061 b0062 b0063 b0064 b0065 (! b0066) b0067 b0068 b0069 b0070 b0071 (! b0072) (! b0073) (! b0074) (! b0075) (! b0076) (! b0077) b0078 b0079 b0080 b0081 b0082 b0083 b0084 b0085 b0086 b0087 b0088 b0089 b0090 b0091 b0092 b0093 b0094 b0095 b0096 b0097 b0098 b0099 b0100 b0101)
Time taken = 1.784641
Removing b0068
Removing b0082
Removing b0010
Removing b0014
Removing b0033
Removing b0078
Removing b0079
Removing b0080
Removing b0081
Removing b0082
Removing b0083
Removing b0094
Removing b0092
Removing b0067
Verifying sls_reverse
Houdini assignment axiom: (And true (! b0000) b0001 b0002 (! b0003) (! b0004) b0005 (! b0006) (! b0007) (! b0008) b0009 (! b0010) b0011 (! b0012) (! b0013) (! b0014) (! b0015) (! b0016) (! b0017) (! b0018) (! b0019) (! b0020) (! b0021) (! b0022) (! b0023) b0024 b0025 b0026 b0027 (! b0028) (! b0029) b0030 b0031 (! b0032) (! b0033) (! b0034) (! b0035) b0036 b0037 b0038 b0039 (! b0040) (! b0041) b0042 b0043 b0044 b0045 (! b0046) (! b0047) (! b0048) b0049 (! b0050) b0051 b0052 b0053 b0054 b0055 b0056 b0057 b0058 b0059 b0060 b0061 b0062 b0063 b0064 b0065 (! b0066) (! b0067) (! b0068) b0069 b0070 b0071 (! b0072) (! b0073) (! b0074) (! b0075) (! b0076) (! b0077) (! b0078) (! b0079) (! b0080) (! b0081) (! b0082) (! b0083) b0084 b0085 b0086 b0087 b0088 b0089 b0090 b0091 (! b0092) b0093 (! b0094) b0095 b0096 b0097 b0098 b0099 b0100 b0101)
Time taken = 1.974021
Removing b0095
Removing b0024
Removing b0026
Removing b0038
Removing b0056
Removing b0090
Removing b0091
Removing b0093
Removing b0095
Removing b0098
Removing b0100
Removing b0069
Verifying sls_reverse
Houdini assignment axiom: (And true (! b0000) b0001 b0002 (! b0003) (! b0004) b0005 (! b0006) (! b0007) (! b0008) b0009 (! b0010) b0011 (! b0012) (! b0013) (! b0014) (! b0015) (! b0016) (! b0017) (! b0018) (! b0019) (! b0020) (! b0021) (! b0022) (! b0023) (! b0024) b0025 (! b0026) b0027 (! b0028) (! b0029) b0030 b0031 (! b0032) (! b0033) (! b0034) (! b0035) b0036 b0037 (! b0038) b0039 (! b0040) (! b0041) b0042 b0043 b0044 b0045 (! b0046) (! b0047) (! b0048) b0049 (! b0050) b0051 b0052 b0053 b0054 b0055 (! b0056) b0057 b0058 b0059 b0060 b0061 b0062 b0063 b0064 b0065 (! b0066) (! b0067) (! b0068) (! b0069) b0070 b0071 (! b0072) (! b0073) (! b0074) (! b0075) (! b0076) (! b0077) (! b0078) (! b0079) (! b0080) (! b0081) (! b0082) (! b0083) b0084 b0085 b0086 b0087 b0088 b0089 (! b0090) (! b0091) (! b0092) (! b0093) (! b0094) (! b0095) b0096 b0097 (! b0098) b0099 (! b0100) b0101)
Time taken = 1.363281
Removing b0101
Removing b0025
Removing b0027
Removing b0039
Removing b0057
Removing b0096
Removing b0097
Removing b0099
Removing b0101
Verifying sls_reverse
Houdini assignment axiom: (And true (! b0000) b0001 b0002 (! b0003) (! b0004) b0005 (! b0006) (! b0007) (! b0008) b0009 (! b0010) b0011 (! b0012) (! b0013) (! b0014) (! b0015) (! b0016) (! b0017) (! b0018) (! b0019) (! b0020) (! b0021) (! b0022) (! b0023) (! b0024) (! b0025) (! b0026) (! b0027) (! b0028) (! b0029) b0030 b0031 (! b0032) (! b0033) (! b0034) (! b0035) b0036 b0037 (! b0038) (! b0039) (! b0040) (! b0041) b0042 b0043 b0044 b0045 (! b0046) (! b0047) (! b0048) b0049 (! b0050) b0051 b0052 b0053 b0054 b0055 (! b0056) (! b0057) b0058 b0059 b0060 b0061 b0062 b0063 b0064 b0065 (! b0066) (! b0067) (! b0068) (! b0069) b0070 b0071 (! b0072) (! b0073) (! b0074) (! b0075) (! b0076) (! b0077) (! b0078) (! b0079) (! b0080) (! b0081) (! b0082) (! b0083) b0084 b0085 b0086 b0087 b0088 b0089 (! b0090) (! b0091) (! b0092) (! b0093) (! b0094) (! b0095) (! b0096) (! b0097) (! b0098) (! b0099) (! b0100) (! b0101))
Time taken = 2.309825
Removing b0030
Removing b0044
Removing b0031
Removing b0045
Removing b0060
Removing b0042
Verifying sls_reverse
Houdini assignment axiom: (And true (! b0000) b0001 b0002 (! b0003) (! b0004) b0005 (! b0006) (! b0007) (! b0008) b0009 (! b0010) b0011 (! b0012) (! b0013) (! b0014) (! b0015) (! b0016) (! b0017) (! b0018) (! b0019) (! b0020) (! b0021) (! b0022) (! b0023) (! b0024) (! b0025) (! b0026) (! b0027) (! b0028) (! b0029) (! b0030) (! b0031) (! b0032) (! b0033) (! b0034) (! b0035) b0036 b0037 (! b0038) (! b0039) (! b0040) (! b0041) (! b0042) b0043 (! b0044) (! b0045) (! b0046) (! b0047) (! b0048) b0049 (! b0050) b0051 b0052 b0053 b0054 b0055 (! b0056) (! b0057) b0058 b0059 (! b0060) b0061 b0062 b0063 b0064 b0065 (! b0066) (! b0067) (! b0068) (! b0069) b0070 b0071 (! b0072) (! b0073) (! b0074) (! b0075) (! b0076) (! b0077) (! b0078) (! b0079) (! b0080) (! b0081) (! b0082) (! b0083) b0084 b0085 b0086 b0087 b0088 b0089 (! b0090) (! b0091) (! b0092) (! b0093) (! b0094) (! b0095) (! b0096) (! b0097) (! b0098) (! b0099) (! b0100) (! b0101))
Time taken = 1.160831
Removing b0043
Removing b0049
Removing b0051
Removing b0062
Verifying sls_reverse
Houdini assignment axiom: (And true (! b0000) b0001 b0002 (! b0003) (! b0004) b0005 (! b0006) (! b0007) (! b0008) b0009 (! b0010) b0011 (! b0012) (! b0013) (! b0014) (! b0015) (! b0016) (! b0017) (! b0018) (! b0019) (! b0020) (! b0021) (! b0022) (! b0023) (! b0024) (! b0025) (! b0026) (! b0027) (! b0028) (! b0029) (! b0030) (! b0031) (! b0032) (! b0033) (! b0034) (! b0035) b0036 b0037 (! b0038) (! b0039) (! b0040) (! b0041) (! b0042) (! b0043) (! b0044) (! b0045) (! b0046) (! b0047) (! b0048) (! b0049) (! b0050) (! b0051) b0052 b0053 b0054 b0055 (! b0056) (! b0057) b0058 b0059 (! b0060) b0061 (! b0062) b0063 b0064 b0065 (! b0066) (! b0067) (! b0068) (! b0069) b0070 b0071 (! b0072) (! b0073) (! b0074) (! b0075) (! b0076) (! b0077) (! b0078) (! b0079) (! b0080) (! b0081) (! b0082) (! b0083) b0084 b0085 b0086 b0087 b0088 b0089 (! b0090) (! b0091) (! b0092) (! b0093) (! b0094) (! b0095) (! b0096) (! b0097) (! b0098) (! b0099) (! b0100) (! b0101))
Time taken = 1.246153
Removing b0052
Removing b0053
Removing b0058
Removing b0063
Verifying sls_reverse
Houdini assignment axiom: (And true (! b0000) b0001 b0002 (! b0003) (! b0004) b0005 (! b0006) (! b0007) (! b0008) b0009 (! b0010) b0011 (! b0012) (! b0013) (! b0014) (! b0015) (! b0016) (! b0017) (! b0018) (! b0019) (! b0020) (! b0021) (! b0022) (! b0023) (! b0024) (! b0025) (! b0026) (! b0027) (! b0028) (! b0029) (! b0030) (! b0031) (! b0032) (! b0033) (! b0034) (! b0035) b0036 b0037 (! b0038) (! b0039) (! b0040) (! b0041) (! b0042) (! b0043) (! b0044) (! b0045) (! b0046) (! b0047) (! b0048) (! b0049) (! b0050) (! b0051) (! b0052) (! b0053) b0054 b0055 (! b0056) (! b0057) (! b0058) b0059 (! b0060) b0061 (! b0062) (! b0063) b0064 b0065 (! b0066) (! b0067) (! b0068) (! b0069) b0070 b0071 (! b0072) (! b0073) (! b0074) (! b0075) (! b0076) (! b0077) (! b0078) (! b0079) (! b0080) (! b0081) (! b0082) (! b0083) b0084 b0085 b0086 b0087 b0088 b0089 (! b0090) (! b0091) (! b0092) (! b0093) (! b0094) (! b0095) (! b0096) (! b0097) (! b0098) (! b0099) (! b0100) (! b0101))
Time taken = 0.900824
Removing b0061
Removing b0065
Verifying sls_reverse
Houdini assignment axiom: (And true (! b0000) b0001 b0002 (! b0003) (! b0004) b0005 (! b0006) (! b0007) (! b0008) b0009 (! b0010) b0011 (! b0012) (! b0013) (! b0014) (! b0015) (! b0016) (! b0017) (! b0018) (! b0019) (! b0020) (! b0021) (! b0022) (! b0023) (! b0024) (! b0025) (! b0026) (! b0027) (! b0028) (! b0029) (! b0030) (! b0031) (! b0032) (! b0033) (! b0034) (! b0035) b0036 b0037 (! b0038) (! b0039) (! b0040) (! b0041) (! b0042) (! b0043) (! b0044) (! b0045) (! b0046) (! b0047) (! b0048) (! b0049) (! b0050) (! b0051) (! b0052) (! b0053) b0054 b0055 (! b0056) (! b0057) (! b0058) b0059 (! b0060) (! b0061) (! b0062) (! b0063) b0064 (! b0065) (! b0066) (! b0067) (! b0068) (! b0069) b0070 b0071 (! b0072) (! b0073) (! b0074) (! b0075) (! b0076) (! b0077) (! b0078) (! b0079) (! b0080) (! b0081) (! b0082) (! b0083) b0084 b0085 b0086 b0087 b0088 b0089 (! b0090) (! b0091) (! b0092) (! b0093) (! b0094) (! b0095) (! b0096) (! b0097) (! b0098) (! b0099) (! b0100) (! b0101))
Time taken = 1.083626
Removing b0064
Removing b0089
Removing b0084
Verifying sls_reverse
Houdini assignment axiom: (And true (! b0000) b0001 b0002 (! b0003) (! b0004) b0005 (! b0006) (! b0007) (! b0008) b0009 (! b0010) b0011 (! b0012) (! b0013) (! b0014) (! b0015) (! b0016) (! b0017) (! b0018) (! b0019) (! b0020) (! b0021) (! b0022) (! b0023) (! b0024) (! b0025) (! b0026) (! b0027) (! b0028) (! b0029) (! b0030) (! b0031) (! b0032) (! b0033) (! b0034) (! b0035) b0036 b0037 (! b0038) (! b0039) (! b0040) (! b0041) (! b0042) (! b0043) (! b0044) (! b0045) (! b0046) (! b0047) (! b0048) (! b0049) (! b0050) (! b0051) (! b0052) (! b0053) b0054 b0055 (! b0056) (! b0057) (! b0058) b0059 (! b0060) (! b0061) (! b0062) (! b0063) (! b0064) (! b0065) (! b0066) (! b0067) (! b0068) (! b0069) b0070 b0071 (! b0072) (! b0073) (! b0074) (! b0075) (! b0076) (! b0077) (! b0078) (! b0079) (! b0080) (! b0081) (! b0082) (! b0083) (! b0084) b0085 b0086 b0087 b0088 (! b0089) (! b0090) (! b0091) (! b0092) (! b0093) (! b0094) (! b0095) (! b0096) (! b0097) (! b0098) (! b0099) (! b0100) (! b0101))
Time taken = 1.031424
Removing b0070
Removing b0002
Verifying sls_reverse
Houdini assignment axiom: (And true (! b0000) b0001 (! b0002) (! b0003) (! b0004) b0005 (! b0006) (! b0007) (! b0008) b0009 (! b0010) b0011 (! b0012) (! b0013) (! b0014) (! b0015) (! b0016) (! b0017) (! b0018) (! b0019) (! b0020) (! b0021) (! b0022) (! b0023) (! b0024) (! b0025) (! b0026) (! b0027) (! b0028) (! b0029) (! b0030) (! b0031) (! b0032) (! b0033) (! b0034) (! b0035) b0036 b0037 (! b0038) (! b0039) (! b0040) (! b0041) (! b0042) (! b0043) (! b0044) (! b0045) (! b0046) (! b0047) (! b0048) (! b0049) (! b0050) (! b0051) (! b0052) (! b0053) b0054 b0055 (! b0056) (! b0057) (! b0058) b0059 (! b0060) (! b0061) (! b0062) (! b0063) (! b0064) (! b0065) (! b0066) (! b0067) (! b0068) (! b0069) (! b0070) b0071 (! b0072) (! b0073) (! b0074) (! b0075) (! b0076) (! b0077) (! b0078) (! b0079) (! b0080) (! b0081) (! b0082) (! b0083) (! b0084) b0085 b0086 b0087 b0088 (! b0089) (! b0090) (! b0091) (! b0092) (! b0093) (! b0094) (! b0095) (! b0096) (! b0097) (! b0098) (! b0099) (! b0100) (! b0101))
Time taken = 1.038337
Removing b0085
Verifying sls_reverse
Houdini assignment axiom: (And true (! b0000) b0001 (! b0002) (! b0003) (! b0004) b0005 (! b0006) (! b0007) (! b0008) b0009 (! b0010) b0011 (! b0012) (! b0013) (! b0014) (! b0015) (! b0016) (! b0017) (! b0018) (! b0019) (! b0020) (! b0021) (! b0022) (! b0023) (! b0024) (! b0025) (! b0026) (! b0027) (! b0028) (! b0029) (! b0030) (! b0031) (! b0032) (! b0033) (! b0034) (! b0035) b0036 b0037 (! b0038) (! b0039) (! b0040) (! b0041) (! b0042) (! b0043) (! b0044) (! b0045) (! b0046) (! b0047) (! b0048) (! b0049) (! b0050) (! b0051) (! b0052) (! b0053) b0054 b0055 (! b0056) (! b0057) (! b0058) b0059 (! b0060) (! b0061) (! b0062) (! b0063) (! b0064) (! b0065) (! b0066) (! b0067) (! b0068) (! b0069) (! b0070) b0071 (! b0072) (! b0073) (! b0074) (! b0075) (! b0076) (! b0077) (! b0078) (! b0079) (! b0080) (! b0081) (! b0082) (! b0083) (! b0084) (! b0085) b0086 b0087 b0088 (! b0089) (! b0090) (! b0091) (! b0092) (! b0093) (! b0094) (! b0095) (! b0096) (! b0097) (! b0098) (! b0099) (! b0100) (! b0101))
Time taken = 0.95781
Number of true assignments = 13
Number of false assignments = 89
Prover time = 20.56
Unsat core prover time = 0.00
Number of prover queries = 28
Number of unsat core prover queries = 0
Number of unsat core prunings = 0
verified

Boogie program verifier finished with 1 verified, 0 errors
+ rm -f houdiniCexTrace.bpl
