+++ dirname ../houdini.sh
++ cd ..
++ pwd
+ dir=/home/daejunpark/pldi17
+ prelude=Vcc3Prelude.array.bpl
+ bpl=./grass/sls/sls_insert.bpl.anon.pred.bpl
+ opt='/typeEncoding:m /prover:SMTLib /useArrayTheory /noinfer /contractInfer'
+ opt+=' /trace'
+ opt+=' /errorLimit:100 /z3multipleErrors'
+ opt+=' /proverMemoryLimit:1024'
+ rm -f houdiniCexTrace.bpl
+ mono /home/daejunpark/pldi17/popl16ae/Boogie/Binaries/Boogie.exe /typeEncoding:m /prover:SMTLib /useArrayTheory /noinfer /contractInfer /trace /errorLimit:100 /z3multipleErrors /proverMemoryLimit:1024 Vcc3Prelude.array.bpl ./grass/sls/sls_insert.bpl.anon.pred.bpl
[TRACE] Using prover: /home/daejunpark/pldi17/popl16ae/Boogie/Binaries/z3.exe
Boogie program verifier version 2.2.30705.1126, Copyright (c) 2003-2013, Microsoft.
Parsing Vcc3Prelude.array.bpl
Parsing ./grass/sls/sls_insert.bpl.anon.pred.bpl
Coalescing blocks...
Collecting existential constants...
Building call graph...
Number of implementations = 1
Beginning VC generation for Houdini...
Generating VC for sls_insert
Verifying sls_insert
Houdini assignment axiom: (And true b0000 b0001 b0002 b0003 b0004 b0005 b0006 b0007 b0008 b0009 b0010 b0011 b0012 b0013 b0014 b0015 b0016 b0017 b0018 b0019 b0020 b0021 b0022 b0023 b0024 b0025 b0026 b0027 b0028 b0029 b0030 b0031 b0032 b0033 b0034 b0035 b0036 b0037 b0038 b0039 b0040 b0041 b0042 b0043 b0044 b0045 b0046 b0047 b0048 b0049 b0050 b0051 b0052 b0053 b0054 b0055 b0056 b0057 b0058 b0059 b0060 b0061 b0062 b0063 b0064 b0065 b0066 b0067 b0068 b0069 b0070 b0071 b0072 b0073 b0074 b0075 b0076 b0077 b0078 b0079 b0080 b0081 b0082 b0083 b0084 b0085 b0086 b0087 b0088 b0089 b0090 b0091 b0092 b0093 b0094 b0095 b0096 b0097 b0098 b0099 b0100 b0101 b0102 b0103 b0104 b0105 b0106 b0107 b0108 b0109 b0110 b0111 b0112 b0113 b0114 b0115 b0116 b0117 b0118 b0119 b0120 b0121 b0122 b0123 b0124 b0125 b0126 b0127 b0128 b0129 b0130 b0131 b0132 b0133 b0134 b0135 b0136 b0137 b0138 b0139 b0140 b0141 b0142 b0143 b0144 b0145 b0146 b0147 b0148 b0149 b0150 b0151 b0152)
Time taken = 0.144334
Removing b0003
Removing b0005
Removing b0010
Verifying sls_insert
Houdini assignment axiom: (And true b0000 b0001 b0002 (! b0003) b0004 (! b0005) b0006 b0007 b0008 b0009 (! b0010) b0011 b0012 b0013 b0014 b0015 b0016 b0017 b0018 b0019 b0020 b0021 b0022 b0023 b0024 b0025 b0026 b0027 b0028 b0029 b0030 b0031 b0032 b0033 b0034 b0035 b0036 b0037 b0038 b0039 b0040 b0041 b0042 b0043 b0044 b0045 b0046 b0047 b0048 b0049 b0050 b0051 b0052 b0053 b0054 b0055 b0056 b0057 b0058 b0059 b0060 b0061 b0062 b0063 b0064 b0065 b0066 b0067 b0068 b0069 b0070 b0071 b0072 b0073 b0074 b0075 b0076 b0077 b0078 b0079 b0080 b0081 b0082 b0083 b0084 b0085 b0086 b0087 b0088 b0089 b0090 b0091 b0092 b0093 b0094 b0095 b0096 b0097 b0098 b0099 b0100 b0101 b0102 b0103 b0104 b0105 b0106 b0107 b0108 b0109 b0110 b0111 b0112 b0113 b0114 b0115 b0116 b0117 b0118 b0119 b0120 b0121 b0122 b0123 b0124 b0125 b0126 b0127 b0128 b0129 b0130 b0131 b0132 b0133 b0134 b0135 b0136 b0137 b0138 b0139 b0140 b0141 b0142 b0143 b0144 b0145 b0146 b0147 b0148 b0149 b0150 b0151 b0152)
Time taken = 0.109794
Removing b0006
Removing b0008
Removing b0013
Verifying sls_insert
Houdini assignment axiom: (And true b0000 b0001 b0002 (! b0003) b0004 (! b0005) (! b0006) b0007 (! b0008) b0009 (! b0010) b0011 b0012 (! b0013) b0014 b0015 b0016 b0017 b0018 b0019 b0020 b0021 b0022 b0023 b0024 b0025 b0026 b0027 b0028 b0029 b0030 b0031 b0032 b0033 b0034 b0035 b0036 b0037 b0038 b0039 b0040 b0041 b0042 b0043 b0044 b0045 b0046 b0047 b0048 b0049 b0050 b0051 b0052 b0053 b0054 b0055 b0056 b0057 b0058 b0059 b0060 b0061 b0062 b0063 b0064 b0065 b0066 b0067 b0068 b0069 b0070 b0071 b0072 b0073 b0074 b0075 b0076 b0077 b0078 b0079 b0080 b0081 b0082 b0083 b0084 b0085 b0086 b0087 b0088 b0089 b0090 b0091 b0092 b0093 b0094 b0095 b0096 b0097 b0098 b0099 b0100 b0101 b0102 b0103 b0104 b0105 b0106 b0107 b0108 b0109 b0110 b0111 b0112 b0113 b0114 b0115 b0116 b0117 b0118 b0119 b0120 b0121 b0122 b0123 b0124 b0125 b0126 b0127 b0128 b0129 b0130 b0131 b0132 b0133 b0134 b0135 b0136 b0137 b0138 b0139 b0140 b0141 b0142 b0143 b0144 b0145 b0146 b0147 b0148 b0149 b0150 b0151 b0152)
Time taken = 0.126299
Removing b0015
Removing b0017
Removing b0021
Verifying sls_insert
Houdini assignment axiom: (And true b0000 b0001 b0002 (! b0003) b0004 (! b0005) (! b0006) b0007 (! b0008) b0009 (! b0010) b0011 b0012 (! b0013) b0014 (! b0015) b0016 (! b0017) b0018 b0019 b0020 (! b0021) b0022 b0023 b0024 b0025 b0026 b0027 b0028 b0029 b0030 b0031 b0032 b0033 b0034 b0035 b0036 b0037 b0038 b0039 b0040 b0041 b0042 b0043 b0044 b0045 b0046 b0047 b0048 b0049 b0050 b0051 b0052 b0053 b0054 b0055 b0056 b0057 b0058 b0059 b0060 b0061 b0062 b0063 b0064 b0065 b0066 b0067 b0068 b0069 b0070 b0071 b0072 b0073 b0074 b0075 b0076 b0077 b0078 b0079 b0080 b0081 b0082 b0083 b0084 b0085 b0086 b0087 b0088 b0089 b0090 b0091 b0092 b0093 b0094 b0095 b0096 b0097 b0098 b0099 b0100 b0101 b0102 b0103 b0104 b0105 b0106 b0107 b0108 b0109 b0110 b0111 b0112 b0113 b0114 b0115 b0116 b0117 b0118 b0119 b0120 b0121 b0122 b0123 b0124 b0125 b0126 b0127 b0128 b0129 b0130 b0131 b0132 b0133 b0134 b0135 b0136 b0137 b0138 b0139 b0140 b0141 b0142 b0143 b0144 b0145 b0146 b0147 b0148 b0149 b0150 b0151 b0152)
Time taken = 0.111156
Removing b0018
Removing b0020
Removing b0026
Verifying sls_insert
Houdini assignment axiom: (And true b0000 b0001 b0002 (! b0003) b0004 (! b0005) (! b0006) b0007 (! b0008) b0009 (! b0010) b0011 b0012 (! b0013) b0014 (! b0015) b0016 (! b0017) (! b0018) b0019 (! b0020) (! b0021) b0022 b0023 b0024 b0025 (! b0026) b0027 b0028 b0029 b0030 b0031 b0032 b0033 b0034 b0035 b0036 b0037 b0038 b0039 b0040 b0041 b0042 b0043 b0044 b0045 b0046 b0047 b0048 b0049 b0050 b0051 b0052 b0053 b0054 b0055 b0056 b0057 b0058 b0059 b0060 b0061 b0062 b0063 b0064 b0065 b0066 b0067 b0068 b0069 b0070 b0071 b0072 b0073 b0074 b0075 b0076 b0077 b0078 b0079 b0080 b0081 b0082 b0083 b0084 b0085 b0086 b0087 b0088 b0089 b0090 b0091 b0092 b0093 b0094 b0095 b0096 b0097 b0098 b0099 b0100 b0101 b0102 b0103 b0104 b0105 b0106 b0107 b0108 b0109 b0110 b0111 b0112 b0113 b0114 b0115 b0116 b0117 b0118 b0119 b0120 b0121 b0122 b0123 b0124 b0125 b0126 b0127 b0128 b0129 b0130 b0131 b0132 b0133 b0134 b0135 b0136 b0137 b0138 b0139 b0140 b0141 b0142 b0143 b0144 b0145 b0146 b0147 b0148 b0149 b0150 b0151 b0152)
Time taken = 0.103379
Removing b0023
Removing b0028
Verifying sls_insert
Houdini assignment axiom: (And true b0000 b0001 b0002 (! b0003) b0004 (! b0005) (! b0006) b0007 (! b0008) b0009 (! b0010) b0011 b0012 (! b0013) b0014 (! b0015) b0016 (! b0017) (! b0018) b0019 (! b0020) (! b0021) b0022 (! b0023) b0024 b0025 (! b0026) b0027 (! b0028) b0029 b0030 b0031 b0032 b0033 b0034 b0035 b0036 b0037 b0038 b0039 b0040 b0041 b0042 b0043 b0044 b0045 b0046 b0047 b0048 b0049 b0050 b0051 b0052 b0053 b0054 b0055 b0056 b0057 b0058 b0059 b0060 b0061 b0062 b0063 b0064 b0065 b0066 b0067 b0068 b0069 b0070 b0071 b0072 b0073 b0074 b0075 b0076 b0077 b0078 b0079 b0080 b0081 b0082 b0083 b0084 b0085 b0086 b0087 b0088 b0089 b0090 b0091 b0092 b0093 b0094 b0095 b0096 b0097 b0098 b0099 b0100 b0101 b0102 b0103 b0104 b0105 b0106 b0107 b0108 b0109 b0110 b0111 b0112 b0113 b0114 b0115 b0116 b0117 b0118 b0119 b0120 b0121 b0122 b0123 b0124 b0125 b0126 b0127 b0128 b0129 b0130 b0131 b0132 b0133 b0134 b0135 b0136 b0137 b0138 b0139 b0140 b0141 b0142 b0143 b0144 b0145 b0146 b0147 b0148 b0149 b0150 b0151 b0152)
Time taken = 0.100548
Removing b0024
Removing b0031
Verifying sls_insert
Houdini assignment axiom: (And true b0000 b0001 b0002 (! b0003) b0004 (! b0005) (! b0006) b0007 (! b0008) b0009 (! b0010) b0011 b0012 (! b0013) b0014 (! b0015) b0016 (! b0017) (! b0018) b0019 (! b0020) (! b0021) b0022 (! b0023) (! b0024) b0025 (! b0026) b0027 (! b0028) b0029 b0030 (! b0031) b0032 b0033 b0034 b0035 b0036 b0037 b0038 b0039 b0040 b0041 b0042 b0043 b0044 b0045 b0046 b0047 b0048 b0049 b0050 b0051 b0052 b0053 b0054 b0055 b0056 b0057 b0058 b0059 b0060 b0061 b0062 b0063 b0064 b0065 b0066 b0067 b0068 b0069 b0070 b0071 b0072 b0073 b0074 b0075 b0076 b0077 b0078 b0079 b0080 b0081 b0082 b0083 b0084 b0085 b0086 b0087 b0088 b0089 b0090 b0091 b0092 b0093 b0094 b0095 b0096 b0097 b0098 b0099 b0100 b0101 b0102 b0103 b0104 b0105 b0106 b0107 b0108 b0109 b0110 b0111 b0112 b0113 b0114 b0115 b0116 b0117 b0118 b0119 b0120 b0121 b0122 b0123 b0124 b0125 b0126 b0127 b0128 b0129 b0130 b0131 b0132 b0133 b0134 b0135 b0136 b0137 b0138 b0139 b0140 b0141 b0142 b0143 b0144 b0145 b0146 b0147 b0148 b0149 b0150 b0151 b0152)
Time taken = 0.095592
Removing b0033
Removing b0034
Verifying sls_insert
Houdini assignment axiom: (And true b0000 b0001 b0002 (! b0003) b0004 (! b0005) (! b0006) b0007 (! b0008) b0009 (! b0010) b0011 b0012 (! b0013) b0014 (! b0015) b0016 (! b0017) (! b0018) b0019 (! b0020) (! b0021) b0022 (! b0023) (! b0024) b0025 (! b0026) b0027 (! b0028) b0029 b0030 (! b0031) b0032 (! b0033) (! b0034) b0035 b0036 b0037 b0038 b0039 b0040 b0041 b0042 b0043 b0044 b0045 b0046 b0047 b0048 b0049 b0050 b0051 b0052 b0053 b0054 b0055 b0056 b0057 b0058 b0059 b0060 b0061 b0062 b0063 b0064 b0065 b0066 b0067 b0068 b0069 b0070 b0071 b0072 b0073 b0074 b0075 b0076 b0077 b0078 b0079 b0080 b0081 b0082 b0083 b0084 b0085 b0086 b0087 b0088 b0089 b0090 b0091 b0092 b0093 b0094 b0095 b0096 b0097 b0098 b0099 b0100 b0101 b0102 b0103 b0104 b0105 b0106 b0107 b0108 b0109 b0110 b0111 b0112 b0113 b0114 b0115 b0116 b0117 b0118 b0119 b0120 b0121 b0122 b0123 b0124 b0125 b0126 b0127 b0128 b0129 b0130 b0131 b0132 b0133 b0134 b0135 b0136 b0137 b0138 b0139 b0140 b0141 b0142 b0143 b0144 b0145 b0146 b0147 b0148 b0149 b0150 b0151 b0152)
Time taken = 0.081484
Removing b0037
Verifying sls_insert
Houdini assignment axiom: (And true b0000 b0001 b0002 (! b0003) b0004 (! b0005) (! b0006) b0007 (! b0008) b0009 (! b0010) b0011 b0012 (! b0013) b0014 (! b0015) b0016 (! b0017) (! b0018) b0019 (! b0020) (! b0021) b0022 (! b0023) (! b0024) b0025 (! b0026) b0027 (! b0028) b0029 b0030 (! b0031) b0032 (! b0033) (! b0034) b0035 b0036 (! b0037) b0038 b0039 b0040 b0041 b0042 b0043 b0044 b0045 b0046 b0047 b0048 b0049 b0050 b0051 b0052 b0053 b0054 b0055 b0056 b0057 b0058 b0059 b0060 b0061 b0062 b0063 b0064 b0065 b0066 b0067 b0068 b0069 b0070 b0071 b0072 b0073 b0074 b0075 b0076 b0077 b0078 b0079 b0080 b0081 b0082 b0083 b0084 b0085 b0086 b0087 b0088 b0089 b0090 b0091 b0092 b0093 b0094 b0095 b0096 b0097 b0098 b0099 b0100 b0101 b0102 b0103 b0104 b0105 b0106 b0107 b0108 b0109 b0110 b0111 b0112 b0113 b0114 b0115 b0116 b0117 b0118 b0119 b0120 b0121 b0122 b0123 b0124 b0125 b0126 b0127 b0128 b0129 b0130 b0131 b0132 b0133 b0134 b0135 b0136 b0137 b0138 b0139 b0140 b0141 b0142 b0143 b0144 b0145 b0146 b0147 b0148 b0149 b0150 b0151 b0152)
Time taken = 0.098997
Removing b0038
Removing b0042
Verifying sls_insert
Houdini assignment axiom: (And true b0000 b0001 b0002 (! b0003) b0004 (! b0005) (! b0006) b0007 (! b0008) b0009 (! b0010) b0011 b0012 (! b0013) b0014 (! b0015) b0016 (! b0017) (! b0018) b0019 (! b0020) (! b0021) b0022 (! b0023) (! b0024) b0025 (! b0026) b0027 (! b0028) b0029 b0030 (! b0031) b0032 (! b0033) (! b0034) b0035 b0036 (! b0037) (! b0038) b0039 b0040 b0041 (! b0042) b0043 b0044 b0045 b0046 b0047 b0048 b0049 b0050 b0051 b0052 b0053 b0054 b0055 b0056 b0057 b0058 b0059 b0060 b0061 b0062 b0063 b0064 b0065 b0066 b0067 b0068 b0069 b0070 b0071 b0072 b0073 b0074 b0075 b0076 b0077 b0078 b0079 b0080 b0081 b0082 b0083 b0084 b0085 b0086 b0087 b0088 b0089 b0090 b0091 b0092 b0093 b0094 b0095 b0096 b0097 b0098 b0099 b0100 b0101 b0102 b0103 b0104 b0105 b0106 b0107 b0108 b0109 b0110 b0111 b0112 b0113 b0114 b0115 b0116 b0117 b0118 b0119 b0120 b0121 b0122 b0123 b0124 b0125 b0126 b0127 b0128 b0129 b0130 b0131 b0132 b0133 b0134 b0135 b0136 b0137 b0138 b0139 b0140 b0141 b0142 b0143 b0144 b0145 b0146 b0147 b0148 b0149 b0150 b0151 b0152)
Time taken = 0.071812
Removing b0043
Verifying sls_insert
Houdini assignment axiom: (And true b0000 b0001 b0002 (! b0003) b0004 (! b0005) (! b0006) b0007 (! b0008) b0009 (! b0010) b0011 b0012 (! b0013) b0014 (! b0015) b0016 (! b0017) (! b0018) b0019 (! b0020) (! b0021) b0022 (! b0023) (! b0024) b0025 (! b0026) b0027 (! b0028) b0029 b0030 (! b0031) b0032 (! b0033) (! b0034) b0035 b0036 (! b0037) (! b0038) b0039 b0040 b0041 (! b0042) (! b0043) b0044 b0045 b0046 b0047 b0048 b0049 b0050 b0051 b0052 b0053 b0054 b0055 b0056 b0057 b0058 b0059 b0060 b0061 b0062 b0063 b0064 b0065 b0066 b0067 b0068 b0069 b0070 b0071 b0072 b0073 b0074 b0075 b0076 b0077 b0078 b0079 b0080 b0081 b0082 b0083 b0084 b0085 b0086 b0087 b0088 b0089 b0090 b0091 b0092 b0093 b0094 b0095 b0096 b0097 b0098 b0099 b0100 b0101 b0102 b0103 b0104 b0105 b0106 b0107 b0108 b0109 b0110 b0111 b0112 b0113 b0114 b0115 b0116 b0117 b0118 b0119 b0120 b0121 b0122 b0123 b0124 b0125 b0126 b0127 b0128 b0129 b0130 b0131 b0132 b0133 b0134 b0135 b0136 b0137 b0138 b0139 b0140 b0141 b0142 b0143 b0144 b0145 b0146 b0147 b0148 b0149 b0150 b0151 b0152)
Time taken = 0.067402
Removing b0044
Verifying sls_insert
Houdini assignment axiom: (And true b0000 b0001 b0002 (! b0003) b0004 (! b0005) (! b0006) b0007 (! b0008) b0009 (! b0010) b0011 b0012 (! b0013) b0014 (! b0015) b0016 (! b0017) (! b0018) b0019 (! b0020) (! b0021) b0022 (! b0023) (! b0024) b0025 (! b0026) b0027 (! b0028) b0029 b0030 (! b0031) b0032 (! b0033) (! b0034) b0035 b0036 (! b0037) (! b0038) b0039 b0040 b0041 (! b0042) (! b0043) (! b0044) b0045 b0046 b0047 b0048 b0049 b0050 b0051 b0052 b0053 b0054 b0055 b0056 b0057 b0058 b0059 b0060 b0061 b0062 b0063 b0064 b0065 b0066 b0067 b0068 b0069 b0070 b0071 b0072 b0073 b0074 b0075 b0076 b0077 b0078 b0079 b0080 b0081 b0082 b0083 b0084 b0085 b0086 b0087 b0088 b0089 b0090 b0091 b0092 b0093 b0094 b0095 b0096 b0097 b0098 b0099 b0100 b0101 b0102 b0103 b0104 b0105 b0106 b0107 b0108 b0109 b0110 b0111 b0112 b0113 b0114 b0115 b0116 b0117 b0118 b0119 b0120 b0121 b0122 b0123 b0124 b0125 b0126 b0127 b0128 b0129 b0130 b0131 b0132 b0133 b0134 b0135 b0136 b0137 b0138 b0139 b0140 b0141 b0142 b0143 b0144 b0145 b0146 b0147 b0148 b0149 b0150 b0151 b0152)
Time taken = 0.075673
Removing b0045
Verifying sls_insert
Houdini assignment axiom: (And true b0000 b0001 b0002 (! b0003) b0004 (! b0005) (! b0006) b0007 (! b0008) b0009 (! b0010) b0011 b0012 (! b0013) b0014 (! b0015) b0016 (! b0017) (! b0018) b0019 (! b0020) (! b0021) b0022 (! b0023) (! b0024) b0025 (! b0026) b0027 (! b0028) b0029 b0030 (! b0031) b0032 (! b0033) (! b0034) b0035 b0036 (! b0037) (! b0038) b0039 b0040 b0041 (! b0042) (! b0043) (! b0044) (! b0045) b0046 b0047 b0048 b0049 b0050 b0051 b0052 b0053 b0054 b0055 b0056 b0057 b0058 b0059 b0060 b0061 b0062 b0063 b0064 b0065 b0066 b0067 b0068 b0069 b0070 b0071 b0072 b0073 b0074 b0075 b0076 b0077 b0078 b0079 b0080 b0081 b0082 b0083 b0084 b0085 b0086 b0087 b0088 b0089 b0090 b0091 b0092 b0093 b0094 b0095 b0096 b0097 b0098 b0099 b0100 b0101 b0102 b0103 b0104 b0105 b0106 b0107 b0108 b0109 b0110 b0111 b0112 b0113 b0114 b0115 b0116 b0117 b0118 b0119 b0120 b0121 b0122 b0123 b0124 b0125 b0126 b0127 b0128 b0129 b0130 b0131 b0132 b0133 b0134 b0135 b0136 b0137 b0138 b0139 b0140 b0141 b0142 b0143 b0144 b0145 b0146 b0147 b0148 b0149 b0150 b0151 b0152)
Time taken = 0.0806
Removing b0047
Verifying sls_insert
Houdini assignment axiom: (And true b0000 b0001 b0002 (! b0003) b0004 (! b0005) (! b0006) b0007 (! b0008) b0009 (! b0010) b0011 b0012 (! b0013) b0014 (! b0015) b0016 (! b0017) (! b0018) b0019 (! b0020) (! b0021) b0022 (! b0023) (! b0024) b0025 (! b0026) b0027 (! b0028) b0029 b0030 (! b0031) b0032 (! b0033) (! b0034) b0035 b0036 (! b0037) (! b0038) b0039 b0040 b0041 (! b0042) (! b0043) (! b0044) (! b0045) b0046 (! b0047) b0048 b0049 b0050 b0051 b0052 b0053 b0054 b0055 b0056 b0057 b0058 b0059 b0060 b0061 b0062 b0063 b0064 b0065 b0066 b0067 b0068 b0069 b0070 b0071 b0072 b0073 b0074 b0075 b0076 b0077 b0078 b0079 b0080 b0081 b0082 b0083 b0084 b0085 b0086 b0087 b0088 b0089 b0090 b0091 b0092 b0093 b0094 b0095 b0096 b0097 b0098 b0099 b0100 b0101 b0102 b0103 b0104 b0105 b0106 b0107 b0108 b0109 b0110 b0111 b0112 b0113 b0114 b0115 b0116 b0117 b0118 b0119 b0120 b0121 b0122 b0123 b0124 b0125 b0126 b0127 b0128 b0129 b0130 b0131 b0132 b0133 b0134 b0135 b0136 b0137 b0138 b0139 b0140 b0141 b0142 b0143 b0144 b0145 b0146 b0147 b0148 b0149 b0150 b0151 b0152)
Time taken = 0.073949
Removing b0048
Verifying sls_insert
Houdini assignment axiom: (And true b0000 b0001 b0002 (! b0003) b0004 (! b0005) (! b0006) b0007 (! b0008) b0009 (! b0010) b0011 b0012 (! b0013) b0014 (! b0015) b0016 (! b0017) (! b0018) b0019 (! b0020) (! b0021) b0022 (! b0023) (! b0024) b0025 (! b0026) b0027 (! b0028) b0029 b0030 (! b0031) b0032 (! b0033) (! b0034) b0035 b0036 (! b0037) (! b0038) b0039 b0040 b0041 (! b0042) (! b0043) (! b0044) (! b0045) b0046 (! b0047) (! b0048) b0049 b0050 b0051 b0052 b0053 b0054 b0055 b0056 b0057 b0058 b0059 b0060 b0061 b0062 b0063 b0064 b0065 b0066 b0067 b0068 b0069 b0070 b0071 b0072 b0073 b0074 b0075 b0076 b0077 b0078 b0079 b0080 b0081 b0082 b0083 b0084 b0085 b0086 b0087 b0088 b0089 b0090 b0091 b0092 b0093 b0094 b0095 b0096 b0097 b0098 b0099 b0100 b0101 b0102 b0103 b0104 b0105 b0106 b0107 b0108 b0109 b0110 b0111 b0112 b0113 b0114 b0115 b0116 b0117 b0118 b0119 b0120 b0121 b0122 b0123 b0124 b0125 b0126 b0127 b0128 b0129 b0130 b0131 b0132 b0133 b0134 b0135 b0136 b0137 b0138 b0139 b0140 b0141 b0142 b0143 b0144 b0145 b0146 b0147 b0148 b0149 b0150 b0151 b0152)
Time taken = 0.080935
Removing b0050
Verifying sls_insert
Houdini assignment axiom: (And true b0000 b0001 b0002 (! b0003) b0004 (! b0005) (! b0006) b0007 (! b0008) b0009 (! b0010) b0011 b0012 (! b0013) b0014 (! b0015) b0016 (! b0017) (! b0018) b0019 (! b0020) (! b0021) b0022 (! b0023) (! b0024) b0025 (! b0026) b0027 (! b0028) b0029 b0030 (! b0031) b0032 (! b0033) (! b0034) b0035 b0036 (! b0037) (! b0038) b0039 b0040 b0041 (! b0042) (! b0043) (! b0044) (! b0045) b0046 (! b0047) (! b0048) b0049 (! b0050) b0051 b0052 b0053 b0054 b0055 b0056 b0057 b0058 b0059 b0060 b0061 b0062 b0063 b0064 b0065 b0066 b0067 b0068 b0069 b0070 b0071 b0072 b0073 b0074 b0075 b0076 b0077 b0078 b0079 b0080 b0081 b0082 b0083 b0084 b0085 b0086 b0087 b0088 b0089 b0090 b0091 b0092 b0093 b0094 b0095 b0096 b0097 b0098 b0099 b0100 b0101 b0102 b0103 b0104 b0105 b0106 b0107 b0108 b0109 b0110 b0111 b0112 b0113 b0114 b0115 b0116 b0117 b0118 b0119 b0120 b0121 b0122 b0123 b0124 b0125 b0126 b0127 b0128 b0129 b0130 b0131 b0132 b0133 b0134 b0135 b0136 b0137 b0138 b0139 b0140 b0141 b0142 b0143 b0144 b0145 b0146 b0147 b0148 b0149 b0150 b0151 b0152)
Time taken = 0.103871
Removing b0051
Removing b0052
Verifying sls_insert
Houdini assignment axiom: (And true b0000 b0001 b0002 (! b0003) b0004 (! b0005) (! b0006) b0007 (! b0008) b0009 (! b0010) b0011 b0012 (! b0013) b0014 (! b0015) b0016 (! b0017) (! b0018) b0019 (! b0020) (! b0021) b0022 (! b0023) (! b0024) b0025 (! b0026) b0027 (! b0028) b0029 b0030 (! b0031) b0032 (! b0033) (! b0034) b0035 b0036 (! b0037) (! b0038) b0039 b0040 b0041 (! b0042) (! b0043) (! b0044) (! b0045) b0046 (! b0047) (! b0048) b0049 (! b0050) (! b0051) (! b0052) b0053 b0054 b0055 b0056 b0057 b0058 b0059 b0060 b0061 b0062 b0063 b0064 b0065 b0066 b0067 b0068 b0069 b0070 b0071 b0072 b0073 b0074 b0075 b0076 b0077 b0078 b0079 b0080 b0081 b0082 b0083 b0084 b0085 b0086 b0087 b0088 b0089 b0090 b0091 b0092 b0093 b0094 b0095 b0096 b0097 b0098 b0099 b0100 b0101 b0102 b0103 b0104 b0105 b0106 b0107 b0108 b0109 b0110 b0111 b0112 b0113 b0114 b0115 b0116 b0117 b0118 b0119 b0120 b0121 b0122 b0123 b0124 b0125 b0126 b0127 b0128 b0129 b0130 b0131 b0132 b0133 b0134 b0135 b0136 b0137 b0138 b0139 b0140 b0141 b0142 b0143 b0144 b0145 b0146 b0147 b0148 b0149 b0150 b0151 b0152)
Time taken = 0.091533
Removing b0053
Removing b0054
Verifying sls_insert
Houdini assignment axiom: (And true b0000 b0001 b0002 (! b0003) b0004 (! b0005) (! b0006) b0007 (! b0008) b0009 (! b0010) b0011 b0012 (! b0013) b0014 (! b0015) b0016 (! b0017) (! b0018) b0019 (! b0020) (! b0021) b0022 (! b0023) (! b0024) b0025 (! b0026) b0027 (! b0028) b0029 b0030 (! b0031) b0032 (! b0033) (! b0034) b0035 b0036 (! b0037) (! b0038) b0039 b0040 b0041 (! b0042) (! b0043) (! b0044) (! b0045) b0046 (! b0047) (! b0048) b0049 (! b0050) (! b0051) (! b0052) (! b0053) (! b0054) b0055 b0056 b0057 b0058 b0059 b0060 b0061 b0062 b0063 b0064 b0065 b0066 b0067 b0068 b0069 b0070 b0071 b0072 b0073 b0074 b0075 b0076 b0077 b0078 b0079 b0080 b0081 b0082 b0083 b0084 b0085 b0086 b0087 b0088 b0089 b0090 b0091 b0092 b0093 b0094 b0095 b0096 b0097 b0098 b0099 b0100 b0101 b0102 b0103 b0104 b0105 b0106 b0107 b0108 b0109 b0110 b0111 b0112 b0113 b0114 b0115 b0116 b0117 b0118 b0119 b0120 b0121 b0122 b0123 b0124 b0125 b0126 b0127 b0128 b0129 b0130 b0131 b0132 b0133 b0134 b0135 b0136 b0137 b0138 b0139 b0140 b0141 b0142 b0143 b0144 b0145 b0146 b0147 b0148 b0149 b0150 b0151 b0152)
Time taken = 0.099023
Removing b0056
Removing b0057
Verifying sls_insert
Houdini assignment axiom: (And true b0000 b0001 b0002 (! b0003) b0004 (! b0005) (! b0006) b0007 (! b0008) b0009 (! b0010) b0011 b0012 (! b0013) b0014 (! b0015) b0016 (! b0017) (! b0018) b0019 (! b0020) (! b0021) b0022 (! b0023) (! b0024) b0025 (! b0026) b0027 (! b0028) b0029 b0030 (! b0031) b0032 (! b0033) (! b0034) b0035 b0036 (! b0037) (! b0038) b0039 b0040 b0041 (! b0042) (! b0043) (! b0044) (! b0045) b0046 (! b0047) (! b0048) b0049 (! b0050) (! b0051) (! b0052) (! b0053) (! b0054) b0055 (! b0056) (! b0057) b0058 b0059 b0060 b0061 b0062 b0063 b0064 b0065 b0066 b0067 b0068 b0069 b0070 b0071 b0072 b0073 b0074 b0075 b0076 b0077 b0078 b0079 b0080 b0081 b0082 b0083 b0084 b0085 b0086 b0087 b0088 b0089 b0090 b0091 b0092 b0093 b0094 b0095 b0096 b0097 b0098 b0099 b0100 b0101 b0102 b0103 b0104 b0105 b0106 b0107 b0108 b0109 b0110 b0111 b0112 b0113 b0114 b0115 b0116 b0117 b0118 b0119 b0120 b0121 b0122 b0123 b0124 b0125 b0126 b0127 b0128 b0129 b0130 b0131 b0132 b0133 b0134 b0135 b0136 b0137 b0138 b0139 b0140 b0141 b0142 b0143 b0144 b0145 b0146 b0147 b0148 b0149 b0150 b0151 b0152)
Time taken = 0.081952
Removing b0058
Verifying sls_insert
Houdini assignment axiom: (And true b0000 b0001 b0002 (! b0003) b0004 (! b0005) (! b0006) b0007 (! b0008) b0009 (! b0010) b0011 b0012 (! b0013) b0014 (! b0015) b0016 (! b0017) (! b0018) b0019 (! b0020) (! b0021) b0022 (! b0023) (! b0024) b0025 (! b0026) b0027 (! b0028) b0029 b0030 (! b0031) b0032 (! b0033) (! b0034) b0035 b0036 (! b0037) (! b0038) b0039 b0040 b0041 (! b0042) (! b0043) (! b0044) (! b0045) b0046 (! b0047) (! b0048) b0049 (! b0050) (! b0051) (! b0052) (! b0053) (! b0054) b0055 (! b0056) (! b0057) (! b0058) b0059 b0060 b0061 b0062 b0063 b0064 b0065 b0066 b0067 b0068 b0069 b0070 b0071 b0072 b0073 b0074 b0075 b0076 b0077 b0078 b0079 b0080 b0081 b0082 b0083 b0084 b0085 b0086 b0087 b0088 b0089 b0090 b0091 b0092 b0093 b0094 b0095 b0096 b0097 b0098 b0099 b0100 b0101 b0102 b0103 b0104 b0105 b0106 b0107 b0108 b0109 b0110 b0111 b0112 b0113 b0114 b0115 b0116 b0117 b0118 b0119 b0120 b0121 b0122 b0123 b0124 b0125 b0126 b0127 b0128 b0129 b0130 b0131 b0132 b0133 b0134 b0135 b0136 b0137 b0138 b0139 b0140 b0141 b0142 b0143 b0144 b0145 b0146 b0147 b0148 b0149 b0150 b0151 b0152)
Time taken = 0.079056
Removing b0059
Verifying sls_insert
Houdini assignment axiom: (And true b0000 b0001 b0002 (! b0003) b0004 (! b0005) (! b0006) b0007 (! b0008) b0009 (! b0010) b0011 b0012 (! b0013) b0014 (! b0015) b0016 (! b0017) (! b0018) b0019 (! b0020) (! b0021) b0022 (! b0023) (! b0024) b0025 (! b0026) b0027 (! b0028) b0029 b0030 (! b0031) b0032 (! b0033) (! b0034) b0035 b0036 (! b0037) (! b0038) b0039 b0040 b0041 (! b0042) (! b0043) (! b0044) (! b0045) b0046 (! b0047) (! b0048) b0049 (! b0050) (! b0051) (! b0052) (! b0053) (! b0054) b0055 (! b0056) (! b0057) (! b0058) (! b0059) b0060 b0061 b0062 b0063 b0064 b0065 b0066 b0067 b0068 b0069 b0070 b0071 b0072 b0073 b0074 b0075 b0076 b0077 b0078 b0079 b0080 b0081 b0082 b0083 b0084 b0085 b0086 b0087 b0088 b0089 b0090 b0091 b0092 b0093 b0094 b0095 b0096 b0097 b0098 b0099 b0100 b0101 b0102 b0103 b0104 b0105 b0106 b0107 b0108 b0109 b0110 b0111 b0112 b0113 b0114 b0115 b0116 b0117 b0118 b0119 b0120 b0121 b0122 b0123 b0124 b0125 b0126 b0127 b0128 b0129 b0130 b0131 b0132 b0133 b0134 b0135 b0136 b0137 b0138 b0139 b0140 b0141 b0142 b0143 b0144 b0145 b0146 b0147 b0148 b0149 b0150 b0151 b0152)
Time taken = 0.087632
Removing b0060
Verifying sls_insert
Houdini assignment axiom: (And true b0000 b0001 b0002 (! b0003) b0004 (! b0005) (! b0006) b0007 (! b0008) b0009 (! b0010) b0011 b0012 (! b0013) b0014 (! b0015) b0016 (! b0017) (! b0018) b0019 (! b0020) (! b0021) b0022 (! b0023) (! b0024) b0025 (! b0026) b0027 (! b0028) b0029 b0030 (! b0031) b0032 (! b0033) (! b0034) b0035 b0036 (! b0037) (! b0038) b0039 b0040 b0041 (! b0042) (! b0043) (! b0044) (! b0045) b0046 (! b0047) (! b0048) b0049 (! b0050) (! b0051) (! b0052) (! b0053) (! b0054) b0055 (! b0056) (! b0057) (! b0058) (! b0059) (! b0060) b0061 b0062 b0063 b0064 b0065 b0066 b0067 b0068 b0069 b0070 b0071 b0072 b0073 b0074 b0075 b0076 b0077 b0078 b0079 b0080 b0081 b0082 b0083 b0084 b0085 b0086 b0087 b0088 b0089 b0090 b0091 b0092 b0093 b0094 b0095 b0096 b0097 b0098 b0099 b0100 b0101 b0102 b0103 b0104 b0105 b0106 b0107 b0108 b0109 b0110 b0111 b0112 b0113 b0114 b0115 b0116 b0117 b0118 b0119 b0120 b0121 b0122 b0123 b0124 b0125 b0126 b0127 b0128 b0129 b0130 b0131 b0132 b0133 b0134 b0135 b0136 b0137 b0138 b0139 b0140 b0141 b0142 b0143 b0144 b0145 b0146 b0147 b0148 b0149 b0150 b0151 b0152)
Time taken = 0.080501
Removing b0061
Verifying sls_insert
Houdini assignment axiom: (And true b0000 b0001 b0002 (! b0003) b0004 (! b0005) (! b0006) b0007 (! b0008) b0009 (! b0010) b0011 b0012 (! b0013) b0014 (! b0015) b0016 (! b0017) (! b0018) b0019 (! b0020) (! b0021) b0022 (! b0023) (! b0024) b0025 (! b0026) b0027 (! b0028) b0029 b0030 (! b0031) b0032 (! b0033) (! b0034) b0035 b0036 (! b0037) (! b0038) b0039 b0040 b0041 (! b0042) (! b0043) (! b0044) (! b0045) b0046 (! b0047) (! b0048) b0049 (! b0050) (! b0051) (! b0052) (! b0053) (! b0054) b0055 (! b0056) (! b0057) (! b0058) (! b0059) (! b0060) (! b0061) b0062 b0063 b0064 b0065 b0066 b0067 b0068 b0069 b0070 b0071 b0072 b0073 b0074 b0075 b0076 b0077 b0078 b0079 b0080 b0081 b0082 b0083 b0084 b0085 b0086 b0087 b0088 b0089 b0090 b0091 b0092 b0093 b0094 b0095 b0096 b0097 b0098 b0099 b0100 b0101 b0102 b0103 b0104 b0105 b0106 b0107 b0108 b0109 b0110 b0111 b0112 b0113 b0114 b0115 b0116 b0117 b0118 b0119 b0120 b0121 b0122 b0123 b0124 b0125 b0126 b0127 b0128 b0129 b0130 b0131 b0132 b0133 b0134 b0135 b0136 b0137 b0138 b0139 b0140 b0141 b0142 b0143 b0144 b0145 b0146 b0147 b0148 b0149 b0150 b0151 b0152)
Time taken = 0.078591
Removing b0062
Verifying sls_insert
Houdini assignment axiom: (And true b0000 b0001 b0002 (! b0003) b0004 (! b0005) (! b0006) b0007 (! b0008) b0009 (! b0010) b0011 b0012 (! b0013) b0014 (! b0015) b0016 (! b0017) (! b0018) b0019 (! b0020) (! b0021) b0022 (! b0023) (! b0024) b0025 (! b0026) b0027 (! b0028) b0029 b0030 (! b0031) b0032 (! b0033) (! b0034) b0035 b0036 (! b0037) (! b0038) b0039 b0040 b0041 (! b0042) (! b0043) (! b0044) (! b0045) b0046 (! b0047) (! b0048) b0049 (! b0050) (! b0051) (! b0052) (! b0053) (! b0054) b0055 (! b0056) (! b0057) (! b0058) (! b0059) (! b0060) (! b0061) (! b0062) b0063 b0064 b0065 b0066 b0067 b0068 b0069 b0070 b0071 b0072 b0073 b0074 b0075 b0076 b0077 b0078 b0079 b0080 b0081 b0082 b0083 b0084 b0085 b0086 b0087 b0088 b0089 b0090 b0091 b0092 b0093 b0094 b0095 b0096 b0097 b0098 b0099 b0100 b0101 b0102 b0103 b0104 b0105 b0106 b0107 b0108 b0109 b0110 b0111 b0112 b0113 b0114 b0115 b0116 b0117 b0118 b0119 b0120 b0121 b0122 b0123 b0124 b0125 b0126 b0127 b0128 b0129 b0130 b0131 b0132 b0133 b0134 b0135 b0136 b0137 b0138 b0139 b0140 b0141 b0142 b0143 b0144 b0145 b0146 b0147 b0148 b0149 b0150 b0151 b0152)
Time taken = 0.228027
Removing b0063
Removing b0069
Removing b0070
Removing b0071
Verifying sls_insert
Houdini assignment axiom: (And true b0000 b0001 b0002 (! b0003) b0004 (! b0005) (! b0006) b0007 (! b0008) b0009 (! b0010) b0011 b0012 (! b0013) b0014 (! b0015) b0016 (! b0017) (! b0018) b0019 (! b0020) (! b0021) b0022 (! b0023) (! b0024) b0025 (! b0026) b0027 (! b0028) b0029 b0030 (! b0031) b0032 (! b0033) (! b0034) b0035 b0036 (! b0037) (! b0038) b0039 b0040 b0041 (! b0042) (! b0043) (! b0044) (! b0045) b0046 (! b0047) (! b0048) b0049 (! b0050) (! b0051) (! b0052) (! b0053) (! b0054) b0055 (! b0056) (! b0057) (! b0058) (! b0059) (! b0060) (! b0061) (! b0062) (! b0063) b0064 b0065 b0066 b0067 b0068 (! b0069) (! b0070) (! b0071) b0072 b0073 b0074 b0075 b0076 b0077 b0078 b0079 b0080 b0081 b0082 b0083 b0084 b0085 b0086 b0087 b0088 b0089 b0090 b0091 b0092 b0093 b0094 b0095 b0096 b0097 b0098 b0099 b0100 b0101 b0102 b0103 b0104 b0105 b0106 b0107 b0108 b0109 b0110 b0111 b0112 b0113 b0114 b0115 b0116 b0117 b0118 b0119 b0120 b0121 b0122 b0123 b0124 b0125 b0126 b0127 b0128 b0129 b0130 b0131 b0132 b0133 b0134 b0135 b0136 b0137 b0138 b0139 b0140 b0141 b0142 b0143 b0144 b0145 b0146 b0147 b0148 b0149 b0150 b0151 b0152)
Time taken = 0.202404
Removing b0065
Removing b0072
Verifying sls_insert
Houdini assignment axiom: (And true b0000 b0001 b0002 (! b0003) b0004 (! b0005) (! b0006) b0007 (! b0008) b0009 (! b0010) b0011 b0012 (! b0013) b0014 (! b0015) b0016 (! b0017) (! b0018) b0019 (! b0020) (! b0021) b0022 (! b0023) (! b0024) b0025 (! b0026) b0027 (! b0028) b0029 b0030 (! b0031) b0032 (! b0033) (! b0034) b0035 b0036 (! b0037) (! b0038) b0039 b0040 b0041 (! b0042) (! b0043) (! b0044) (! b0045) b0046 (! b0047) (! b0048) b0049 (! b0050) (! b0051) (! b0052) (! b0053) (! b0054) b0055 (! b0056) (! b0057) (! b0058) (! b0059) (! b0060) (! b0061) (! b0062) (! b0063) b0064 (! b0065) b0066 b0067 b0068 (! b0069) (! b0070) (! b0071) (! b0072) b0073 b0074 b0075 b0076 b0077 b0078 b0079 b0080 b0081 b0082 b0083 b0084 b0085 b0086 b0087 b0088 b0089 b0090 b0091 b0092 b0093 b0094 b0095 b0096 b0097 b0098 b0099 b0100 b0101 b0102 b0103 b0104 b0105 b0106 b0107 b0108 b0109 b0110 b0111 b0112 b0113 b0114 b0115 b0116 b0117 b0118 b0119 b0120 b0121 b0122 b0123 b0124 b0125 b0126 b0127 b0128 b0129 b0130 b0131 b0132 b0133 b0134 b0135 b0136 b0137 b0138 b0139 b0140 b0141 b0142 b0143 b0144 b0145 b0146 b0147 b0148 b0149 b0150 b0151 b0152)
Time taken = 0.400493
Removing b0066
Removing b0073
Removing b0074
Removing b0117
Removing b0123
Removing b0125
Removing b0007
Removing b0019
Verifying sls_insert
Houdini assignment axiom: (And true b0000 b0001 b0002 (! b0003) b0004 (! b0005) (! b0006) (! b0007) (! b0008) b0009 (! b0010) b0011 b0012 (! b0013) b0014 (! b0015) b0016 (! b0017) (! b0018) (! b0019) (! b0020) (! b0021) b0022 (! b0023) (! b0024) b0025 (! b0026) b0027 (! b0028) b0029 b0030 (! b0031) b0032 (! b0033) (! b0034) b0035 b0036 (! b0037) (! b0038) b0039 b0040 b0041 (! b0042) (! b0043) (! b0044) (! b0045) b0046 (! b0047) (! b0048) b0049 (! b0050) (! b0051) (! b0052) (! b0053) (! b0054) b0055 (! b0056) (! b0057) (! b0058) (! b0059) (! b0060) (! b0061) (! b0062) (! b0063) b0064 (! b0065) (! b0066) b0067 b0068 (! b0069) (! b0070) (! b0071) (! b0072) (! b0073) (! b0074) b0075 b0076 b0077 b0078 b0079 b0080 b0081 b0082 b0083 b0084 b0085 b0086 b0087 b0088 b0089 b0090 b0091 b0092 b0093 b0094 b0095 b0096 b0097 b0098 b0099 b0100 b0101 b0102 b0103 b0104 b0105 b0106 b0107 b0108 b0109 b0110 b0111 b0112 b0113 b0114 b0115 b0116 (! b0117) b0118 b0119 b0120 b0121 b0122 (! b0123) b0124 (! b0125) b0126 b0127 b0128 b0129 b0130 b0131 b0132 b0133 b0134 b0135 b0136 b0137 b0138 b0139 b0140 b0141 b0142 b0143 b0144 b0145 b0146 b0147 b0148 b0149 b0150 b0151 b0152)
Time taken = 0.343887
Removing b0068
Removing b0118
Removing b0126
Removing b0128
Removing b0025
Removing b0046
Verifying sls_insert
Houdini assignment axiom: (And true b0000 b0001 b0002 (! b0003) b0004 (! b0005) (! b0006) (! b0007) (! b0008) b0009 (! b0010) b0011 b0012 (! b0013) b0014 (! b0015) b0016 (! b0017) (! b0018) (! b0019) (! b0020) (! b0021) b0022 (! b0023) (! b0024) (! b0025) (! b0026) b0027 (! b0028) b0029 b0030 (! b0031) b0032 (! b0033) (! b0034) b0035 b0036 (! b0037) (! b0038) b0039 b0040 b0041 (! b0042) (! b0043) (! b0044) (! b0045) (! b0046) (! b0047) (! b0048) b0049 (! b0050) (! b0051) (! b0052) (! b0053) (! b0054) b0055 (! b0056) (! b0057) (! b0058) (! b0059) (! b0060) (! b0061) (! b0062) (! b0063) b0064 (! b0065) (! b0066) b0067 (! b0068) (! b0069) (! b0070) (! b0071) (! b0072) (! b0073) (! b0074) b0075 b0076 b0077 b0078 b0079 b0080 b0081 b0082 b0083 b0084 b0085 b0086 b0087 b0088 b0089 b0090 b0091 b0092 b0093 b0094 b0095 b0096 b0097 b0098 b0099 b0100 b0101 b0102 b0103 b0104 b0105 b0106 b0107 b0108 b0109 b0110 b0111 b0112 b0113 b0114 b0115 b0116 (! b0117) (! b0118) b0119 b0120 b0121 b0122 (! b0123) b0124 (! b0125) (! b0126) b0127 (! b0128) b0129 b0130 b0131 b0132 b0133 b0134 b0135 b0136 b0137 b0138 b0139 b0140 b0141 b0142 b0143 b0144 b0145 b0146 b0147 b0148 b0149 b0150 b0151 b0152)
Time taken = 0.310465
Removing b0075
Removing b0077
Removing b0121
Removing b0129
Removing b0131
Removing b0036
Removing b0049
Verifying sls_insert
Houdini assignment axiom: (And true b0000 b0001 b0002 (! b0003) b0004 (! b0005) (! b0006) (! b0007) (! b0008) b0009 (! b0010) b0011 b0012 (! b0013) b0014 (! b0015) b0016 (! b0017) (! b0018) (! b0019) (! b0020) (! b0021) b0022 (! b0023) (! b0024) (! b0025) (! b0026) b0027 (! b0028) b0029 b0030 (! b0031) b0032 (! b0033) (! b0034) b0035 (! b0036) (! b0037) (! b0038) b0039 b0040 b0041 (! b0042) (! b0043) (! b0044) (! b0045) (! b0046) (! b0047) (! b0048) (! b0049) (! b0050) (! b0051) (! b0052) (! b0053) (! b0054) b0055 (! b0056) (! b0057) (! b0058) (! b0059) (! b0060) (! b0061) (! b0062) (! b0063) b0064 (! b0065) (! b0066) b0067 (! b0068) (! b0069) (! b0070) (! b0071) (! b0072) (! b0073) (! b0074) (! b0075) b0076 (! b0077) b0078 b0079 b0080 b0081 b0082 b0083 b0084 b0085 b0086 b0087 b0088 b0089 b0090 b0091 b0092 b0093 b0094 b0095 b0096 b0097 b0098 b0099 b0100 b0101 b0102 b0103 b0104 b0105 b0106 b0107 b0108 b0109 b0110 b0111 b0112 b0113 b0114 b0115 b0116 (! b0117) (! b0118) b0119 b0120 (! b0121) b0122 (! b0123) b0124 (! b0125) (! b0126) b0127 (! b0128) (! b0129) b0130 (! b0131) b0132 b0133 b0134 b0135 b0136 b0137 b0138 b0139 b0140 b0141 b0142 b0143 b0144 b0145 b0146 b0147 b0148 b0149 b0150 b0151 b0152)
Time taken = 0.844323
Removing b0076
Removing b0078
Removing b0122
Removing b0132
Removing b0134
Removing b0127
Removing b0132
Removing b0134
Verifying sls_insert
Houdini assignment axiom: (And true b0000 b0001 b0002 (! b0003) b0004 (! b0005) (! b0006) (! b0007) (! b0008) b0009 (! b0010) b0011 b0012 (! b0013) b0014 (! b0015) b0016 (! b0017) (! b0018) (! b0019) (! b0020) (! b0021) b0022 (! b0023) (! b0024) (! b0025) (! b0026) b0027 (! b0028) b0029 b0030 (! b0031) b0032 (! b0033) (! b0034) b0035 (! b0036) (! b0037) (! b0038) b0039 b0040 b0041 (! b0042) (! b0043) (! b0044) (! b0045) (! b0046) (! b0047) (! b0048) (! b0049) (! b0050) (! b0051) (! b0052) (! b0053) (! b0054) b0055 (! b0056) (! b0057) (! b0058) (! b0059) (! b0060) (! b0061) (! b0062) (! b0063) b0064 (! b0065) (! b0066) b0067 (! b0068) (! b0069) (! b0070) (! b0071) (! b0072) (! b0073) (! b0074) (! b0075) (! b0076) (! b0077) (! b0078) b0079 b0080 b0081 b0082 b0083 b0084 b0085 b0086 b0087 b0088 b0089 b0090 b0091 b0092 b0093 b0094 b0095 b0096 b0097 b0098 b0099 b0100 b0101 b0102 b0103 b0104 b0105 b0106 b0107 b0108 b0109 b0110 b0111 b0112 b0113 b0114 b0115 b0116 (! b0117) (! b0118) b0119 b0120 (! b0121) (! b0122) (! b0123) b0124 (! b0125) (! b0126) (! b0127) (! b0128) (! b0129) b0130 (! b0131) (! b0132) b0133 (! b0134) b0135 b0136 b0137 b0138 b0139 b0140 b0141 b0142 b0143 b0144 b0145 b0146 b0147 b0148 b0149 b0150 b0151 b0152)
Time taken = 0.905102
Removing b0079
Removing b0083
Removing b0141
Removing b0143
Removing b0133
Removing b0144
Removing b0146
Verifying sls_insert
Houdini assignment axiom: (And true b0000 b0001 b0002 (! b0003) b0004 (! b0005) (! b0006) (! b0007) (! b0008) b0009 (! b0010) b0011 b0012 (! b0013) b0014 (! b0015) b0016 (! b0017) (! b0018) (! b0019) (! b0020) (! b0021) b0022 (! b0023) (! b0024) (! b0025) (! b0026) b0027 (! b0028) b0029 b0030 (! b0031) b0032 (! b0033) (! b0034) b0035 (! b0036) (! b0037) (! b0038) b0039 b0040 b0041 (! b0042) (! b0043) (! b0044) (! b0045) (! b0046) (! b0047) (! b0048) (! b0049) (! b0050) (! b0051) (! b0052) (! b0053) (! b0054) b0055 (! b0056) (! b0057) (! b0058) (! b0059) (! b0060) (! b0061) (! b0062) (! b0063) b0064 (! b0065) (! b0066) b0067 (! b0068) (! b0069) (! b0070) (! b0071) (! b0072) (! b0073) (! b0074) (! b0075) (! b0076) (! b0077) (! b0078) (! b0079) b0080 b0081 b0082 (! b0083) b0084 b0085 b0086 b0087 b0088 b0089 b0090 b0091 b0092 b0093 b0094 b0095 b0096 b0097 b0098 b0099 b0100 b0101 b0102 b0103 b0104 b0105 b0106 b0107 b0108 b0109 b0110 b0111 b0112 b0113 b0114 b0115 b0116 (! b0117) (! b0118) b0119 b0120 (! b0121) (! b0122) (! b0123) b0124 (! b0125) (! b0126) (! b0127) (! b0128) (! b0129) b0130 (! b0131) (! b0132) (! b0133) (! b0134) b0135 b0136 b0137 b0138 b0139 b0140 (! b0141) b0142 (! b0143) (! b0144) b0145 (! b0146) b0147 b0148 b0149 b0150 b0151 b0152)
Time taken = 0.785745
Removing b0080
Removing b0084
Removing b0147
Removing b0149
Removing b0145
Removing b0150
Removing b0152
Verifying sls_insert
Houdini assignment axiom: (And true b0000 b0001 b0002 (! b0003) b0004 (! b0005) (! b0006) (! b0007) (! b0008) b0009 (! b0010) b0011 b0012 (! b0013) b0014 (! b0015) b0016 (! b0017) (! b0018) (! b0019) (! b0020) (! b0021) b0022 (! b0023) (! b0024) (! b0025) (! b0026) b0027 (! b0028) b0029 b0030 (! b0031) b0032 (! b0033) (! b0034) b0035 (! b0036) (! b0037) (! b0038) b0039 b0040 b0041 (! b0042) (! b0043) (! b0044) (! b0045) (! b0046) (! b0047) (! b0048) (! b0049) (! b0050) (! b0051) (! b0052) (! b0053) (! b0054) b0055 (! b0056) (! b0057) (! b0058) (! b0059) (! b0060) (! b0061) (! b0062) (! b0063) b0064 (! b0065) (! b0066) b0067 (! b0068) (! b0069) (! b0070) (! b0071) (! b0072) (! b0073) (! b0074) (! b0075) (! b0076) (! b0077) (! b0078) (! b0079) (! b0080) b0081 b0082 (! b0083) (! b0084) b0085 b0086 b0087 b0088 b0089 b0090 b0091 b0092 b0093 b0094 b0095 b0096 b0097 b0098 b0099 b0100 b0101 b0102 b0103 b0104 b0105 b0106 b0107 b0108 b0109 b0110 b0111 b0112 b0113 b0114 b0115 b0116 (! b0117) (! b0118) b0119 b0120 (! b0121) (! b0122) (! b0123) b0124 (! b0125) (! b0126) (! b0127) (! b0128) (! b0129) b0130 (! b0131) (! b0132) (! b0133) (! b0134) b0135 b0136 b0137 b0138 b0139 b0140 (! b0141) b0142 (! b0143) (! b0144) (! b0145) (! b0146) (! b0147) b0148 (! b0149) (! b0150) b0151 (! b0152))
Time taken = 0.594007
Removing b0081
Removing b0089
Removing b0151
Verifying sls_insert
Houdini assignment axiom: (And true b0000 b0001 b0002 (! b0003) b0004 (! b0005) (! b0006) (! b0007) (! b0008) b0009 (! b0010) b0011 b0012 (! b0013) b0014 (! b0015) b0016 (! b0017) (! b0018) (! b0019) (! b0020) (! b0021) b0022 (! b0023) (! b0024) (! b0025) (! b0026) b0027 (! b0028) b0029 b0030 (! b0031) b0032 (! b0033) (! b0034) b0035 (! b0036) (! b0037) (! b0038) b0039 b0040 b0041 (! b0042) (! b0043) (! b0044) (! b0045) (! b0046) (! b0047) (! b0048) (! b0049) (! b0050) (! b0051) (! b0052) (! b0053) (! b0054) b0055 (! b0056) (! b0057) (! b0058) (! b0059) (! b0060) (! b0061) (! b0062) (! b0063) b0064 (! b0065) (! b0066) b0067 (! b0068) (! b0069) (! b0070) (! b0071) (! b0072) (! b0073) (! b0074) (! b0075) (! b0076) (! b0077) (! b0078) (! b0079) (! b0080) (! b0081) b0082 (! b0083) (! b0084) b0085 b0086 b0087 b0088 (! b0089) b0090 b0091 b0092 b0093 b0094 b0095 b0096 b0097 b0098 b0099 b0100 b0101 b0102 b0103 b0104 b0105 b0106 b0107 b0108 b0109 b0110 b0111 b0112 b0113 b0114 b0115 b0116 (! b0117) (! b0118) b0119 b0120 (! b0121) (! b0122) (! b0123) b0124 (! b0125) (! b0126) (! b0127) (! b0128) (! b0129) b0130 (! b0131) (! b0132) (! b0133) (! b0134) b0135 b0136 b0137 b0138 b0139 b0140 (! b0141) b0142 (! b0143) (! b0144) (! b0145) (! b0146) (! b0147) b0148 (! b0149) (! b0150) (! b0151) (! b0152))
Time taken = 0.473337
Removing b0086
Removing b0090
Verifying sls_insert
Houdini assignment axiom: (And true b0000 b0001 b0002 (! b0003) b0004 (! b0005) (! b0006) (! b0007) (! b0008) b0009 (! b0010) b0011 b0012 (! b0013) b0014 (! b0015) b0016 (! b0017) (! b0018) (! b0019) (! b0020) (! b0021) b0022 (! b0023) (! b0024) (! b0025) (! b0026) b0027 (! b0028) b0029 b0030 (! b0031) b0032 (! b0033) (! b0034) b0035 (! b0036) (! b0037) (! b0038) b0039 b0040 b0041 (! b0042) (! b0043) (! b0044) (! b0045) (! b0046) (! b0047) (! b0048) (! b0049) (! b0050) (! b0051) (! b0052) (! b0053) (! b0054) b0055 (! b0056) (! b0057) (! b0058) (! b0059) (! b0060) (! b0061) (! b0062) (! b0063) b0064 (! b0065) (! b0066) b0067 (! b0068) (! b0069) (! b0070) (! b0071) (! b0072) (! b0073) (! b0074) (! b0075) (! b0076) (! b0077) (! b0078) (! b0079) (! b0080) (! b0081) b0082 (! b0083) (! b0084) b0085 (! b0086) b0087 b0088 (! b0089) (! b0090) b0091 b0092 b0093 b0094 b0095 b0096 b0097 b0098 b0099 b0100 b0101 b0102 b0103 b0104 b0105 b0106 b0107 b0108 b0109 b0110 b0111 b0112 b0113 b0114 b0115 b0116 (! b0117) (! b0118) b0119 b0120 (! b0121) (! b0122) (! b0123) b0124 (! b0125) (! b0126) (! b0127) (! b0128) (! b0129) b0130 (! b0131) (! b0132) (! b0133) (! b0134) b0135 b0136 b0137 b0138 b0139 b0140 (! b0141) b0142 (! b0143) (! b0144) (! b0145) (! b0146) (! b0147) b0148 (! b0149) (! b0150) (! b0151) (! b0152))
Time taken = 0.462024
Removing b0087
Removing b0095
Verifying sls_insert
Houdini assignment axiom: (And true b0000 b0001 b0002 (! b0003) b0004 (! b0005) (! b0006) (! b0007) (! b0008) b0009 (! b0010) b0011 b0012 (! b0013) b0014 (! b0015) b0016 (! b0017) (! b0018) (! b0019) (! b0020) (! b0021) b0022 (! b0023) (! b0024) (! b0025) (! b0026) b0027 (! b0028) b0029 b0030 (! b0031) b0032 (! b0033) (! b0034) b0035 (! b0036) (! b0037) (! b0038) b0039 b0040 b0041 (! b0042) (! b0043) (! b0044) (! b0045) (! b0046) (! b0047) (! b0048) (! b0049) (! b0050) (! b0051) (! b0052) (! b0053) (! b0054) b0055 (! b0056) (! b0057) (! b0058) (! b0059) (! b0060) (! b0061) (! b0062) (! b0063) b0064 (! b0065) (! b0066) b0067 (! b0068) (! b0069) (! b0070) (! b0071) (! b0072) (! b0073) (! b0074) (! b0075) (! b0076) (! b0077) (! b0078) (! b0079) (! b0080) (! b0081) b0082 (! b0083) (! b0084) b0085 (! b0086) (! b0087) b0088 (! b0089) (! b0090) b0091 b0092 b0093 b0094 (! b0095) b0096 b0097 b0098 b0099 b0100 b0101 b0102 b0103 b0104 b0105 b0106 b0107 b0108 b0109 b0110 b0111 b0112 b0113 b0114 b0115 b0116 (! b0117) (! b0118) b0119 b0120 (! b0121) (! b0122) (! b0123) b0124 (! b0125) (! b0126) (! b0127) (! b0128) (! b0129) b0130 (! b0131) (! b0132) (! b0133) (! b0134) b0135 b0136 b0137 b0138 b0139 b0140 (! b0141) b0142 (! b0143) (! b0144) (! b0145) (! b0146) (! b0147) b0148 (! b0149) (! b0150) (! b0151) (! b0152))
Time taken = 0.441886
Removing b0088
Removing b0096
Verifying sls_insert
Houdini assignment axiom: (And true b0000 b0001 b0002 (! b0003) b0004 (! b0005) (! b0006) (! b0007) (! b0008) b0009 (! b0010) b0011 b0012 (! b0013) b0014 (! b0015) b0016 (! b0017) (! b0018) (! b0019) (! b0020) (! b0021) b0022 (! b0023) (! b0024) (! b0025) (! b0026) b0027 (! b0028) b0029 b0030 (! b0031) b0032 (! b0033) (! b0034) b0035 (! b0036) (! b0037) (! b0038) b0039 b0040 b0041 (! b0042) (! b0043) (! b0044) (! b0045) (! b0046) (! b0047) (! b0048) (! b0049) (! b0050) (! b0051) (! b0052) (! b0053) (! b0054) b0055 (! b0056) (! b0057) (! b0058) (! b0059) (! b0060) (! b0061) (! b0062) (! b0063) b0064 (! b0065) (! b0066) b0067 (! b0068) (! b0069) (! b0070) (! b0071) (! b0072) (! b0073) (! b0074) (! b0075) (! b0076) (! b0077) (! b0078) (! b0079) (! b0080) (! b0081) b0082 (! b0083) (! b0084) b0085 (! b0086) (! b0087) (! b0088) (! b0089) (! b0090) b0091 b0092 b0093 b0094 (! b0095) (! b0096) b0097 b0098 b0099 b0100 b0101 b0102 b0103 b0104 b0105 b0106 b0107 b0108 b0109 b0110 b0111 b0112 b0113 b0114 b0115 b0116 (! b0117) (! b0118) b0119 b0120 (! b0121) (! b0122) (! b0123) b0124 (! b0125) (! b0126) (! b0127) (! b0128) (! b0129) b0130 (! b0131) (! b0132) (! b0133) (! b0134) b0135 b0136 b0137 b0138 b0139 b0140 (! b0141) b0142 (! b0143) (! b0144) (! b0145) (! b0146) (! b0147) b0148 (! b0149) (! b0150) (! b0151) (! b0152))
Time taken = 0.400535
Removing b0091
Removing b0100
Verifying sls_insert
Houdini assignment axiom: (And true b0000 b0001 b0002 (! b0003) b0004 (! b0005) (! b0006) (! b0007) (! b0008) b0009 (! b0010) b0011 b0012 (! b0013) b0014 (! b0015) b0016 (! b0017) (! b0018) (! b0019) (! b0020) (! b0021) b0022 (! b0023) (! b0024) (! b0025) (! b0026) b0027 (! b0028) b0029 b0030 (! b0031) b0032 (! b0033) (! b0034) b0035 (! b0036) (! b0037) (! b0038) b0039 b0040 b0041 (! b0042) (! b0043) (! b0044) (! b0045) (! b0046) (! b0047) (! b0048) (! b0049) (! b0050) (! b0051) (! b0052) (! b0053) (! b0054) b0055 (! b0056) (! b0057) (! b0058) (! b0059) (! b0060) (! b0061) (! b0062) (! b0063) b0064 (! b0065) (! b0066) b0067 (! b0068) (! b0069) (! b0070) (! b0071) (! b0072) (! b0073) (! b0074) (! b0075) (! b0076) (! b0077) (! b0078) (! b0079) (! b0080) (! b0081) b0082 (! b0083) (! b0084) b0085 (! b0086) (! b0087) (! b0088) (! b0089) (! b0090) (! b0091) b0092 b0093 b0094 (! b0095) (! b0096) b0097 b0098 b0099 (! b0100) b0101 b0102 b0103 b0104 b0105 b0106 b0107 b0108 b0109 b0110 b0111 b0112 b0113 b0114 b0115 b0116 (! b0117) (! b0118) b0119 b0120 (! b0121) (! b0122) (! b0123) b0124 (! b0125) (! b0126) (! b0127) (! b0128) (! b0129) b0130 (! b0131) (! b0132) (! b0133) (! b0134) b0135 b0136 b0137 b0138 b0139 b0140 (! b0141) b0142 (! b0143) (! b0144) (! b0145) (! b0146) (! b0147) b0148 (! b0149) (! b0150) (! b0151) (! b0152))
Time taken = 0.410715
Removing b0092
Removing b0103
Verifying sls_insert
Houdini assignment axiom: (And true b0000 b0001 b0002 (! b0003) b0004 (! b0005) (! b0006) (! b0007) (! b0008) b0009 (! b0010) b0011 b0012 (! b0013) b0014 (! b0015) b0016 (! b0017) (! b0018) (! b0019) (! b0020) (! b0021) b0022 (! b0023) (! b0024) (! b0025) (! b0026) b0027 (! b0028) b0029 b0030 (! b0031) b0032 (! b0033) (! b0034) b0035 (! b0036) (! b0037) (! b0038) b0039 b0040 b0041 (! b0042) (! b0043) (! b0044) (! b0045) (! b0046) (! b0047) (! b0048) (! b0049) (! b0050) (! b0051) (! b0052) (! b0053) (! b0054) b0055 (! b0056) (! b0057) (! b0058) (! b0059) (! b0060) (! b0061) (! b0062) (! b0063) b0064 (! b0065) (! b0066) b0067 (! b0068) (! b0069) (! b0070) (! b0071) (! b0072) (! b0073) (! b0074) (! b0075) (! b0076) (! b0077) (! b0078) (! b0079) (! b0080) (! b0081) b0082 (! b0083) (! b0084) b0085 (! b0086) (! b0087) (! b0088) (! b0089) (! b0090) (! b0091) (! b0092) b0093 b0094 (! b0095) (! b0096) b0097 b0098 b0099 (! b0100) b0101 b0102 (! b0103) b0104 b0105 b0106 b0107 b0108 b0109 b0110 b0111 b0112 b0113 b0114 b0115 b0116 (! b0117) (! b0118) b0119 b0120 (! b0121) (! b0122) (! b0123) b0124 (! b0125) (! b0126) (! b0127) (! b0128) (! b0129) b0130 (! b0131) (! b0132) (! b0133) (! b0134) b0135 b0136 b0137 b0138 b0139 b0140 (! b0141) b0142 (! b0143) (! b0144) (! b0145) (! b0146) (! b0147) b0148 (! b0149) (! b0150) (! b0151) (! b0152))
Time taken = 0.509568
Removing b0093
Removing b0107
Verifying sls_insert
Houdini assignment axiom: (And true b0000 b0001 b0002 (! b0003) b0004 (! b0005) (! b0006) (! b0007) (! b0008) b0009 (! b0010) b0011 b0012 (! b0013) b0014 (! b0015) b0016 (! b0017) (! b0018) (! b0019) (! b0020) (! b0021) b0022 (! b0023) (! b0024) (! b0025) (! b0026) b0027 (! b0028) b0029 b0030 (! b0031) b0032 (! b0033) (! b0034) b0035 (! b0036) (! b0037) (! b0038) b0039 b0040 b0041 (! b0042) (! b0043) (! b0044) (! b0045) (! b0046) (! b0047) (! b0048) (! b0049) (! b0050) (! b0051) (! b0052) (! b0053) (! b0054) b0055 (! b0056) (! b0057) (! b0058) (! b0059) (! b0060) (! b0061) (! b0062) (! b0063) b0064 (! b0065) (! b0066) b0067 (! b0068) (! b0069) (! b0070) (! b0071) (! b0072) (! b0073) (! b0074) (! b0075) (! b0076) (! b0077) (! b0078) (! b0079) (! b0080) (! b0081) b0082 (! b0083) (! b0084) b0085 (! b0086) (! b0087) (! b0088) (! b0089) (! b0090) (! b0091) (! b0092) (! b0093) b0094 (! b0095) (! b0096) b0097 b0098 b0099 (! b0100) b0101 b0102 (! b0103) b0104 b0105 b0106 (! b0107) b0108 b0109 b0110 b0111 b0112 b0113 b0114 b0115 b0116 (! b0117) (! b0118) b0119 b0120 (! b0121) (! b0122) (! b0123) b0124 (! b0125) (! b0126) (! b0127) (! b0128) (! b0129) b0130 (! b0131) (! b0132) (! b0133) (! b0134) b0135 b0136 b0137 b0138 b0139 b0140 (! b0141) b0142 (! b0143) (! b0144) (! b0145) (! b0146) (! b0147) b0148 (! b0149) (! b0150) (! b0151) (! b0152))
Time taken = 0.602249
Removing b0098
Removing b0108
Verifying sls_insert
Houdini assignment axiom: (And true b0000 b0001 b0002 (! b0003) b0004 (! b0005) (! b0006) (! b0007) (! b0008) b0009 (! b0010) b0011 b0012 (! b0013) b0014 (! b0015) b0016 (! b0017) (! b0018) (! b0019) (! b0020) (! b0021) b0022 (! b0023) (! b0024) (! b0025) (! b0026) b0027 (! b0028) b0029 b0030 (! b0031) b0032 (! b0033) (! b0034) b0035 (! b0036) (! b0037) (! b0038) b0039 b0040 b0041 (! b0042) (! b0043) (! b0044) (! b0045) (! b0046) (! b0047) (! b0048) (! b0049) (! b0050) (! b0051) (! b0052) (! b0053) (! b0054) b0055 (! b0056) (! b0057) (! b0058) (! b0059) (! b0060) (! b0061) (! b0062) (! b0063) b0064 (! b0065) (! b0066) b0067 (! b0068) (! b0069) (! b0070) (! b0071) (! b0072) (! b0073) (! b0074) (! b0075) (! b0076) (! b0077) (! b0078) (! b0079) (! b0080) (! b0081) b0082 (! b0083) (! b0084) b0085 (! b0086) (! b0087) (! b0088) (! b0089) (! b0090) (! b0091) (! b0092) (! b0093) b0094 (! b0095) (! b0096) b0097 (! b0098) b0099 (! b0100) b0101 b0102 (! b0103) b0104 b0105 b0106 (! b0107) (! b0108) b0109 b0110 b0111 b0112 b0113 b0114 b0115 b0116 (! b0117) (! b0118) b0119 b0120 (! b0121) (! b0122) (! b0123) b0124 (! b0125) (! b0126) (! b0127) (! b0128) (! b0129) b0130 (! b0131) (! b0132) (! b0133) (! b0134) b0135 b0136 b0137 b0138 b0139 b0140 (! b0141) b0142 (! b0143) (! b0144) (! b0145) (! b0146) (! b0147) b0148 (! b0149) (! b0150) (! b0151) (! b0152))
Time taken = 0.422479
Removing b0099
Removing b0111
Verifying sls_insert
Houdini assignment axiom: (And true b0000 b0001 b0002 (! b0003) b0004 (! b0005) (! b0006) (! b0007) (! b0008) b0009 (! b0010) b0011 b0012 (! b0013) b0014 (! b0015) b0016 (! b0017) (! b0018) (! b0019) (! b0020) (! b0021) b0022 (! b0023) (! b0024) (! b0025) (! b0026) b0027 (! b0028) b0029 b0030 (! b0031) b0032 (! b0033) (! b0034) b0035 (! b0036) (! b0037) (! b0038) b0039 b0040 b0041 (! b0042) (! b0043) (! b0044) (! b0045) (! b0046) (! b0047) (! b0048) (! b0049) (! b0050) (! b0051) (! b0052) (! b0053) (! b0054) b0055 (! b0056) (! b0057) (! b0058) (! b0059) (! b0060) (! b0061) (! b0062) (! b0063) b0064 (! b0065) (! b0066) b0067 (! b0068) (! b0069) (! b0070) (! b0071) (! b0072) (! b0073) (! b0074) (! b0075) (! b0076) (! b0077) (! b0078) (! b0079) (! b0080) (! b0081) b0082 (! b0083) (! b0084) b0085 (! b0086) (! b0087) (! b0088) (! b0089) (! b0090) (! b0091) (! b0092) (! b0093) b0094 (! b0095) (! b0096) b0097 (! b0098) (! b0099) (! b0100) b0101 b0102 (! b0103) b0104 b0105 b0106 (! b0107) (! b0108) b0109 b0110 (! b0111) b0112 b0113 b0114 b0115 b0116 (! b0117) (! b0118) b0119 b0120 (! b0121) (! b0122) (! b0123) b0124 (! b0125) (! b0126) (! b0127) (! b0128) (! b0129) b0130 (! b0131) (! b0132) (! b0133) (! b0134) b0135 b0136 b0137 b0138 b0139 b0140 (! b0141) b0142 (! b0143) (! b0144) (! b0145) (! b0146) (! b0147) b0148 (! b0149) (! b0150) (! b0151) (! b0152))
Time taken = 0.457674
Removing b0101
Removing b0113
Verifying sls_insert
Houdini assignment axiom: (And true b0000 b0001 b0002 (! b0003) b0004 (! b0005) (! b0006) (! b0007) (! b0008) b0009 (! b0010) b0011 b0012 (! b0013) b0014 (! b0015) b0016 (! b0017) (! b0018) (! b0019) (! b0020) (! b0021) b0022 (! b0023) (! b0024) (! b0025) (! b0026) b0027 (! b0028) b0029 b0030 (! b0031) b0032 (! b0033) (! b0034) b0035 (! b0036) (! b0037) (! b0038) b0039 b0040 b0041 (! b0042) (! b0043) (! b0044) (! b0045) (! b0046) (! b0047) (! b0048) (! b0049) (! b0050) (! b0051) (! b0052) (! b0053) (! b0054) b0055 (! b0056) (! b0057) (! b0058) (! b0059) (! b0060) (! b0061) (! b0062) (! b0063) b0064 (! b0065) (! b0066) b0067 (! b0068) (! b0069) (! b0070) (! b0071) (! b0072) (! b0073) (! b0074) (! b0075) (! b0076) (! b0077) (! b0078) (! b0079) (! b0080) (! b0081) b0082 (! b0083) (! b0084) b0085 (! b0086) (! b0087) (! b0088) (! b0089) (! b0090) (! b0091) (! b0092) (! b0093) b0094 (! b0095) (! b0096) b0097 (! b0098) (! b0099) (! b0100) (! b0101) b0102 (! b0103) b0104 b0105 b0106 (! b0107) (! b0108) b0109 b0110 (! b0111) b0112 (! b0113) b0114 b0115 b0116 (! b0117) (! b0118) b0119 b0120 (! b0121) (! b0122) (! b0123) b0124 (! b0125) (! b0126) (! b0127) (! b0128) (! b0129) b0130 (! b0131) (! b0132) (! b0133) (! b0134) b0135 b0136 b0137 b0138 b0139 b0140 (! b0141) b0142 (! b0143) (! b0144) (! b0145) (! b0146) (! b0147) b0148 (! b0149) (! b0150) (! b0151) (! b0152))
Time taken = 0.482661
Removing b0102
Removing b0114
Verifying sls_insert
Houdini assignment axiom: (And true b0000 b0001 b0002 (! b0003) b0004 (! b0005) (! b0006) (! b0007) (! b0008) b0009 (! b0010) b0011 b0012 (! b0013) b0014 (! b0015) b0016 (! b0017) (! b0018) (! b0019) (! b0020) (! b0021) b0022 (! b0023) (! b0024) (! b0025) (! b0026) b0027 (! b0028) b0029 b0030 (! b0031) b0032 (! b0033) (! b0034) b0035 (! b0036) (! b0037) (! b0038) b0039 b0040 b0041 (! b0042) (! b0043) (! b0044) (! b0045) (! b0046) (! b0047) (! b0048) (! b0049) (! b0050) (! b0051) (! b0052) (! b0053) (! b0054) b0055 (! b0056) (! b0057) (! b0058) (! b0059) (! b0060) (! b0061) (! b0062) (! b0063) b0064 (! b0065) (! b0066) b0067 (! b0068) (! b0069) (! b0070) (! b0071) (! b0072) (! b0073) (! b0074) (! b0075) (! b0076) (! b0077) (! b0078) (! b0079) (! b0080) (! b0081) b0082 (! b0083) (! b0084) b0085 (! b0086) (! b0087) (! b0088) (! b0089) (! b0090) (! b0091) (! b0092) (! b0093) b0094 (! b0095) (! b0096) b0097 (! b0098) (! b0099) (! b0100) (! b0101) (! b0102) (! b0103) b0104 b0105 b0106 (! b0107) (! b0108) b0109 b0110 (! b0111) b0112 (! b0113) (! b0114) b0115 b0116 (! b0117) (! b0118) b0119 b0120 (! b0121) (! b0122) (! b0123) b0124 (! b0125) (! b0126) (! b0127) (! b0128) (! b0129) b0130 (! b0131) (! b0132) (! b0133) (! b0134) b0135 b0136 b0137 b0138 b0139 b0140 (! b0141) b0142 (! b0143) (! b0144) (! b0145) (! b0146) (! b0147) b0148 (! b0149) (! b0150) (! b0151) (! b0152))
Time taken = 0.522226
Removing b0104
Removing b0116
Verifying sls_insert
Houdini assignment axiom: (And true b0000 b0001 b0002 (! b0003) b0004 (! b0005) (! b0006) (! b0007) (! b0008) b0009 (! b0010) b0011 b0012 (! b0013) b0014 (! b0015) b0016 (! b0017) (! b0018) (! b0019) (! b0020) (! b0021) b0022 (! b0023) (! b0024) (! b0025) (! b0026) b0027 (! b0028) b0029 b0030 (! b0031) b0032 (! b0033) (! b0034) b0035 (! b0036) (! b0037) (! b0038) b0039 b0040 b0041 (! b0042) (! b0043) (! b0044) (! b0045) (! b0046) (! b0047) (! b0048) (! b0049) (! b0050) (! b0051) (! b0052) (! b0053) (! b0054) b0055 (! b0056) (! b0057) (! b0058) (! b0059) (! b0060) (! b0061) (! b0062) (! b0063) b0064 (! b0065) (! b0066) b0067 (! b0068) (! b0069) (! b0070) (! b0071) (! b0072) (! b0073) (! b0074) (! b0075) (! b0076) (! b0077) (! b0078) (! b0079) (! b0080) (! b0081) b0082 (! b0083) (! b0084) b0085 (! b0086) (! b0087) (! b0088) (! b0089) (! b0090) (! b0091) (! b0092) (! b0093) b0094 (! b0095) (! b0096) b0097 (! b0098) (! b0099) (! b0100) (! b0101) (! b0102) (! b0103) (! b0104) b0105 b0106 (! b0107) (! b0108) b0109 b0110 (! b0111) b0112 (! b0113) (! b0114) b0115 (! b0116) (! b0117) (! b0118) b0119 b0120 (! b0121) (! b0122) (! b0123) b0124 (! b0125) (! b0126) (! b0127) (! b0128) (! b0129) b0130 (! b0131) (! b0132) (! b0133) (! b0134) b0135 b0136 b0137 b0138 b0139 b0140 (! b0141) b0142 (! b0143) (! b0144) (! b0145) (! b0146) (! b0147) b0148 (! b0149) (! b0150) (! b0151) (! b0152))
Time taken = 0.479007
Removing b0119
Verifying sls_insert
Houdini assignment axiom: (And true b0000 b0001 b0002 (! b0003) b0004 (! b0005) (! b0006) (! b0007) (! b0008) b0009 (! b0010) b0011 b0012 (! b0013) b0014 (! b0015) b0016 (! b0017) (! b0018) (! b0019) (! b0020) (! b0021) b0022 (! b0023) (! b0024) (! b0025) (! b0026) b0027 (! b0028) b0029 b0030 (! b0031) b0032 (! b0033) (! b0034) b0035 (! b0036) (! b0037) (! b0038) b0039 b0040 b0041 (! b0042) (! b0043) (! b0044) (! b0045) (! b0046) (! b0047) (! b0048) (! b0049) (! b0050) (! b0051) (! b0052) (! b0053) (! b0054) b0055 (! b0056) (! b0057) (! b0058) (! b0059) (! b0060) (! b0061) (! b0062) (! b0063) b0064 (! b0065) (! b0066) b0067 (! b0068) (! b0069) (! b0070) (! b0071) (! b0072) (! b0073) (! b0074) (! b0075) (! b0076) (! b0077) (! b0078) (! b0079) (! b0080) (! b0081) b0082 (! b0083) (! b0084) b0085 (! b0086) (! b0087) (! b0088) (! b0089) (! b0090) (! b0091) (! b0092) (! b0093) b0094 (! b0095) (! b0096) b0097 (! b0098) (! b0099) (! b0100) (! b0101) (! b0102) (! b0103) (! b0104) b0105 b0106 (! b0107) (! b0108) b0109 b0110 (! b0111) b0112 (! b0113) (! b0114) b0115 (! b0116) (! b0117) (! b0118) (! b0119) b0120 (! b0121) (! b0122) (! b0123) b0124 (! b0125) (! b0126) (! b0127) (! b0128) (! b0129) b0130 (! b0131) (! b0132) (! b0133) (! b0134) b0135 b0136 b0137 b0138 b0139 b0140 (! b0141) b0142 (! b0143) (! b0144) (! b0145) (! b0146) (! b0147) b0148 (! b0149) (! b0150) (! b0151) (! b0152))
Time taken = 0.45904
Removing b0120
Verifying sls_insert
Houdini assignment axiom: (And true b0000 b0001 b0002 (! b0003) b0004 (! b0005) (! b0006) (! b0007) (! b0008) b0009 (! b0010) b0011 b0012 (! b0013) b0014 (! b0015) b0016 (! b0017) (! b0018) (! b0019) (! b0020) (! b0021) b0022 (! b0023) (! b0024) (! b0025) (! b0026) b0027 (! b0028) b0029 b0030 (! b0031) b0032 (! b0033) (! b0034) b0035 (! b0036) (! b0037) (! b0038) b0039 b0040 b0041 (! b0042) (! b0043) (! b0044) (! b0045) (! b0046) (! b0047) (! b0048) (! b0049) (! b0050) (! b0051) (! b0052) (! b0053) (! b0054) b0055 (! b0056) (! b0057) (! b0058) (! b0059) (! b0060) (! b0061) (! b0062) (! b0063) b0064 (! b0065) (! b0066) b0067 (! b0068) (! b0069) (! b0070) (! b0071) (! b0072) (! b0073) (! b0074) (! b0075) (! b0076) (! b0077) (! b0078) (! b0079) (! b0080) (! b0081) b0082 (! b0083) (! b0084) b0085 (! b0086) (! b0087) (! b0088) (! b0089) (! b0090) (! b0091) (! b0092) (! b0093) b0094 (! b0095) (! b0096) b0097 (! b0098) (! b0099) (! b0100) (! b0101) (! b0102) (! b0103) (! b0104) b0105 b0106 (! b0107) (! b0108) b0109 b0110 (! b0111) b0112 (! b0113) (! b0114) b0115 (! b0116) (! b0117) (! b0118) (! b0119) (! b0120) (! b0121) (! b0122) (! b0123) b0124 (! b0125) (! b0126) (! b0127) (! b0128) (! b0129) b0130 (! b0131) (! b0132) (! b0133) (! b0134) b0135 b0136 b0137 b0138 b0139 b0140 (! b0141) b0142 (! b0143) (! b0144) (! b0145) (! b0146) (! b0147) b0148 (! b0149) (! b0150) (! b0151) (! b0152))
Time taken = 0.472659
Removing b0135
Verifying sls_insert
Houdini assignment axiom: (And true b0000 b0001 b0002 (! b0003) b0004 (! b0005) (! b0006) (! b0007) (! b0008) b0009 (! b0010) b0011 b0012 (! b0013) b0014 (! b0015) b0016 (! b0017) (! b0018) (! b0019) (! b0020) (! b0021) b0022 (! b0023) (! b0024) (! b0025) (! b0026) b0027 (! b0028) b0029 b0030 (! b0031) b0032 (! b0033) (! b0034) b0035 (! b0036) (! b0037) (! b0038) b0039 b0040 b0041 (! b0042) (! b0043) (! b0044) (! b0045) (! b0046) (! b0047) (! b0048) (! b0049) (! b0050) (! b0051) (! b0052) (! b0053) (! b0054) b0055 (! b0056) (! b0057) (! b0058) (! b0059) (! b0060) (! b0061) (! b0062) (! b0063) b0064 (! b0065) (! b0066) b0067 (! b0068) (! b0069) (! b0070) (! b0071) (! b0072) (! b0073) (! b0074) (! b0075) (! b0076) (! b0077) (! b0078) (! b0079) (! b0080) (! b0081) b0082 (! b0083) (! b0084) b0085 (! b0086) (! b0087) (! b0088) (! b0089) (! b0090) (! b0091) (! b0092) (! b0093) b0094 (! b0095) (! b0096) b0097 (! b0098) (! b0099) (! b0100) (! b0101) (! b0102) (! b0103) (! b0104) b0105 b0106 (! b0107) (! b0108) b0109 b0110 (! b0111) b0112 (! b0113) (! b0114) b0115 (! b0116) (! b0117) (! b0118) (! b0119) (! b0120) (! b0121) (! b0122) (! b0123) b0124 (! b0125) (! b0126) (! b0127) (! b0128) (! b0129) b0130 (! b0131) (! b0132) (! b0133) (! b0134) (! b0135) b0136 b0137 b0138 b0139 b0140 (! b0141) b0142 (! b0143) (! b0144) (! b0145) (! b0146) (! b0147) b0148 (! b0149) (! b0150) (! b0151) (! b0152))
Time taken = 0.495443
Removing b0140
Verifying sls_insert
Houdini assignment axiom: (And true b0000 b0001 b0002 (! b0003) b0004 (! b0005) (! b0006) (! b0007) (! b0008) b0009 (! b0010) b0011 b0012 (! b0013) b0014 (! b0015) b0016 (! b0017) (! b0018) (! b0019) (! b0020) (! b0021) b0022 (! b0023) (! b0024) (! b0025) (! b0026) b0027 (! b0028) b0029 b0030 (! b0031) b0032 (! b0033) (! b0034) b0035 (! b0036) (! b0037) (! b0038) b0039 b0040 b0041 (! b0042) (! b0043) (! b0044) (! b0045) (! b0046) (! b0047) (! b0048) (! b0049) (! b0050) (! b0051) (! b0052) (! b0053) (! b0054) b0055 (! b0056) (! b0057) (! b0058) (! b0059) (! b0060) (! b0061) (! b0062) (! b0063) b0064 (! b0065) (! b0066) b0067 (! b0068) (! b0069) (! b0070) (! b0071) (! b0072) (! b0073) (! b0074) (! b0075) (! b0076) (! b0077) (! b0078) (! b0079) (! b0080) (! b0081) b0082 (! b0083) (! b0084) b0085 (! b0086) (! b0087) (! b0088) (! b0089) (! b0090) (! b0091) (! b0092) (! b0093) b0094 (! b0095) (! b0096) b0097 (! b0098) (! b0099) (! b0100) (! b0101) (! b0102) (! b0103) (! b0104) b0105 b0106 (! b0107) (! b0108) b0109 b0110 (! b0111) b0112 (! b0113) (! b0114) b0115 (! b0116) (! b0117) (! b0118) (! b0119) (! b0120) (! b0121) (! b0122) (! b0123) b0124 (! b0125) (! b0126) (! b0127) (! b0128) (! b0129) b0130 (! b0131) (! b0132) (! b0133) (! b0134) (! b0135) b0136 b0137 b0138 b0139 (! b0140) (! b0141) b0142 (! b0143) (! b0144) (! b0145) (! b0146) (! b0147) b0148 (! b0149) (! b0150) (! b0151) (! b0152))
Time taken = 0.558018
Removing b0064
Removing b0109
Removing b0148
Verifying sls_insert
Houdini assignment axiom: (And true b0000 b0001 b0002 (! b0003) b0004 (! b0005) (! b0006) (! b0007) (! b0008) b0009 (! b0010) b0011 b0012 (! b0013) b0014 (! b0015) b0016 (! b0017) (! b0018) (! b0019) (! b0020) (! b0021) b0022 (! b0023) (! b0024) (! b0025) (! b0026) b0027 (! b0028) b0029 b0030 (! b0031) b0032 (! b0033) (! b0034) b0035 (! b0036) (! b0037) (! b0038) b0039 b0040 b0041 (! b0042) (! b0043) (! b0044) (! b0045) (! b0046) (! b0047) (! b0048) (! b0049) (! b0050) (! b0051) (! b0052) (! b0053) (! b0054) b0055 (! b0056) (! b0057) (! b0058) (! b0059) (! b0060) (! b0061) (! b0062) (! b0063) (! b0064) (! b0065) (! b0066) b0067 (! b0068) (! b0069) (! b0070) (! b0071) (! b0072) (! b0073) (! b0074) (! b0075) (! b0076) (! b0077) (! b0078) (! b0079) (! b0080) (! b0081) b0082 (! b0083) (! b0084) b0085 (! b0086) (! b0087) (! b0088) (! b0089) (! b0090) (! b0091) (! b0092) (! b0093) b0094 (! b0095) (! b0096) b0097 (! b0098) (! b0099) (! b0100) (! b0101) (! b0102) (! b0103) (! b0104) b0105 b0106 (! b0107) (! b0108) (! b0109) b0110 (! b0111) b0112 (! b0113) (! b0114) b0115 (! b0116) (! b0117) (! b0118) (! b0119) (! b0120) (! b0121) (! b0122) (! b0123) b0124 (! b0125) (! b0126) (! b0127) (! b0128) (! b0129) b0130 (! b0131) (! b0132) (! b0133) (! b0134) (! b0135) b0136 b0137 b0138 b0139 (! b0140) (! b0141) b0142 (! b0143) (! b0144) (! b0145) (! b0146) (! b0147) (! b0148) (! b0149) (! b0150) (! b0151) (! b0152))
Time taken = 0.589888
Removing b0067
Removing b0112
Verifying sls_insert
Houdini assignment axiom: (And true b0000 b0001 b0002 (! b0003) b0004 (! b0005) (! b0006) (! b0007) (! b0008) b0009 (! b0010) b0011 b0012 (! b0013) b0014 (! b0015) b0016 (! b0017) (! b0018) (! b0019) (! b0020) (! b0021) b0022 (! b0023) (! b0024) (! b0025) (! b0026) b0027 (! b0028) b0029 b0030 (! b0031) b0032 (! b0033) (! b0034) b0035 (! b0036) (! b0037) (! b0038) b0039 b0040 b0041 (! b0042) (! b0043) (! b0044) (! b0045) (! b0046) (! b0047) (! b0048) (! b0049) (! b0050) (! b0051) (! b0052) (! b0053) (! b0054) b0055 (! b0056) (! b0057) (! b0058) (! b0059) (! b0060) (! b0061) (! b0062) (! b0063) (! b0064) (! b0065) (! b0066) (! b0067) (! b0068) (! b0069) (! b0070) (! b0071) (! b0072) (! b0073) (! b0074) (! b0075) (! b0076) (! b0077) (! b0078) (! b0079) (! b0080) (! b0081) b0082 (! b0083) (! b0084) b0085 (! b0086) (! b0087) (! b0088) (! b0089) (! b0090) (! b0091) (! b0092) (! b0093) b0094 (! b0095) (! b0096) b0097 (! b0098) (! b0099) (! b0100) (! b0101) (! b0102) (! b0103) (! b0104) b0105 b0106 (! b0107) (! b0108) (! b0109) b0110 (! b0111) (! b0112) (! b0113) (! b0114) b0115 (! b0116) (! b0117) (! b0118) (! b0119) (! b0120) (! b0121) (! b0122) (! b0123) b0124 (! b0125) (! b0126) (! b0127) (! b0128) (! b0129) b0130 (! b0131) (! b0132) (! b0133) (! b0134) (! b0135) b0136 b0137 b0138 b0139 (! b0140) (! b0141) b0142 (! b0143) (! b0144) (! b0145) (! b0146) (! b0147) (! b0148) (! b0149) (! b0150) (! b0151) (! b0152))
Time taken = 0.870702
Removing b0085
Removing b0115
Verifying sls_insert
Houdini assignment axiom: (And true b0000 b0001 b0002 (! b0003) b0004 (! b0005) (! b0006) (! b0007) (! b0008) b0009 (! b0010) b0011 b0012 (! b0013) b0014 (! b0015) b0016 (! b0017) (! b0018) (! b0019) (! b0020) (! b0021) b0022 (! b0023) (! b0024) (! b0025) (! b0026) b0027 (! b0028) b0029 b0030 (! b0031) b0032 (! b0033) (! b0034) b0035 (! b0036) (! b0037) (! b0038) b0039 b0040 b0041 (! b0042) (! b0043) (! b0044) (! b0045) (! b0046) (! b0047) (! b0048) (! b0049) (! b0050) (! b0051) (! b0052) (! b0053) (! b0054) b0055 (! b0056) (! b0057) (! b0058) (! b0059) (! b0060) (! b0061) (! b0062) (! b0063) (! b0064) (! b0065) (! b0066) (! b0067) (! b0068) (! b0069) (! b0070) (! b0071) (! b0072) (! b0073) (! b0074) (! b0075) (! b0076) (! b0077) (! b0078) (! b0079) (! b0080) (! b0081) b0082 (! b0083) (! b0084) (! b0085) (! b0086) (! b0087) (! b0088) (! b0089) (! b0090) (! b0091) (! b0092) (! b0093) b0094 (! b0095) (! b0096) b0097 (! b0098) (! b0099) (! b0100) (! b0101) (! b0102) (! b0103) (! b0104) b0105 b0106 (! b0107) (! b0108) (! b0109) b0110 (! b0111) (! b0112) (! b0113) (! b0114) (! b0115) (! b0116) (! b0117) (! b0118) (! b0119) (! b0120) (! b0121) (! b0122) (! b0123) b0124 (! b0125) (! b0126) (! b0127) (! b0128) (! b0129) b0130 (! b0131) (! b0132) (! b0133) (! b0134) (! b0135) b0136 b0137 b0138 b0139 (! b0140) (! b0141) b0142 (! b0143) (! b0144) (! b0145) (! b0146) (! b0147) (! b0148) (! b0149) (! b0150) (! b0151) (! b0152))
Time taken = 0.587729
Removing b0097
Removing b0136
Verifying sls_insert
Houdini assignment axiom: (And true b0000 b0001 b0002 (! b0003) b0004 (! b0005) (! b0006) (! b0007) (! b0008) b0009 (! b0010) b0011 b0012 (! b0013) b0014 (! b0015) b0016 (! b0017) (! b0018) (! b0019) (! b0020) (! b0021) b0022 (! b0023) (! b0024) (! b0025) (! b0026) b0027 (! b0028) b0029 b0030 (! b0031) b0032 (! b0033) (! b0034) b0035 (! b0036) (! b0037) (! b0038) b0039 b0040 b0041 (! b0042) (! b0043) (! b0044) (! b0045) (! b0046) (! b0047) (! b0048) (! b0049) (! b0050) (! b0051) (! b0052) (! b0053) (! b0054) b0055 (! b0056) (! b0057) (! b0058) (! b0059) (! b0060) (! b0061) (! b0062) (! b0063) (! b0064) (! b0065) (! b0066) (! b0067) (! b0068) (! b0069) (! b0070) (! b0071) (! b0072) (! b0073) (! b0074) (! b0075) (! b0076) (! b0077) (! b0078) (! b0079) (! b0080) (! b0081) b0082 (! b0083) (! b0084) (! b0085) (! b0086) (! b0087) (! b0088) (! b0089) (! b0090) (! b0091) (! b0092) (! b0093) b0094 (! b0095) (! b0096) (! b0097) (! b0098) (! b0099) (! b0100) (! b0101) (! b0102) (! b0103) (! b0104) b0105 b0106 (! b0107) (! b0108) (! b0109) b0110 (! b0111) (! b0112) (! b0113) (! b0114) (! b0115) (! b0116) (! b0117) (! b0118) (! b0119) (! b0120) (! b0121) (! b0122) (! b0123) b0124 (! b0125) (! b0126) (! b0127) (! b0128) (! b0129) b0130 (! b0131) (! b0132) (! b0133) (! b0134) (! b0135) (! b0136) b0137 b0138 b0139 (! b0140) (! b0141) b0142 (! b0143) (! b0144) (! b0145) (! b0146) (! b0147) (! b0148) (! b0149) (! b0150) (! b0151) (! b0152))
Time taken = 0.556464
Removing b0142
Verifying sls_insert
Houdini assignment axiom: (And true b0000 b0001 b0002 (! b0003) b0004 (! b0005) (! b0006) (! b0007) (! b0008) b0009 (! b0010) b0011 b0012 (! b0013) b0014 (! b0015) b0016 (! b0017) (! b0018) (! b0019) (! b0020) (! b0021) b0022 (! b0023) (! b0024) (! b0025) (! b0026) b0027 (! b0028) b0029 b0030 (! b0031) b0032 (! b0033) (! b0034) b0035 (! b0036) (! b0037) (! b0038) b0039 b0040 b0041 (! b0042) (! b0043) (! b0044) (! b0045) (! b0046) (! b0047) (! b0048) (! b0049) (! b0050) (! b0051) (! b0052) (! b0053) (! b0054) b0055 (! b0056) (! b0057) (! b0058) (! b0059) (! b0060) (! b0061) (! b0062) (! b0063) (! b0064) (! b0065) (! b0066) (! b0067) (! b0068) (! b0069) (! b0070) (! b0071) (! b0072) (! b0073) (! b0074) (! b0075) (! b0076) (! b0077) (! b0078) (! b0079) (! b0080) (! b0081) b0082 (! b0083) (! b0084) (! b0085) (! b0086) (! b0087) (! b0088) (! b0089) (! b0090) (! b0091) (! b0092) (! b0093) b0094 (! b0095) (! b0096) (! b0097) (! b0098) (! b0099) (! b0100) (! b0101) (! b0102) (! b0103) (! b0104) b0105 b0106 (! b0107) (! b0108) (! b0109) b0110 (! b0111) (! b0112) (! b0113) (! b0114) (! b0115) (! b0116) (! b0117) (! b0118) (! b0119) (! b0120) (! b0121) (! b0122) (! b0123) b0124 (! b0125) (! b0126) (! b0127) (! b0128) (! b0129) b0130 (! b0131) (! b0132) (! b0133) (! b0134) (! b0135) (! b0136) b0137 b0138 b0139 (! b0140) (! b0141) (! b0142) (! b0143) (! b0144) (! b0145) (! b0146) (! b0147) (! b0148) (! b0149) (! b0150) (! b0151) (! b0152))
Time taken = 0.584925
Number of true assignments = 29
Number of false assignments = 124
Prover time = 17.58
Unsat core prover time = 0.00
Number of prover queries = 53
Number of unsat core prover queries = 0
Number of unsat core prunings = 0
verified

Boogie program verifier finished with 1 verified, 0 errors
+ rm -f houdiniCexTrace.bpl
