+++ dirname ../houdini.sh
++ cd ..
++ pwd
+ dir=/home/daejunpark/pldi17
+ prelude=Vcc3Prelude.array.bpl
+ bpl=./os/expressos/memory_region_init.bpl.anon.pred.bpl
+ opt='/typeEncoding:m /prover:SMTLib /useArrayTheory /noinfer /contractInfer'
+ opt+=' /trace'
+ opt+=' /errorLimit:100 /z3multipleErrors'
+ opt+=' /proverMemoryLimit:1024'
+ rm -f houdiniCexTrace.bpl
+ mono /home/daejunpark/pldi17/popl16ae/Boogie/Binaries/Boogie.exe /typeEncoding:m /prover:SMTLib /useArrayTheory /noinfer /contractInfer /trace /errorLimit:100 /z3multipleErrors /proverMemoryLimit:1024 Vcc3Prelude.array.bpl ./os/expressos/memory_region_init.bpl.anon.pred.bpl
[TRACE] Using prover: /home/daejunpark/pldi17/popl16ae/Boogie/Binaries/z3.exe
Boogie program verifier version 2.2.30705.1126, Copyright (c) 2003-2013, Microsoft.
Parsing Vcc3Prelude.array.bpl
Parsing ./os/expressos/memory_region_init.bpl.anon.pred.bpl
Coalescing blocks...
Collecting existential constants...
Building call graph...
Number of implementations = 2
Beginning VC generation for Houdini...
Generating VC for mem_reg#adm
Generating VC for memory_region_init
Verifying memory_region_init
Houdini assignment axiom: (And true b0000 b0001 b0002 b0003 b0004 b0005 b0006)
Time taken = 0.058901
Removing b0002
Verifying memory_region_init
Houdini assignment axiom: (And true b0000 b0001 (! b0002) b0003 b0004 b0005 b0006)
Time taken = 0.026881
Removing b0003
Verifying memory_region_init
Houdini assignment axiom: (And true b0000 b0001 (! b0002) (! b0003) b0004 b0005 b0006)
Time taken = 0.021433
Removing b0005
Verifying memory_region_init
Houdini assignment axiom: (And true b0000 b0001 (! b0002) (! b0003) b0004 (! b0005) b0006)
Time taken = 0.014642
Verifying mem_reg#adm
Houdini assignment axiom: (And true b0000 b0001 (! b0002) (! b0003) b0004 (! b0005) b0006)
Time taken = 0.007607
Number of true assignments = 4
Number of false assignments = 3
Prover time = 0.13
Unsat core prover time = 0.00
Number of prover queries = 5
Number of unsat core prover queries = 0
Number of unsat core prunings = 0
verified
verified

Boogie program verifier finished with 2 verified, 0 errors
+ rm -f houdiniCexTrace.bpl
