+++ dirname ../houdini.sh
++ cd ..
++ pwd
+ dir=/home/daejunpark/pldi17
+ prelude=Vcc3Prelude.array.bpl
+ bpl=./afwp/SLL-find.bpl.anon.pred.bpl
+ opt='/typeEncoding:m /prover:SMTLib /useArrayTheory /noinfer /contractInfer'
+ opt+=' /trace'
+ opt+=' /errorLimit:100 /z3multipleErrors'
+ opt+=' /proverMemoryLimit:1024'
+ rm -f houdiniCexTrace.bpl
+ mono /home/daejunpark/pldi17/popl16ae/Boogie/Binaries/Boogie.exe /typeEncoding:m /prover:SMTLib /useArrayTheory /noinfer /contractInfer /trace /errorLimit:100 /z3multipleErrors /proverMemoryLimit:1024 Vcc3Prelude.array.bpl ./afwp/SLL-find.bpl.anon.pred.bpl
[TRACE] Using prover: /home/daejunpark/pldi17/popl16ae/Boogie/Binaries/z3.exe
Boogie program verifier version 2.2.30705.1126, Copyright (c) 2003-2013, Microsoft.
Parsing Vcc3Prelude.array.bpl
Parsing ./afwp/SLL-find.bpl.anon.pred.bpl
Coalescing blocks...
Collecting existential constants...
Building call graph...
Number of implementations = 1
Beginning VC generation for Houdini...
Generating VC for SLL_find
Verifying SLL_find
Houdini assignment axiom: (And true b0000 b0001 b0002 b0003 b0004 b0005 b0006 b0007 b0008 b0009 b0010 b0011 b0012 b0013 b0014 b0015 b0016 b0017 b0018 b0019 b0020 b0021 b0022 b0023 b0024 b0025 b0026 b0027 b0028 b0029 b0030 b0031 b0032 b0033 b0034 b0035 b0036 b0037 b0038 b0039 b0040 b0041 b0042 b0043 b0044 b0045 b0046 b0047 b0048 b0049 b0050 b0051 b0052 b0053 b0054 b0055 b0056 b0057 b0058 b0059 b0060 b0061 b0062 b0063 b0064 b0065 b0066 b0067 b0068 b0069 b0070 b0071 b0072 b0073 b0074 b0075 b0076 b0077 b0078 b0079 b0080 b0081 b0082 b0083 b0084 b0085 b0086 b0087 b0088 b0089 b0090 b0091 b0092 b0093 b0094 b0095 b0096 b0097 b0098 b0099 b0100 b0101 b0102 b0103 b0104 b0105 b0106 b0107 b0108 b0109 b0110 b0111 b0112 b0113 b0114 b0115 b0116 b0117 b0118 b0119 b0120 b0121 b0122 b0123 b0124 b0125 b0126 b0127 b0128 b0129 b0130 b0131 b0132 b0133 b0134 b0135 b0136 b0137 b0138 b0139)
Time taken = 0.080321
Removing b0100
Removing b0010
Verifying SLL_find
Houdini assignment axiom: (And true b0000 b0001 b0002 b0003 b0004 b0005 b0006 b0007 b0008 b0009 (! b0010) b0011 b0012 b0013 b0014 b0015 b0016 b0017 b0018 b0019 b0020 b0021 b0022 b0023 b0024 b0025 b0026 b0027 b0028 b0029 b0030 b0031 b0032 b0033 b0034 b0035 b0036 b0037 b0038 b0039 b0040 b0041 b0042 b0043 b0044 b0045 b0046 b0047 b0048 b0049 b0050 b0051 b0052 b0053 b0054 b0055 b0056 b0057 b0058 b0059 b0060 b0061 b0062 b0063 b0064 b0065 b0066 b0067 b0068 b0069 b0070 b0071 b0072 b0073 b0074 b0075 b0076 b0077 b0078 b0079 b0080 b0081 b0082 b0083 b0084 b0085 b0086 b0087 b0088 b0089 b0090 b0091 b0092 b0093 b0094 b0095 b0096 b0097 b0098 b0099 (! b0100) b0101 b0102 b0103 b0104 b0105 b0106 b0107 b0108 b0109 b0110 b0111 b0112 b0113 b0114 b0115 b0116 b0117 b0118 b0119 b0120 b0121 b0122 b0123 b0124 b0125 b0126 b0127 b0128 b0129 b0130 b0131 b0132 b0133 b0134 b0135 b0136 b0137 b0138 b0139)
Time taken = 0.040335
Removing b0101
Removing b0011
Verifying SLL_find
Houdini assignment axiom: (And true b0000 b0001 b0002 b0003 b0004 b0005 b0006 b0007 b0008 b0009 (! b0010) (! b0011) b0012 b0013 b0014 b0015 b0016 b0017 b0018 b0019 b0020 b0021 b0022 b0023 b0024 b0025 b0026 b0027 b0028 b0029 b0030 b0031 b0032 b0033 b0034 b0035 b0036 b0037 b0038 b0039 b0040 b0041 b0042 b0043 b0044 b0045 b0046 b0047 b0048 b0049 b0050 b0051 b0052 b0053 b0054 b0055 b0056 b0057 b0058 b0059 b0060 b0061 b0062 b0063 b0064 b0065 b0066 b0067 b0068 b0069 b0070 b0071 b0072 b0073 b0074 b0075 b0076 b0077 b0078 b0079 b0080 b0081 b0082 b0083 b0084 b0085 b0086 b0087 b0088 b0089 b0090 b0091 b0092 b0093 b0094 b0095 b0096 b0097 b0098 b0099 (! b0100) (! b0101) b0102 b0103 b0104 b0105 b0106 b0107 b0108 b0109 b0110 b0111 b0112 b0113 b0114 b0115 b0116 b0117 b0118 b0119 b0120 b0121 b0122 b0123 b0124 b0125 b0126 b0127 b0128 b0129 b0130 b0131 b0132 b0133 b0134 b0135 b0136 b0137 b0138 b0139)
Time taken = 0.048746
Removing b0102
Removing b0013
Verifying SLL_find
Houdini assignment axiom: (And true b0000 b0001 b0002 b0003 b0004 b0005 b0006 b0007 b0008 b0009 (! b0010) (! b0011) b0012 (! b0013) b0014 b0015 b0016 b0017 b0018 b0019 b0020 b0021 b0022 b0023 b0024 b0025 b0026 b0027 b0028 b0029 b0030 b0031 b0032 b0033 b0034 b0035 b0036 b0037 b0038 b0039 b0040 b0041 b0042 b0043 b0044 b0045 b0046 b0047 b0048 b0049 b0050 b0051 b0052 b0053 b0054 b0055 b0056 b0057 b0058 b0059 b0060 b0061 b0062 b0063 b0064 b0065 b0066 b0067 b0068 b0069 b0070 b0071 b0072 b0073 b0074 b0075 b0076 b0077 b0078 b0079 b0080 b0081 b0082 b0083 b0084 b0085 b0086 b0087 b0088 b0089 b0090 b0091 b0092 b0093 b0094 b0095 b0096 b0097 b0098 b0099 (! b0100) (! b0101) (! b0102) b0103 b0104 b0105 b0106 b0107 b0108 b0109 b0110 b0111 b0112 b0113 b0114 b0115 b0116 b0117 b0118 b0119 b0120 b0121 b0122 b0123 b0124 b0125 b0126 b0127 b0128 b0129 b0130 b0131 b0132 b0133 b0134 b0135 b0136 b0137 b0138 b0139)
Time taken = 0.043587
Removing b0103
Removing b0014
Verifying SLL_find
Houdini assignment axiom: (And true b0000 b0001 b0002 b0003 b0004 b0005 b0006 b0007 b0008 b0009 (! b0010) (! b0011) b0012 (! b0013) (! b0014) b0015 b0016 b0017 b0018 b0019 b0020 b0021 b0022 b0023 b0024 b0025 b0026 b0027 b0028 b0029 b0030 b0031 b0032 b0033 b0034 b0035 b0036 b0037 b0038 b0039 b0040 b0041 b0042 b0043 b0044 b0045 b0046 b0047 b0048 b0049 b0050 b0051 b0052 b0053 b0054 b0055 b0056 b0057 b0058 b0059 b0060 b0061 b0062 b0063 b0064 b0065 b0066 b0067 b0068 b0069 b0070 b0071 b0072 b0073 b0074 b0075 b0076 b0077 b0078 b0079 b0080 b0081 b0082 b0083 b0084 b0085 b0086 b0087 b0088 b0089 b0090 b0091 b0092 b0093 b0094 b0095 b0096 b0097 b0098 b0099 (! b0100) (! b0101) (! b0102) (! b0103) b0104 b0105 b0106 b0107 b0108 b0109 b0110 b0111 b0112 b0113 b0114 b0115 b0116 b0117 b0118 b0119 b0120 b0121 b0122 b0123 b0124 b0125 b0126 b0127 b0128 b0129 b0130 b0131 b0132 b0133 b0134 b0135 b0136 b0137 b0138 b0139)
Time taken = 0.037533
Removing b0016
Verifying SLL_find
Houdini assignment axiom: (And true b0000 b0001 b0002 b0003 b0004 b0005 b0006 b0007 b0008 b0009 (! b0010) (! b0011) b0012 (! b0013) (! b0014) b0015 (! b0016) b0017 b0018 b0019 b0020 b0021 b0022 b0023 b0024 b0025 b0026 b0027 b0028 b0029 b0030 b0031 b0032 b0033 b0034 b0035 b0036 b0037 b0038 b0039 b0040 b0041 b0042 b0043 b0044 b0045 b0046 b0047 b0048 b0049 b0050 b0051 b0052 b0053 b0054 b0055 b0056 b0057 b0058 b0059 b0060 b0061 b0062 b0063 b0064 b0065 b0066 b0067 b0068 b0069 b0070 b0071 b0072 b0073 b0074 b0075 b0076 b0077 b0078 b0079 b0080 b0081 b0082 b0083 b0084 b0085 b0086 b0087 b0088 b0089 b0090 b0091 b0092 b0093 b0094 b0095 b0096 b0097 b0098 b0099 (! b0100) (! b0101) (! b0102) (! b0103) b0104 b0105 b0106 b0107 b0108 b0109 b0110 b0111 b0112 b0113 b0114 b0115 b0116 b0117 b0118 b0119 b0120 b0121 b0122 b0123 b0124 b0125 b0126 b0127 b0128 b0129 b0130 b0131 b0132 b0133 b0134 b0135 b0136 b0137 b0138 b0139)
Time taken = 0.037239
Removing b0019
Verifying SLL_find
Houdini assignment axiom: (And true b0000 b0001 b0002 b0003 b0004 b0005 b0006 b0007 b0008 b0009 (! b0010) (! b0011) b0012 (! b0013) (! b0014) b0015 (! b0016) b0017 b0018 (! b0019) b0020 b0021 b0022 b0023 b0024 b0025 b0026 b0027 b0028 b0029 b0030 b0031 b0032 b0033 b0034 b0035 b0036 b0037 b0038 b0039 b0040 b0041 b0042 b0043 b0044 b0045 b0046 b0047 b0048 b0049 b0050 b0051 b0052 b0053 b0054 b0055 b0056 b0057 b0058 b0059 b0060 b0061 b0062 b0063 b0064 b0065 b0066 b0067 b0068 b0069 b0070 b0071 b0072 b0073 b0074 b0075 b0076 b0077 b0078 b0079 b0080 b0081 b0082 b0083 b0084 b0085 b0086 b0087 b0088 b0089 b0090 b0091 b0092 b0093 b0094 b0095 b0096 b0097 b0098 b0099 (! b0100) (! b0101) (! b0102) (! b0103) b0104 b0105 b0106 b0107 b0108 b0109 b0110 b0111 b0112 b0113 b0114 b0115 b0116 b0117 b0118 b0119 b0120 b0121 b0122 b0123 b0124 b0125 b0126 b0127 b0128 b0129 b0130 b0131 b0132 b0133 b0134 b0135 b0136 b0137 b0138 b0139)
Time taken = 0.044352
Removing b0034
Removing b0042
Verifying SLL_find
Houdini assignment axiom: (And true b0000 b0001 b0002 b0003 b0004 b0005 b0006 b0007 b0008 b0009 (! b0010) (! b0011) b0012 (! b0013) (! b0014) b0015 (! b0016) b0017 b0018 (! b0019) b0020 b0021 b0022 b0023 b0024 b0025 b0026 b0027 b0028 b0029 b0030 b0031 b0032 b0033 (! b0034) b0035 b0036 b0037 b0038 b0039 b0040 b0041 (! b0042) b0043 b0044 b0045 b0046 b0047 b0048 b0049 b0050 b0051 b0052 b0053 b0054 b0055 b0056 b0057 b0058 b0059 b0060 b0061 b0062 b0063 b0064 b0065 b0066 b0067 b0068 b0069 b0070 b0071 b0072 b0073 b0074 b0075 b0076 b0077 b0078 b0079 b0080 b0081 b0082 b0083 b0084 b0085 b0086 b0087 b0088 b0089 b0090 b0091 b0092 b0093 b0094 b0095 b0096 b0097 b0098 b0099 (! b0100) (! b0101) (! b0102) (! b0103) b0104 b0105 b0106 b0107 b0108 b0109 b0110 b0111 b0112 b0113 b0114 b0115 b0116 b0117 b0118 b0119 b0120 b0121 b0122 b0123 b0124 b0125 b0126 b0127 b0128 b0129 b0130 b0131 b0132 b0133 b0134 b0135 b0136 b0137 b0138 b0139)
Time taken = 0.051956
Removing b0035
Removing b0044
Verifying SLL_find
Houdini assignment axiom: (And true b0000 b0001 b0002 b0003 b0004 b0005 b0006 b0007 b0008 b0009 (! b0010) (! b0011) b0012 (! b0013) (! b0014) b0015 (! b0016) b0017 b0018 (! b0019) b0020 b0021 b0022 b0023 b0024 b0025 b0026 b0027 b0028 b0029 b0030 b0031 b0032 b0033 (! b0034) (! b0035) b0036 b0037 b0038 b0039 b0040 b0041 (! b0042) b0043 (! b0044) b0045 b0046 b0047 b0048 b0049 b0050 b0051 b0052 b0053 b0054 b0055 b0056 b0057 b0058 b0059 b0060 b0061 b0062 b0063 b0064 b0065 b0066 b0067 b0068 b0069 b0070 b0071 b0072 b0073 b0074 b0075 b0076 b0077 b0078 b0079 b0080 b0081 b0082 b0083 b0084 b0085 b0086 b0087 b0088 b0089 b0090 b0091 b0092 b0093 b0094 b0095 b0096 b0097 b0098 b0099 (! b0100) (! b0101) (! b0102) (! b0103) b0104 b0105 b0106 b0107 b0108 b0109 b0110 b0111 b0112 b0113 b0114 b0115 b0116 b0117 b0118 b0119 b0120 b0121 b0122 b0123 b0124 b0125 b0126 b0127 b0128 b0129 b0130 b0131 b0132 b0133 b0134 b0135 b0136 b0137 b0138 b0139)
Time taken = 0.055296
Removing b0037
Removing b0048
Verifying SLL_find
Houdini assignment axiom: (And true b0000 b0001 b0002 b0003 b0004 b0005 b0006 b0007 b0008 b0009 (! b0010) (! b0011) b0012 (! b0013) (! b0014) b0015 (! b0016) b0017 b0018 (! b0019) b0020 b0021 b0022 b0023 b0024 b0025 b0026 b0027 b0028 b0029 b0030 b0031 b0032 b0033 (! b0034) (! b0035) b0036 (! b0037) b0038 b0039 b0040 b0041 (! b0042) b0043 (! b0044) b0045 b0046 b0047 (! b0048) b0049 b0050 b0051 b0052 b0053 b0054 b0055 b0056 b0057 b0058 b0059 b0060 b0061 b0062 b0063 b0064 b0065 b0066 b0067 b0068 b0069 b0070 b0071 b0072 b0073 b0074 b0075 b0076 b0077 b0078 b0079 b0080 b0081 b0082 b0083 b0084 b0085 b0086 b0087 b0088 b0089 b0090 b0091 b0092 b0093 b0094 b0095 b0096 b0097 b0098 b0099 (! b0100) (! b0101) (! b0102) (! b0103) b0104 b0105 b0106 b0107 b0108 b0109 b0110 b0111 b0112 b0113 b0114 b0115 b0116 b0117 b0118 b0119 b0120 b0121 b0122 b0123 b0124 b0125 b0126 b0127 b0128 b0129 b0130 b0131 b0132 b0133 b0134 b0135 b0136 b0137 b0138 b0139)
Time taken = 0.048345
Removing b0038
Removing b0050
Verifying SLL_find
Houdini assignment axiom: (And true b0000 b0001 b0002 b0003 b0004 b0005 b0006 b0007 b0008 b0009 (! b0010) (! b0011) b0012 (! b0013) (! b0014) b0015 (! b0016) b0017 b0018 (! b0019) b0020 b0021 b0022 b0023 b0024 b0025 b0026 b0027 b0028 b0029 b0030 b0031 b0032 b0033 (! b0034) (! b0035) b0036 (! b0037) (! b0038) b0039 b0040 b0041 (! b0042) b0043 (! b0044) b0045 b0046 b0047 (! b0048) b0049 (! b0050) b0051 b0052 b0053 b0054 b0055 b0056 b0057 b0058 b0059 b0060 b0061 b0062 b0063 b0064 b0065 b0066 b0067 b0068 b0069 b0070 b0071 b0072 b0073 b0074 b0075 b0076 b0077 b0078 b0079 b0080 b0081 b0082 b0083 b0084 b0085 b0086 b0087 b0088 b0089 b0090 b0091 b0092 b0093 b0094 b0095 b0096 b0097 b0098 b0099 (! b0100) (! b0101) (! b0102) (! b0103) b0104 b0105 b0106 b0107 b0108 b0109 b0110 b0111 b0112 b0113 b0114 b0115 b0116 b0117 b0118 b0119 b0120 b0121 b0122 b0123 b0124 b0125 b0126 b0127 b0128 b0129 b0130 b0131 b0132 b0133 b0134 b0135 b0136 b0137 b0138 b0139)
Time taken = 0.052022
Removing b0052
Removing b0064
Verifying SLL_find
Houdini assignment axiom: (And true b0000 b0001 b0002 b0003 b0004 b0005 b0006 b0007 b0008 b0009 (! b0010) (! b0011) b0012 (! b0013) (! b0014) b0015 (! b0016) b0017 b0018 (! b0019) b0020 b0021 b0022 b0023 b0024 b0025 b0026 b0027 b0028 b0029 b0030 b0031 b0032 b0033 (! b0034) (! b0035) b0036 (! b0037) (! b0038) b0039 b0040 b0041 (! b0042) b0043 (! b0044) b0045 b0046 b0047 (! b0048) b0049 (! b0050) b0051 (! b0052) b0053 b0054 b0055 b0056 b0057 b0058 b0059 b0060 b0061 b0062 b0063 (! b0064) b0065 b0066 b0067 b0068 b0069 b0070 b0071 b0072 b0073 b0074 b0075 b0076 b0077 b0078 b0079 b0080 b0081 b0082 b0083 b0084 b0085 b0086 b0087 b0088 b0089 b0090 b0091 b0092 b0093 b0094 b0095 b0096 b0097 b0098 b0099 (! b0100) (! b0101) (! b0102) (! b0103) b0104 b0105 b0106 b0107 b0108 b0109 b0110 b0111 b0112 b0113 b0114 b0115 b0116 b0117 b0118 b0119 b0120 b0121 b0122 b0123 b0124 b0125 b0126 b0127 b0128 b0129 b0130 b0131 b0132 b0133 b0134 b0135 b0136 b0137 b0138 b0139)
Time taken = 0.049802
Removing b0054
Removing b0067
Verifying SLL_find
Houdini assignment axiom: (And true b0000 b0001 b0002 b0003 b0004 b0005 b0006 b0007 b0008 b0009 (! b0010) (! b0011) b0012 (! b0013) (! b0014) b0015 (! b0016) b0017 b0018 (! b0019) b0020 b0021 b0022 b0023 b0024 b0025 b0026 b0027 b0028 b0029 b0030 b0031 b0032 b0033 (! b0034) (! b0035) b0036 (! b0037) (! b0038) b0039 b0040 b0041 (! b0042) b0043 (! b0044) b0045 b0046 b0047 (! b0048) b0049 (! b0050) b0051 (! b0052) b0053 (! b0054) b0055 b0056 b0057 b0058 b0059 b0060 b0061 b0062 b0063 (! b0064) b0065 b0066 (! b0067) b0068 b0069 b0070 b0071 b0072 b0073 b0074 b0075 b0076 b0077 b0078 b0079 b0080 b0081 b0082 b0083 b0084 b0085 b0086 b0087 b0088 b0089 b0090 b0091 b0092 b0093 b0094 b0095 b0096 b0097 b0098 b0099 (! b0100) (! b0101) (! b0102) (! b0103) b0104 b0105 b0106 b0107 b0108 b0109 b0110 b0111 b0112 b0113 b0114 b0115 b0116 b0117 b0118 b0119 b0120 b0121 b0122 b0123 b0124 b0125 b0126 b0127 b0128 b0129 b0130 b0131 b0132 b0133 b0134 b0135 b0136 b0137 b0138 b0139)
Time taken = 0.047366
Removing b0058
Removing b0076
Verifying SLL_find
Houdini assignment axiom: (And true b0000 b0001 b0002 b0003 b0004 b0005 b0006 b0007 b0008 b0009 (! b0010) (! b0011) b0012 (! b0013) (! b0014) b0015 (! b0016) b0017 b0018 (! b0019) b0020 b0021 b0022 b0023 b0024 b0025 b0026 b0027 b0028 b0029 b0030 b0031 b0032 b0033 (! b0034) (! b0035) b0036 (! b0037) (! b0038) b0039 b0040 b0041 (! b0042) b0043 (! b0044) b0045 b0046 b0047 (! b0048) b0049 (! b0050) b0051 (! b0052) b0053 (! b0054) b0055 b0056 b0057 (! b0058) b0059 b0060 b0061 b0062 b0063 (! b0064) b0065 b0066 (! b0067) b0068 b0069 b0070 b0071 b0072 b0073 b0074 b0075 (! b0076) b0077 b0078 b0079 b0080 b0081 b0082 b0083 b0084 b0085 b0086 b0087 b0088 b0089 b0090 b0091 b0092 b0093 b0094 b0095 b0096 b0097 b0098 b0099 (! b0100) (! b0101) (! b0102) (! b0103) b0104 b0105 b0106 b0107 b0108 b0109 b0110 b0111 b0112 b0113 b0114 b0115 b0116 b0117 b0118 b0119 b0120 b0121 b0122 b0123 b0124 b0125 b0126 b0127 b0128 b0129 b0130 b0131 b0132 b0133 b0134 b0135 b0136 b0137 b0138 b0139)
Time taken = 0.041427
Removing b0060
Removing b0077
Verifying SLL_find
Houdini assignment axiom: (And true b0000 b0001 b0002 b0003 b0004 b0005 b0006 b0007 b0008 b0009 (! b0010) (! b0011) b0012 (! b0013) (! b0014) b0015 (! b0016) b0017 b0018 (! b0019) b0020 b0021 b0022 b0023 b0024 b0025 b0026 b0027 b0028 b0029 b0030 b0031 b0032 b0033 (! b0034) (! b0035) b0036 (! b0037) (! b0038) b0039 b0040 b0041 (! b0042) b0043 (! b0044) b0045 b0046 b0047 (! b0048) b0049 (! b0050) b0051 (! b0052) b0053 (! b0054) b0055 b0056 b0057 (! b0058) b0059 (! b0060) b0061 b0062 b0063 (! b0064) b0065 b0066 (! b0067) b0068 b0069 b0070 b0071 b0072 b0073 b0074 b0075 (! b0076) (! b0077) b0078 b0079 b0080 b0081 b0082 b0083 b0084 b0085 b0086 b0087 b0088 b0089 b0090 b0091 b0092 b0093 b0094 b0095 b0096 b0097 b0098 b0099 (! b0100) (! b0101) (! b0102) (! b0103) b0104 b0105 b0106 b0107 b0108 b0109 b0110 b0111 b0112 b0113 b0114 b0115 b0116 b0117 b0118 b0119 b0120 b0121 b0122 b0123 b0124 b0125 b0126 b0127 b0128 b0129 b0130 b0131 b0132 b0133 b0134 b0135 b0136 b0137 b0138 b0139)
Time taken = 0.048934
Removing b0078
Removing b0082
Verifying SLL_find
Houdini assignment axiom: (And true b0000 b0001 b0002 b0003 b0004 b0005 b0006 b0007 b0008 b0009 (! b0010) (! b0011) b0012 (! b0013) (! b0014) b0015 (! b0016) b0017 b0018 (! b0019) b0020 b0021 b0022 b0023 b0024 b0025 b0026 b0027 b0028 b0029 b0030 b0031 b0032 b0033 (! b0034) (! b0035) b0036 (! b0037) (! b0038) b0039 b0040 b0041 (! b0042) b0043 (! b0044) b0045 b0046 b0047 (! b0048) b0049 (! b0050) b0051 (! b0052) b0053 (! b0054) b0055 b0056 b0057 (! b0058) b0059 (! b0060) b0061 b0062 b0063 (! b0064) b0065 b0066 (! b0067) b0068 b0069 b0070 b0071 b0072 b0073 b0074 b0075 (! b0076) (! b0077) (! b0078) b0079 b0080 b0081 (! b0082) b0083 b0084 b0085 b0086 b0087 b0088 b0089 b0090 b0091 b0092 b0093 b0094 b0095 b0096 b0097 b0098 b0099 (! b0100) (! b0101) (! b0102) (! b0103) b0104 b0105 b0106 b0107 b0108 b0109 b0110 b0111 b0112 b0113 b0114 b0115 b0116 b0117 b0118 b0119 b0120 b0121 b0122 b0123 b0124 b0125 b0126 b0127 b0128 b0129 b0130 b0131 b0132 b0133 b0134 b0135 b0136 b0137 b0138 b0139)
Time taken = 0.041475
Removing b0080
Removing b0083
Verifying SLL_find
Houdini assignment axiom: (And true b0000 b0001 b0002 b0003 b0004 b0005 b0006 b0007 b0008 b0009 (! b0010) (! b0011) b0012 (! b0013) (! b0014) b0015 (! b0016) b0017 b0018 (! b0019) b0020 b0021 b0022 b0023 b0024 b0025 b0026 b0027 b0028 b0029 b0030 b0031 b0032 b0033 (! b0034) (! b0035) b0036 (! b0037) (! b0038) b0039 b0040 b0041 (! b0042) b0043 (! b0044) b0045 b0046 b0047 (! b0048) b0049 (! b0050) b0051 (! b0052) b0053 (! b0054) b0055 b0056 b0057 (! b0058) b0059 (! b0060) b0061 b0062 b0063 (! b0064) b0065 b0066 (! b0067) b0068 b0069 b0070 b0071 b0072 b0073 b0074 b0075 (! b0076) (! b0077) (! b0078) b0079 (! b0080) b0081 (! b0082) (! b0083) b0084 b0085 b0086 b0087 b0088 b0089 b0090 b0091 b0092 b0093 b0094 b0095 b0096 b0097 b0098 b0099 (! b0100) (! b0101) (! b0102) (! b0103) b0104 b0105 b0106 b0107 b0108 b0109 b0110 b0111 b0112 b0113 b0114 b0115 b0116 b0117 b0118 b0119 b0120 b0121 b0122 b0123 b0124 b0125 b0126 b0127 b0128 b0129 b0130 b0131 b0132 b0133 b0134 b0135 b0136 b0137 b0138 b0139)
Time taken = 0.040447
Removing b0084
Removing b0104
Verifying SLL_find
Houdini assignment axiom: (And true b0000 b0001 b0002 b0003 b0004 b0005 b0006 b0007 b0008 b0009 (! b0010) (! b0011) b0012 (! b0013) (! b0014) b0015 (! b0016) b0017 b0018 (! b0019) b0020 b0021 b0022 b0023 b0024 b0025 b0026 b0027 b0028 b0029 b0030 b0031 b0032 b0033 (! b0034) (! b0035) b0036 (! b0037) (! b0038) b0039 b0040 b0041 (! b0042) b0043 (! b0044) b0045 b0046 b0047 (! b0048) b0049 (! b0050) b0051 (! b0052) b0053 (! b0054) b0055 b0056 b0057 (! b0058) b0059 (! b0060) b0061 b0062 b0063 (! b0064) b0065 b0066 (! b0067) b0068 b0069 b0070 b0071 b0072 b0073 b0074 b0075 (! b0076) (! b0077) (! b0078) b0079 (! b0080) b0081 (! b0082) (! b0083) (! b0084) b0085 b0086 b0087 b0088 b0089 b0090 b0091 b0092 b0093 b0094 b0095 b0096 b0097 b0098 b0099 (! b0100) (! b0101) (! b0102) (! b0103) (! b0104) b0105 b0106 b0107 b0108 b0109 b0110 b0111 b0112 b0113 b0114 b0115 b0116 b0117 b0118 b0119 b0120 b0121 b0122 b0123 b0124 b0125 b0126 b0127 b0128 b0129 b0130 b0131 b0132 b0133 b0134 b0135 b0136 b0137 b0138 b0139)
Time taken = 0.040232
Removing b0086
Removing b0105
Verifying SLL_find
Houdini assignment axiom: (And true b0000 b0001 b0002 b0003 b0004 b0005 b0006 b0007 b0008 b0009 (! b0010) (! b0011) b0012 (! b0013) (! b0014) b0015 (! b0016) b0017 b0018 (! b0019) b0020 b0021 b0022 b0023 b0024 b0025 b0026 b0027 b0028 b0029 b0030 b0031 b0032 b0033 (! b0034) (! b0035) b0036 (! b0037) (! b0038) b0039 b0040 b0041 (! b0042) b0043 (! b0044) b0045 b0046 b0047 (! b0048) b0049 (! b0050) b0051 (! b0052) b0053 (! b0054) b0055 b0056 b0057 (! b0058) b0059 (! b0060) b0061 b0062 b0063 (! b0064) b0065 b0066 (! b0067) b0068 b0069 b0070 b0071 b0072 b0073 b0074 b0075 (! b0076) (! b0077) (! b0078) b0079 (! b0080) b0081 (! b0082) (! b0083) (! b0084) b0085 (! b0086) b0087 b0088 b0089 b0090 b0091 b0092 b0093 b0094 b0095 b0096 b0097 b0098 b0099 (! b0100) (! b0101) (! b0102) (! b0103) (! b0104) (! b0105) b0106 b0107 b0108 b0109 b0110 b0111 b0112 b0113 b0114 b0115 b0116 b0117 b0118 b0119 b0120 b0121 b0122 b0123 b0124 b0125 b0126 b0127 b0128 b0129 b0130 b0131 b0132 b0133 b0134 b0135 b0136 b0137 b0138 b0139)
Time taken = 0.044084
Removing b0109
Verifying SLL_find
Houdini assignment axiom: (And true b0000 b0001 b0002 b0003 b0004 b0005 b0006 b0007 b0008 b0009 (! b0010) (! b0011) b0012 (! b0013) (! b0014) b0015 (! b0016) b0017 b0018 (! b0019) b0020 b0021 b0022 b0023 b0024 b0025 b0026 b0027 b0028 b0029 b0030 b0031 b0032 b0033 (! b0034) (! b0035) b0036 (! b0037) (! b0038) b0039 b0040 b0041 (! b0042) b0043 (! b0044) b0045 b0046 b0047 (! b0048) b0049 (! b0050) b0051 (! b0052) b0053 (! b0054) b0055 b0056 b0057 (! b0058) b0059 (! b0060) b0061 b0062 b0063 (! b0064) b0065 b0066 (! b0067) b0068 b0069 b0070 b0071 b0072 b0073 b0074 b0075 (! b0076) (! b0077) (! b0078) b0079 (! b0080) b0081 (! b0082) (! b0083) (! b0084) b0085 (! b0086) b0087 b0088 b0089 b0090 b0091 b0092 b0093 b0094 b0095 b0096 b0097 b0098 b0099 (! b0100) (! b0101) (! b0102) (! b0103) (! b0104) (! b0105) b0106 b0107 b0108 (! b0109) b0110 b0111 b0112 b0113 b0114 b0115 b0116 b0117 b0118 b0119 b0120 b0121 b0122 b0123 b0124 b0125 b0126 b0127 b0128 b0129 b0130 b0131 b0132 b0133 b0134 b0135 b0136 b0137 b0138 b0139)
Time taken = 0.038041
Removing b0110
Verifying SLL_find
Houdini assignment axiom: (And true b0000 b0001 b0002 b0003 b0004 b0005 b0006 b0007 b0008 b0009 (! b0010) (! b0011) b0012 (! b0013) (! b0014) b0015 (! b0016) b0017 b0018 (! b0019) b0020 b0021 b0022 b0023 b0024 b0025 b0026 b0027 b0028 b0029 b0030 b0031 b0032 b0033 (! b0034) (! b0035) b0036 (! b0037) (! b0038) b0039 b0040 b0041 (! b0042) b0043 (! b0044) b0045 b0046 b0047 (! b0048) b0049 (! b0050) b0051 (! b0052) b0053 (! b0054) b0055 b0056 b0057 (! b0058) b0059 (! b0060) b0061 b0062 b0063 (! b0064) b0065 b0066 (! b0067) b0068 b0069 b0070 b0071 b0072 b0073 b0074 b0075 (! b0076) (! b0077) (! b0078) b0079 (! b0080) b0081 (! b0082) (! b0083) (! b0084) b0085 (! b0086) b0087 b0088 b0089 b0090 b0091 b0092 b0093 b0094 b0095 b0096 b0097 b0098 b0099 (! b0100) (! b0101) (! b0102) (! b0103) (! b0104) (! b0105) b0106 b0107 b0108 (! b0109) (! b0110) b0111 b0112 b0113 b0114 b0115 b0116 b0117 b0118 b0119 b0120 b0121 b0122 b0123 b0124 b0125 b0126 b0127 b0128 b0129 b0130 b0131 b0132 b0133 b0134 b0135 b0136 b0137 b0138 b0139)
Time taken = 0.03699
Removing b0112
Verifying SLL_find
Houdini assignment axiom: (And true b0000 b0001 b0002 b0003 b0004 b0005 b0006 b0007 b0008 b0009 (! b0010) (! b0011) b0012 (! b0013) (! b0014) b0015 (! b0016) b0017 b0018 (! b0019) b0020 b0021 b0022 b0023 b0024 b0025 b0026 b0027 b0028 b0029 b0030 b0031 b0032 b0033 (! b0034) (! b0035) b0036 (! b0037) (! b0038) b0039 b0040 b0041 (! b0042) b0043 (! b0044) b0045 b0046 b0047 (! b0048) b0049 (! b0050) b0051 (! b0052) b0053 (! b0054) b0055 b0056 b0057 (! b0058) b0059 (! b0060) b0061 b0062 b0063 (! b0064) b0065 b0066 (! b0067) b0068 b0069 b0070 b0071 b0072 b0073 b0074 b0075 (! b0076) (! b0077) (! b0078) b0079 (! b0080) b0081 (! b0082) (! b0083) (! b0084) b0085 (! b0086) b0087 b0088 b0089 b0090 b0091 b0092 b0093 b0094 b0095 b0096 b0097 b0098 b0099 (! b0100) (! b0101) (! b0102) (! b0103) (! b0104) (! b0105) b0106 b0107 b0108 (! b0109) (! b0110) b0111 (! b0112) b0113 b0114 b0115 b0116 b0117 b0118 b0119 b0120 b0121 b0122 b0123 b0124 b0125 b0126 b0127 b0128 b0129 b0130 b0131 b0132 b0133 b0134 b0135 b0136 b0137 b0138 b0139)
Time taken = 0.039562
Removing b0113
Verifying SLL_find
Houdini assignment axiom: (And true b0000 b0001 b0002 b0003 b0004 b0005 b0006 b0007 b0008 b0009 (! b0010) (! b0011) b0012 (! b0013) (! b0014) b0015 (! b0016) b0017 b0018 (! b0019) b0020 b0021 b0022 b0023 b0024 b0025 b0026 b0027 b0028 b0029 b0030 b0031 b0032 b0033 (! b0034) (! b0035) b0036 (! b0037) (! b0038) b0039 b0040 b0041 (! b0042) b0043 (! b0044) b0045 b0046 b0047 (! b0048) b0049 (! b0050) b0051 (! b0052) b0053 (! b0054) b0055 b0056 b0057 (! b0058) b0059 (! b0060) b0061 b0062 b0063 (! b0064) b0065 b0066 (! b0067) b0068 b0069 b0070 b0071 b0072 b0073 b0074 b0075 (! b0076) (! b0077) (! b0078) b0079 (! b0080) b0081 (! b0082) (! b0083) (! b0084) b0085 (! b0086) b0087 b0088 b0089 b0090 b0091 b0092 b0093 b0094 b0095 b0096 b0097 b0098 b0099 (! b0100) (! b0101) (! b0102) (! b0103) (! b0104) (! b0105) b0106 b0107 b0108 (! b0109) (! b0110) b0111 (! b0112) (! b0113) b0114 b0115 b0116 b0117 b0118 b0119 b0120 b0121 b0122 b0123 b0124 b0125 b0126 b0127 b0128 b0129 b0130 b0131 b0132 b0133 b0134 b0135 b0136 b0137 b0138 b0139)
Time taken = 0.036655
Removing b0114
Verifying SLL_find
Houdini assignment axiom: (And true b0000 b0001 b0002 b0003 b0004 b0005 b0006 b0007 b0008 b0009 (! b0010) (! b0011) b0012 (! b0013) (! b0014) b0015 (! b0016) b0017 b0018 (! b0019) b0020 b0021 b0022 b0023 b0024 b0025 b0026 b0027 b0028 b0029 b0030 b0031 b0032 b0033 (! b0034) (! b0035) b0036 (! b0037) (! b0038) b0039 b0040 b0041 (! b0042) b0043 (! b0044) b0045 b0046 b0047 (! b0048) b0049 (! b0050) b0051 (! b0052) b0053 (! b0054) b0055 b0056 b0057 (! b0058) b0059 (! b0060) b0061 b0062 b0063 (! b0064) b0065 b0066 (! b0067) b0068 b0069 b0070 b0071 b0072 b0073 b0074 b0075 (! b0076) (! b0077) (! b0078) b0079 (! b0080) b0081 (! b0082) (! b0083) (! b0084) b0085 (! b0086) b0087 b0088 b0089 b0090 b0091 b0092 b0093 b0094 b0095 b0096 b0097 b0098 b0099 (! b0100) (! b0101) (! b0102) (! b0103) (! b0104) (! b0105) b0106 b0107 b0108 (! b0109) (! b0110) b0111 (! b0112) (! b0113) (! b0114) b0115 b0116 b0117 b0118 b0119 b0120 b0121 b0122 b0123 b0124 b0125 b0126 b0127 b0128 b0129 b0130 b0131 b0132 b0133 b0134 b0135 b0136 b0137 b0138 b0139)
Time taken = 0.036906
Removing b0115
Verifying SLL_find
Houdini assignment axiom: (And true b0000 b0001 b0002 b0003 b0004 b0005 b0006 b0007 b0008 b0009 (! b0010) (! b0011) b0012 (! b0013) (! b0014) b0015 (! b0016) b0017 b0018 (! b0019) b0020 b0021 b0022 b0023 b0024 b0025 b0026 b0027 b0028 b0029 b0030 b0031 b0032 b0033 (! b0034) (! b0035) b0036 (! b0037) (! b0038) b0039 b0040 b0041 (! b0042) b0043 (! b0044) b0045 b0046 b0047 (! b0048) b0049 (! b0050) b0051 (! b0052) b0053 (! b0054) b0055 b0056 b0057 (! b0058) b0059 (! b0060) b0061 b0062 b0063 (! b0064) b0065 b0066 (! b0067) b0068 b0069 b0070 b0071 b0072 b0073 b0074 b0075 (! b0076) (! b0077) (! b0078) b0079 (! b0080) b0081 (! b0082) (! b0083) (! b0084) b0085 (! b0086) b0087 b0088 b0089 b0090 b0091 b0092 b0093 b0094 b0095 b0096 b0097 b0098 b0099 (! b0100) (! b0101) (! b0102) (! b0103) (! b0104) (! b0105) b0106 b0107 b0108 (! b0109) (! b0110) b0111 (! b0112) (! b0113) (! b0114) (! b0115) b0116 b0117 b0118 b0119 b0120 b0121 b0122 b0123 b0124 b0125 b0126 b0127 b0128 b0129 b0130 b0131 b0132 b0133 b0134 b0135 b0136 b0137 b0138 b0139)
Time taken = 0.037495
Removing b0117
Verifying SLL_find
Houdini assignment axiom: (And true b0000 b0001 b0002 b0003 b0004 b0005 b0006 b0007 b0008 b0009 (! b0010) (! b0011) b0012 (! b0013) (! b0014) b0015 (! b0016) b0017 b0018 (! b0019) b0020 b0021 b0022 b0023 b0024 b0025 b0026 b0027 b0028 b0029 b0030 b0031 b0032 b0033 (! b0034) (! b0035) b0036 (! b0037) (! b0038) b0039 b0040 b0041 (! b0042) b0043 (! b0044) b0045 b0046 b0047 (! b0048) b0049 (! b0050) b0051 (! b0052) b0053 (! b0054) b0055 b0056 b0057 (! b0058) b0059 (! b0060) b0061 b0062 b0063 (! b0064) b0065 b0066 (! b0067) b0068 b0069 b0070 b0071 b0072 b0073 b0074 b0075 (! b0076) (! b0077) (! b0078) b0079 (! b0080) b0081 (! b0082) (! b0083) (! b0084) b0085 (! b0086) b0087 b0088 b0089 b0090 b0091 b0092 b0093 b0094 b0095 b0096 b0097 b0098 b0099 (! b0100) (! b0101) (! b0102) (! b0103) (! b0104) (! b0105) b0106 b0107 b0108 (! b0109) (! b0110) b0111 (! b0112) (! b0113) (! b0114) (! b0115) b0116 (! b0117) b0118 b0119 b0120 b0121 b0122 b0123 b0124 b0125 b0126 b0127 b0128 b0129 b0130 b0131 b0132 b0133 b0134 b0135 b0136 b0137 b0138 b0139)
Time taken = 0.036518
Removing b0118
Verifying SLL_find
Houdini assignment axiom: (And true b0000 b0001 b0002 b0003 b0004 b0005 b0006 b0007 b0008 b0009 (! b0010) (! b0011) b0012 (! b0013) (! b0014) b0015 (! b0016) b0017 b0018 (! b0019) b0020 b0021 b0022 b0023 b0024 b0025 b0026 b0027 b0028 b0029 b0030 b0031 b0032 b0033 (! b0034) (! b0035) b0036 (! b0037) (! b0038) b0039 b0040 b0041 (! b0042) b0043 (! b0044) b0045 b0046 b0047 (! b0048) b0049 (! b0050) b0051 (! b0052) b0053 (! b0054) b0055 b0056 b0057 (! b0058) b0059 (! b0060) b0061 b0062 b0063 (! b0064) b0065 b0066 (! b0067) b0068 b0069 b0070 b0071 b0072 b0073 b0074 b0075 (! b0076) (! b0077) (! b0078) b0079 (! b0080) b0081 (! b0082) (! b0083) (! b0084) b0085 (! b0086) b0087 b0088 b0089 b0090 b0091 b0092 b0093 b0094 b0095 b0096 b0097 b0098 b0099 (! b0100) (! b0101) (! b0102) (! b0103) (! b0104) (! b0105) b0106 b0107 b0108 (! b0109) (! b0110) b0111 (! b0112) (! b0113) (! b0114) (! b0115) b0116 (! b0117) (! b0118) b0119 b0120 b0121 b0122 b0123 b0124 b0125 b0126 b0127 b0128 b0129 b0130 b0131 b0132 b0133 b0134 b0135 b0136 b0137 b0138 b0139)
Time taken = 0.045924
Removing b0120
Removing b0124
Verifying SLL_find
Houdini assignment axiom: (And true b0000 b0001 b0002 b0003 b0004 b0005 b0006 b0007 b0008 b0009 (! b0010) (! b0011) b0012 (! b0013) (! b0014) b0015 (! b0016) b0017 b0018 (! b0019) b0020 b0021 b0022 b0023 b0024 b0025 b0026 b0027 b0028 b0029 b0030 b0031 b0032 b0033 (! b0034) (! b0035) b0036 (! b0037) (! b0038) b0039 b0040 b0041 (! b0042) b0043 (! b0044) b0045 b0046 b0047 (! b0048) b0049 (! b0050) b0051 (! b0052) b0053 (! b0054) b0055 b0056 b0057 (! b0058) b0059 (! b0060) b0061 b0062 b0063 (! b0064) b0065 b0066 (! b0067) b0068 b0069 b0070 b0071 b0072 b0073 b0074 b0075 (! b0076) (! b0077) (! b0078) b0079 (! b0080) b0081 (! b0082) (! b0083) (! b0084) b0085 (! b0086) b0087 b0088 b0089 b0090 b0091 b0092 b0093 b0094 b0095 b0096 b0097 b0098 b0099 (! b0100) (! b0101) (! b0102) (! b0103) (! b0104) (! b0105) b0106 b0107 b0108 (! b0109) (! b0110) b0111 (! b0112) (! b0113) (! b0114) (! b0115) b0116 (! b0117) (! b0118) b0119 (! b0120) b0121 b0122 b0123 (! b0124) b0125 b0126 b0127 b0128 b0129 b0130 b0131 b0132 b0133 b0134 b0135 b0136 b0137 b0138 b0139)
Time taken = 0.05387
Removing b0121
Removing b0125
Verifying SLL_find
Houdini assignment axiom: (And true b0000 b0001 b0002 b0003 b0004 b0005 b0006 b0007 b0008 b0009 (! b0010) (! b0011) b0012 (! b0013) (! b0014) b0015 (! b0016) b0017 b0018 (! b0019) b0020 b0021 b0022 b0023 b0024 b0025 b0026 b0027 b0028 b0029 b0030 b0031 b0032 b0033 (! b0034) (! b0035) b0036 (! b0037) (! b0038) b0039 b0040 b0041 (! b0042) b0043 (! b0044) b0045 b0046 b0047 (! b0048) b0049 (! b0050) b0051 (! b0052) b0053 (! b0054) b0055 b0056 b0057 (! b0058) b0059 (! b0060) b0061 b0062 b0063 (! b0064) b0065 b0066 (! b0067) b0068 b0069 b0070 b0071 b0072 b0073 b0074 b0075 (! b0076) (! b0077) (! b0078) b0079 (! b0080) b0081 (! b0082) (! b0083) (! b0084) b0085 (! b0086) b0087 b0088 b0089 b0090 b0091 b0092 b0093 b0094 b0095 b0096 b0097 b0098 b0099 (! b0100) (! b0101) (! b0102) (! b0103) (! b0104) (! b0105) b0106 b0107 b0108 (! b0109) (! b0110) b0111 (! b0112) (! b0113) (! b0114) (! b0115) b0116 (! b0117) (! b0118) b0119 (! b0120) (! b0121) b0122 b0123 (! b0124) (! b0125) b0126 b0127 b0128 b0129 b0130 b0131 b0132 b0133 b0134 b0135 b0136 b0137 b0138 b0139)
Time taken = 0.046043
Removing b0128
Verifying SLL_find
Houdini assignment axiom: (And true b0000 b0001 b0002 b0003 b0004 b0005 b0006 b0007 b0008 b0009 (! b0010) (! b0011) b0012 (! b0013) (! b0014) b0015 (! b0016) b0017 b0018 (! b0019) b0020 b0021 b0022 b0023 b0024 b0025 b0026 b0027 b0028 b0029 b0030 b0031 b0032 b0033 (! b0034) (! b0035) b0036 (! b0037) (! b0038) b0039 b0040 b0041 (! b0042) b0043 (! b0044) b0045 b0046 b0047 (! b0048) b0049 (! b0050) b0051 (! b0052) b0053 (! b0054) b0055 b0056 b0057 (! b0058) b0059 (! b0060) b0061 b0062 b0063 (! b0064) b0065 b0066 (! b0067) b0068 b0069 b0070 b0071 b0072 b0073 b0074 b0075 (! b0076) (! b0077) (! b0078) b0079 (! b0080) b0081 (! b0082) (! b0083) (! b0084) b0085 (! b0086) b0087 b0088 b0089 b0090 b0091 b0092 b0093 b0094 b0095 b0096 b0097 b0098 b0099 (! b0100) (! b0101) (! b0102) (! b0103) (! b0104) (! b0105) b0106 b0107 b0108 (! b0109) (! b0110) b0111 (! b0112) (! b0113) (! b0114) (! b0115) b0116 (! b0117) (! b0118) b0119 (! b0120) (! b0121) b0122 b0123 (! b0124) (! b0125) b0126 b0127 (! b0128) b0129 b0130 b0131 b0132 b0133 b0134 b0135 b0136 b0137 b0138 b0139)
Time taken = 0.047061
Removing b0129
Removing b0131
Verifying SLL_find
Houdini assignment axiom: (And true b0000 b0001 b0002 b0003 b0004 b0005 b0006 b0007 b0008 b0009 (! b0010) (! b0011) b0012 (! b0013) (! b0014) b0015 (! b0016) b0017 b0018 (! b0019) b0020 b0021 b0022 b0023 b0024 b0025 b0026 b0027 b0028 b0029 b0030 b0031 b0032 b0033 (! b0034) (! b0035) b0036 (! b0037) (! b0038) b0039 b0040 b0041 (! b0042) b0043 (! b0044) b0045 b0046 b0047 (! b0048) b0049 (! b0050) b0051 (! b0052) b0053 (! b0054) b0055 b0056 b0057 (! b0058) b0059 (! b0060) b0061 b0062 b0063 (! b0064) b0065 b0066 (! b0067) b0068 b0069 b0070 b0071 b0072 b0073 b0074 b0075 (! b0076) (! b0077) (! b0078) b0079 (! b0080) b0081 (! b0082) (! b0083) (! b0084) b0085 (! b0086) b0087 b0088 b0089 b0090 b0091 b0092 b0093 b0094 b0095 b0096 b0097 b0098 b0099 (! b0100) (! b0101) (! b0102) (! b0103) (! b0104) (! b0105) b0106 b0107 b0108 (! b0109) (! b0110) b0111 (! b0112) (! b0113) (! b0114) (! b0115) b0116 (! b0117) (! b0118) b0119 (! b0120) (! b0121) b0122 b0123 (! b0124) (! b0125) b0126 b0127 (! b0128) (! b0129) b0130 (! b0131) b0132 b0133 b0134 b0135 b0136 b0137 b0138 b0139)
Time taken = 0.06315
Removing b0130
Removing b0012
Removing b0007
Verifying SLL_find
Houdini assignment axiom: (And true b0000 b0001 b0002 b0003 b0004 b0005 b0006 (! b0007) b0008 b0009 (! b0010) (! b0011) (! b0012) (! b0013) (! b0014) b0015 (! b0016) b0017 b0018 (! b0019) b0020 b0021 b0022 b0023 b0024 b0025 b0026 b0027 b0028 b0029 b0030 b0031 b0032 b0033 (! b0034) (! b0035) b0036 (! b0037) (! b0038) b0039 b0040 b0041 (! b0042) b0043 (! b0044) b0045 b0046 b0047 (! b0048) b0049 (! b0050) b0051 (! b0052) b0053 (! b0054) b0055 b0056 b0057 (! b0058) b0059 (! b0060) b0061 b0062 b0063 (! b0064) b0065 b0066 (! b0067) b0068 b0069 b0070 b0071 b0072 b0073 b0074 b0075 (! b0076) (! b0077) (! b0078) b0079 (! b0080) b0081 (! b0082) (! b0083) (! b0084) b0085 (! b0086) b0087 b0088 b0089 b0090 b0091 b0092 b0093 b0094 b0095 b0096 b0097 b0098 b0099 (! b0100) (! b0101) (! b0102) (! b0103) (! b0104) (! b0105) b0106 b0107 b0108 (! b0109) (! b0110) b0111 (! b0112) (! b0113) (! b0114) (! b0115) b0116 (! b0117) (! b0118) b0119 (! b0120) (! b0121) b0122 b0123 (! b0124) (! b0125) b0126 b0127 (! b0128) (! b0129) (! b0130) (! b0131) b0132 b0133 b0134 b0135 b0136 b0137 b0138 b0139)
Time taken = 0.072777
Removing b0132
Removing b0018
Removing b0031
Removing b0108
Verifying SLL_find
Houdini assignment axiom: (And true b0000 b0001 b0002 b0003 b0004 b0005 b0006 (! b0007) b0008 b0009 (! b0010) (! b0011) (! b0012) (! b0013) (! b0014) b0015 (! b0016) b0017 (! b0018) (! b0019) b0020 b0021 b0022 b0023 b0024 b0025 b0026 b0027 b0028 b0029 b0030 (! b0031) b0032 b0033 (! b0034) (! b0035) b0036 (! b0037) (! b0038) b0039 b0040 b0041 (! b0042) b0043 (! b0044) b0045 b0046 b0047 (! b0048) b0049 (! b0050) b0051 (! b0052) b0053 (! b0054) b0055 b0056 b0057 (! b0058) b0059 (! b0060) b0061 b0062 b0063 (! b0064) b0065 b0066 (! b0067) b0068 b0069 b0070 b0071 b0072 b0073 b0074 b0075 (! b0076) (! b0077) (! b0078) b0079 (! b0080) b0081 (! b0082) (! b0083) (! b0084) b0085 (! b0086) b0087 b0088 b0089 b0090 b0091 b0092 b0093 b0094 b0095 b0096 b0097 b0098 b0099 (! b0100) (! b0101) (! b0102) (! b0103) (! b0104) (! b0105) b0106 b0107 (! b0108) (! b0109) (! b0110) b0111 (! b0112) (! b0113) (! b0114) (! b0115) b0116 (! b0117) (! b0118) b0119 (! b0120) (! b0121) b0122 b0123 (! b0124) (! b0125) b0126 b0127 (! b0128) (! b0129) (! b0130) (! b0131) (! b0132) b0133 b0134 b0135 b0136 b0137 b0138 b0139)
Time taken = 0.063424
Removing b0133
Removing b0021
Removing b0111
Verifying SLL_find
Houdini assignment axiom: (And true b0000 b0001 b0002 b0003 b0004 b0005 b0006 (! b0007) b0008 b0009 (! b0010) (! b0011) (! b0012) (! b0013) (! b0014) b0015 (! b0016) b0017 (! b0018) (! b0019) b0020 (! b0021) b0022 b0023 b0024 b0025 b0026 b0027 b0028 b0029 b0030 (! b0031) b0032 b0033 (! b0034) (! b0035) b0036 (! b0037) (! b0038) b0039 b0040 b0041 (! b0042) b0043 (! b0044) b0045 b0046 b0047 (! b0048) b0049 (! b0050) b0051 (! b0052) b0053 (! b0054) b0055 b0056 b0057 (! b0058) b0059 (! b0060) b0061 b0062 b0063 (! b0064) b0065 b0066 (! b0067) b0068 b0069 b0070 b0071 b0072 b0073 b0074 b0075 (! b0076) (! b0077) (! b0078) b0079 (! b0080) b0081 (! b0082) (! b0083) (! b0084) b0085 (! b0086) b0087 b0088 b0089 b0090 b0091 b0092 b0093 b0094 b0095 b0096 b0097 b0098 b0099 (! b0100) (! b0101) (! b0102) (! b0103) (! b0104) (! b0105) b0106 b0107 (! b0108) (! b0109) (! b0110) (! b0111) (! b0112) (! b0113) (! b0114) (! b0115) b0116 (! b0117) (! b0118) b0119 (! b0120) (! b0121) b0122 b0123 (! b0124) (! b0125) b0126 b0127 (! b0128) (! b0129) (! b0130) (! b0131) (! b0132) (! b0133) b0134 b0135 b0136 b0137 b0138 b0139)
Time taken = 0.07607
Removing b0025
Verifying SLL_find
Houdini assignment axiom: (And true b0000 b0001 b0002 b0003 b0004 b0005 b0006 (! b0007) b0008 b0009 (! b0010) (! b0011) (! b0012) (! b0013) (! b0014) b0015 (! b0016) b0017 (! b0018) (! b0019) b0020 (! b0021) b0022 b0023 b0024 (! b0025) b0026 b0027 b0028 b0029 b0030 (! b0031) b0032 b0033 (! b0034) (! b0035) b0036 (! b0037) (! b0038) b0039 b0040 b0041 (! b0042) b0043 (! b0044) b0045 b0046 b0047 (! b0048) b0049 (! b0050) b0051 (! b0052) b0053 (! b0054) b0055 b0056 b0057 (! b0058) b0059 (! b0060) b0061 b0062 b0063 (! b0064) b0065 b0066 (! b0067) b0068 b0069 b0070 b0071 b0072 b0073 b0074 b0075 (! b0076) (! b0077) (! b0078) b0079 (! b0080) b0081 (! b0082) (! b0083) (! b0084) b0085 (! b0086) b0087 b0088 b0089 b0090 b0091 b0092 b0093 b0094 b0095 b0096 b0097 b0098 b0099 (! b0100) (! b0101) (! b0102) (! b0103) (! b0104) (! b0105) b0106 b0107 (! b0108) (! b0109) (! b0110) (! b0111) (! b0112) (! b0113) (! b0114) (! b0115) b0116 (! b0117) (! b0118) b0119 (! b0120) (! b0121) b0122 b0123 (! b0124) (! b0125) b0126 b0127 (! b0128) (! b0129) (! b0130) (! b0131) (! b0132) (! b0133) b0134 b0135 b0136 b0137 b0138 b0139)
Time taken = 0.085255
Removing b0026
Verifying SLL_find
Houdini assignment axiom: (And true b0000 b0001 b0002 b0003 b0004 b0005 b0006 (! b0007) b0008 b0009 (! b0010) (! b0011) (! b0012) (! b0013) (! b0014) b0015 (! b0016) b0017 (! b0018) (! b0019) b0020 (! b0021) b0022 b0023 b0024 (! b0025) (! b0026) b0027 b0028 b0029 b0030 (! b0031) b0032 b0033 (! b0034) (! b0035) b0036 (! b0037) (! b0038) b0039 b0040 b0041 (! b0042) b0043 (! b0044) b0045 b0046 b0047 (! b0048) b0049 (! b0050) b0051 (! b0052) b0053 (! b0054) b0055 b0056 b0057 (! b0058) b0059 (! b0060) b0061 b0062 b0063 (! b0064) b0065 b0066 (! b0067) b0068 b0069 b0070 b0071 b0072 b0073 b0074 b0075 (! b0076) (! b0077) (! b0078) b0079 (! b0080) b0081 (! b0082) (! b0083) (! b0084) b0085 (! b0086) b0087 b0088 b0089 b0090 b0091 b0092 b0093 b0094 b0095 b0096 b0097 b0098 b0099 (! b0100) (! b0101) (! b0102) (! b0103) (! b0104) (! b0105) b0106 b0107 (! b0108) (! b0109) (! b0110) (! b0111) (! b0112) (! b0113) (! b0114) (! b0115) b0116 (! b0117) (! b0118) b0119 (! b0120) (! b0121) b0122 b0123 (! b0124) (! b0125) b0126 b0127 (! b0128) (! b0129) (! b0130) (! b0131) (! b0132) (! b0133) b0134 b0135 b0136 b0137 b0138 b0139)
Time taken = 0.111769
Removing b0036
Removing b0043
Verifying SLL_find
Houdini assignment axiom: (And true b0000 b0001 b0002 b0003 b0004 b0005 b0006 (! b0007) b0008 b0009 (! b0010) (! b0011) (! b0012) (! b0013) (! b0014) b0015 (! b0016) b0017 (! b0018) (! b0019) b0020 (! b0021) b0022 b0023 b0024 (! b0025) (! b0026) b0027 b0028 b0029 b0030 (! b0031) b0032 b0033 (! b0034) (! b0035) (! b0036) (! b0037) (! b0038) b0039 b0040 b0041 (! b0042) (! b0043) (! b0044) b0045 b0046 b0047 (! b0048) b0049 (! b0050) b0051 (! b0052) b0053 (! b0054) b0055 b0056 b0057 (! b0058) b0059 (! b0060) b0061 b0062 b0063 (! b0064) b0065 b0066 (! b0067) b0068 b0069 b0070 b0071 b0072 b0073 b0074 b0075 (! b0076) (! b0077) (! b0078) b0079 (! b0080) b0081 (! b0082) (! b0083) (! b0084) b0085 (! b0086) b0087 b0088 b0089 b0090 b0091 b0092 b0093 b0094 b0095 b0096 b0097 b0098 b0099 (! b0100) (! b0101) (! b0102) (! b0103) (! b0104) (! b0105) b0106 b0107 (! b0108) (! b0109) (! b0110) (! b0111) (! b0112) (! b0113) (! b0114) (! b0115) b0116 (! b0117) (! b0118) b0119 (! b0120) (! b0121) b0122 b0123 (! b0124) (! b0125) b0126 b0127 (! b0128) (! b0129) (! b0130) (! b0131) (! b0132) (! b0133) b0134 b0135 b0136 b0137 b0138 b0139)
Time taken = 0.089053
Removing b0047
Removing b0049
Verifying SLL_find
Houdini assignment axiom: (And true b0000 b0001 b0002 b0003 b0004 b0005 b0006 (! b0007) b0008 b0009 (! b0010) (! b0011) (! b0012) (! b0013) (! b0014) b0015 (! b0016) b0017 (! b0018) (! b0019) b0020 (! b0021) b0022 b0023 b0024 (! b0025) (! b0026) b0027 b0028 b0029 b0030 (! b0031) b0032 b0033 (! b0034) (! b0035) (! b0036) (! b0037) (! b0038) b0039 b0040 b0041 (! b0042) (! b0043) (! b0044) b0045 b0046 (! b0047) (! b0048) (! b0049) (! b0050) b0051 (! b0052) b0053 (! b0054) b0055 b0056 b0057 (! b0058) b0059 (! b0060) b0061 b0062 b0063 (! b0064) b0065 b0066 (! b0067) b0068 b0069 b0070 b0071 b0072 b0073 b0074 b0075 (! b0076) (! b0077) (! b0078) b0079 (! b0080) b0081 (! b0082) (! b0083) (! b0084) b0085 (! b0086) b0087 b0088 b0089 b0090 b0091 b0092 b0093 b0094 b0095 b0096 b0097 b0098 b0099 (! b0100) (! b0101) (! b0102) (! b0103) (! b0104) (! b0105) b0106 b0107 (! b0108) (! b0109) (! b0110) (! b0111) (! b0112) (! b0113) (! b0114) (! b0115) b0116 (! b0117) (! b0118) b0119 (! b0120) (! b0121) b0122 b0123 (! b0124) (! b0125) b0126 b0127 (! b0128) (! b0129) (! b0130) (! b0131) (! b0132) (! b0133) b0134 b0135 b0136 b0137 b0138 b0139)
Time taken = 0.136797
Removing b0053
Removing b0055
Removing b0056
Removing b0062
Verifying SLL_find
Houdini assignment axiom: (And true b0000 b0001 b0002 b0003 b0004 b0005 b0006 (! b0007) b0008 b0009 (! b0010) (! b0011) (! b0012) (! b0013) (! b0014) b0015 (! b0016) b0017 (! b0018) (! b0019) b0020 (! b0021) b0022 b0023 b0024 (! b0025) (! b0026) b0027 b0028 b0029 b0030 (! b0031) b0032 b0033 (! b0034) (! b0035) (! b0036) (! b0037) (! b0038) b0039 b0040 b0041 (! b0042) (! b0043) (! b0044) b0045 b0046 (! b0047) (! b0048) (! b0049) (! b0050) b0051 (! b0052) (! b0053) (! b0054) (! b0055) (! b0056) b0057 (! b0058) b0059 (! b0060) b0061 (! b0062) b0063 (! b0064) b0065 b0066 (! b0067) b0068 b0069 b0070 b0071 b0072 b0073 b0074 b0075 (! b0076) (! b0077) (! b0078) b0079 (! b0080) b0081 (! b0082) (! b0083) (! b0084) b0085 (! b0086) b0087 b0088 b0089 b0090 b0091 b0092 b0093 b0094 b0095 b0096 b0097 b0098 b0099 (! b0100) (! b0101) (! b0102) (! b0103) (! b0104) (! b0105) b0106 b0107 (! b0108) (! b0109) (! b0110) (! b0111) (! b0112) (! b0113) (! b0114) (! b0115) b0116 (! b0117) (! b0118) b0119 (! b0120) (! b0121) b0122 b0123 (! b0124) (! b0125) b0126 b0127 (! b0128) (! b0129) (! b0130) (! b0131) (! b0132) (! b0133) b0134 b0135 b0136 b0137 b0138 b0139)
Time taken = 0.109583
Removing b0057
Removing b0063
Verifying SLL_find
Houdini assignment axiom: (And true b0000 b0001 b0002 b0003 b0004 b0005 b0006 (! b0007) b0008 b0009 (! b0010) (! b0011) (! b0012) (! b0013) (! b0014) b0015 (! b0016) b0017 (! b0018) (! b0019) b0020 (! b0021) b0022 b0023 b0024 (! b0025) (! b0026) b0027 b0028 b0029 b0030 (! b0031) b0032 b0033 (! b0034) (! b0035) (! b0036) (! b0037) (! b0038) b0039 b0040 b0041 (! b0042) (! b0043) (! b0044) b0045 b0046 (! b0047) (! b0048) (! b0049) (! b0050) b0051 (! b0052) (! b0053) (! b0054) (! b0055) (! b0056) (! b0057) (! b0058) b0059 (! b0060) b0061 (! b0062) (! b0063) (! b0064) b0065 b0066 (! b0067) b0068 b0069 b0070 b0071 b0072 b0073 b0074 b0075 (! b0076) (! b0077) (! b0078) b0079 (! b0080) b0081 (! b0082) (! b0083) (! b0084) b0085 (! b0086) b0087 b0088 b0089 b0090 b0091 b0092 b0093 b0094 b0095 b0096 b0097 b0098 b0099 (! b0100) (! b0101) (! b0102) (! b0103) (! b0104) (! b0105) b0106 b0107 (! b0108) (! b0109) (! b0110) (! b0111) (! b0112) (! b0113) (! b0114) (! b0115) b0116 (! b0117) (! b0118) b0119 (! b0120) (! b0121) b0122 b0123 (! b0124) (! b0125) b0126 b0127 (! b0128) (! b0129) (! b0130) (! b0131) (! b0132) (! b0133) b0134 b0135 b0136 b0137 b0138 b0139)
Time taken = 0.08921
Removing b0066
Removing b0069
Verifying SLL_find
Houdini assignment axiom: (And true b0000 b0001 b0002 b0003 b0004 b0005 b0006 (! b0007) b0008 b0009 (! b0010) (! b0011) (! b0012) (! b0013) (! b0014) b0015 (! b0016) b0017 (! b0018) (! b0019) b0020 (! b0021) b0022 b0023 b0024 (! b0025) (! b0026) b0027 b0028 b0029 b0030 (! b0031) b0032 b0033 (! b0034) (! b0035) (! b0036) (! b0037) (! b0038) b0039 b0040 b0041 (! b0042) (! b0043) (! b0044) b0045 b0046 (! b0047) (! b0048) (! b0049) (! b0050) b0051 (! b0052) (! b0053) (! b0054) (! b0055) (! b0056) (! b0057) (! b0058) b0059 (! b0060) b0061 (! b0062) (! b0063) (! b0064) b0065 (! b0066) (! b0067) b0068 (! b0069) b0070 b0071 b0072 b0073 b0074 b0075 (! b0076) (! b0077) (! b0078) b0079 (! b0080) b0081 (! b0082) (! b0083) (! b0084) b0085 (! b0086) b0087 b0088 b0089 b0090 b0091 b0092 b0093 b0094 b0095 b0096 b0097 b0098 b0099 (! b0100) (! b0101) (! b0102) (! b0103) (! b0104) (! b0105) b0106 b0107 (! b0108) (! b0109) (! b0110) (! b0111) (! b0112) (! b0113) (! b0114) (! b0115) b0116 (! b0117) (! b0118) b0119 (! b0120) (! b0121) b0122 b0123 (! b0124) (! b0125) b0126 b0127 (! b0128) (! b0129) (! b0130) (! b0131) (! b0132) (! b0133) b0134 b0135 b0136 b0137 b0138 b0139)
Time taken = 0.081161
Removing b0073
Verifying SLL_find
Houdini assignment axiom: (And true b0000 b0001 b0002 b0003 b0004 b0005 b0006 (! b0007) b0008 b0009 (! b0010) (! b0011) (! b0012) (! b0013) (! b0014) b0015 (! b0016) b0017 (! b0018) (! b0019) b0020 (! b0021) b0022 b0023 b0024 (! b0025) (! b0026) b0027 b0028 b0029 b0030 (! b0031) b0032 b0033 (! b0034) (! b0035) (! b0036) (! b0037) (! b0038) b0039 b0040 b0041 (! b0042) (! b0043) (! b0044) b0045 b0046 (! b0047) (! b0048) (! b0049) (! b0050) b0051 (! b0052) (! b0053) (! b0054) (! b0055) (! b0056) (! b0057) (! b0058) b0059 (! b0060) b0061 (! b0062) (! b0063) (! b0064) b0065 (! b0066) (! b0067) b0068 (! b0069) b0070 b0071 b0072 (! b0073) b0074 b0075 (! b0076) (! b0077) (! b0078) b0079 (! b0080) b0081 (! b0082) (! b0083) (! b0084) b0085 (! b0086) b0087 b0088 b0089 b0090 b0091 b0092 b0093 b0094 b0095 b0096 b0097 b0098 b0099 (! b0100) (! b0101) (! b0102) (! b0103) (! b0104) (! b0105) b0106 b0107 (! b0108) (! b0109) (! b0110) (! b0111) (! b0112) (! b0113) (! b0114) (! b0115) b0116 (! b0117) (! b0118) b0119 (! b0120) (! b0121) b0122 b0123 (! b0124) (! b0125) b0126 b0127 (! b0128) (! b0129) (! b0130) (! b0131) (! b0132) (! b0133) b0134 b0135 b0136 b0137 b0138 b0139)
Time taken = 0.074379
Removing b0074
Verifying SLL_find
Houdini assignment axiom: (And true b0000 b0001 b0002 b0003 b0004 b0005 b0006 (! b0007) b0008 b0009 (! b0010) (! b0011) (! b0012) (! b0013) (! b0014) b0015 (! b0016) b0017 (! b0018) (! b0019) b0020 (! b0021) b0022 b0023 b0024 (! b0025) (! b0026) b0027 b0028 b0029 b0030 (! b0031) b0032 b0033 (! b0034) (! b0035) (! b0036) (! b0037) (! b0038) b0039 b0040 b0041 (! b0042) (! b0043) (! b0044) b0045 b0046 (! b0047) (! b0048) (! b0049) (! b0050) b0051 (! b0052) (! b0053) (! b0054) (! b0055) (! b0056) (! b0057) (! b0058) b0059 (! b0060) b0061 (! b0062) (! b0063) (! b0064) b0065 (! b0066) (! b0067) b0068 (! b0069) b0070 b0071 b0072 (! b0073) (! b0074) b0075 (! b0076) (! b0077) (! b0078) b0079 (! b0080) b0081 (! b0082) (! b0083) (! b0084) b0085 (! b0086) b0087 b0088 b0089 b0090 b0091 b0092 b0093 b0094 b0095 b0096 b0097 b0098 b0099 (! b0100) (! b0101) (! b0102) (! b0103) (! b0104) (! b0105) b0106 b0107 (! b0108) (! b0109) (! b0110) (! b0111) (! b0112) (! b0113) (! b0114) (! b0115) b0116 (! b0117) (! b0118) b0119 (! b0120) (! b0121) b0122 b0123 (! b0124) (! b0125) b0126 b0127 (! b0128) (! b0129) (! b0130) (! b0131) (! b0132) (! b0133) b0134 b0135 b0136 b0137 b0138 b0139)
Time taken = 0.118577
Removing b0079
Removing b0081
Removing b0085
Removing b0087
Verifying SLL_find
Houdini assignment axiom: (And true b0000 b0001 b0002 b0003 b0004 b0005 b0006 (! b0007) b0008 b0009 (! b0010) (! b0011) (! b0012) (! b0013) (! b0014) b0015 (! b0016) b0017 (! b0018) (! b0019) b0020 (! b0021) b0022 b0023 b0024 (! b0025) (! b0026) b0027 b0028 b0029 b0030 (! b0031) b0032 b0033 (! b0034) (! b0035) (! b0036) (! b0037) (! b0038) b0039 b0040 b0041 (! b0042) (! b0043) (! b0044) b0045 b0046 (! b0047) (! b0048) (! b0049) (! b0050) b0051 (! b0052) (! b0053) (! b0054) (! b0055) (! b0056) (! b0057) (! b0058) b0059 (! b0060) b0061 (! b0062) (! b0063) (! b0064) b0065 (! b0066) (! b0067) b0068 (! b0069) b0070 b0071 b0072 (! b0073) (! b0074) b0075 (! b0076) (! b0077) (! b0078) (! b0079) (! b0080) (! b0081) (! b0082) (! b0083) (! b0084) (! b0085) (! b0086) (! b0087) b0088 b0089 b0090 b0091 b0092 b0093 b0094 b0095 b0096 b0097 b0098 b0099 (! b0100) (! b0101) (! b0102) (! b0103) (! b0104) (! b0105) b0106 b0107 (! b0108) (! b0109) (! b0110) (! b0111) (! b0112) (! b0113) (! b0114) (! b0115) b0116 (! b0117) (! b0118) b0119 (! b0120) (! b0121) b0122 b0123 (! b0124) (! b0125) b0126 b0127 (! b0128) (! b0129) (! b0130) (! b0131) (! b0132) (! b0133) b0134 b0135 b0136 b0137 b0138 b0139)
Time taken = 0.087681
Removing b0095
Verifying SLL_find
Houdini assignment axiom: (And true b0000 b0001 b0002 b0003 b0004 b0005 b0006 (! b0007) b0008 b0009 (! b0010) (! b0011) (! b0012) (! b0013) (! b0014) b0015 (! b0016) b0017 (! b0018) (! b0019) b0020 (! b0021) b0022 b0023 b0024 (! b0025) (! b0026) b0027 b0028 b0029 b0030 (! b0031) b0032 b0033 (! b0034) (! b0035) (! b0036) (! b0037) (! b0038) b0039 b0040 b0041 (! b0042) (! b0043) (! b0044) b0045 b0046 (! b0047) (! b0048) (! b0049) (! b0050) b0051 (! b0052) (! b0053) (! b0054) (! b0055) (! b0056) (! b0057) (! b0058) b0059 (! b0060) b0061 (! b0062) (! b0063) (! b0064) b0065 (! b0066) (! b0067) b0068 (! b0069) b0070 b0071 b0072 (! b0073) (! b0074) b0075 (! b0076) (! b0077) (! b0078) (! b0079) (! b0080) (! b0081) (! b0082) (! b0083) (! b0084) (! b0085) (! b0086) (! b0087) b0088 b0089 b0090 b0091 b0092 b0093 b0094 (! b0095) b0096 b0097 b0098 b0099 (! b0100) (! b0101) (! b0102) (! b0103) (! b0104) (! b0105) b0106 b0107 (! b0108) (! b0109) (! b0110) (! b0111) (! b0112) (! b0113) (! b0114) (! b0115) b0116 (! b0117) (! b0118) b0119 (! b0120) (! b0121) b0122 b0123 (! b0124) (! b0125) b0126 b0127 (! b0128) (! b0129) (! b0130) (! b0131) (! b0132) (! b0133) b0134 b0135 b0136 b0137 b0138 b0139)
Time taken = 0.088883
Removing b0096
Removing b0097
Verifying SLL_find
Houdini assignment axiom: (And true b0000 b0001 b0002 b0003 b0004 b0005 b0006 (! b0007) b0008 b0009 (! b0010) (! b0011) (! b0012) (! b0013) (! b0014) b0015 (! b0016) b0017 (! b0018) (! b0019) b0020 (! b0021) b0022 b0023 b0024 (! b0025) (! b0026) b0027 b0028 b0029 b0030 (! b0031) b0032 b0033 (! b0034) (! b0035) (! b0036) (! b0037) (! b0038) b0039 b0040 b0041 (! b0042) (! b0043) (! b0044) b0045 b0046 (! b0047) (! b0048) (! b0049) (! b0050) b0051 (! b0052) (! b0053) (! b0054) (! b0055) (! b0056) (! b0057) (! b0058) b0059 (! b0060) b0061 (! b0062) (! b0063) (! b0064) b0065 (! b0066) (! b0067) b0068 (! b0069) b0070 b0071 b0072 (! b0073) (! b0074) b0075 (! b0076) (! b0077) (! b0078) (! b0079) (! b0080) (! b0081) (! b0082) (! b0083) (! b0084) (! b0085) (! b0086) (! b0087) b0088 b0089 b0090 b0091 b0092 b0093 b0094 (! b0095) (! b0096) (! b0097) b0098 b0099 (! b0100) (! b0101) (! b0102) (! b0103) (! b0104) (! b0105) b0106 b0107 (! b0108) (! b0109) (! b0110) (! b0111) (! b0112) (! b0113) (! b0114) (! b0115) b0116 (! b0117) (! b0118) b0119 (! b0120) (! b0121) b0122 b0123 (! b0124) (! b0125) b0126 b0127 (! b0128) (! b0129) (! b0130) (! b0131) (! b0132) (! b0133) b0134 b0135 b0136 b0137 b0138 b0139)
Time taken = 0.110463
Removing b0098
Removing b0099
Removing b0107
Verifying SLL_find
Houdini assignment axiom: (And true b0000 b0001 b0002 b0003 b0004 b0005 b0006 (! b0007) b0008 b0009 (! b0010) (! b0011) (! b0012) (! b0013) (! b0014) b0015 (! b0016) b0017 (! b0018) (! b0019) b0020 (! b0021) b0022 b0023 b0024 (! b0025) (! b0026) b0027 b0028 b0029 b0030 (! b0031) b0032 b0033 (! b0034) (! b0035) (! b0036) (! b0037) (! b0038) b0039 b0040 b0041 (! b0042) (! b0043) (! b0044) b0045 b0046 (! b0047) (! b0048) (! b0049) (! b0050) b0051 (! b0052) (! b0053) (! b0054) (! b0055) (! b0056) (! b0057) (! b0058) b0059 (! b0060) b0061 (! b0062) (! b0063) (! b0064) b0065 (! b0066) (! b0067) b0068 (! b0069) b0070 b0071 b0072 (! b0073) (! b0074) b0075 (! b0076) (! b0077) (! b0078) (! b0079) (! b0080) (! b0081) (! b0082) (! b0083) (! b0084) (! b0085) (! b0086) (! b0087) b0088 b0089 b0090 b0091 b0092 b0093 b0094 (! b0095) (! b0096) (! b0097) (! b0098) (! b0099) (! b0100) (! b0101) (! b0102) (! b0103) (! b0104) (! b0105) b0106 (! b0107) (! b0108) (! b0109) (! b0110) (! b0111) (! b0112) (! b0113) (! b0114) (! b0115) b0116 (! b0117) (! b0118) b0119 (! b0120) (! b0121) b0122 b0123 (! b0124) (! b0125) b0126 b0127 (! b0128) (! b0129) (! b0130) (! b0131) (! b0132) (! b0133) b0134 b0135 b0136 b0137 b0138 b0139)
Time taken = 0.072758
Removing b0116
Verifying SLL_find
Houdini assignment axiom: (And true b0000 b0001 b0002 b0003 b0004 b0005 b0006 (! b0007) b0008 b0009 (! b0010) (! b0011) (! b0012) (! b0013) (! b0014) b0015 (! b0016) b0017 (! b0018) (! b0019) b0020 (! b0021) b0022 b0023 b0024 (! b0025) (! b0026) b0027 b0028 b0029 b0030 (! b0031) b0032 b0033 (! b0034) (! b0035) (! b0036) (! b0037) (! b0038) b0039 b0040 b0041 (! b0042) (! b0043) (! b0044) b0045 b0046 (! b0047) (! b0048) (! b0049) (! b0050) b0051 (! b0052) (! b0053) (! b0054) (! b0055) (! b0056) (! b0057) (! b0058) b0059 (! b0060) b0061 (! b0062) (! b0063) (! b0064) b0065 (! b0066) (! b0067) b0068 (! b0069) b0070 b0071 b0072 (! b0073) (! b0074) b0075 (! b0076) (! b0077) (! b0078) (! b0079) (! b0080) (! b0081) (! b0082) (! b0083) (! b0084) (! b0085) (! b0086) (! b0087) b0088 b0089 b0090 b0091 b0092 b0093 b0094 (! b0095) (! b0096) (! b0097) (! b0098) (! b0099) (! b0100) (! b0101) (! b0102) (! b0103) (! b0104) (! b0105) b0106 (! b0107) (! b0108) (! b0109) (! b0110) (! b0111) (! b0112) (! b0113) (! b0114) (! b0115) (! b0116) (! b0117) (! b0118) b0119 (! b0120) (! b0121) b0122 b0123 (! b0124) (! b0125) b0126 b0127 (! b0128) (! b0129) (! b0130) (! b0131) (! b0132) (! b0133) b0134 b0135 b0136 b0137 b0138 b0139)
Time taken = 0.079149
Removing b0119
Verifying SLL_find
Houdini assignment axiom: (And true b0000 b0001 b0002 b0003 b0004 b0005 b0006 (! b0007) b0008 b0009 (! b0010) (! b0011) (! b0012) (! b0013) (! b0014) b0015 (! b0016) b0017 (! b0018) (! b0019) b0020 (! b0021) b0022 b0023 b0024 (! b0025) (! b0026) b0027 b0028 b0029 b0030 (! b0031) b0032 b0033 (! b0034) (! b0035) (! b0036) (! b0037) (! b0038) b0039 b0040 b0041 (! b0042) (! b0043) (! b0044) b0045 b0046 (! b0047) (! b0048) (! b0049) (! b0050) b0051 (! b0052) (! b0053) (! b0054) (! b0055) (! b0056) (! b0057) (! b0058) b0059 (! b0060) b0061 (! b0062) (! b0063) (! b0064) b0065 (! b0066) (! b0067) b0068 (! b0069) b0070 b0071 b0072 (! b0073) (! b0074) b0075 (! b0076) (! b0077) (! b0078) (! b0079) (! b0080) (! b0081) (! b0082) (! b0083) (! b0084) (! b0085) (! b0086) (! b0087) b0088 b0089 b0090 b0091 b0092 b0093 b0094 (! b0095) (! b0096) (! b0097) (! b0098) (! b0099) (! b0100) (! b0101) (! b0102) (! b0103) (! b0104) (! b0105) b0106 (! b0107) (! b0108) (! b0109) (! b0110) (! b0111) (! b0112) (! b0113) (! b0114) (! b0115) (! b0116) (! b0117) (! b0118) (! b0119) (! b0120) (! b0121) b0122 b0123 (! b0124) (! b0125) b0126 b0127 (! b0128) (! b0129) (! b0130) (! b0131) (! b0132) (! b0133) b0134 b0135 b0136 b0137 b0138 b0139)
Time taken = 0.114807
Removing b0123
Removing b0127
Verifying SLL_find
Houdini assignment axiom: (And true b0000 b0001 b0002 b0003 b0004 b0005 b0006 (! b0007) b0008 b0009 (! b0010) (! b0011) (! b0012) (! b0013) (! b0014) b0015 (! b0016) b0017 (! b0018) (! b0019) b0020 (! b0021) b0022 b0023 b0024 (! b0025) (! b0026) b0027 b0028 b0029 b0030 (! b0031) b0032 b0033 (! b0034) (! b0035) (! b0036) (! b0037) (! b0038) b0039 b0040 b0041 (! b0042) (! b0043) (! b0044) b0045 b0046 (! b0047) (! b0048) (! b0049) (! b0050) b0051 (! b0052) (! b0053) (! b0054) (! b0055) (! b0056) (! b0057) (! b0058) b0059 (! b0060) b0061 (! b0062) (! b0063) (! b0064) b0065 (! b0066) (! b0067) b0068 (! b0069) b0070 b0071 b0072 (! b0073) (! b0074) b0075 (! b0076) (! b0077) (! b0078) (! b0079) (! b0080) (! b0081) (! b0082) (! b0083) (! b0084) (! b0085) (! b0086) (! b0087) b0088 b0089 b0090 b0091 b0092 b0093 b0094 (! b0095) (! b0096) (! b0097) (! b0098) (! b0099) (! b0100) (! b0101) (! b0102) (! b0103) (! b0104) (! b0105) b0106 (! b0107) (! b0108) (! b0109) (! b0110) (! b0111) (! b0112) (! b0113) (! b0114) (! b0115) (! b0116) (! b0117) (! b0118) (! b0119) (! b0120) (! b0121) b0122 (! b0123) (! b0124) (! b0125) b0126 (! b0127) (! b0128) (! b0129) (! b0130) (! b0131) (! b0132) (! b0133) b0134 b0135 b0136 b0137 b0138 b0139)
Time taken = 0.107307
Removing b0137
Verifying SLL_find
Houdini assignment axiom: (And true b0000 b0001 b0002 b0003 b0004 b0005 b0006 (! b0007) b0008 b0009 (! b0010) (! b0011) (! b0012) (! b0013) (! b0014) b0015 (! b0016) b0017 (! b0018) (! b0019) b0020 (! b0021) b0022 b0023 b0024 (! b0025) (! b0026) b0027 b0028 b0029 b0030 (! b0031) b0032 b0033 (! b0034) (! b0035) (! b0036) (! b0037) (! b0038) b0039 b0040 b0041 (! b0042) (! b0043) (! b0044) b0045 b0046 (! b0047) (! b0048) (! b0049) (! b0050) b0051 (! b0052) (! b0053) (! b0054) (! b0055) (! b0056) (! b0057) (! b0058) b0059 (! b0060) b0061 (! b0062) (! b0063) (! b0064) b0065 (! b0066) (! b0067) b0068 (! b0069) b0070 b0071 b0072 (! b0073) (! b0074) b0075 (! b0076) (! b0077) (! b0078) (! b0079) (! b0080) (! b0081) (! b0082) (! b0083) (! b0084) (! b0085) (! b0086) (! b0087) b0088 b0089 b0090 b0091 b0092 b0093 b0094 (! b0095) (! b0096) (! b0097) (! b0098) (! b0099) (! b0100) (! b0101) (! b0102) (! b0103) (! b0104) (! b0105) b0106 (! b0107) (! b0108) (! b0109) (! b0110) (! b0111) (! b0112) (! b0113) (! b0114) (! b0115) (! b0116) (! b0117) (! b0118) (! b0119) (! b0120) (! b0121) b0122 (! b0123) (! b0124) (! b0125) b0126 (! b0127) (! b0128) (! b0129) (! b0130) (! b0131) (! b0132) (! b0133) b0134 b0135 b0136 (! b0137) b0138 b0139)
Time taken = 0.097121
Removing b0138
Verifying SLL_find
Houdini assignment axiom: (And true b0000 b0001 b0002 b0003 b0004 b0005 b0006 (! b0007) b0008 b0009 (! b0010) (! b0011) (! b0012) (! b0013) (! b0014) b0015 (! b0016) b0017 (! b0018) (! b0019) b0020 (! b0021) b0022 b0023 b0024 (! b0025) (! b0026) b0027 b0028 b0029 b0030 (! b0031) b0032 b0033 (! b0034) (! b0035) (! b0036) (! b0037) (! b0038) b0039 b0040 b0041 (! b0042) (! b0043) (! b0044) b0045 b0046 (! b0047) (! b0048) (! b0049) (! b0050) b0051 (! b0052) (! b0053) (! b0054) (! b0055) (! b0056) (! b0057) (! b0058) b0059 (! b0060) b0061 (! b0062) (! b0063) (! b0064) b0065 (! b0066) (! b0067) b0068 (! b0069) b0070 b0071 b0072 (! b0073) (! b0074) b0075 (! b0076) (! b0077) (! b0078) (! b0079) (! b0080) (! b0081) (! b0082) (! b0083) (! b0084) (! b0085) (! b0086) (! b0087) b0088 b0089 b0090 b0091 b0092 b0093 b0094 (! b0095) (! b0096) (! b0097) (! b0098) (! b0099) (! b0100) (! b0101) (! b0102) (! b0103) (! b0104) (! b0105) b0106 (! b0107) (! b0108) (! b0109) (! b0110) (! b0111) (! b0112) (! b0113) (! b0114) (! b0115) (! b0116) (! b0117) (! b0118) (! b0119) (! b0120) (! b0121) b0122 (! b0123) (! b0124) (! b0125) b0126 (! b0127) (! b0128) (! b0129) (! b0130) (! b0131) (! b0132) (! b0133) b0134 b0135 b0136 (! b0137) (! b0138) b0139)
Time taken = 0.107738
Removing b0139
Verifying SLL_find
Houdini assignment axiom: (And true b0000 b0001 b0002 b0003 b0004 b0005 b0006 (! b0007) b0008 b0009 (! b0010) (! b0011) (! b0012) (! b0013) (! b0014) b0015 (! b0016) b0017 (! b0018) (! b0019) b0020 (! b0021) b0022 b0023 b0024 (! b0025) (! b0026) b0027 b0028 b0029 b0030 (! b0031) b0032 b0033 (! b0034) (! b0035) (! b0036) (! b0037) (! b0038) b0039 b0040 b0041 (! b0042) (! b0043) (! b0044) b0045 b0046 (! b0047) (! b0048) (! b0049) (! b0050) b0051 (! b0052) (! b0053) (! b0054) (! b0055) (! b0056) (! b0057) (! b0058) b0059 (! b0060) b0061 (! b0062) (! b0063) (! b0064) b0065 (! b0066) (! b0067) b0068 (! b0069) b0070 b0071 b0072 (! b0073) (! b0074) b0075 (! b0076) (! b0077) (! b0078) (! b0079) (! b0080) (! b0081) (! b0082) (! b0083) (! b0084) (! b0085) (! b0086) (! b0087) b0088 b0089 b0090 b0091 b0092 b0093 b0094 (! b0095) (! b0096) (! b0097) (! b0098) (! b0099) (! b0100) (! b0101) (! b0102) (! b0103) (! b0104) (! b0105) b0106 (! b0107) (! b0108) (! b0109) (! b0110) (! b0111) (! b0112) (! b0113) (! b0114) (! b0115) (! b0116) (! b0117) (! b0118) (! b0119) (! b0120) (! b0121) b0122 (! b0123) (! b0124) (! b0125) b0126 (! b0127) (! b0128) (! b0129) (! b0130) (! b0131) (! b0132) (! b0133) b0134 b0135 b0136 (! b0137) (! b0138) (! b0139))
Time taken = 0.100743
Number of true assignments = 48
Number of false assignments = 92
Prover time = 3.49
Unsat core prover time = 0.00
Number of prover queries = 53
Number of unsat core prover queries = 0
Number of unsat core prunings = 0
verified

Boogie program verifier finished with 1 verified, 0 errors
+ rm -f houdiniCexTrace.bpl
