+++ dirname ../houdini.sh
++ cd ..
++ pwd
+ dir=/home/daejunpark/pldi17
+ prelude=Vcc3Prelude.array.bpl
+ bpl=./afwp/SLL-filter.bpl.anon.pred.bpl
+ opt='/typeEncoding:m /prover:SMTLib /useArrayTheory /noinfer /contractInfer'
+ opt+=' /trace'
+ opt+=' /errorLimit:100 /z3multipleErrors'
+ opt+=' /proverMemoryLimit:1024'
+ rm -f houdiniCexTrace.bpl
+ mono /home/daejunpark/pldi17/popl16ae/Boogie/Binaries/Boogie.exe /typeEncoding:m /prover:SMTLib /useArrayTheory /noinfer /contractInfer /trace /errorLimit:100 /z3multipleErrors /proverMemoryLimit:1024 Vcc3Prelude.array.bpl ./afwp/SLL-filter.bpl.anon.pred.bpl
[TRACE] Using prover: /home/daejunpark/pldi17/popl16ae/Boogie/Binaries/z3.exe
Boogie program verifier version 2.2.30705.1126, Copyright (c) 2003-2013, Microsoft.
Parsing Vcc3Prelude.array.bpl
Parsing ./afwp/SLL-filter.bpl.anon.pred.bpl
Coalescing blocks...
Collecting existential constants...
Building call graph...
Number of implementations = 1
Beginning VC generation for Houdini...
Generating VC for filter
Verifying filter
Houdini assignment axiom: (And true b0000 b0001 b0002 b0003 b0004 b0005 b0006 b0007 b0008 b0009 b0010 b0011 b0012 b0013 b0014 b0015 b0016 b0017 b0018 b0019 b0020 b0021 b0022 b0023 b0024 b0025 b0026 b0027 b0028 b0029 b0030 b0031 b0032 b0033 b0034 b0035 b0036 b0037 b0038 b0039 b0040 b0041 b0042 b0043 b0044 b0045 b0046 b0047 b0048 b0049 b0050 b0051 b0052 b0053 b0054 b0055 b0056 b0057 b0058 b0059 b0060 b0061 b0062)
Time taken = 0.084988
Removing b0039
Removing b0007
Verifying filter
Houdini assignment axiom: (And true b0000 b0001 b0002 b0003 b0004 b0005 b0006 (! b0007) b0008 b0009 b0010 b0011 b0012 b0013 b0014 b0015 b0016 b0017 b0018 b0019 b0020 b0021 b0022 b0023 b0024 b0025 b0026 b0027 b0028 b0029 b0030 b0031 b0032 b0033 b0034 b0035 b0036 b0037 b0038 (! b0039) b0040 b0041 b0042 b0043 b0044 b0045 b0046 b0047 b0048 b0049 b0050 b0051 b0052 b0053 b0054 b0055 b0056 b0057 b0058 b0059 b0060 b0061 b0062)
Time taken = 0.062026
Removing b0040
Removing b0008
Verifying filter
Houdini assignment axiom: (And true b0000 b0001 b0002 b0003 b0004 b0005 b0006 (! b0007) (! b0008) b0009 b0010 b0011 b0012 b0013 b0014 b0015 b0016 b0017 b0018 b0019 b0020 b0021 b0022 b0023 b0024 b0025 b0026 b0027 b0028 b0029 b0030 b0031 b0032 b0033 b0034 b0035 b0036 b0037 b0038 (! b0039) (! b0040) b0041 b0042 b0043 b0044 b0045 b0046 b0047 b0048 b0049 b0050 b0051 b0052 b0053 b0054 b0055 b0056 b0057 b0058 b0059 b0060 b0061 b0062)
Time taken = 0.057559
Removing b0041
Removing b0009
Verifying filter
Houdini assignment axiom: (And true b0000 b0001 b0002 b0003 b0004 b0005 b0006 (! b0007) (! b0008) (! b0009) b0010 b0011 b0012 b0013 b0014 b0015 b0016 b0017 b0018 b0019 b0020 b0021 b0022 b0023 b0024 b0025 b0026 b0027 b0028 b0029 b0030 b0031 b0032 b0033 b0034 b0035 b0036 b0037 b0038 (! b0039) (! b0040) (! b0041) b0042 b0043 b0044 b0045 b0046 b0047 b0048 b0049 b0050 b0051 b0052 b0053 b0054 b0055 b0056 b0057 b0058 b0059 b0060 b0061 b0062)
Time taken = 0.04758
Removing b0011
Verifying filter
Houdini assignment axiom: (And true b0000 b0001 b0002 b0003 b0004 b0005 b0006 (! b0007) (! b0008) (! b0009) b0010 (! b0011) b0012 b0013 b0014 b0015 b0016 b0017 b0018 b0019 b0020 b0021 b0022 b0023 b0024 b0025 b0026 b0027 b0028 b0029 b0030 b0031 b0032 b0033 b0034 b0035 b0036 b0037 b0038 (! b0039) (! b0040) (! b0041) b0042 b0043 b0044 b0045 b0046 b0047 b0048 b0049 b0050 b0051 b0052 b0053 b0054 b0055 b0056 b0057 b0058 b0059 b0060 b0061 b0062)
Time taken = 0.064235
Removing b0019
Removing b0022
Verifying filter
Houdini assignment axiom: (And true b0000 b0001 b0002 b0003 b0004 b0005 b0006 (! b0007) (! b0008) (! b0009) b0010 (! b0011) b0012 b0013 b0014 b0015 b0016 b0017 b0018 (! b0019) b0020 b0021 (! b0022) b0023 b0024 b0025 b0026 b0027 b0028 b0029 b0030 b0031 b0032 b0033 b0034 b0035 b0036 b0037 b0038 (! b0039) (! b0040) (! b0041) b0042 b0043 b0044 b0045 b0046 b0047 b0048 b0049 b0050 b0051 b0052 b0053 b0054 b0055 b0056 b0057 b0058 b0059 b0060 b0061 b0062)
Time taken = 0.057858
Removing b0020
Removing b0024
Verifying filter
Houdini assignment axiom: (And true b0000 b0001 b0002 b0003 b0004 b0005 b0006 (! b0007) (! b0008) (! b0009) b0010 (! b0011) b0012 b0013 b0014 b0015 b0016 b0017 b0018 (! b0019) (! b0020) b0021 (! b0022) b0023 (! b0024) b0025 b0026 b0027 b0028 b0029 b0030 b0031 b0032 b0033 b0034 b0035 b0036 b0037 b0038 (! b0039) (! b0040) (! b0041) b0042 b0043 b0044 b0045 b0046 b0047 b0048 b0049 b0050 b0051 b0052 b0053 b0054 b0055 b0056 b0057 b0058 b0059 b0060 b0061 b0062)
Time taken = 0.061664
Removing b0025
Removing b0027
Verifying filter
Houdini assignment axiom: (And true b0000 b0001 b0002 b0003 b0004 b0005 b0006 (! b0007) (! b0008) (! b0009) b0010 (! b0011) b0012 b0013 b0014 b0015 b0016 b0017 b0018 (! b0019) (! b0020) b0021 (! b0022) b0023 (! b0024) (! b0025) b0026 (! b0027) b0028 b0029 b0030 b0031 b0032 b0033 b0034 b0035 b0036 b0037 b0038 (! b0039) (! b0040) (! b0041) b0042 b0043 b0044 b0045 b0046 b0047 b0048 b0049 b0050 b0051 b0052 b0053 b0054 b0055 b0056 b0057 b0058 b0059 b0060 b0061 b0062)
Time taken = 0.072761
Removing b0026
Removing b0029
Verifying filter
Houdini assignment axiom: (And true b0000 b0001 b0002 b0003 b0004 b0005 b0006 (! b0007) (! b0008) (! b0009) b0010 (! b0011) b0012 b0013 b0014 b0015 b0016 b0017 b0018 (! b0019) (! b0020) b0021 (! b0022) b0023 (! b0024) (! b0025) (! b0026) (! b0027) b0028 (! b0029) b0030 b0031 b0032 b0033 b0034 b0035 b0036 b0037 b0038 (! b0039) (! b0040) (! b0041) b0042 b0043 b0044 b0045 b0046 b0047 b0048 b0049 b0050 b0051 b0052 b0053 b0054 b0055 b0056 b0057 b0058 b0059 b0060 b0061 b0062)
Time taken = 0.050391
Removing b0033
Verifying filter
Houdini assignment axiom: (And true b0000 b0001 b0002 b0003 b0004 b0005 b0006 (! b0007) (! b0008) (! b0009) b0010 (! b0011) b0012 b0013 b0014 b0015 b0016 b0017 b0018 (! b0019) (! b0020) b0021 (! b0022) b0023 (! b0024) (! b0025) (! b0026) (! b0027) b0028 (! b0029) b0030 b0031 b0032 (! b0033) b0034 b0035 b0036 b0037 b0038 (! b0039) (! b0040) (! b0041) b0042 b0043 b0044 b0045 b0046 b0047 b0048 b0049 b0050 b0051 b0052 b0053 b0054 b0055 b0056 b0057 b0058 b0059 b0060 b0061 b0062)
Time taken = 0.05807
Removing b0034
Removing b0035
Verifying filter
Houdini assignment axiom: (And true b0000 b0001 b0002 b0003 b0004 b0005 b0006 (! b0007) (! b0008) (! b0009) b0010 (! b0011) b0012 b0013 b0014 b0015 b0016 b0017 b0018 (! b0019) (! b0020) b0021 (! b0022) b0023 (! b0024) (! b0025) (! b0026) (! b0027) b0028 (! b0029) b0030 b0031 b0032 (! b0033) (! b0034) (! b0035) b0036 b0037 b0038 (! b0039) (! b0040) (! b0041) b0042 b0043 b0044 b0045 b0046 b0047 b0048 b0049 b0050 b0051 b0052 b0053 b0054 b0055 b0056 b0057 b0058 b0059 b0060 b0061 b0062)
Time taken = 0.064729
Removing b0036
Removing b0042
Verifying filter
Houdini assignment axiom: (And true b0000 b0001 b0002 b0003 b0004 b0005 b0006 (! b0007) (! b0008) (! b0009) b0010 (! b0011) b0012 b0013 b0014 b0015 b0016 b0017 b0018 (! b0019) (! b0020) b0021 (! b0022) b0023 (! b0024) (! b0025) (! b0026) (! b0027) b0028 (! b0029) b0030 b0031 b0032 (! b0033) (! b0034) (! b0035) (! b0036) b0037 b0038 (! b0039) (! b0040) (! b0041) (! b0042) b0043 b0044 b0045 b0046 b0047 b0048 b0049 b0050 b0051 b0052 b0053 b0054 b0055 b0056 b0057 b0058 b0059 b0060 b0061 b0062)
Time taken = 0.051927
Removing b0043
Verifying filter
Houdini assignment axiom: (And true b0000 b0001 b0002 b0003 b0004 b0005 b0006 (! b0007) (! b0008) (! b0009) b0010 (! b0011) b0012 b0013 b0014 b0015 b0016 b0017 b0018 (! b0019) (! b0020) b0021 (! b0022) b0023 (! b0024) (! b0025) (! b0026) (! b0027) b0028 (! b0029) b0030 b0031 b0032 (! b0033) (! b0034) (! b0035) (! b0036) b0037 b0038 (! b0039) (! b0040) (! b0041) (! b0042) (! b0043) b0044 b0045 b0046 b0047 b0048 b0049 b0050 b0051 b0052 b0053 b0054 b0055 b0056 b0057 b0058 b0059 b0060 b0061 b0062)
Time taken = 0.056492
Removing b0046
Verifying filter
Houdini assignment axiom: (And true b0000 b0001 b0002 b0003 b0004 b0005 b0006 (! b0007) (! b0008) (! b0009) b0010 (! b0011) b0012 b0013 b0014 b0015 b0016 b0017 b0018 (! b0019) (! b0020) b0021 (! b0022) b0023 (! b0024) (! b0025) (! b0026) (! b0027) b0028 (! b0029) b0030 b0031 b0032 (! b0033) (! b0034) (! b0035) (! b0036) b0037 b0038 (! b0039) (! b0040) (! b0041) (! b0042) (! b0043) b0044 b0045 (! b0046) b0047 b0048 b0049 b0050 b0051 b0052 b0053 b0054 b0055 b0056 b0057 b0058 b0059 b0060 b0061 b0062)
Time taken = 0.05532
Removing b0048
Verifying filter
Houdini assignment axiom: (And true b0000 b0001 b0002 b0003 b0004 b0005 b0006 (! b0007) (! b0008) (! b0009) b0010 (! b0011) b0012 b0013 b0014 b0015 b0016 b0017 b0018 (! b0019) (! b0020) b0021 (! b0022) b0023 (! b0024) (! b0025) (! b0026) (! b0027) b0028 (! b0029) b0030 b0031 b0032 (! b0033) (! b0034) (! b0035) (! b0036) b0037 b0038 (! b0039) (! b0040) (! b0041) (! b0042) (! b0043) b0044 b0045 (! b0046) b0047 (! b0048) b0049 b0050 b0051 b0052 b0053 b0054 b0055 b0056 b0057 b0058 b0059 b0060 b0061 b0062)
Time taken = 0.04793
Removing b0049
Verifying filter
Houdini assignment axiom: (And true b0000 b0001 b0002 b0003 b0004 b0005 b0006 (! b0007) (! b0008) (! b0009) b0010 (! b0011) b0012 b0013 b0014 b0015 b0016 b0017 b0018 (! b0019) (! b0020) b0021 (! b0022) b0023 (! b0024) (! b0025) (! b0026) (! b0027) b0028 (! b0029) b0030 b0031 b0032 (! b0033) (! b0034) (! b0035) (! b0036) b0037 b0038 (! b0039) (! b0040) (! b0041) (! b0042) (! b0043) b0044 b0045 (! b0046) b0047 (! b0048) (! b0049) b0050 b0051 b0052 b0053 b0054 b0055 b0056 b0057 b0058 b0059 b0060 b0061 b0062)
Time taken = 0.055787
Removing b0050
Verifying filter
Houdini assignment axiom: (And true b0000 b0001 b0002 b0003 b0004 b0005 b0006 (! b0007) (! b0008) (! b0009) b0010 (! b0011) b0012 b0013 b0014 b0015 b0016 b0017 b0018 (! b0019) (! b0020) b0021 (! b0022) b0023 (! b0024) (! b0025) (! b0026) (! b0027) b0028 (! b0029) b0030 b0031 b0032 (! b0033) (! b0034) (! b0035) (! b0036) b0037 b0038 (! b0039) (! b0040) (! b0041) (! b0042) (! b0043) b0044 b0045 (! b0046) b0047 (! b0048) (! b0049) (! b0050) b0051 b0052 b0053 b0054 b0055 b0056 b0057 b0058 b0059 b0060 b0061 b0062)
Time taken = 0.055785
Removing b0051
Removing b0054
Verifying filter
Houdini assignment axiom: (And true b0000 b0001 b0002 b0003 b0004 b0005 b0006 (! b0007) (! b0008) (! b0009) b0010 (! b0011) b0012 b0013 b0014 b0015 b0016 b0017 b0018 (! b0019) (! b0020) b0021 (! b0022) b0023 (! b0024) (! b0025) (! b0026) (! b0027) b0028 (! b0029) b0030 b0031 b0032 (! b0033) (! b0034) (! b0035) (! b0036) b0037 b0038 (! b0039) (! b0040) (! b0041) (! b0042) (! b0043) b0044 b0045 (! b0046) b0047 (! b0048) (! b0049) (! b0050) (! b0051) b0052 b0053 (! b0054) b0055 b0056 b0057 b0058 b0059 b0060 b0061 b0062)
Time taken = 0.050978
Removing b0052
Removing b0055
Verifying filter
Houdini assignment axiom: (And true b0000 b0001 b0002 b0003 b0004 b0005 b0006 (! b0007) (! b0008) (! b0009) b0010 (! b0011) b0012 b0013 b0014 b0015 b0016 b0017 b0018 (! b0019) (! b0020) b0021 (! b0022) b0023 (! b0024) (! b0025) (! b0026) (! b0027) b0028 (! b0029) b0030 b0031 b0032 (! b0033) (! b0034) (! b0035) (! b0036) b0037 b0038 (! b0039) (! b0040) (! b0041) (! b0042) (! b0043) b0044 b0045 (! b0046) b0047 (! b0048) (! b0049) (! b0050) (! b0051) (! b0052) b0053 (! b0054) (! b0055) b0056 b0057 b0058 b0059 b0060 b0061 b0062)
Time taken = 0.049204
Removing b0057
Verifying filter
Houdini assignment axiom: (And true b0000 b0001 b0002 b0003 b0004 b0005 b0006 (! b0007) (! b0008) (! b0009) b0010 (! b0011) b0012 b0013 b0014 b0015 b0016 b0017 b0018 (! b0019) (! b0020) b0021 (! b0022) b0023 (! b0024) (! b0025) (! b0026) (! b0027) b0028 (! b0029) b0030 b0031 b0032 (! b0033) (! b0034) (! b0035) (! b0036) b0037 b0038 (! b0039) (! b0040) (! b0041) (! b0042) (! b0043) b0044 b0045 (! b0046) b0047 (! b0048) (! b0049) (! b0050) (! b0051) (! b0052) b0053 (! b0054) (! b0055) b0056 (! b0057) b0058 b0059 b0060 b0061 b0062)
Time taken = 0.067947
Removing b0058
Removing b0059
Verifying filter
Houdini assignment axiom: (And true b0000 b0001 b0002 b0003 b0004 b0005 b0006 (! b0007) (! b0008) (! b0009) b0010 (! b0011) b0012 b0013 b0014 b0015 b0016 b0017 b0018 (! b0019) (! b0020) b0021 (! b0022) b0023 (! b0024) (! b0025) (! b0026) (! b0027) b0028 (! b0029) b0030 b0031 b0032 (! b0033) (! b0034) (! b0035) (! b0036) b0037 b0038 (! b0039) (! b0040) (! b0041) (! b0042) (! b0043) b0044 b0045 (! b0046) b0047 (! b0048) (! b0049) (! b0050) (! b0051) (! b0052) b0053 (! b0054) (! b0055) b0056 (! b0057) (! b0058) (! b0059) b0060 b0061 b0062)
Time taken = 0.068886
Removing b0060
Removing b0005
Verifying filter
Houdini assignment axiom: (And true b0000 b0001 b0002 b0003 b0004 (! b0005) b0006 (! b0007) (! b0008) (! b0009) b0010 (! b0011) b0012 b0013 b0014 b0015 b0016 b0017 b0018 (! b0019) (! b0020) b0021 (! b0022) b0023 (! b0024) (! b0025) (! b0026) (! b0027) b0028 (! b0029) b0030 b0031 b0032 (! b0033) (! b0034) (! b0035) (! b0036) b0037 b0038 (! b0039) (! b0040) (! b0041) (! b0042) (! b0043) b0044 b0045 (! b0046) b0047 (! b0048) (! b0049) (! b0050) (! b0051) (! b0052) b0053 (! b0054) (! b0055) b0056 (! b0057) (! b0058) (! b0059) (! b0060) b0061 b0062)
Time taken = 0.067982
Removing b0006
Verifying filter
Houdini assignment axiom: (And true b0000 b0001 b0002 b0003 b0004 (! b0005) (! b0006) (! b0007) (! b0008) (! b0009) b0010 (! b0011) b0012 b0013 b0014 b0015 b0016 b0017 b0018 (! b0019) (! b0020) b0021 (! b0022) b0023 (! b0024) (! b0025) (! b0026) (! b0027) b0028 (! b0029) b0030 b0031 b0032 (! b0033) (! b0034) (! b0035) (! b0036) b0037 b0038 (! b0039) (! b0040) (! b0041) (! b0042) (! b0043) b0044 b0045 (! b0046) b0047 (! b0048) (! b0049) (! b0050) (! b0051) (! b0052) b0053 (! b0054) (! b0055) b0056 (! b0057) (! b0058) (! b0059) (! b0060) b0061 b0062)
Time taken = 0.069172
Removing b0010
Verifying filter
Houdini assignment axiom: (And true b0000 b0001 b0002 b0003 b0004 (! b0005) (! b0006) (! b0007) (! b0008) (! b0009) (! b0010) (! b0011) b0012 b0013 b0014 b0015 b0016 b0017 b0018 (! b0019) (! b0020) b0021 (! b0022) b0023 (! b0024) (! b0025) (! b0026) (! b0027) b0028 (! b0029) b0030 b0031 b0032 (! b0033) (! b0034) (! b0035) (! b0036) b0037 b0038 (! b0039) (! b0040) (! b0041) (! b0042) (! b0043) b0044 b0045 (! b0046) b0047 (! b0048) (! b0049) (! b0050) (! b0051) (! b0052) b0053 (! b0054) (! b0055) b0056 (! b0057) (! b0058) (! b0059) (! b0060) b0061 b0062)
Time taken = 0.092018
Removing b0013
Removing b0012
Verifying filter
Houdini assignment axiom: (And true b0000 b0001 b0002 b0003 b0004 (! b0005) (! b0006) (! b0007) (! b0008) (! b0009) (! b0010) (! b0011) (! b0012) (! b0013) b0014 b0015 b0016 b0017 b0018 (! b0019) (! b0020) b0021 (! b0022) b0023 (! b0024) (! b0025) (! b0026) (! b0027) b0028 (! b0029) b0030 b0031 b0032 (! b0033) (! b0034) (! b0035) (! b0036) b0037 b0038 (! b0039) (! b0040) (! b0041) (! b0042) (! b0043) b0044 b0045 (! b0046) b0047 (! b0048) (! b0049) (! b0050) (! b0051) (! b0052) b0053 (! b0054) (! b0055) b0056 (! b0057) (! b0058) (! b0059) (! b0060) b0061 b0062)
Time taken = 0.10214
Removing b0017
Removing b0021
Removing b0014
Verifying filter
Houdini assignment axiom: (And true b0000 b0001 b0002 b0003 b0004 (! b0005) (! b0006) (! b0007) (! b0008) (! b0009) (! b0010) (! b0011) (! b0012) (! b0013) (! b0014) b0015 b0016 (! b0017) b0018 (! b0019) (! b0020) (! b0021) (! b0022) b0023 (! b0024) (! b0025) (! b0026) (! b0027) b0028 (! b0029) b0030 b0031 b0032 (! b0033) (! b0034) (! b0035) (! b0036) b0037 b0038 (! b0039) (! b0040) (! b0041) (! b0042) (! b0043) b0044 b0045 (! b0046) b0047 (! b0048) (! b0049) (! b0050) (! b0051) (! b0052) b0053 (! b0054) (! b0055) b0056 (! b0057) (! b0058) (! b0059) (! b0060) b0061 b0062)
Time taken = 0.076795
Removing b0018
Removing b0028
Verifying filter
Houdini assignment axiom: (And true b0000 b0001 b0002 b0003 b0004 (! b0005) (! b0006) (! b0007) (! b0008) (! b0009) (! b0010) (! b0011) (! b0012) (! b0013) (! b0014) b0015 b0016 (! b0017) (! b0018) (! b0019) (! b0020) (! b0021) (! b0022) b0023 (! b0024) (! b0025) (! b0026) (! b0027) (! b0028) (! b0029) b0030 b0031 b0032 (! b0033) (! b0034) (! b0035) (! b0036) b0037 b0038 (! b0039) (! b0040) (! b0041) (! b0042) (! b0043) b0044 b0045 (! b0046) b0047 (! b0048) (! b0049) (! b0050) (! b0051) (! b0052) b0053 (! b0054) (! b0055) b0056 (! b0057) (! b0058) (! b0059) (! b0060) b0061 b0062)
Time taken = 0.089209
Removing b0023
Removing b0031
Verifying filter
Houdini assignment axiom: (And true b0000 b0001 b0002 b0003 b0004 (! b0005) (! b0006) (! b0007) (! b0008) (! b0009) (! b0010) (! b0011) (! b0012) (! b0013) (! b0014) b0015 b0016 (! b0017) (! b0018) (! b0019) (! b0020) (! b0021) (! b0022) (! b0023) (! b0024) (! b0025) (! b0026) (! b0027) (! b0028) (! b0029) b0030 (! b0031) b0032 (! b0033) (! b0034) (! b0035) (! b0036) b0037 b0038 (! b0039) (! b0040) (! b0041) (! b0042) (! b0043) b0044 b0045 (! b0046) b0047 (! b0048) (! b0049) (! b0050) (! b0051) (! b0052) b0053 (! b0054) (! b0055) b0056 (! b0057) (! b0058) (! b0059) (! b0060) b0061 b0062)
Time taken = 0.096141
Removing b0037
Removing b0030
Verifying filter
Houdini assignment axiom: (And true b0000 b0001 b0002 b0003 b0004 (! b0005) (! b0006) (! b0007) (! b0008) (! b0009) (! b0010) (! b0011) (! b0012) (! b0013) (! b0014) b0015 b0016 (! b0017) (! b0018) (! b0019) (! b0020) (! b0021) (! b0022) (! b0023) (! b0024) (! b0025) (! b0026) (! b0027) (! b0028) (! b0029) (! b0030) (! b0031) b0032 (! b0033) (! b0034) (! b0035) (! b0036) (! b0037) b0038 (! b0039) (! b0040) (! b0041) (! b0042) (! b0043) b0044 b0045 (! b0046) b0047 (! b0048) (! b0049) (! b0050) (! b0051) (! b0052) b0053 (! b0054) (! b0055) b0056 (! b0057) (! b0058) (! b0059) (! b0060) b0061 b0062)
Time taken = 0.077824
Removing b0038
Removing b0044
Verifying filter
Houdini assignment axiom: (And true b0000 b0001 b0002 b0003 b0004 (! b0005) (! b0006) (! b0007) (! b0008) (! b0009) (! b0010) (! b0011) (! b0012) (! b0013) (! b0014) b0015 b0016 (! b0017) (! b0018) (! b0019) (! b0020) (! b0021) (! b0022) (! b0023) (! b0024) (! b0025) (! b0026) (! b0027) (! b0028) (! b0029) (! b0030) (! b0031) b0032 (! b0033) (! b0034) (! b0035) (! b0036) (! b0037) (! b0038) (! b0039) (! b0040) (! b0041) (! b0042) (! b0043) (! b0044) b0045 (! b0046) b0047 (! b0048) (! b0049) (! b0050) (! b0051) (! b0052) b0053 (! b0054) (! b0055) b0056 (! b0057) (! b0058) (! b0059) (! b0060) b0061 b0062)
Time taken = 0.084348
Removing b0045
Verifying filter
Houdini assignment axiom: (And true b0000 b0001 b0002 b0003 b0004 (! b0005) (! b0006) (! b0007) (! b0008) (! b0009) (! b0010) (! b0011) (! b0012) (! b0013) (! b0014) b0015 b0016 (! b0017) (! b0018) (! b0019) (! b0020) (! b0021) (! b0022) (! b0023) (! b0024) (! b0025) (! b0026) (! b0027) (! b0028) (! b0029) (! b0030) (! b0031) b0032 (! b0033) (! b0034) (! b0035) (! b0036) (! b0037) (! b0038) (! b0039) (! b0040) (! b0041) (! b0042) (! b0043) (! b0044) (! b0045) (! b0046) b0047 (! b0048) (! b0049) (! b0050) (! b0051) (! b0052) b0053 (! b0054) (! b0055) b0056 (! b0057) (! b0058) (! b0059) (! b0060) b0061 b0062)
Time taken = 0.081227
Removing b0047
Verifying filter
Houdini assignment axiom: (And true b0000 b0001 b0002 b0003 b0004 (! b0005) (! b0006) (! b0007) (! b0008) (! b0009) (! b0010) (! b0011) (! b0012) (! b0013) (! b0014) b0015 b0016 (! b0017) (! b0018) (! b0019) (! b0020) (! b0021) (! b0022) (! b0023) (! b0024) (! b0025) (! b0026) (! b0027) (! b0028) (! b0029) (! b0030) (! b0031) b0032 (! b0033) (! b0034) (! b0035) (! b0036) (! b0037) (! b0038) (! b0039) (! b0040) (! b0041) (! b0042) (! b0043) (! b0044) (! b0045) (! b0046) (! b0047) (! b0048) (! b0049) (! b0050) (! b0051) (! b0052) b0053 (! b0054) (! b0055) b0056 (! b0057) (! b0058) (! b0059) (! b0060) b0061 b0062)
Time taken = 0.17604
Removing b0053
Removing b0056
Verifying filter
Houdini assignment axiom: (And true b0000 b0001 b0002 b0003 b0004 (! b0005) (! b0006) (! b0007) (! b0008) (! b0009) (! b0010) (! b0011) (! b0012) (! b0013) (! b0014) b0015 b0016 (! b0017) (! b0018) (! b0019) (! b0020) (! b0021) (! b0022) (! b0023) (! b0024) (! b0025) (! b0026) (! b0027) (! b0028) (! b0029) (! b0030) (! b0031) b0032 (! b0033) (! b0034) (! b0035) (! b0036) (! b0037) (! b0038) (! b0039) (! b0040) (! b0041) (! b0042) (! b0043) (! b0044) (! b0045) (! b0046) (! b0047) (! b0048) (! b0049) (! b0050) (! b0051) (! b0052) (! b0053) (! b0054) (! b0055) (! b0056) (! b0057) (! b0058) (! b0059) (! b0060) b0061 b0062)
Time taken = 0.136513
Removing b0061
Verifying filter
Houdini assignment axiom: (And true b0000 b0001 b0002 b0003 b0004 (! b0005) (! b0006) (! b0007) (! b0008) (! b0009) (! b0010) (! b0011) (! b0012) (! b0013) (! b0014) b0015 b0016 (! b0017) (! b0018) (! b0019) (! b0020) (! b0021) (! b0022) (! b0023) (! b0024) (! b0025) (! b0026) (! b0027) (! b0028) (! b0029) (! b0030) (! b0031) b0032 (! b0033) (! b0034) (! b0035) (! b0036) (! b0037) (! b0038) (! b0039) (! b0040) (! b0041) (! b0042) (! b0043) (! b0044) (! b0045) (! b0046) (! b0047) (! b0048) (! b0049) (! b0050) (! b0051) (! b0052) (! b0053) (! b0054) (! b0055) (! b0056) (! b0057) (! b0058) (! b0059) (! b0060) (! b0061) b0062)
Time taken = 0.111991
Number of true assignments = 9
Number of false assignments = 54
Prover time = 2.50
Unsat core prover time = 0.00
Number of prover queries = 34
Number of unsat core prover queries = 0
Number of unsat core prunings = 0
verified

Boogie program verifier finished with 1 verified, 0 errors
+ rm -f houdiniCexTrace.bpl
