+++ dirname ../houdini.sh
++ cd ..
++ pwd
+ dir=/home/daejunpark/pldi17
+ prelude=Vcc3Prelude.array.bpl
+ bpl=./glibc/glist/g_list_nth.bpl.anon.pred.bpl
+ opt='/typeEncoding:m /prover:SMTLib /useArrayTheory /noinfer /contractInfer'
+ opt+=' /trace'
+ opt+=' /errorLimit:100 /z3multipleErrors'
+ opt+=' /proverMemoryLimit:1024'
+ rm -f houdiniCexTrace.bpl
+ mono /home/daejunpark/pldi17/popl16ae/Boogie/Binaries/Boogie.exe /typeEncoding:m /prover:SMTLib /useArrayTheory /noinfer /contractInfer /trace /errorLimit:100 /z3multipleErrors /proverMemoryLimit:1024 Vcc3Prelude.array.bpl ./glibc/glist/g_list_nth.bpl.anon.pred.bpl
[TRACE] Using prover: /home/daejunpark/pldi17/popl16ae/Boogie/Binaries/z3.exe
Boogie program verifier version 2.2.30705.1126, Copyright (c) 2003-2013, Microsoft.
Parsing Vcc3Prelude.array.bpl
Parsing ./glibc/glist/g_list_nth.bpl.anon.pred.bpl
Coalescing blocks...
Collecting existential constants...
Building call graph...
Number of implementations = 1
Beginning VC generation for Houdini...
Generating VC for g_list_nth
Verifying g_list_nth
Houdini assignment axiom: (And true b0000 b0001 b0002 b0003 b0004 b0005 b0006 b0007 b0008 b0009 b0010 b0011 b0012 b0013 b0014 b0015 b0016 b0017 b0018 b0019 b0020 b0021 b0022 b0023 b0024 b0025 b0026 b0027 b0028 b0029 b0030 b0031 b0032 b0033 b0034 b0035 b0036 b0037 b0038 b0039 b0040 b0041 b0042 b0043 b0044 b0045 b0046 b0047 b0048 b0049 b0050 b0051 b0052 b0053 b0054 b0055 b0056 b0057 b0058 b0059 b0060 b0061 b0062 b0063 b0064 b0065 b0066 b0067 b0068 b0069 b0070 b0071 b0072 b0073 b0074 b0075 b0076 b0077 b0078 b0079 b0080 b0081 b0082 b0083 b0084 b0085 b0086 b0087)
Time taken = 0.058084
Removing b0004
Removing b0010
Verifying g_list_nth
Houdini assignment axiom: (And true b0000 b0001 b0002 b0003 (! b0004) b0005 b0006 b0007 b0008 b0009 (! b0010) b0011 b0012 b0013 b0014 b0015 b0016 b0017 b0018 b0019 b0020 b0021 b0022 b0023 b0024 b0025 b0026 b0027 b0028 b0029 b0030 b0031 b0032 b0033 b0034 b0035 b0036 b0037 b0038 b0039 b0040 b0041 b0042 b0043 b0044 b0045 b0046 b0047 b0048 b0049 b0050 b0051 b0052 b0053 b0054 b0055 b0056 b0057 b0058 b0059 b0060 b0061 b0062 b0063 b0064 b0065 b0066 b0067 b0068 b0069 b0070 b0071 b0072 b0073 b0074 b0075 b0076 b0077 b0078 b0079 b0080 b0081 b0082 b0083 b0084 b0085 b0086 b0087)
Time taken = 0.02382
Removing b0005
Removing b0011
Verifying g_list_nth
Houdini assignment axiom: (And true b0000 b0001 b0002 b0003 (! b0004) (! b0005) b0006 b0007 b0008 b0009 (! b0010) (! b0011) b0012 b0013 b0014 b0015 b0016 b0017 b0018 b0019 b0020 b0021 b0022 b0023 b0024 b0025 b0026 b0027 b0028 b0029 b0030 b0031 b0032 b0033 b0034 b0035 b0036 b0037 b0038 b0039 b0040 b0041 b0042 b0043 b0044 b0045 b0046 b0047 b0048 b0049 b0050 b0051 b0052 b0053 b0054 b0055 b0056 b0057 b0058 b0059 b0060 b0061 b0062 b0063 b0064 b0065 b0066 b0067 b0068 b0069 b0070 b0071 b0072 b0073 b0074 b0075 b0076 b0077 b0078 b0079 b0080 b0081 b0082 b0083 b0084 b0085 b0086 b0087)
Time taken = 0.024121
Removing b0008
Removing b0030
Verifying g_list_nth
Houdini assignment axiom: (And true b0000 b0001 b0002 b0003 (! b0004) (! b0005) b0006 b0007 (! b0008) b0009 (! b0010) (! b0011) b0012 b0013 b0014 b0015 b0016 b0017 b0018 b0019 b0020 b0021 b0022 b0023 b0024 b0025 b0026 b0027 b0028 b0029 (! b0030) b0031 b0032 b0033 b0034 b0035 b0036 b0037 b0038 b0039 b0040 b0041 b0042 b0043 b0044 b0045 b0046 b0047 b0048 b0049 b0050 b0051 b0052 b0053 b0054 b0055 b0056 b0057 b0058 b0059 b0060 b0061 b0062 b0063 b0064 b0065 b0066 b0067 b0068 b0069 b0070 b0071 b0072 b0073 b0074 b0075 b0076 b0077 b0078 b0079 b0080 b0081 b0082 b0083 b0084 b0085 b0086 b0087)
Time taken = 0.024761
Removing b0009
Removing b0031
Verifying g_list_nth
Houdini assignment axiom: (And true b0000 b0001 b0002 b0003 (! b0004) (! b0005) b0006 b0007 (! b0008) (! b0009) (! b0010) (! b0011) b0012 b0013 b0014 b0015 b0016 b0017 b0018 b0019 b0020 b0021 b0022 b0023 b0024 b0025 b0026 b0027 b0028 b0029 (! b0030) (! b0031) b0032 b0033 b0034 b0035 b0036 b0037 b0038 b0039 b0040 b0041 b0042 b0043 b0044 b0045 b0046 b0047 b0048 b0049 b0050 b0051 b0052 b0053 b0054 b0055 b0056 b0057 b0058 b0059 b0060 b0061 b0062 b0063 b0064 b0065 b0066 b0067 b0068 b0069 b0070 b0071 b0072 b0073 b0074 b0075 b0076 b0077 b0078 b0079 b0080 b0081 b0082 b0083 b0084 b0085 b0086 b0087)
Time taken = 0.026928
Removing b0012
Removing b0032
Verifying g_list_nth
Houdini assignment axiom: (And true b0000 b0001 b0002 b0003 (! b0004) (! b0005) b0006 b0007 (! b0008) (! b0009) (! b0010) (! b0011) (! b0012) b0013 b0014 b0015 b0016 b0017 b0018 b0019 b0020 b0021 b0022 b0023 b0024 b0025 b0026 b0027 b0028 b0029 (! b0030) (! b0031) (! b0032) b0033 b0034 b0035 b0036 b0037 b0038 b0039 b0040 b0041 b0042 b0043 b0044 b0045 b0046 b0047 b0048 b0049 b0050 b0051 b0052 b0053 b0054 b0055 b0056 b0057 b0058 b0059 b0060 b0061 b0062 b0063 b0064 b0065 b0066 b0067 b0068 b0069 b0070 b0071 b0072 b0073 b0074 b0075 b0076 b0077 b0078 b0079 b0080 b0081 b0082 b0083 b0084 b0085 b0086 b0087)
Time taken = 0.031951
Removing b0013
Removing b0033
Verifying g_list_nth
Houdini assignment axiom: (And true b0000 b0001 b0002 b0003 (! b0004) (! b0005) b0006 b0007 (! b0008) (! b0009) (! b0010) (! b0011) (! b0012) (! b0013) b0014 b0015 b0016 b0017 b0018 b0019 b0020 b0021 b0022 b0023 b0024 b0025 b0026 b0027 b0028 b0029 (! b0030) (! b0031) (! b0032) (! b0033) b0034 b0035 b0036 b0037 b0038 b0039 b0040 b0041 b0042 b0043 b0044 b0045 b0046 b0047 b0048 b0049 b0050 b0051 b0052 b0053 b0054 b0055 b0056 b0057 b0058 b0059 b0060 b0061 b0062 b0063 b0064 b0065 b0066 b0067 b0068 b0069 b0070 b0071 b0072 b0073 b0074 b0075 b0076 b0077 b0078 b0079 b0080 b0081 b0082 b0083 b0084 b0085 b0086 b0087)
Time taken = 0.029976
Removing b0016
Removing b0034
Removing b0018
Verifying g_list_nth
Houdini assignment axiom: (And true b0000 b0001 b0002 b0003 (! b0004) (! b0005) b0006 b0007 (! b0008) (! b0009) (! b0010) (! b0011) (! b0012) (! b0013) b0014 b0015 (! b0016) b0017 (! b0018) b0019 b0020 b0021 b0022 b0023 b0024 b0025 b0026 b0027 b0028 b0029 (! b0030) (! b0031) (! b0032) (! b0033) (! b0034) b0035 b0036 b0037 b0038 b0039 b0040 b0041 b0042 b0043 b0044 b0045 b0046 b0047 b0048 b0049 b0050 b0051 b0052 b0053 b0054 b0055 b0056 b0057 b0058 b0059 b0060 b0061 b0062 b0063 b0064 b0065 b0066 b0067 b0068 b0069 b0070 b0071 b0072 b0073 b0074 b0075 b0076 b0077 b0078 b0079 b0080 b0081 b0082 b0083 b0084 b0085 b0086 b0087)
Time taken = 0.03377
Removing b0017
Removing b0035
Removing b0019
Verifying g_list_nth
Houdini assignment axiom: (And true b0000 b0001 b0002 b0003 (! b0004) (! b0005) b0006 b0007 (! b0008) (! b0009) (! b0010) (! b0011) (! b0012) (! b0013) b0014 b0015 (! b0016) (! b0017) (! b0018) (! b0019) b0020 b0021 b0022 b0023 b0024 b0025 b0026 b0027 b0028 b0029 (! b0030) (! b0031) (! b0032) (! b0033) (! b0034) (! b0035) b0036 b0037 b0038 b0039 b0040 b0041 b0042 b0043 b0044 b0045 b0046 b0047 b0048 b0049 b0050 b0051 b0052 b0053 b0054 b0055 b0056 b0057 b0058 b0059 b0060 b0061 b0062 b0063 b0064 b0065 b0066 b0067 b0068 b0069 b0070 b0071 b0072 b0073 b0074 b0075 b0076 b0077 b0078 b0079 b0080 b0081 b0082 b0083 b0084 b0085 b0086 b0087)
Time taken = 0.024283
Removing b0020
Removing b0036
Verifying g_list_nth
Houdini assignment axiom: (And true b0000 b0001 b0002 b0003 (! b0004) (! b0005) b0006 b0007 (! b0008) (! b0009) (! b0010) (! b0011) (! b0012) (! b0013) b0014 b0015 (! b0016) (! b0017) (! b0018) (! b0019) (! b0020) b0021 b0022 b0023 b0024 b0025 b0026 b0027 b0028 b0029 (! b0030) (! b0031) (! b0032) (! b0033) (! b0034) (! b0035) (! b0036) b0037 b0038 b0039 b0040 b0041 b0042 b0043 b0044 b0045 b0046 b0047 b0048 b0049 b0050 b0051 b0052 b0053 b0054 b0055 b0056 b0057 b0058 b0059 b0060 b0061 b0062 b0063 b0064 b0065 b0066 b0067 b0068 b0069 b0070 b0071 b0072 b0073 b0074 b0075 b0076 b0077 b0078 b0079 b0080 b0081 b0082 b0083 b0084 b0085 b0086 b0087)
Time taken = 0.023202
Removing b0021
Removing b0037
Verifying g_list_nth
Houdini assignment axiom: (And true b0000 b0001 b0002 b0003 (! b0004) (! b0005) b0006 b0007 (! b0008) (! b0009) (! b0010) (! b0011) (! b0012) (! b0013) b0014 b0015 (! b0016) (! b0017) (! b0018) (! b0019) (! b0020) (! b0021) b0022 b0023 b0024 b0025 b0026 b0027 b0028 b0029 (! b0030) (! b0031) (! b0032) (! b0033) (! b0034) (! b0035) (! b0036) (! b0037) b0038 b0039 b0040 b0041 b0042 b0043 b0044 b0045 b0046 b0047 b0048 b0049 b0050 b0051 b0052 b0053 b0054 b0055 b0056 b0057 b0058 b0059 b0060 b0061 b0062 b0063 b0064 b0065 b0066 b0067 b0068 b0069 b0070 b0071 b0072 b0073 b0074 b0075 b0076 b0077 b0078 b0079 b0080 b0081 b0082 b0083 b0084 b0085 b0086 b0087)
Time taken = 0.045438
Removing b0022
Removing b0044
Removing b0056
Removing b0064
Removing b0068
Verifying g_list_nth
Houdini assignment axiom: (And true b0000 b0001 b0002 b0003 (! b0004) (! b0005) b0006 b0007 (! b0008) (! b0009) (! b0010) (! b0011) (! b0012) (! b0013) b0014 b0015 (! b0016) (! b0017) (! b0018) (! b0019) (! b0020) (! b0021) (! b0022) b0023 b0024 b0025 b0026 b0027 b0028 b0029 (! b0030) (! b0031) (! b0032) (! b0033) (! b0034) (! b0035) (! b0036) (! b0037) b0038 b0039 b0040 b0041 b0042 b0043 (! b0044) b0045 b0046 b0047 b0048 b0049 b0050 b0051 b0052 b0053 b0054 b0055 (! b0056) b0057 b0058 b0059 b0060 b0061 b0062 b0063 (! b0064) b0065 b0066 b0067 (! b0068) b0069 b0070 b0071 b0072 b0073 b0074 b0075 b0076 b0077 b0078 b0079 b0080 b0081 b0082 b0083 b0084 b0085 b0086 b0087)
Time taken = 0.048847
Removing b0023
Removing b0045
Removing b0057
Removing b0065
Removing b0069
Verifying g_list_nth
Houdini assignment axiom: (And true b0000 b0001 b0002 b0003 (! b0004) (! b0005) b0006 b0007 (! b0008) (! b0009) (! b0010) (! b0011) (! b0012) (! b0013) b0014 b0015 (! b0016) (! b0017) (! b0018) (! b0019) (! b0020) (! b0021) (! b0022) (! b0023) b0024 b0025 b0026 b0027 b0028 b0029 (! b0030) (! b0031) (! b0032) (! b0033) (! b0034) (! b0035) (! b0036) (! b0037) b0038 b0039 b0040 b0041 b0042 b0043 (! b0044) (! b0045) b0046 b0047 b0048 b0049 b0050 b0051 b0052 b0053 b0054 b0055 (! b0056) (! b0057) b0058 b0059 b0060 b0061 b0062 b0063 (! b0064) (! b0065) b0066 b0067 (! b0068) (! b0069) b0070 b0071 b0072 b0073 b0074 b0075 b0076 b0077 b0078 b0079 b0080 b0081 b0082 b0083 b0084 b0085 b0086 b0087)
Time taken = 0.042518
Removing b0024
Removing b0046
Removing b0058
Removing b0066
Removing b0070
Verifying g_list_nth
Houdini assignment axiom: (And true b0000 b0001 b0002 b0003 (! b0004) (! b0005) b0006 b0007 (! b0008) (! b0009) (! b0010) (! b0011) (! b0012) (! b0013) b0014 b0015 (! b0016) (! b0017) (! b0018) (! b0019) (! b0020) (! b0021) (! b0022) (! b0023) (! b0024) b0025 b0026 b0027 b0028 b0029 (! b0030) (! b0031) (! b0032) (! b0033) (! b0034) (! b0035) (! b0036) (! b0037) b0038 b0039 b0040 b0041 b0042 b0043 (! b0044) (! b0045) (! b0046) b0047 b0048 b0049 b0050 b0051 b0052 b0053 b0054 b0055 (! b0056) (! b0057) (! b0058) b0059 b0060 b0061 b0062 b0063 (! b0064) (! b0065) (! b0066) b0067 (! b0068) (! b0069) (! b0070) b0071 b0072 b0073 b0074 b0075 b0076 b0077 b0078 b0079 b0080 b0081 b0082 b0083 b0084 b0085 b0086 b0087)
Time taken = 0.046766
Removing b0025
Removing b0047
Removing b0059
Removing b0067
Removing b0071
Verifying g_list_nth
Houdini assignment axiom: (And true b0000 b0001 b0002 b0003 (! b0004) (! b0005) b0006 b0007 (! b0008) (! b0009) (! b0010) (! b0011) (! b0012) (! b0013) b0014 b0015 (! b0016) (! b0017) (! b0018) (! b0019) (! b0020) (! b0021) (! b0022) (! b0023) (! b0024) (! b0025) b0026 b0027 b0028 b0029 (! b0030) (! b0031) (! b0032) (! b0033) (! b0034) (! b0035) (! b0036) (! b0037) b0038 b0039 b0040 b0041 b0042 b0043 (! b0044) (! b0045) (! b0046) (! b0047) b0048 b0049 b0050 b0051 b0052 b0053 b0054 b0055 (! b0056) (! b0057) (! b0058) (! b0059) b0060 b0061 b0062 b0063 (! b0064) (! b0065) (! b0066) (! b0067) (! b0068) (! b0069) (! b0070) (! b0071) b0072 b0073 b0074 b0075 b0076 b0077 b0078 b0079 b0080 b0081 b0082 b0083 b0084 b0085 b0086 b0087)
Time taken = 0.029641
Removing b0072
Removing b0080
Verifying g_list_nth
Houdini assignment axiom: (And true b0000 b0001 b0002 b0003 (! b0004) (! b0005) b0006 b0007 (! b0008) (! b0009) (! b0010) (! b0011) (! b0012) (! b0013) b0014 b0015 (! b0016) (! b0017) (! b0018) (! b0019) (! b0020) (! b0021) (! b0022) (! b0023) (! b0024) (! b0025) b0026 b0027 b0028 b0029 (! b0030) (! b0031) (! b0032) (! b0033) (! b0034) (! b0035) (! b0036) (! b0037) b0038 b0039 b0040 b0041 b0042 b0043 (! b0044) (! b0045) (! b0046) (! b0047) b0048 b0049 b0050 b0051 b0052 b0053 b0054 b0055 (! b0056) (! b0057) (! b0058) (! b0059) b0060 b0061 b0062 b0063 (! b0064) (! b0065) (! b0066) (! b0067) (! b0068) (! b0069) (! b0070) (! b0071) (! b0072) b0073 b0074 b0075 b0076 b0077 b0078 b0079 (! b0080) b0081 b0082 b0083 b0084 b0085 b0086 b0087)
Time taken = 0.025886
Removing b0073
Removing b0081
Verifying g_list_nth
Houdini assignment axiom: (And true b0000 b0001 b0002 b0003 (! b0004) (! b0005) b0006 b0007 (! b0008) (! b0009) (! b0010) (! b0011) (! b0012) (! b0013) b0014 b0015 (! b0016) (! b0017) (! b0018) (! b0019) (! b0020) (! b0021) (! b0022) (! b0023) (! b0024) (! b0025) b0026 b0027 b0028 b0029 (! b0030) (! b0031) (! b0032) (! b0033) (! b0034) (! b0035) (! b0036) (! b0037) b0038 b0039 b0040 b0041 b0042 b0043 (! b0044) (! b0045) (! b0046) (! b0047) b0048 b0049 b0050 b0051 b0052 b0053 b0054 b0055 (! b0056) (! b0057) (! b0058) (! b0059) b0060 b0061 b0062 b0063 (! b0064) (! b0065) (! b0066) (! b0067) (! b0068) (! b0069) (! b0070) (! b0071) (! b0072) (! b0073) b0074 b0075 b0076 b0077 b0078 b0079 (! b0080) (! b0081) b0082 b0083 b0084 b0085 b0086 b0087)
Time taken = 0.028128
Removing b0074
Removing b0082
Verifying g_list_nth
Houdini assignment axiom: (And true b0000 b0001 b0002 b0003 (! b0004) (! b0005) b0006 b0007 (! b0008) (! b0009) (! b0010) (! b0011) (! b0012) (! b0013) b0014 b0015 (! b0016) (! b0017) (! b0018) (! b0019) (! b0020) (! b0021) (! b0022) (! b0023) (! b0024) (! b0025) b0026 b0027 b0028 b0029 (! b0030) (! b0031) (! b0032) (! b0033) (! b0034) (! b0035) (! b0036) (! b0037) b0038 b0039 b0040 b0041 b0042 b0043 (! b0044) (! b0045) (! b0046) (! b0047) b0048 b0049 b0050 b0051 b0052 b0053 b0054 b0055 (! b0056) (! b0057) (! b0058) (! b0059) b0060 b0061 b0062 b0063 (! b0064) (! b0065) (! b0066) (! b0067) (! b0068) (! b0069) (! b0070) (! b0071) (! b0072) (! b0073) (! b0074) b0075 b0076 b0077 b0078 b0079 (! b0080) (! b0081) (! b0082) b0083 b0084 b0085 b0086 b0087)
Time taken = 0.033252
Removing b0075
Removing b0083
Verifying g_list_nth
Houdini assignment axiom: (And true b0000 b0001 b0002 b0003 (! b0004) (! b0005) b0006 b0007 (! b0008) (! b0009) (! b0010) (! b0011) (! b0012) (! b0013) b0014 b0015 (! b0016) (! b0017) (! b0018) (! b0019) (! b0020) (! b0021) (! b0022) (! b0023) (! b0024) (! b0025) b0026 b0027 b0028 b0029 (! b0030) (! b0031) (! b0032) (! b0033) (! b0034) (! b0035) (! b0036) (! b0037) b0038 b0039 b0040 b0041 b0042 b0043 (! b0044) (! b0045) (! b0046) (! b0047) b0048 b0049 b0050 b0051 b0052 b0053 b0054 b0055 (! b0056) (! b0057) (! b0058) (! b0059) b0060 b0061 b0062 b0063 (! b0064) (! b0065) (! b0066) (! b0067) (! b0068) (! b0069) (! b0070) (! b0071) (! b0072) (! b0073) (! b0074) (! b0075) b0076 b0077 b0078 b0079 (! b0080) (! b0081) (! b0082) (! b0083) b0084 b0085 b0086 b0087)
Time taken = 0.046985
Removing b0003
Verifying g_list_nth
Houdini assignment axiom: (And true b0000 b0001 b0002 (! b0003) (! b0004) (! b0005) b0006 b0007 (! b0008) (! b0009) (! b0010) (! b0011) (! b0012) (! b0013) b0014 b0015 (! b0016) (! b0017) (! b0018) (! b0019) (! b0020) (! b0021) (! b0022) (! b0023) (! b0024) (! b0025) b0026 b0027 b0028 b0029 (! b0030) (! b0031) (! b0032) (! b0033) (! b0034) (! b0035) (! b0036) (! b0037) b0038 b0039 b0040 b0041 b0042 b0043 (! b0044) (! b0045) (! b0046) (! b0047) b0048 b0049 b0050 b0051 b0052 b0053 b0054 b0055 (! b0056) (! b0057) (! b0058) (! b0059) b0060 b0061 b0062 b0063 (! b0064) (! b0065) (! b0066) (! b0067) (! b0068) (! b0069) (! b0070) (! b0071) (! b0072) (! b0073) (! b0074) (! b0075) b0076 b0077 b0078 b0079 (! b0080) (! b0081) (! b0082) (! b0083) b0084 b0085 b0086 b0087)
Time taken = 0.057036
Removing b0007
Removing b0014
Verifying g_list_nth
Houdini assignment axiom: (And true b0000 b0001 b0002 (! b0003) (! b0004) (! b0005) b0006 (! b0007) (! b0008) (! b0009) (! b0010) (! b0011) (! b0012) (! b0013) (! b0014) b0015 (! b0016) (! b0017) (! b0018) (! b0019) (! b0020) (! b0021) (! b0022) (! b0023) (! b0024) (! b0025) b0026 b0027 b0028 b0029 (! b0030) (! b0031) (! b0032) (! b0033) (! b0034) (! b0035) (! b0036) (! b0037) b0038 b0039 b0040 b0041 b0042 b0043 (! b0044) (! b0045) (! b0046) (! b0047) b0048 b0049 b0050 b0051 b0052 b0053 b0054 b0055 (! b0056) (! b0057) (! b0058) (! b0059) b0060 b0061 b0062 b0063 (! b0064) (! b0065) (! b0066) (! b0067) (! b0068) (! b0069) (! b0070) (! b0071) (! b0072) (! b0073) (! b0074) (! b0075) b0076 b0077 b0078 b0079 (! b0080) (! b0081) (! b0082) (! b0083) b0084 b0085 b0086 b0087)
Time taken = 0.038376
Removing b0015
Verifying g_list_nth
Houdini assignment axiom: (And true b0000 b0001 b0002 (! b0003) (! b0004) (! b0005) b0006 (! b0007) (! b0008) (! b0009) (! b0010) (! b0011) (! b0012) (! b0013) (! b0014) (! b0015) (! b0016) (! b0017) (! b0018) (! b0019) (! b0020) (! b0021) (! b0022) (! b0023) (! b0024) (! b0025) b0026 b0027 b0028 b0029 (! b0030) (! b0031) (! b0032) (! b0033) (! b0034) (! b0035) (! b0036) (! b0037) b0038 b0039 b0040 b0041 b0042 b0043 (! b0044) (! b0045) (! b0046) (! b0047) b0048 b0049 b0050 b0051 b0052 b0053 b0054 b0055 (! b0056) (! b0057) (! b0058) (! b0059) b0060 b0061 b0062 b0063 (! b0064) (! b0065) (! b0066) (! b0067) (! b0068) (! b0069) (! b0070) (! b0071) (! b0072) (! b0073) (! b0074) (! b0075) b0076 b0077 b0078 b0079 (! b0080) (! b0081) (! b0082) (! b0083) b0084 b0085 b0086 b0087)
Time taken = 0.132155
Removing b0026
Removing b0027
Removing b0028
Removing b0029
Removing b0038
Removing b0060
Removing b0061
Removing b0077
Verifying g_list_nth
Houdini assignment axiom: (And true b0000 b0001 b0002 (! b0003) (! b0004) (! b0005) b0006 (! b0007) (! b0008) (! b0009) (! b0010) (! b0011) (! b0012) (! b0013) (! b0014) (! b0015) (! b0016) (! b0017) (! b0018) (! b0019) (! b0020) (! b0021) (! b0022) (! b0023) (! b0024) (! b0025) (! b0026) (! b0027) (! b0028) (! b0029) (! b0030) (! b0031) (! b0032) (! b0033) (! b0034) (! b0035) (! b0036) (! b0037) (! b0038) b0039 b0040 b0041 b0042 b0043 (! b0044) (! b0045) (! b0046) (! b0047) b0048 b0049 b0050 b0051 b0052 b0053 b0054 b0055 (! b0056) (! b0057) (! b0058) (! b0059) (! b0060) (! b0061) b0062 b0063 (! b0064) (! b0065) (! b0066) (! b0067) (! b0068) (! b0069) (! b0070) (! b0071) (! b0072) (! b0073) (! b0074) (! b0075) b0076 (! b0077) b0078 b0079 (! b0080) (! b0081) (! b0082) (! b0083) b0084 b0085 b0086 b0087)
Time taken = 0.091111
Removing b0039
Removing b0062
Removing b0078
Removing b0079
Verifying g_list_nth
Houdini assignment axiom: (And true b0000 b0001 b0002 (! b0003) (! b0004) (! b0005) b0006 (! b0007) (! b0008) (! b0009) (! b0010) (! b0011) (! b0012) (! b0013) (! b0014) (! b0015) (! b0016) (! b0017) (! b0018) (! b0019) (! b0020) (! b0021) (! b0022) (! b0023) (! b0024) (! b0025) (! b0026) (! b0027) (! b0028) (! b0029) (! b0030) (! b0031) (! b0032) (! b0033) (! b0034) (! b0035) (! b0036) (! b0037) (! b0038) (! b0039) b0040 b0041 b0042 b0043 (! b0044) (! b0045) (! b0046) (! b0047) b0048 b0049 b0050 b0051 b0052 b0053 b0054 b0055 (! b0056) (! b0057) (! b0058) (! b0059) (! b0060) (! b0061) (! b0062) b0063 (! b0064) (! b0065) (! b0066) (! b0067) (! b0068) (! b0069) (! b0070) (! b0071) (! b0072) (! b0073) (! b0074) (! b0075) b0076 (! b0077) (! b0078) (! b0079) (! b0080) (! b0081) (! b0082) (! b0083) b0084 b0085 b0086 b0087)
Time taken = 0.08178
Removing b0041
Removing b0063
Removing b0085
Verifying g_list_nth
Houdini assignment axiom: (And true b0000 b0001 b0002 (! b0003) (! b0004) (! b0005) b0006 (! b0007) (! b0008) (! b0009) (! b0010) (! b0011) (! b0012) (! b0013) (! b0014) (! b0015) (! b0016) (! b0017) (! b0018) (! b0019) (! b0020) (! b0021) (! b0022) (! b0023) (! b0024) (! b0025) (! b0026) (! b0027) (! b0028) (! b0029) (! b0030) (! b0031) (! b0032) (! b0033) (! b0034) (! b0035) (! b0036) (! b0037) (! b0038) (! b0039) b0040 (! b0041) b0042 b0043 (! b0044) (! b0045) (! b0046) (! b0047) b0048 b0049 b0050 b0051 b0052 b0053 b0054 b0055 (! b0056) (! b0057) (! b0058) (! b0059) (! b0060) (! b0061) (! b0062) (! b0063) (! b0064) (! b0065) (! b0066) (! b0067) (! b0068) (! b0069) (! b0070) (! b0071) (! b0072) (! b0073) (! b0074) (! b0075) b0076 (! b0077) (! b0078) (! b0079) (! b0080) (! b0081) (! b0082) (! b0083) b0084 (! b0085) b0086 b0087)
Time taken = 0.077665
Removing b0043
Removing b0086
Verifying g_list_nth
Houdini assignment axiom: (And true b0000 b0001 b0002 (! b0003) (! b0004) (! b0005) b0006 (! b0007) (! b0008) (! b0009) (! b0010) (! b0011) (! b0012) (! b0013) (! b0014) (! b0015) (! b0016) (! b0017) (! b0018) (! b0019) (! b0020) (! b0021) (! b0022) (! b0023) (! b0024) (! b0025) (! b0026) (! b0027) (! b0028) (! b0029) (! b0030) (! b0031) (! b0032) (! b0033) (! b0034) (! b0035) (! b0036) (! b0037) (! b0038) (! b0039) b0040 (! b0041) b0042 (! b0043) (! b0044) (! b0045) (! b0046) (! b0047) b0048 b0049 b0050 b0051 b0052 b0053 b0054 b0055 (! b0056) (! b0057) (! b0058) (! b0059) (! b0060) (! b0061) (! b0062) (! b0063) (! b0064) (! b0065) (! b0066) (! b0067) (! b0068) (! b0069) (! b0070) (! b0071) (! b0072) (! b0073) (! b0074) (! b0075) b0076 (! b0077) (! b0078) (! b0079) (! b0080) (! b0081) (! b0082) (! b0083) b0084 (! b0085) (! b0086) b0087)
Time taken = 0.090668
Number of true assignments = 17
Number of false assignments = 71
Prover time = 1.22
Unsat core prover time = 0.00
Number of prover queries = 26
Number of unsat core prover queries = 0
Number of unsat core prunings = 0
verified

Boogie program verifier finished with 1 verified, 0 errors
+ rm -f houdiniCexTrace.bpl
