+++ dirname ../houdini.sh
++ cd ..
++ pwd
+ dir=/home/daejunpark/pldi17
+ prelude=Vcc3Prelude.orig.bpl
+ bpl=./os/openbsd/bsd_squeue_remove_head.bpl.anon.pred.bpl
+ opt='/typeEncoding:m /prover:SMTLib /useArrayTheory /noinfer /contractInfer'
+ opt+=' /trace'
+ opt+=' /errorLimit:100 /z3multipleErrors'
+ opt+=' /proverMemoryLimit:1024'
+ rm -f houdiniCexTrace.bpl
+ mono /home/daejunpark/pldi17/popl16ae/Boogie/Binaries/Boogie.exe /typeEncoding:m /prover:SMTLib /useArrayTheory /noinfer /contractInfer /trace /errorLimit:100 /z3multipleErrors /proverMemoryLimit:1024 Vcc3Prelude.orig.bpl ./os/openbsd/bsd_squeue_remove_head.bpl.anon.pred.bpl
[TRACE] Using prover: /home/daejunpark/pldi17/popl16ae/Boogie/Binaries/z3.exe
Boogie program verifier version 2.2.30705.1126, Copyright (c) 2003-2013, Microsoft.
Parsing Vcc3Prelude.orig.bpl
Parsing ./os/openbsd/bsd_squeue_remove_head.bpl.anon.pred.bpl
Coalescing blocks...
Collecting existential constants...
Building call graph...
Number of implementations = 1
Beginning VC generation for Houdini...
Generating VC for simpleq_remove_head
Verifying simpleq_remove_head
Houdini assignment axiom: (And true b0000 b0001 b0002 b0003 b0004 b0005 b0006 b0007 b0008 b0009 b0010 b0011 b0012 b0013 b0014 b0015 b0016 b0017)
Time taken = 1.102379
Removing b0007
Removing b0002
Verifying simpleq_remove_head
Houdini assignment axiom: (And true b0000 b0001 (! b0002) b0003 b0004 b0005 b0006 (! b0007) b0008 b0009 b0010 b0011 b0012 b0013 b0014 b0015 b0016 b0017)
Time taken = 0.882051
Removing b0008
Removing b0003
Verifying simpleq_remove_head
Houdini assignment axiom: (And true b0000 b0001 (! b0002) (! b0003) b0004 b0005 b0006 (! b0007) (! b0008) b0009 b0010 b0011 b0012 b0013 b0014 b0015 b0016 b0017)
Time taken = 0.850604
Removing b0010
Removing b0005
Verifying simpleq_remove_head
Houdini assignment axiom: (And true b0000 b0001 (! b0002) (! b0003) b0004 (! b0005) b0006 (! b0007) (! b0008) b0009 (! b0010) b0011 b0012 b0013 b0014 b0015 b0016 b0017)
Time taken = 0.919884
Removing b0011
Removing b0009
Verifying simpleq_remove_head
Houdini assignment axiom: (And true b0000 b0001 (! b0002) (! b0003) b0004 (! b0005) b0006 (! b0007) (! b0008) (! b0009) (! b0010) (! b0011) b0012 b0013 b0014 b0015 b0016 b0017)
Time taken = 4.717203
Removing b0012
Removing b0013
Removing b0014
Verifying simpleq_remove_head
Houdini assignment axiom: (And true b0000 b0001 (! b0002) (! b0003) b0004 (! b0005) b0006 (! b0007) (! b0008) (! b0009) (! b0010) (! b0011) (! b0012) (! b0013) (! b0014) b0015 b0016 b0017)
Time taken = 1.429999
Removing b0017
Removing b0015
Verifying simpleq_remove_head
Houdini assignment axiom: (And true b0000 b0001 (! b0002) (! b0003) b0004 (! b0005) b0006 (! b0007) (! b0008) (! b0009) (! b0010) (! b0011) (! b0012) (! b0013) (! b0014) (! b0015) b0016 (! b0017))
Time taken = 0.086837
Number of true assignments = 5
Number of false assignments = 13
Prover time = 9.99
Unsat core prover time = 0.00
Number of prover queries = 7
Number of unsat core prover queries = 0
Number of unsat core prunings = 0
verified

Boogie program verifier finished with 1 verified, 0 errors
+ rm -f houdiniCexTrace.bpl
