+++ dirname ../houdini.sh
++ cd ..
++ pwd
+ dir=/home/daejunpark/pldi17
+ prelude=Vcc3Prelude.orig.bpl
+ bpl=./os/openbsd/bsd_squeue_insert_head.bpl.anon.pred.bpl
+ opt='/typeEncoding:m /prover:SMTLib /useArrayTheory /noinfer /contractInfer'
+ opt+=' /trace'
+ opt+=' /errorLimit:100 /z3multipleErrors'
+ opt+=' /proverMemoryLimit:1024'
+ rm -f houdiniCexTrace.bpl
+ mono /home/daejunpark/pldi17/popl16ae/Boogie/Binaries/Boogie.exe /typeEncoding:m /prover:SMTLib /useArrayTheory /noinfer /contractInfer /trace /errorLimit:100 /z3multipleErrors /proverMemoryLimit:1024 Vcc3Prelude.orig.bpl ./os/openbsd/bsd_squeue_insert_head.bpl.anon.pred.bpl
[TRACE] Using prover: /home/daejunpark/pldi17/popl16ae/Boogie/Binaries/z3.exe
Boogie program verifier version 2.2.30705.1126, Copyright (c) 2003-2013, Microsoft.
Parsing Vcc3Prelude.orig.bpl
Parsing ./os/openbsd/bsd_squeue_insert_head.bpl.anon.pred.bpl
Coalescing blocks...
Collecting existential constants...
Building call graph...
Number of implementations = 1
Beginning VC generation for Houdini...
Generating VC for simpleq_insert_head
Verifying simpleq_insert_head
Houdini assignment axiom: (And true b0000 b0001 b0002 b0003 b0004)
Time taken = 3.980307
Removing b0002
Removing b0002
Verifying simpleq_insert_head
Houdini assignment axiom: (And true b0000 b0001 (! b0002) b0003 b0004)
Time taken = 6.744535
Removing b0003
Removing b0004
Verifying simpleq_insert_head
Houdini assignment axiom: (And true b0000 b0001 (! b0002) (! b0003) (! b0004))
Time taken = 0.409272
Number of true assignments = 2
Number of false assignments = 3
Prover time = 11.13
Unsat core prover time = 0.00
Number of prover queries = 3
Number of unsat core prover queries = 0
Number of unsat core prunings = 0
verified

Boogie program verifier finished with 1 verified, 0 errors
+ rm -f houdiniCexTrace.bpl
